Log file open, 11/05/19 10:06:44
LogWindows: Failed to load 'aqProf.dll' (GetLastError=126)
LogWindows: File 'aqProf.dll' does not exist
LogWindows: Failed to load 'VSPerf140.dll' (GetLastError=126)
LogWindows: File 'VSPerf140.dll' does not exist
LogWindows: Failed to load 'VtuneApi.dll' (GetLastError=126)
LogWindows: File 'VtuneApi.dll' does not exist
LogWindows: Failed to load 'VtuneApi32e.dll' (GetLastError=126)
LogWindows: File 'VtuneApi32e.dll' does not exist
LogInit: Display: Running engine for game: DeJaBrew_Prototyping
LogPlatformFile: Not using cached read wrapper
LogTaskGraph: Started task graph with 5 named threads and 23 total threads with 3 sets of task threads.
LogStats: Stats thread started at 0.264616
LogD3D11RHI: Loaded GFSDK_Aftermath_Lib.x64.dll
LogICUInternationalization: Display: ICU TimeZone Detection - Raw Offset: +10:00, Platform Override: ''
LogPluginManager: Mounting plugin Paper2D
LogPluginManager: Mounting plugin AISupport
LogPluginManager: Mounting plugin LightPropagationVolume
LogPluginManager: Mounting plugin CLionSourceCodeAccess
LogPluginManager: Mounting plugin CodeLiteSourceCodeAccess
LogPluginManager: Mounting plugin GitSourceControl
LogPluginManager: Mounting plugin KDevelopSourceCodeAccess
LogPluginManager: Mounting plugin NullSourceCodeAccess
LogPluginManager: Mounting plugin PerforceSourceControl
LogPluginManager: Mounting plugin SubversionSourceControl
LogPluginManager: Mounting plugin UObjectPlugin
LogPluginManager: Mounting plugin VisualStudioCodeSourceCodeAccess
LogPluginManager: Mounting plugin VisualStudioSourceCodeAccess
LogPluginManager: Mounting plugin XCodeSourceCodeAccess
LogPluginManager: Mounting plugin AssetManagerEditor
LogPluginManager: Mounting plugin CryptoKeys
LogPluginManager: Mounting plugin DataValidation
LogPluginManager: Mounting plugin FacialAnimation
LogPluginManager: Mounting plugin GameplayTagsEditor
LogPluginManager: Mounting plugin MacGraphicsSwitching
LogPluginManager: Mounting plugin MeshEditor
LogPluginManager: Mounting plugin MobileLauncherProfileWizard
LogPluginManager: Mounting plugin PluginBrowser
LogPluginManager: Mounting plugin SpeedTreeImporter
LogPluginManager: Mounting plugin DatasmithContent
LogPluginManager: Mounting plugin AlembicImporter
LogPluginManager: Mounting plugin AppleImageUtils
LogPluginManager: Mounting plugin AppleVision
LogPluginManager: Mounting plugin BackChannel
LogPluginManager: Mounting plugin CharacterAI
LogPluginManager: Mounting plugin GeometryCache
LogPluginManager: Mounting plugin HTML5Networking
LogPluginManager: Mounting plugin ProxyLODPlugin
LogPluginManager: Mounting plugin MagicLeap
LogPluginManager: Mounting plugin MagicLeapEmulator
LogPluginManager: Mounting plugin MagicLeapMedia
LogPluginManager: Mounting plugin AndroidMedia
LogPluginManager: Mounting plugin AvfMedia
LogPluginManager: Mounting plugin ImgMedia
LogPluginManager: Mounting plugin LinearTimecode
LogPluginManager: Mounting plugin MediaCompositing
LogPluginManager: Mounting plugin MediaPlayerEditor
LogPluginManager: Mounting plugin WmfMedia
LogPluginManager: Mounting plugin TcpMessaging
LogPluginManager: Mounting plugin UdpMessaging
LogPluginManager: Mounting plugin ActorSequence
LogPluginManager: Mounting plugin LevelSequenceEditor
LogPluginManager: Mounting plugin MatineeToLevelSequence
LogPluginManager: Mounting plugin NetcodeUnitTest
LogPluginManager: Mounting plugin NUTUnrealEngine4
LogPluginManager: Mounting plugin OnlineSubsystemGooglePlay
LogPluginManager: Mounting plugin OnlineSubsystemIOS
LogPluginManager: Mounting plugin OnlineSubsystem
LogPluginManager: Mounting plugin OnlineSubsystemNull
LogPluginManager: Mounting plugin OnlineSubsystemUtils
LogPluginManager: Mounting plugin LauncherChunkInstaller
LogPluginManager: Mounting plugin AndroidDeviceProfileSelector
LogPluginManager: Mounting plugin AndroidMoviePlayer
LogPluginManager: Mounting plugin AndroidPermission
LogPluginManager: Mounting plugin AppleMoviePlayer
LogPluginManager: Mounting plugin ArchVisCharacter
LogPluginManager: Mounting plugin AudioCapture
LogPluginManager: Mounting plugin CableComponent
LogPluginManager: Mounting plugin CustomMeshComponent
LogPluginManager: Mounting plugin EditableMesh
LogPluginManager: Mounting plugin ExampleDeviceProfileSelector
LogPluginManager: Mounting plugin GoogleCloudMessaging
LogPluginManager: Mounting plugin ImmediatePhysics
LogPluginManager: Mounting plugin IOSDeviceProfileSelector
LogPluginManager: Mounting plugin LinuxDeviceProfileSelector
LogPluginManager: Mounting plugin LocationServicesBPLibrary
LogPluginManager: Mounting plugin MobilePatchingUtils
LogPluginManager: Mounting plugin OculusVR
LogPluginManager: Plugin shader directory ../../../Engine/Plugins/Runtime/Oculus/OculusVR/Shaders found
LogPluginManager: Mapping shader source directory ../../../Engine/Plugins/Runtime/Oculus/OculusVR/Shaders to virtual directory /Plugin/OculusVR
LogPluginManager: Mounting plugin PhysXVehicles
LogPluginManager: Mounting plugin ProceduralMeshComponent
LogPluginManager: Mounting plugin RuntimePhysXCooking
LogPluginManager: Mounting plugin SteamVR
LogPluginManager: Mounting plugin WindowsMoviePlayer
LogStreaming: Display: Took  0.087s to configure plugins.
LogInit: Using libcurl 7.55.1-DEV
LogInit:  - built for x86_64-pc-win32
LogInit:  - supports SSL with OpenSSL/1.0.2h
LogInit:  - supports HTTP deflate (compression) using libz 1.2.8
LogInit:  - other features:
LogInit:      CURL_VERSION_SSL
LogInit:      CURL_VERSION_LIBZ
LogInit:      CURL_VERSION_IPV6
LogInit:      CURL_VERSION_ASYNCHDNS
LogInit:      CURL_VERSION_LARGEFILE
LogInit:      CURL_VERSION_IDN
LogInit:  CurlRequestOptions (configurable via config and command line):
LogInit:  - bVerifyPeer = false  - Libcurl will NOT verify peer certificate
LogInit:  - bUseHttpProxy = false  - Libcurl will NOT use HTTP proxy
LogInit:  - bDontReuseConnections = false  - Libcurl will reuse connections
LogInit:  - CertBundlePath = nullptr  - Libcurl will use whatever was configured at build time.
LogInit:  - MaxHostConnections = 16  - Libcurl will limit the number of connections to a host
LogInit:  - LocalHostAddr = Default
LogInit:  - BufferSize = 65536
LogInit: WinSock: version 1.1 (2.2), MaxSocks=32767, MaxUdp=65467
LogInit: Build: ++UE4+Release-4.20-CL-4369336
LogInit: Engine Version: 4.20.3-4369336+++UE4+Release-4.20
LogInit: Compatible Engine Version: 4.20.0-4212847+++UE4+Release-4.20
LogInit: Net CL: 4212847
LogInit: OS: Windows 10 (), CPU: Intel(R) Core(TM) i7-6700 CPU @ 3.40GHz, GPU: NVIDIA GeForce GTX 1060 6GB
LogInit: Compiled (64-bit): Sep 17 2018 12:26:19
LogInit: Compiled with Visual C++: 19.13.26129.00
LogInit: Build Configuration: Development
LogInit: Branch Name: ++UE4+Release-4.20
LogInit: Command Line: 
LogInit: Base Directory: C:/Program Files/Epic Games/UE_4.20/Engine/Binaries/Win64/
LogInit: Installed Engine Build: 1
LogDevObjectVersion: Number of dev versions registered: 20
LogDevObjectVersion:   Dev-Blueprints (B0D832E4-1F89-4F0D-ACCF-7EB736FD4AA2): 10
LogDevObjectVersion:   Dev-Build (E1C64328-A22C-4D53-A36C-8E866417BD8C): 0
LogDevObjectVersion:   Dev-Core (375EC13C-06E4-48FB-B500-84F0262A717E): 2
LogDevObjectVersion:   Dev-Editor (E4B068ED-F494-42E9-A231-DA0B2E46BB41): 24
LogDevObjectVersion:   Dev-Framework (CFFC743F-43B0-4480-9391-14DF171D2073): 34
LogDevObjectVersion:   Dev-Mobile (B02B49B5-BB20-44E9-A304-32B752E40360): 2
LogDevObjectVersion:   Dev-Networking (A4E4105C-59A1-49B5-A7C5-40C4547EDFEE): 0
LogDevObjectVersion:   Dev-Online (39C831C9-5AE6-47DC-9A44-9C173E1C8E7C): 0
LogDevObjectVersion:   Dev-Physics (78F01B33-EBEA-4F98-B9B4-84EACCB95AA2): 0
LogDevObjectVersion:   Dev-Platform (6631380F-2D4D-43E0-8009-CF276956A95A): 0
LogDevObjectVersion:   Dev-Rendering (12F88B9F-8875-4AFC-A67C-D90C383ABD29): 26
LogDevObjectVersion:   Dev-Sequencer (7B5AE74C-D270-4C10-A958-57980B212A5A): 9
LogDevObjectVersion:   Dev-VR (D7296918-1DD6-4BDD-9DE2-64A83CC13884): 2
LogDevObjectVersion:   Dev-LoadTimes (C2A15278-BFE7-4AFE-6C17-90FF531DF755): 1
LogDevObjectVersion:   Private-Geometry (6EACA3D4-40EC-4CC1-B786-8BED09428FC5): 3
LogDevObjectVersion:   Dev-AnimPhys (29E575DD-E0A3-4627-9D10-D276232CDCEA): 17
LogDevObjectVersion:   Dev-ReflectionCapture (6B266CEC-1EC7-4B8F-A30B-E4D90942FC07): 1
LogDevObjectVersion:   Dev-Automation (0DF73D61-A23F-47EA-B727-89E90C41499A): 1
LogDevObjectVersion:   FortniteMain (601D1886-AC64-4F84-AA16-D3DE0DEAC7D6): 12
LogDevObjectVersion:   Dev-Enterprise (9DFFBCD6-494F-0158-E221-12823C92A888): 1
LogStreaming: Display: Took  0.002s to delete old logs.
LogInit: Presizing for max 8388607 objects, including 0 objects not considered by GC, pre-allocating 0 bytes for permanent pool.
LogInit: Object subsystem initialized
[2019.11.04-23.06.44:815][  0]LogInit: Selected Device Profile: [Windows]
[2019.11.04-23.06.44:815][  0]LogInit: Applying CVar settings loaded from the selected device profile: [Windows]
[2019.11.04-23.06.44:827][  0]LogHAL: Display: Platform has ~ 32 GB [34293108736 / 34359738368 / 32], which maps to Largest [LargestMinGB=32, LargerMinGB=12, DefaultMinGB=8, SmallerMinGB=6, SmallestMinGB=0)
[2019.11.04-23.06.44:827][  0]LogInit: Setting Device Profile CVar: [[r.Vulkan.UseRealUBs:1]]
[2019.11.04-23.06.44:827][  0]LogInit: Going up to parent DeviceProfile []
[2019.11.04-23.06.44:828][  0]LogInit: Computer: SYD-C63DCC
[2019.11.04-23.06.44:828][  0]LogInit: User: s191273
[2019.11.04-23.06.44:828][  0]LogInit: CPU Page size=4096, Cores=4
[2019.11.04-23.06.44:828][  0]LogInit: High frequency timer resolution =3.328129 MHz
[2019.11.04-23.06.44:828][  0]LogMemory: Memory total: Physical=31.9GB (32GB approx)
[2019.11.04-23.06.44:828][  0]LogMemory: Platform Memory Stats for Windows
[2019.11.04-23.06.44:828][  0]LogMemory: Process Physical Memory: 100.40 MB used, 100.40 MB peak
[2019.11.04-23.06.44:828][  0]LogMemory: Process Virtual Memory: 89.55 MB used, 89.55 MB peak
[2019.11.04-23.06.44:828][  0]LogMemory: Physical Memory: 3725.00 MB used,  28979.45 MB free, 32704.46 MB total
[2019.11.04-23.06.44:828][  0]LogMemory: Virtual Memory: 4638.47 MB used,  28979.45 MB free, 134217728.00 MB total
[2019.11.04-23.06.44:845][  0]LogInit: Using OS detected language (en-US).
[2019.11.04-23.06.44:845][  0]LogInit: Using OS detected locale (en-US).
[2019.11.04-23.06.44:845][  0]LogTextLocalizationManager: No specific localization for 'en-US' exists, so the 'en' localization will be used.
[2019.11.04-23.06.45:204][  0]LogStreaming: Display: Took  0.359s to InitEngineTextLocalization.
[2019.11.04-23.06.45:204][  0]LogInit: Setting process to per monitor DPI aware
[2019.11.04-23.06.45:239][  0]LogSlate: New Slate User Created.  User Index 0, Is Virtual User: 0
[2019.11.04-23.06.45:239][  0]LogSlate: Slate User Registered.  User Index 0, Is Virtual User: 0
[2019.11.04-23.06.45:392][  0]LogHMD: Failed to initialize OpenVR with code 110
[2019.11.04-23.06.45:392][  0]LogD3D11RHI: D3D11 adapters:
[2019.11.04-23.06.45:444][  0]LogD3D11RHI:    0. 'NVIDIA GeForce GTX 1060 6GB' (Feature Level 11_0)
[2019.11.04-23.06.45:444][  0]LogD3D11RHI:       6052/0/16352 MB DedicatedVideo/DedicatedSystem/SharedSystem, Outputs:2, VendorId:0x10de
[2019.11.04-23.06.45:446][  0]LogD3D11RHI:    1. 'Microsoft Basic Render Driver' (Feature Level 11_0)
[2019.11.04-23.06.45:446][  0]LogD3D11RHI:       0/0/16352 MB DedicatedVideo/DedicatedSystem/SharedSystem, Outputs:0, VendorId:0x1414
[2019.11.04-23.06.45:446][  0]LogD3D11RHI: Chosen D3D11 Adapter: 0
[2019.11.04-23.06.45:451][  0]LogD3D11RHI: Creating new Direct3DDevice
[2019.11.04-23.06.45:451][  0]LogD3D11RHI:     GPU DeviceId: 0x1c03 (for the marketing name, search the web for "GPU Device Id")
[2019.11.04-23.06.45:451][  0]LogWindows: EnumDisplayDevices:
[2019.11.04-23.06.45:451][  0]LogWindows:    0. 'NVIDIA GeForce GTX 1060 6GB' (P:0 D:1)
[2019.11.04-23.06.45:451][  0]LogWindows:    1. 'NVIDIA GeForce GTX 1060 6GB' (P:1 D:1)
[2019.11.04-23.06.45:451][  0]LogWindows:    2. 'NVIDIA GeForce GTX 1060 6GB' (P:0 D:0)
[2019.11.04-23.06.45:451][  0]LogWindows:    3. 'NVIDIA GeForce GTX 1060 6GB' (P:0 D:0)
[2019.11.04-23.06.45:451][  0]LogWindows: DebugString: FoundDriverCount:4 
[2019.11.04-23.06.45:451][  0]LogD3D11RHI:     Adapter Name: NVIDIA GeForce GTX 1060 6GB
[2019.11.04-23.06.45:451][  0]LogD3D11RHI:   Driver Version: 417.35 (internal:25.21.14.1735, unified:417.35)
[2019.11.04-23.06.45:451][  0]LogD3D11RHI:      Driver Date: 12-11-2018
[2019.11.04-23.06.45:451][  0]LogRHI: Texture pool is 4236 MB (70% of 6052 MB)
[2019.11.04-23.06.45:485][  0]LogD3D11RHI: Async texture creation enabled
[2019.11.04-23.06.45:502][  0]LogD3D11RHI: GPU Timing Frequency: 1000.000000 (Debug: 2 2)
[2019.11.04-23.06.45:587][  0]LogShaderCompilers: Guid format shader working directory is -49 characters bigger than the processId version (../../../../../../Users/s191273/Documents/GitHub/DeJaBrew_Prototyping/DeJaBrew_Prototyping_Unreal/Intermediate/Shaders/WorkingDirectory/2860/).
[2019.11.04-23.06.45:587][  0]LogShaderCompilers: Cleaned the shader compiler working directory 'C:/Users/s191273/AppData/Local/Temp/UnrealShaderWorkingDir/1C2F4C2D4EE79EC4C6C514AA6547FAED/'.
[2019.11.04-23.06.45:801][  0]LogTemp: Display: Loaded TP AllDesktopTargetPlatform
[2019.11.04-23.06.45:812][  0]LogTemp: Display: Loaded TP MacClientTargetPlatform
[2019.11.04-23.06.45:823][  0]LogTemp: Display: Loaded TP MacNoEditorTargetPlatform
[2019.11.04-23.06.45:835][  0]LogTemp: Display: Loaded TP MacServerTargetPlatform
[2019.11.04-23.06.45:847][  0]LogTemp: Display: Loaded TP MacTargetPlatform
[2019.11.04-23.06.45:858][  0]LogTemp: Display: Loaded TP WindowsClientTargetPlatform
[2019.11.04-23.06.45:870][  0]LogTemp: Display: Loaded TP WindowsNoEditorTargetPlatform
[2019.11.04-23.06.45:883][  0]LogTemp: Display: Loaded TP WindowsServerTargetPlatform
[2019.11.04-23.06.45:888][  0]LogTemp: Display: Loaded TP WindowsTargetPlatform
[2019.11.04-23.06.45:957][  0]LogTemp: Display: Loaded TP AndroidTargetPlatform
[2019.11.04-23.06.45:957][  0]LogTemp: Display: Loaded TP AndroidTargetPlatform
[2019.11.04-23.06.45:957][  0]LogTemp: Display: Loaded TP AndroidTargetPlatform
[2019.11.04-23.06.45:957][  0]LogTemp: Display: Loaded TP AndroidTargetPlatform
[2019.11.04-23.06.45:957][  0]LogTemp: Display: Loaded TP AndroidTargetPlatform
[2019.11.04-23.06.45:957][  0]LogTemp: Display: Loaded TP AndroidTargetPlatform
[2019.11.04-23.06.45:957][  0]LogTemp: Display: Loaded TP AndroidTargetPlatform
[2019.11.04-23.06.45:957][  0]LogTemp: Display: Loaded TP AndroidTargetPlatform
[2019.11.04-23.06.45:957][  0]LogTemp: Display: Loaded TP AndroidTargetPlatform
[2019.11.04-23.06.45:957][  0]LogTemp: Display: Loaded TP AndroidTargetPlatform
[2019.11.04-23.06.45:957][  0]LogTemp: Display: Loaded TP AndroidTargetPlatform
[2019.11.04-23.06.45:957][  0]LogTemp: Display: Loaded TP AndroidTargetPlatform
[2019.11.04-23.06.45:957][  0]LogTemp: Display: Loaded TP AndroidTargetPlatform
[2019.11.04-23.06.45:957][  0]LogTemp: Display: Loaded TP AndroidTargetPlatform
[2019.11.04-23.06.45:957][  0]LogTemp: Display: Loaded TP AndroidTargetPlatform
[2019.11.04-23.06.45:957][  0]LogTemp: Display: Loaded TP AndroidTargetPlatform
[2019.11.04-23.06.45:957][  0]LogTemp: Display: Loaded TP AndroidTargetPlatform
[2019.11.04-23.06.45:957][  0]LogTemp: Display: Loaded TP AndroidTargetPlatform
[2019.11.04-23.06.45:958][  0]LogTemp: Display: Loaded TP HTML5TargetPlatform
[2019.11.04-23.06.46:016][  0]LogTemp: Display: Loaded TP IOSTargetPlatform
[2019.11.04-23.06.46:016][  0]LogTemp: Display: Loaded TP IOSTargetPlatform
[2019.11.04-23.06.46:038][  0]LogTemp: Display: Loaded TP TVOSTargetPlatform
[2019.11.04-23.06.46:038][  0]LogTemp: Display: Loaded TP TVOSTargetPlatform
[2019.11.04-23.06.46:049][  0]LogTemp: Display: Loaded TP LinuxClientTargetPlatform
[2019.11.04-23.06.46:060][  0]LogTemp: Display: Loaded TP LinuxNoEditorTargetPlatform
[2019.11.04-23.06.46:071][  0]LogTemp: Display: Loaded TP LinuxServerTargetPlatform
[2019.11.04-23.06.46:083][  0]LogTemp: Display: Loaded TP LinuxTargetPlatform
[2019.11.04-23.06.46:091][  0]LogTemp: Display: Loaded TP LuminTargetPlatform
[2019.11.04-23.06.46:091][  0]LogTargetPlatformManager: Display: Building Assets For Windows
[2019.11.04-23.06.46:135][  0]LogXGEController: Cleaning working directory: C:/Users/s191273/AppData/Local/Temp/UnrealXGEWorkingDir/
[2019.11.04-23.06.46:135][  0]LogXGEController: Cannot use XGE Controller as Incredibuild is not installed on this machine.
[2019.11.04-23.06.46:135][  0]LogShaderCompilers: Cannot use XGE Shader Compiler as Incredibuild is not installed on this machine.
[2019.11.04-23.06.46:135][  0]LogShaderCompilers: Display: Using Local Shader Compiler.
[2019.11.04-23.06.46:747][  0]LogDerivedDataCache: Display: Max Cache Size: 512 MB
[2019.11.04-23.06.46:792][  0]LogDerivedDataCache: Loaded boot cache 0.04s 71MB C:/Users/s191273/AppData/Local/UnrealEngine/4.20/DerivedDataCache/Boot.ddc.
[2019.11.04-23.06.46:792][  0]LogDerivedDataCache: Display: Loaded Boot cache: C:/Users/s191273/AppData/Local/UnrealEngine/4.20/DerivedDataCache/Boot.ddc
[2019.11.04-23.06.46:792][  0]LogDerivedDataCache: FDerivedDataBackendGraph:  Pak pak cache file ../../../../../../Users/s191273/Documents/GitHub/DeJaBrew_Prototyping/DeJaBrew_Prototyping_Unreal/DerivedDataCache/DDC.ddp not found, will not use a pak cache.
[2019.11.04-23.06.46:792][  0]LogDerivedDataCache: Unable to find inner node Pak for hierarchical cache Hierarchy.
[2019.11.04-23.06.46:792][  0]LogDerivedDataCache: FDerivedDataBackendGraph:  CompressedPak pak cache file ../../../../../../Users/s191273/Documents/GitHub/DeJaBrew_Prototyping/DeJaBrew_Prototyping_Unreal/DerivedDataCache/Compressed.ddp not found, will not use a pak cache.
[2019.11.04-23.06.46:792][  0]LogDerivedDataCache: Unable to find inner node CompressedPak for hierarchical cache Hierarchy.
[2019.11.04-23.06.46:804][  0]LogDerivedDataCache: Display: Pak cache opened for reading ../../../Engine/DerivedDataCache/Compressed.ddp.
[2019.11.04-23.06.46:816][  0]LogDerivedDataCache: Using Local data cache path C:/Users/s191273/AppData/Local/UnrealEngine/Common/DerivedDataCache: Writable
[2019.11.04-23.06.46:816][  0]LogDerivedDataCache: Shared data cache path not found in *engine.ini, will not use an Shared cache.
[2019.11.04-23.06.46:816][  0]LogDerivedDataCache: Unable to find inner node Shared for hierarchical cache Hierarchy.
[2019.11.04-23.06.46:832][  0]LogMaterial: Verifying Global Shaders for PCD3D_SM5
[2019.11.04-23.06.46:833][  0]LogSlate: Using FreeType 2.6.0
[2019.11.04-23.06.46:833][  0]LogSlate: SlateFontServices - WITH_FREETYPE: 1, WITH_HARFBUZZ: 1
[2019.11.04-23.06.46:898][  0]LogAssetRegistry: FAssetRegistry took 0.0260 seconds to start up
[2019.11.04-23.06.47:172][  0]LogInit: Selected Device Profile: [Windows]
[2019.11.04-23.06.47:285][  0]LogSimplygon: Simplygon DLL not present - disabling.
[2019.11.04-23.06.47:288][  0]LogMeshReduction: Using SimplygonSwarm for distributed automatic mesh merging
[2019.11.04-23.06.47:288][  0]LogMeshReduction: Using ProxyLODMeshReduction for automatic mesh merging
[2019.11.04-23.06.47:288][  0]LogMeshReduction: Using QuadricMeshReduction for automatic static mesh reduction
[2019.11.04-23.06.47:288][  0]LogMeshReduction: No automatic skeletal mesh reduction module available
[2019.11.04-23.06.47:301][  0]LogNetVersion: DeJaBrew_Prototyping 1.0.0, NetCL: 4212847, EngineNetVer: 5, GameNetVer: 0 (Checksum: 1964930159)
[2019.11.04-23.06.47:540][  0]LogLinker: Warning: The file '../../../Engine/Content/EditorMaterials/Thumbnails/SkySphereMaterial.uasset' contains unrecognizable data, check that it is of the expected type.
[2019.11.04-23.06.47:540][  0]LogLinker: Warning: The file '../../../Engine/Content/EditorMaterials/Thumbnails/SkySphereMaterial.uasset' contains unrecognizable data, check that it is of the expected type.
[2019.11.04-23.06.47:540][  0]LogLinker: Warning: The file '../../../Engine/Content/EditorMaterials/Thumbnails/SkySphereMaterial.uasset' contains unrecognizable data, check that it is of the expected type.
[2019.11.04-23.06.47:540][  0]LogLinker: Warning: The file '../../../Engine/Content/EditorMaterials/Thumbnails/SkySphereMaterial.uasset' contains unrecognizable data, check that it is of the expected type.
[2019.11.04-23.06.47:541][  0]LogLinker: Warning: The file '../../../Engine/Content/EditorMaterials/Thumbnails/SkySphereMaterial.uasset' contains unrecognizable data, check that it is of the expected type.
[2019.11.04-23.06.47:541][  0]LogLinker: Warning: The file '../../../Engine/Content/EditorMaterials/Thumbnails/SkySphereMaterial.uasset' contains unrecognizable data, check that it is of the expected type.
[2019.11.04-23.06.47:731][  0]LogPackageLocalizationCache: Processed 11 localized package path(s) for 2 prioritized culture(s) in 0.100801 seconds
[2019.11.04-23.06.47:737][  0]LogUObjectArray: 38422 objects as part of root set at end of initial load.
[2019.11.04-23.06.47:737][  0]LogUObjectAllocator: 6687760 out of 0 bytes used by permanent object pool.
[2019.11.04-23.06.47:737][  0]LogUObjectArray: CloseDisregardForGC: 0/0 objects in disregard for GC pool
[2019.11.04-23.06.48:446][  0]LogTcpMessaging: Initializing TcpMessaging bridge
[2019.11.04-23.06.48:459][  0]LogUdpMessaging: Initializing bridge on interface 0.0.0.0:0 to multicast group 230.0.0.1:6666.
[2019.11.04-23.06.48:586][  0]SourceControl: Source control is disabled
[2019.11.04-23.06.48:586][  0]SourceControl: Source control is disabled
[2019.11.04-23.06.48:587][  0]SourceControl: Source control is disabled
[2019.11.04-23.06.48:588][  0]SourceControl: Source control is disabled
[2019.11.04-23.06.48:735][  0]LogAndroidPermission: UAndroidPermissionCallbackProxy::GetInstance
[2019.11.04-23.06.48:777][  0]LogOcInput: OculusInput pre-init called
[2019.11.04-23.06.48:830][  0]LogEngine: Initializing Engine...
[2019.11.04-23.06.48:830][  0]LogHMD: Failed to initialize OpenVR with code 110
[2019.11.04-23.06.48:832][  0]LogStats: UGameplayTagsManager::ConstructGameplayTagTree: ImportINI prefixes -  0.000 s
[2019.11.04-23.06.48:832][  0]LogStats: UGameplayTagsManager::ConstructGameplayTagTree: Construct from data asset -  0.000 s
[2019.11.04-23.06.48:832][  0]LogStats: UGameplayTagsManager::ConstructGameplayTagTree: ImportINI -  0.000 s
[2019.11.04-23.06.48:832][  0]LogStats: UGameplayTagsManager::ConstructGameplayTagTree: GameplayTagTreeChangedEvent.Broadcast -  0.000 s
[2019.11.04-23.06.49:014][  0]LogInit: Initializing FReadOnlyCVARCache
[2019.11.04-23.06.49:023][  0]LogAIModule: Creating AISystem for world Untitled
[2019.11.04-23.06.49:030][  0]LogInit: XAudio2 using 'Realtek HD Audio 2nd output (Realtek High Definition Audio)' : 2 channels at 48 kHz using 32 bits per sample (channel mask 0x3)
[2019.11.04-23.06.49:043][  0]LogInit: FAudioDevice initialized.
[2019.11.04-23.06.49:043][  0]LogNetVersion: Set ProjectVersion to 1.0.0.0. Version Checksum will be recalculated on next use.
[2019.11.04-23.06.49:112][  0]LogDerivedDataCache: Saved boot cache 0.07s 71MB C:/Users/s191273/AppData/Local/UnrealEngine/4.20/DerivedDataCache/Boot.ddc.
[2019.11.04-23.06.49:117][  0]LogInit: Texture streaming: Enabled
[2019.11.04-23.06.49:129][  0]LogEngineSessionManager: EngineSessionManager initialized
[2019.11.04-23.06.49:140][  0]LogInit: Transaction tracking system initialized
[2019.11.04-23.06.49:156][  0]BlueprintLog: New page: Editor Load
[2019.11.04-23.06.49:209][  0]LocalizationService: Localization service is disabled
[2019.11.04-23.06.49:380][  0]LogLinker: Warning: The file '../../../Engine/Content/EditorMaterials/Thumbnails/SkySphereMaterial.uasset' contains unrecognizable data, check that it is of the expected type.
[2019.11.04-23.06.49:436][  0]LogCook: Display: Max memory allowance for cook 16384mb min free memory 0mb
[2019.11.04-23.06.49:436][  0]LogCook: Display: Mobile HDR setting 1
[2019.11.04-23.06.49:436][  0]LogGameplayTags: Display: UGameplayTagsManager::DoneAddingNativeTags. DelegateIsBound: 0
[2019.11.04-23.06.49:436][  0]LogStats: UGameplayTagsManager::ConstructGameplayTagTree: ImportINI prefixes -  0.000 s
[2019.11.04-23.06.49:436][  0]LogStats: UGameplayTagsManager::ConstructGameplayTagTree: Construct from data asset -  0.000 s
[2019.11.04-23.06.49:436][  0]LogStats: UGameplayTagsManager::ConstructGameplayTagTree: ImportINI -  0.000 s
[2019.11.04-23.06.49:436][  0]LogStats: UGameplayTagsManager::ConstructGameplayTagTree: GameplayTagTreeChangedEvent.Broadcast -  0.000 s
[2019.11.04-23.06.49:526][  0]LogFileCache: Scanning file cache for directory 'C:/Users/s191273/Documents/GitHub/DeJaBrew_Prototyping/DeJaBrew_Prototyping_Unreal/Content/' took 0.02s
[2019.11.04-23.06.49:526][  0]SourceControl: Source control is disabled
[2019.11.04-23.06.49:526][  0]LightingResults: New page: Lighting Build
[2019.11.04-23.06.49:528][  0]MapCheck: New page: Map Check
[2019.11.04-23.06.49:528][  0]LightingResults: New page: Lighting Build
[2019.11.04-23.06.50:292][  0]LogAIModule: Creating AISystem for world SideScrollerExampleMap
[2019.11.04-23.06.50:296][  0]PIE: Warning: AttachTo: '/Game/SideScrollerBP/Maps/SideScrollerExampleMap.SideScrollerExampleMap:PersistentLevel.Spike_2.Cone' is not static  (in blueprint "Spike"), cannot attach '/Game/SideScrollerBP/Maps/SideScrollerExampleMap.SideScrollerExampleMap:PersistentLevel.Spike_2.StaticMesh' which is static to it. Aborting.
[2019.11.04-23.06.50:310][  0]LogEditorServer: Finished looking for orphan Actors (0.000 secs)
[2019.11.04-23.06.50:334][  0]Cmd: MAP CHECKDEP NOCLEARLOG
[2019.11.04-23.06.50:391][  0]MapCheck: Map check complete: 0 Error(s), 0 Warning(s), took 57.6ms to complete.
[2019.11.04-23.06.50:391][  0]LogFileHelpers: Loading map 'SideScrollerExampleMap' took 0.866
[2019.11.04-23.06.50:474][  0]LogSlate: Updating window title bar state: overlay mode, drag disabled, window buttons hidden, title bar hidden
[2019.11.04-23.06.50:479][  0]LogSlate: Updating window title bar state: overlay mode, drag disabled, window buttons hidden, title bar hidden
[2019.11.04-23.06.50:486][  0]LogSlate: Updating window title bar state: overlay mode, drag disabled, window buttons hidden, title bar hidden
[2019.11.04-23.06.50:492][  0]LogSlate: Updating window title bar state: overlay mode, drag disabled, window buttons hidden, title bar hidden
[2019.11.04-23.06.50:497][  0]LogCollectionManager: Loaded 0 collections in 0.001392 seconds
[2019.11.04-23.06.50:539][  0]LogFileCache: Scanning file cache for directory 'C:/Users/s191273/Documents/GitHub/DeJaBrew_Prototyping/DeJaBrew_Prototyping_Unreal/Saved/Collections/' took 0.01s
[2019.11.04-23.06.50:539][  0]LogFileCache: Scanning file cache for directory 'C:/Users/s191273/Documents/GitHub/DeJaBrew_Prototyping/DeJaBrew_Prototyping_Unreal/Content/Developers/s191273/Collections/' took 0.01s
[2019.11.04-23.06.50:539][  0]LogFileCache: Scanning file cache for directory 'C:/Users/s191273/Documents/GitHub/DeJaBrew_Prototyping/DeJaBrew_Prototyping_Unreal/Content/Collections/' took 0.01s
[2019.11.04-23.06.50:539][  0]LogCollectionManager: Rebuilt the GUID cache for 0 collections in 0.000000 seconds
[2019.11.04-23.06.50:547][  0]LogContentBrowser: Native class hierarchy populated in 0.0081 seconds. Added 2572 classes and 603 folders.
[2019.11.04-23.06.50:552][  0]LogContentBrowser: Native class hierarchy updated for 'WidgetCarousel' in 0.0002 seconds. Added 0 classes and 0 folders.
[2019.11.04-23.06.50:580][  0]LogContentBrowser: Native class hierarchy updated for 'AddContentDialog' in 0.0002 seconds. Added 0 classes and 0 folders.
[2019.11.04-23.06.50:585][  0]LogContentBrowser: Native class hierarchy updated for 'SceneOutliner' in 0.0002 seconds. Added 1 classes and 2 folders.
[2019.11.04-23.06.50:597][  0]LogSlate: Took 0.000202 seconds to synchronously load lazily loaded font '../../../Engine/Content/Slate/Fonts/Roboto-Regular.ttf' (155K)
[2019.11.04-23.06.50:599][  0]LogSlate: Took 0.000160 seconds to synchronously load lazily loaded font '../../../Engine/Content/Slate/Fonts/Roboto-Bold.ttf' (160K)
[2019.11.04-23.06.50:604][  0]LogSlate: Took 0.000154 seconds to synchronously load lazily loaded font '../../../Engine/Content/Editor/Slate/Fonts/FontAwesome.ttf' (139K)
[2019.11.04-23.06.50:673][  0]LogRenderer: Reallocating scene render targets to support 1208x576 Format 10 NumSamples 1 (Frame:1).
[2019.11.04-23.06.50:843][  0]LogContentBrowser: Native class hierarchy updated for 'HierarchicalLODOutliner' in 0.0002 seconds. Added 0 classes and 0 folders.
[2019.11.04-23.06.50:843][  0]LogLoad: (Engine Initialization) Total time: 7.31 seconds
[2019.11.04-23.06.50:843][  0]LogLoad: (Engine Initialization) Total Blueprint compile time: 0.00 seconds
[2019.11.04-23.06.50:853][  0]LogWindowsTextInputMethodSystem: Display: IME system now deactivated.
[2019.11.04-23.06.50:886][  0]LogContentStreaming: Texture pool size now 1000 MB
[2019.11.04-23.06.50:911][  0]LogSlate: Took 0.000136 seconds to synchronously load lazily loaded font '../../../Engine/Content/Slate/Fonts/Roboto-Light.ttf' (167K)
[2019.11.04-23.06.50:954][  1]LogAssetRegistry: Asset discovery search completed in 4.0781 seconds
[2019.11.04-23.06.50:956][  1]LogCollectionManager: Rebuilt the object cache for 0 collections in 0.000000 seconds (found 0 objects)
[2019.11.04-23.06.50:956][  1]LogCollectionManager: Fixed up redirectors for 0 collections in 0.000081 seconds (updated 0 objects)
[2019.11.04-23.06.51:879][ 93]LogSlate: Took 0.000198 seconds to synchronously load lazily loaded font '../../../Engine/Content/Slate/Fonts/Roboto-Light.ttf' (167K)
[2019.11.04-23.06.53:681][305]LogSlate: FSceneViewport::OnFocusLost() reason 0
[2019.11.04-23.06.55:946][514]LogFileCache: Retrieving MD5 hashes for directory 'C:/Users/s191273/Documents/GitHub/DeJaBrew_Prototyping/DeJaBrew_Prototyping_Unreal/Content/' took 5.08s
[2019.11.04-23.07.08:059][878]LogMetaData: Removing '/Game/SideScrollerBP/Assets/__EnemyLP.__EnemyLP' ref from Metadata '/Game/SideScrollerBP/Assets/EnemyLP.PackageMetaData'
[2019.11.04-23.07.08:107][878]LogSavePackage: Moving '../../../../../../Users/s191273/Documents/GitHub/DeJaBrew_Prototyping/DeJaBrew_Prototyping_Unreal/Saved/__EnemyLPBEBCB2B541EDD6F81CE98282FA8F9A79.tmp' to '../../../../../../Users/s191273/Documents/GitHub/DeJaBrew_Prototyping/DeJaBrew_Prototyping_Unreal/Content/SideScrollerBP/Assets/__EnemyLP.uasset'
[2019.11.04-23.07.08:309][878]LogSavePackage: Moving '../../../../../../Users/s191273/Documents/GitHub/DeJaBrew_Prototyping/DeJaBrew_Prototyping_Unreal/Saved/Enemy_BP068127D247618ECB075363A593DF8866.tmp' to '../../../../../../Users/s191273/Documents/GitHub/DeJaBrew_Prototyping/DeJaBrew_Prototyping_Unreal/Content/SideScrollerBP/Blueprints/Enemy_BP.uasset'
[2019.11.04-23.07.14:759][ 41]LogFactory: FactoryCreateFile: StaticMesh with FbxFactory (0 0 ../../../../../../Users/s191273/Documents/GitHub/DeJaBrew_Prototyping/DeJaBrew_Prototyping_Unreal/Content/SideScrollerBP/Assets/EnemyLP.fbx)
[2019.11.04-23.07.14:771][ 41]LogFbx: Loading FBX Scene from ../../../../../../Users/s191273/Documents/GitHub/DeJaBrew_Prototyping/DeJaBrew_Prototyping_Unreal/Content/SideScrollerBP/Assets/EnemyLP.fbx
[2019.11.04-23.07.14:781][ 41]LogFbx: FBX Scene Loaded Succesfully
[2019.11.04-23.07.16:278][ 41]LogSlate: Window 'FBX Import Options' being destroyed
[2019.11.04-23.07.16:315][ 41]LogFbx: Warning: Triangulating static mesh head
[2019.11.04-23.07.16:343][ 41]LogStaticMesh: Building static mesh EnemyLP_head...
[2019.11.04-23.07.16:351][ 41]LogStaticMesh: Built static mesh [0.01s] /Game/SideScrollerBP/Assets/EnemyLP_head.EnemyLP_head
[2019.11.04-23.07.16:360][ 41]LogFbx: Warning: Triangulating static mesh l_arm
[2019.11.04-23.07.16:362][ 41]LogStaticMesh: Building static mesh EnemyLP_l_arm...
[2019.11.04-23.07.16:365][ 41]LogStaticMesh: Built static mesh [0.00s] /Game/SideScrollerBP/Assets/EnemyLP_l_arm.EnemyLP_l_arm
[2019.11.04-23.07.16:371][ 41]LogFbx: Warning: Triangulating static mesh r_arm
[2019.11.04-23.07.16:374][ 41]LogStaticMesh: Building static mesh EnemyLP_r_arm...
[2019.11.04-23.07.16:376][ 41]LogStaticMesh: Built static mesh [0.00s] /Game/SideScrollerBP/Assets/EnemyLP_r_arm.EnemyLP_r_arm
[2019.11.04-23.07.16:383][ 41]LogFbx: Warning: Triangulating static mesh low_poly_body
[2019.11.04-23.07.16:450][ 41]LogStaticMesh: Building static mesh EnemyLP_low_poly_body...
[2019.11.04-23.07.16:478][ 41]LogStaticMesh: Built static mesh [0.03s] /Game/SideScrollerBP/Assets/EnemyLP_low_poly_body.EnemyLP_low_poly_body
[2019.11.04-23.07.16:493][ 41]FBXImport: Warning: No smoothing group information was found in this FBX scene.  Please make sure to enable the 'Export Smoothing Groups' option in the FBX Exporter plug-in before exporting the file.  Even for tools that don't support smoothing groups, the FBX Exporter will generate appropriate smoothing data at export-time so that correct vertex normals can be inferred while importing. 
[2019.11.04-23.07.18:119][222]LogSlate: Window 'Message Log' being destroyed
[2019.11.04-23.07.18:123][222]LogSlate: Window 'Message Log' being destroyed
[2019.11.04-23.07.35:289][259]LogMetaData: Removing '/Game/SideScrollerBP/Assets/EnemyLP/EnemyLP_head.EnemyLP_head' ref from Metadata '/Game/SideScrollerBP/Assets/EnemyLP_head.PackageMetaData'
[2019.11.04-23.07.35:293][259]LogMetaData: Removing '/Game/SideScrollerBP/Assets/EnemyLP/EnemyLP_l_arm.EnemyLP_l_arm' ref from Metadata '/Game/SideScrollerBP/Assets/EnemyLP_l_arm.PackageMetaData'
[2019.11.04-23.07.35:296][259]LogMetaData: Removing '/Game/SideScrollerBP/Assets/EnemyLP/EnemyLP_low_poly_body.EnemyLP_low_poly_body' ref from Metadata '/Game/SideScrollerBP/Assets/EnemyLP_low_poly_body.PackageMetaData'
[2019.11.04-23.07.35:301][259]LogMetaData: Removing '/Game/SideScrollerBP/Assets/EnemyLP/EnemyLP_r_arm.EnemyLP_r_arm' ref from Metadata '/Game/SideScrollerBP/Assets/EnemyLP_r_arm.PackageMetaData'
[2019.11.04-23.07.35:343][259]LogSavePackage: Moving '../../../../../../Users/s191273/Documents/GitHub/DeJaBrew_Prototyping/DeJaBrew_Prototyping_Unreal/Saved/EnemyLP_head2716A7B2484EDD1895C3C5BDF9CF64C1.tmp' to '../../../../../../Users/s191273/Documents/GitHub/DeJaBrew_Prototyping/DeJaBrew_Prototyping_Unreal/Content/SideScrollerBP/Assets/EnemyLP/EnemyLP_head.uasset'
[2019.11.04-23.07.35:380][259]LogSavePackage: Moving '../../../../../../Users/s191273/Documents/GitHub/DeJaBrew_Prototyping/DeJaBrew_Prototyping_Unreal/Saved/EnemyLP_l_arm73028423448A8BF1FA96048D2B8B9ED4.tmp' to '../../../../../../Users/s191273/Documents/GitHub/DeJaBrew_Prototyping/DeJaBrew_Prototyping_Unreal/Content/SideScrollerBP/Assets/EnemyLP/EnemyLP_l_arm.uasset'
[2019.11.04-23.07.35:412][259]LogSavePackage: Moving '../../../../../../Users/s191273/Documents/GitHub/DeJaBrew_Prototyping/DeJaBrew_Prototyping_Unreal/Saved/EnemyLP_low_poly_bodyB8BB3F16461EA6B9F87A95AB483959D8.tmp' to '../../../../../../Users/s191273/Documents/GitHub/DeJaBrew_Prototyping/DeJaBrew_Prototyping_Unreal/Content/SideScrollerBP/Assets/EnemyLP/EnemyLP_low_poly_body.uasset'
[2019.11.04-23.07.35:446][259]LogSavePackage: Moving '../../../../../../Users/s191273/Documents/GitHub/DeJaBrew_Prototyping/DeJaBrew_Prototyping_Unreal/Saved/EnemyLP_r_armCB2579134E168A1C2EEA16B352FCA5B9.tmp' to '../../../../../../Users/s191273/Documents/GitHub/DeJaBrew_Prototyping/DeJaBrew_Prototyping_Unreal/Content/SideScrollerBP/Assets/EnemyLP/EnemyLP_r_arm.uasset'
[2019.11.04-23.07.42:441][ 45]LogAssetEditorManager: Opening Asset editor for Blueprint /Game/SideScrollerBP/Blueprints/Enemy_BP.Enemy_BP
[2019.11.04-23.07.42:832][ 45]LogContentBrowser: Native class hierarchy updated for 'BlueprintGraph' in 0.0005 seconds. Added 116 classes and 0 folders.
[2019.11.04-23.07.43:515][ 45]LogSlate: Took 0.000320 seconds to synchronously load lazily loaded font '../../../Engine/Content/Slate/Fonts/Roboto-BoldCondensed.ttf' (158K)
[2019.11.04-23.07.43:650][ 46]LogSlate: Took 0.000179 seconds to synchronously load lazily loaded font '../../../Engine/Content/Slate/Fonts/Roboto-Italic.ttf' (157K)
[2019.11.04-23.07.45:856][245]BlueprintLog: New page: Compile Enemy_BP
[2019.11.04-23.07.46:995][312]LogRenderer: Reallocating scene render targets to support 1208x712 Format 10 NumSamples 1 (Frame:1).
[2019.11.04-23.07.54:157][ 27]LogSlate: FSceneViewport::OnFocusLost() reason 0
[2019.11.04-23.07.57:952][428]LogActorFactory: Actor Factory created EnemyLP_head
[2019.11.04-23.07.57:960][428]LogActorFactory: Actor Factory created EnemyLP_l_arm
[2019.11.04-23.07.57:960][428]LogActorFactory: Actor Factory created EnemyLP_low_poly_body
[2019.11.04-23.07.57:960][428]LogActorFactory: Actor Factory created EnemyLP_r_arm
[2019.11.04-23.07.58:238][460]LogSlate: FSceneViewport::OnFocusLost() reason 2
[2019.11.04-23.08.09:641][748]LogSlate: FSceneViewport::OnFocusLost() reason 0
[2019.11.04-23.08.17:183][605]LogSlate: FSceneViewport::OnFocusLost() reason 0
[2019.11.04-23.08.30:288][102]LogSlate: FSceneViewport::OnFocusLost() reason 0
[2019.11.04-23.08.43:870][641]LogSlate: FSceneViewport::OnFocusLost() reason 2
[2019.11.04-23.08.55:941][992]LogSlate: FSceneViewport::OnFocusLost() reason 0
[2019.11.04-23.08.56:095][  9]LogAssetEditorManager: Opening Asset editor for Material /Game/SideScrollerBP/Materials/slimehead.slimehead
[2019.11.04-23.08.56:098][  9]LogMaterial: Display: Missing cached shader map for material slimehead, compiling. 
[2019.11.04-23.08.56:394][  9]LogMaterial: Display: Missing cached shader map for material slimehead, compiling. 
[2019.11.04-23.08.56:416][  9]LogMaterial: Display: Missing cached shader map for material slimehead, compiling. 
[2019.11.04-23.08.56:447][  9]LogShaderCompilers: Display: Shaders left to compile 32
[2019.11.04-23.08.56:447][  9]LogShaderCompilers: Display: Shaders left to compile 31
[2019.11.04-23.08.56:447][  9]LogShaderCompilers: Display: Shaders left to compile 30
[2019.11.04-23.08.56:447][  9]LogShaderCompilers: Display: Shaders left to compile 29
[2019.11.04-23.08.56:459][  9]LogMaterial: Display: Missing cached shader map for material FMatExpressionPreview MaterialExpressionConstant3Vector_0, compiling. 
[2019.11.04-23.08.56:464][  9]LogMaterial: Display: Missing cached shader map for material FMatExpressionPreview MaterialExpressionConstant3Vector_1, compiling. 
[2019.11.04-23.08.56:469][  9]LogMaterial: Display: Missing cached shader map for material FMatExpressionPreview MaterialExpressionTextureSample_4, compiling. 
[2019.11.04-23.08.56:474][  9]LogMaterial: Display: Missing cached shader map for material FMatExpressionPreview MaterialExpressionTextureSample_5, compiling. 
[2019.11.04-23.08.56:480][  9]LogMaterial: Display: Missing cached shader map for material FMatExpressionPreview MaterialExpressionTextureSample_6, compiling. 
[2019.11.04-23.08.56:985][ 41]LogShaderCompilers: Display: Shaders left to compile 38
[2019.11.04-23.08.56:985][ 41]LogShaderCompilers: Display: Shaders left to compile 37
[2019.11.04-23.08.56:996][ 42]LogShaderCompilers: Display: Shaders left to compile 36
[2019.11.04-23.08.57:006][ 43]LogShaderCompilers: Display: Shaders left to compile 35
[2019.11.04-23.08.57:148][ 55]LogShaderCompilers: Display: Shaders left to compile 34
[2019.11.04-23.08.57:170][ 57]LogShaderCompilers: Display: Shaders left to compile 33
[2019.11.04-23.08.57:184][ 58]LogShaderCompilers: Display: Shaders left to compile 32
[2019.11.04-23.08.57:195][ 59]LogShaderCompilers: Display: Shaders left to compile 31
[2019.11.04-23.08.57:486][ 85]LogShaderCompilers: Display: Shaders left to compile 30
[2019.11.04-23.08.57:759][107]LogShaderCompilers: Display: Shaders left to compile 29
[2019.11.04-23.09.00:568][324]LogShaderCompilers: Display: Shaders left to compile 28
[2019.11.04-23.09.00:679][333]LogShaderCompilers: Display: Shaders left to compile 27
[2019.11.04-23.09.00:973][355]LogShaderCompilers: Display: Shaders left to compile 26
[2019.11.04-23.09.01:011][358]LogShaderCompilers: Display: Shaders left to compile 25
[2019.11.04-23.09.01:182][372]LogShaderCompilers: Display: Shaders left to compile 24
[2019.11.04-23.09.01:367][386]LogShaderCompilers: Display: Shaders left to compile 23
[2019.11.04-23.09.01:670][410]LogShaderCompilers: Display: Shaders left to compile 22
[2019.11.04-23.09.01:803][420]LogShaderCompilers: Display: Shaders left to compile 21
[2019.11.04-23.09.04:367][611]LogShaderCompilers: Display: Shaders left to compile 20
[2019.11.04-23.09.04:484][620]LogShaderCompilers: Display: Shaders left to compile 19
[2019.11.04-23.09.04:758][641]LogShaderCompilers: Display: Shaders left to compile 18
[2019.11.04-23.09.04:989][659]LogShaderCompilers: Display: Shaders left to compile 17
[2019.11.04-23.09.05:383][689]LogShaderCompilers: Display: Shaders left to compile 16
[2019.11.04-23.09.05:561][702]LogShaderCompilers: Display: Shaders left to compile 15
[2019.11.04-23.09.05:853][725]LogShaderCompilers: Display: Shaders left to compile 14
[2019.11.04-23.09.05:986][736]LogShaderCompilers: Display: Shaders left to compile 13
[2019.11.04-23.09.08:392][911]LogShaderCompilers: Display: Shaders left to compile 12
[2019.11.04-23.09.08:747][938]LogShaderCompilers: Display: Shaders left to compile 11
[2019.11.04-23.09.09:001][958]LogShaderCompilers: Display: Shaders left to compile 10
[2019.11.04-23.09.09:052][962]LogShaderCompilers: Display: Shaders left to compile 9
[2019.11.04-23.09.09:270][977]LogShaderCompilers: Display: Shaders left to compile 8
[2019.11.04-23.09.09:307][980]LogShaderCompilers: Display: Shaders left to compile 7
[2019.11.04-23.09.09:320][981]LogShaderCompilers: Display: Shaders left to compile 6
[2019.11.04-23.09.09:440][987]LogShaderCompilers: Display: Shaders left to compile 5
[2019.11.04-23.09.09:461][988]MaterialEditorStats: Base pass shader: 326 instructions
[2019.11.04-23.09.09:461][988]MaterialEditorStats: Base pass shader with Volumetric Lightmap: 412 instructions
[2019.11.04-23.09.09:461][988]MaterialEditorStats: Base pass vertex shader: 111 instructions
[2019.11.04-23.09.09:461][988]MaterialEditorStats: Texture samplers: 6/16
[2019.11.04-23.09.09:461][988]MaterialEditorStats: Texture Lookups (Est.): VS(0), PS(3)
[2019.11.04-23.09.09:462][988]MaterialEditorStats: User interpolators: 2/4 Scalars (1/4 Vectors) (TexCoords: 2, Custom: 0)
[2019.11.04-23.09.09:510][990]LogShaderCompilers: Display: Shaders left to compile 4
[2019.11.04-23.09.09:545][992]LogShaderCompilers: Display: Shaders left to compile 3
[2019.11.04-23.09.09:600][995]LogShaderCompilers: Display: Shaders left to compile 2
[2019.11.04-23.09.09:641][997]LogShaderCompilers: Display: Shaders left to compile 1
[2019.11.04-23.09.14:550][507]LogSlate: FSceneViewport::OnFocusLost() reason 2
[2019.11.04-23.09.26:205][818]LogSlate: FSceneViewport::OnFocusLost() reason 2
[2019.11.04-23.09.36:048][940]LogSlate: FSceneViewport::OnFocusLost() reason 0
[2019.11.04-23.09.36:169][953]LogAssetEditorManager: Opening Asset editor for Material /Game/SideScrollerBP/Materials/slimearms.slimearms
[2019.11.04-23.09.36:172][953]LogMaterial: Display: Missing cached shader map for material slimearms, compiling. 
[2019.11.04-23.09.36:255][953]LogMaterial: Display: Missing cached shader map for material slimearms, compiling. 
[2019.11.04-23.09.36:275][953]LogMaterial: Display: Missing cached shader map for material slimearms, compiling. 
[2019.11.04-23.09.36:309][953]LogShaderCompilers: Display: Shaders left to compile 32
[2019.11.04-23.09.36:309][953]LogShaderCompilers: Display: Shaders left to compile 31
[2019.11.04-23.09.36:309][953]LogShaderCompilers: Display: Shaders left to compile 30
[2019.11.04-23.09.36:309][953]LogShaderCompilers: Display: Shaders left to compile 29
[2019.11.04-23.09.36:323][953]LogMaterial: Display: Missing cached shader map for material FMatExpressionPreview MaterialExpressionConstant3Vector_0, compiling. 
[2019.11.04-23.09.36:328][953]LogMaterial: Display: Missing cached shader map for material FMatExpressionPreview MaterialExpressionConstant3Vector_1, compiling. 
[2019.11.04-23.09.36:334][953]LogMaterial: Display: Missing cached shader map for material FMatExpressionPreview MaterialExpressionTextureSample_2, compiling. 
[2019.11.04-23.09.36:340][953]LogMaterial: Display: Missing cached shader map for material FMatExpressionPreview MaterialExpressionTextureSample_3, compiling. 
[2019.11.04-23.09.36:803][986]LogShaderCompilers: Display: Shaders left to compile 36
[2019.11.04-23.09.36:803][986]LogShaderCompilers: Display: Shaders left to compile 35
[2019.11.04-23.09.36:826][988]LogShaderCompilers: Display: Shaders left to compile 34
[2019.11.04-23.09.36:826][988]LogShaderCompilers: Display: Shaders left to compile 33
[2019.11.04-23.09.36:967][  0]LogShaderCompilers: Display: Shaders left to compile 32
[2019.11.04-23.09.36:988][  2]LogShaderCompilers: Display: Shaders left to compile 31
[2019.11.04-23.09.37:012][  4]LogShaderCompilers: Display: Shaders left to compile 30
[2019.11.04-23.09.37:022][  5]LogShaderCompilers: Display: Shaders left to compile 29
[2019.11.04-23.09.37:303][ 31]LogShaderCompilers: Display: Shaders left to compile 28
[2019.11.04-23.09.37:605][ 60]LogShaderCompilers: Display: Shaders left to compile 27
[2019.11.04-23.09.39:870][232]LogShaderCompilers: Display: Shaders left to compile 26
[2019.11.04-23.09.40:002][242]LogShaderCompilers: Display: Shaders left to compile 25
[2019.11.04-23.09.40:299][264]LogShaderCompilers: Display: Shaders left to compile 24
[2019.11.04-23.09.40:310][265]LogShaderCompilers: Display: Shaders left to compile 23
[2019.11.04-23.09.40:496][281]LogShaderCompilers: Display: Shaders left to compile 22
[2019.11.04-23.09.40:655][293]LogShaderCompilers: Display: Shaders left to compile 21
[2019.11.04-23.09.40:945][316]LogShaderCompilers: Display: Shaders left to compile 20
[2019.11.04-23.09.41:127][332]LogShaderCompilers: Display: Shaders left to compile 19
[2019.11.04-23.09.43:081][492]LogShaderCompilers: Display: Shaders left to compile 18
[2019.11.04-23.09.43:145][497]LogShaderCompilers: Display: Shaders left to compile 17
[2019.11.04-23.09.43:444][520]LogShaderCompilers: Display: Shaders left to compile 16
[2019.11.04-23.09.43:706][540]LogShaderCompilers: Display: Shaders left to compile 15
[2019.11.04-23.09.43:951][559]LogShaderCompilers: Display: Shaders left to compile 14
[2019.11.04-23.09.44:250][582]LogShaderCompilers: Display: Shaders left to compile 13
[2019.11.04-23.09.44:537][605]LogShaderCompilers: Display: Shaders left to compile 12
[2019.11.04-23.09.44:609][611]LogShaderCompilers: Display: Shaders left to compile 11
[2019.11.04-23.09.46:502][757]LogShaderCompilers: Display: Shaders left to compile 10
[2019.11.04-23.09.46:906][788]LogShaderCompilers: Display: Shaders left to compile 9
[2019.11.04-23.09.47:135][803]LogShaderCompilers: Display: Shaders left to compile 8
[2019.11.04-23.09.47:201][809]LogShaderCompilers: Display: Shaders left to compile 7
[2019.11.04-23.09.47:418][825]LogShaderCompilers: Display: Shaders left to compile 6
[2019.11.04-23.09.47:445][827]LogShaderCompilers: Display: Shaders left to compile 5
[2019.11.04-23.09.47:473][829]LogShaderCompilers: Display: Shaders left to compile 4
[2019.11.04-23.09.47:555][836]LogShaderCompilers: Display: Shaders left to compile 3
[2019.11.04-23.09.47:560][836]MaterialEditorStats: Base pass shader: 320 instructions
[2019.11.04-23.09.47:560][836]MaterialEditorStats: Base pass shader with Volumetric Lightmap: 401 instructions
[2019.11.04-23.09.47:560][836]MaterialEditorStats: Base pass vertex shader: 111 instructions
[2019.11.04-23.09.47:560][836]MaterialEditorStats: Texture samplers: 5/16
[2019.11.04-23.09.47:560][836]MaterialEditorStats: Texture Lookups (Est.): VS(0), PS(2)
[2019.11.04-23.09.47:560][836]MaterialEditorStats: User interpolators: 2/4 Scalars (1/4 Vectors) (TexCoords: 2, Custom: 0)
[2019.11.04-23.09.47:663][841]LogShaderCompilers: Display: Shaders left to compile 2
[2019.11.04-23.09.47:713][843]LogShaderCompilers: Display: Shaders left to compile 1
[2019.11.04-23.09.53:562][516]LogMaterial: Display: Missing cached shader map for material slimearms, compiling. 
[2019.11.04-23.09.53:581][516]LogMaterial: Display: Missing cached shader map for material FMatExpressionPreview MaterialExpressionTextureSample_3, compiling. 
[2019.11.04-23.09.53:596][516]LogShaderCompilers: Display: Shaders left to compile 34
[2019.11.04-23.09.53:596][516]LogShaderCompilers: Display: Shaders left to compile 33
[2019.11.04-23.09.53:596][516]LogShaderCompilers: Display: Shaders left to compile 32
[2019.11.04-23.09.53:596][516]LogShaderCompilers: Display: Shaders left to compile 31
[2019.11.04-23.09.53:609][516]LogMaterial: Display: Missing cached shader map for material slimearms, compiling. 
[2019.11.04-23.09.53:743][525]LogShaderCompilers: Display: Shaders left to compile 34
[2019.11.04-23.09.53:770][527]LogShaderCompilers: Display: Shaders left to compile 33
[2019.11.04-23.09.53:798][529]LogShaderCompilers: Display: Shaders left to compile 32
[2019.11.04-23.09.53:824][531]LogShaderCompilers: Display: Shaders left to compile 31
[2019.11.04-23.09.53:950][540]LogShaderCompilers: Display: Shaders left to compile 30
[2019.11.04-23.09.53:989][543]LogShaderCompilers: Display: Shaders left to compile 29
[2019.11.04-23.09.54:025][546]LogShaderCompilers: Display: Shaders left to compile 28
[2019.11.04-23.09.54:059][549]LogShaderCompilers: Display: Shaders left to compile 27
[2019.11.04-23.09.54:132][555]LogShaderCompilers: Display: Shaders left to compile 26
[2019.11.04-23.09.54:156][557]LogShaderCompilers: Display: Shaders left to compile 25
[2019.11.04-23.09.54:222][563]LogShaderCompilers: Display: Shaders left to compile 24
[2019.11.04-23.09.54:234][564]LogShaderCompilers: Display: Shaders left to compile 23
[2019.11.04-23.09.54:281][568]LogShaderCompilers: Display: Shaders left to compile 22
[2019.11.04-23.09.54:313][571]LogShaderCompilers: Display: Shaders left to compile 21
[2019.11.04-23.09.54:604][594]LogShaderCompilers: Display: Shaders left to compile 20
[2019.11.04-23.09.54:907][618]LogShaderCompilers: Display: Shaders left to compile 19
[2019.11.04-23.09.57:112][777]LogShaderCompilers: Display: Shaders left to compile 18
[2019.11.04-23.09.57:211][785]LogShaderCompilers: Display: Shaders left to compile 17
[2019.11.04-23.09.57:495][807]LogShaderCompilers: Display: Shaders left to compile 16
[2019.11.04-23.09.57:520][809]LogShaderCompilers: Display: Shaders left to compile 15
[2019.11.04-23.09.57:685][823]LogShaderCompilers: Display: Shaders left to compile 14
[2019.11.04-23.09.57:816][833]LogShaderCompilers: Display: Shaders left to compile 13
[2019.11.04-23.09.58:102][856]LogShaderCompilers: Display: Shaders left to compile 12
[2019.11.04-23.09.58:276][870]LogShaderCompilers: Display: Shaders left to compile 11
[2019.11.04-23.09.59:914][992]LogMaterial: Display: Missing cached shader map for material slimearms, compiling. 
[2019.11.04-23.09.59:946][992]LogMaterial: Display: Missing cached shader map for material FMatExpressionPreview MaterialExpressionTextureSample_2, compiling. 
[2019.11.04-23.09.59:976][992]LogMaterial: Display: Missing cached shader map for material slimearms, compiling. 
[2019.11.04-23.10.00:171][  4]LogShaderCompilers: Display: Shaders left to compile 34
[2019.11.04-23.10.00:183][  5]LogShaderCompilers: Display: Shaders left to compile 33
[2019.11.04-23.10.00:415][ 24]LogShaderCompilers: Display: Shaders left to compile 32
[2019.11.04-23.10.00:468][ 29]LogShaderCompilers: Display: Shaders left to compile 31
[2019.11.04-23.10.00:559][ 34]LogShaderCompilers: Display: Shaders left to compile 30
[2019.11.04-23.10.00:611][ 38]LogShaderCompilers: Display: Shaders left to compile 29
[2019.11.04-23.10.00:735][ 48]LogShaderCompilers: Display: Shaders left to compile 28
[2019.11.04-23.10.00:782][ 52]LogShaderCompilers: Display: Shaders left to compile 27
[2019.11.04-23.10.00:941][ 65]LogShaderCompilers: Display: Shaders left to compile 26
[2019.11.04-23.10.00:954][ 66]LogShaderCompilers: Display: Shaders left to compile 25
[2019.11.04-23.10.00:966][ 67]LogShaderCompilers: Display: Shaders left to compile 24
[2019.11.04-23.10.01:089][ 78]LogShaderCompilers: Display: Shaders left to compile 23
[2019.11.04-23.10.01:136][ 82]LogShaderCompilers: Display: Shaders left to compile 22
[2019.11.04-23.10.01:196][ 87]LogShaderCompilers: Display: Shaders left to compile 21
[2019.11.04-23.10.01:474][109]LogShaderCompilers: Display: Shaders left to compile 20
[2019.11.04-23.10.01:772][134]LogShaderCompilers: Display: Shaders left to compile 19
[2019.11.04-23.10.03:951][303]LogShaderCompilers: Display: Shaders left to compile 18
[2019.11.04-23.10.04:185][321]LogShaderCompilers: Display: Shaders left to compile 17
[2019.11.04-23.10.04:482][344]LogShaderCompilers: Display: Shaders left to compile 16
[2019.11.04-23.10.04:543][349]LogShaderCompilers: Display: Shaders left to compile 15
[2019.11.04-23.10.04:594][353]LogShaderCompilers: Display: Shaders left to compile 14
[2019.11.04-23.10.04:851][373]LogShaderCompilers: Display: Shaders left to compile 13
[2019.11.04-23.10.05:149][396]LogShaderCompilers: Display: Shaders left to compile 12
[2019.11.04-23.10.05:235][402]LogShaderCompilers: Display: Shaders left to compile 11
[2019.11.04-23.10.05:491][423]LogMaterialEditor: Saving and Compiling material slimearms
[2019.11.04-23.10.06:078][423]LogMaterial: Display: Missing cached shader map for material slimearms, compiling. 
[2019.11.04-23.10.06:173][423]LogMaterial: Display: Missing cached shader map for material slimearms, compiling. 
[2019.11.04-23.10.06:202][423]LogMaterial: Display: Missing cached shader map for material slimearms, compiling. 
[2019.11.04-23.10.06:274][423]LogMaterial: Display: Missing cached shader map for material FDebugViewModeMaterialProxy slimearms, compiling. 
[2019.11.04-23.10.15:089][423]LogShaderCompilers: Display: Shaders left to compile 66
[2019.11.04-23.10.15:090][423]LogShaderCompilers: Display: Shaders left to compile 65
[2019.11.04-23.10.15:090][423]LogShaderCompilers: Display: Shaders left to compile 64
[2019.11.04-23.10.15:090][423]LogShaderCompilers: Display: Shaders left to compile 63
[2019.11.04-23.10.15:090][423]LogShaderCompilers: Display: Shaders left to compile 62
[2019.11.04-23.10.15:090][423]LogShaderCompilers: Display: Shaders left to compile 61
[2019.11.04-23.10.15:090][423]LogShaderCompilers: Display: Shaders left to compile 60
[2019.11.04-23.10.15:090][423]LogShaderCompilers: Display: Shaders left to compile 59
[2019.11.04-23.10.15:090][423]LogShaderCompilers: Display: Shaders left to compile 58
[2019.11.04-23.10.15:090][423]LogShaderCompilers: Display: Shaders left to compile 57
[2019.11.04-23.10.15:090][423]LogShaderCompilers: Display: Shaders left to compile 56
[2019.11.04-23.10.15:090][423]LogShaderCompilers: Display: Shaders left to compile 55
[2019.11.04-23.10.15:090][423]LogShaderCompilers: Display: Shaders left to compile 54
[2019.11.04-23.10.15:090][423]LogShaderCompilers: Display: Shaders left to compile 53
[2019.11.04-23.10.15:090][423]LogShaderCompilers: Display: Shaders left to compile 52
[2019.11.04-23.10.15:090][423]LogShaderCompilers: Display: Shaders left to compile 51
[2019.11.04-23.10.15:090][423]LogShaderCompilers: Display: Shaders left to compile 50
[2019.11.04-23.10.15:090][423]LogShaderCompilers: Display: Shaders left to compile 49
[2019.11.04-23.10.15:090][423]LogShaderCompilers: Display: Shaders left to compile 48
[2019.11.04-23.10.15:090][423]LogShaderCompilers: Display: Shaders left to compile 47
[2019.11.04-23.10.15:090][423]LogShaderCompilers: Display: Shaders left to compile 46
[2019.11.04-23.10.15:090][423]LogShaderCompilers: Display: Shaders left to compile 45
[2019.11.04-23.10.15:090][423]LogShaderCompilers: Display: Shaders left to compile 44
[2019.11.04-23.10.15:090][423]LogShaderCompilers: Display: Shaders left to compile 43
[2019.11.04-23.10.15:090][423]LogShaderCompilers: Display: Shaders left to compile 42
[2019.11.04-23.10.15:090][423]LogShaderCompilers: Display: Shaders left to compile 41
[2019.11.04-23.10.15:090][423]LogShaderCompilers: Display: Shaders left to compile 40
[2019.11.04-23.10.15:090][423]LogShaderCompilers: Display: Shaders left to compile 39
[2019.11.04-23.10.15:090][423]LogShaderCompilers: Display: Shaders left to compile 38
[2019.11.04-23.10.15:090][423]LogShaderCompilers: Display: Shaders left to compile 37
[2019.11.04-23.10.15:090][423]LogShaderCompilers: Display: Shaders left to compile 36
[2019.11.04-23.10.15:090][423]LogShaderCompilers: Display: Shaders left to compile 35
[2019.11.04-23.10.15:090][423]LogShaderCompilers: Display: Shaders left to compile 34
[2019.11.04-23.10.15:090][423]LogShaderCompilers: Display: Shaders left to compile 33
[2019.11.04-23.10.15:090][423]LogShaderCompilers: Display: Shaders left to compile 23
[2019.11.04-23.10.15:092][423]TextureStreamingBuild: Display: Compiling optional shaders took 8.826 seconds.
[2019.11.04-23.10.15:123][423]LogShaderCompilers: Display: Shaders left to compile 13
[2019.11.04-23.10.25:669][423]LogShaderCompilers: Display: Shaders left to compile 3
[2019.11.04-23.10.25:734][423]LogSavePackage: Moving '../../../../../../Users/s191273/Documents/GitHub/DeJaBrew_Prototyping/DeJaBrew_Prototyping_Unreal/Saved/slimearms54E7F5594D846863843E7499957A48A0.tmp' to '../../../../../../Users/s191273/Documents/GitHub/DeJaBrew_Prototyping/DeJaBrew_Prototyping_Unreal/Content/SideScrollerBP/Materials/slimearms.uasset'
[2019.11.04-23.10.25:743][423]MaterialEditorStats: Base pass shader: 320 instructions
[2019.11.04-23.10.25:743][423]MaterialEditorStats: Base pass shader with Volumetric Lightmap: 401 instructions
[2019.11.04-23.10.25:743][423]MaterialEditorStats: Base pass vertex shader: 111 instructions
[2019.11.04-23.10.25:743][423]MaterialEditorStats: Texture samplers: 5/16
[2019.11.04-23.10.25:743][423]MaterialEditorStats: Texture Lookups (Est.): VS(0), PS(2)
[2019.11.04-23.10.25:743][423]MaterialEditorStats: User interpolators: 2/4 Scalars (1/4 Vectors) (TexCoords: 2, Custom: 0)
[2019.11.04-23.10.34:088][363]LogSlate: FSceneViewport::OnFocusLost() reason 2
[2019.11.04-23.10.35:464][520]LogSlate: FSceneViewport::OnFocusLost() reason 0
[2019.11.04-23.10.35:531][528]BlueprintLog: New page: Compile Enemy_BP
[2019.11.04-23.10.36:340][587]LogSavePackage: Moving '../../../../../../Users/s191273/Documents/GitHub/DeJaBrew_Prototyping/DeJaBrew_Prototyping_Unreal/Saved/Enemy_BPDB4894104C46E3DA000D7A8DBD62D1B8.tmp' to '../../../../../../Users/s191273/Documents/GitHub/DeJaBrew_Prototyping/DeJaBrew_Prototyping_Unreal/Content/SideScrollerBP/Blueprints/Enemy_BP.uasset'
[2019.11.04-23.10.43:549][403]LogSlate: FSceneViewport::OnFocusLost() reason 2
[2019.11.04-23.10.59:337][235]LogSlate: FSceneViewport::OnFocusLost() reason 2
[2019.11.04-23.11.05:683][941]LogSlate: FSceneViewport::OnFocusLost() reason 2
[2019.11.04-23.11.13:770][870]LogSlate: FSceneViewport::OnFocusLost() reason 2
[2019.11.04-23.11.17:861][331]LogSlate: FSceneViewport::OnFocusLost() reason 2
[2019.11.04-23.11.22:043][793]LogSlate: FSceneViewport::OnFocusLost() reason 2
[2019.11.04-23.11.26:110][244]LogSlate: FSceneViewport::OnFocusLost() reason 0
[2019.11.04-23.11.28:371][506]BlueprintLog: New page: Compile Enemy_BP
[2019.11.04-23.11.29:001][551]LogSavePackage: Moving '../../../../../../Users/s191273/Documents/GitHub/DeJaBrew_Prototyping/DeJaBrew_Prototyping_Unreal/Saved/Enemy_BP0270BEA94F31C68202C6D8BD539D5E9D.tmp' to '../../../../../../Users/s191273/Documents/GitHub/DeJaBrew_Prototyping/DeJaBrew_Prototyping_Unreal/Content/SideScrollerBP/Blueprints/Enemy_BP.uasset'
[2019.11.04-23.11.30:125][684]LogSlate: Window 'Enemy_BP' being destroyed
[2019.11.04-23.11.37:131][507]LogSlate: FSceneViewport::OnFocusLost() reason 0
[2019.11.04-23.12.47:567][761]LogSlate: Window 'Save Content' being destroyed
[2019.11.04-23.12.47:649][761]LogSlate: Window 'DeJaBrew_Prototyping - Unreal Editor' being destroyed
[2019.11.04-23.12.47:820][762]Cmd: QUIT_EDITOR
[2019.11.04-23.12.47:836][762]LogWindowsTextInputMethodSystem: Display: IME system now deactivated.
[2019.11.04-23.12.47:847][762]LogExit: Preparing to exit.
[2019.11.04-23.12.48:694][762]LogExit: Editor shut down
[2019.11.04-23.12.48:694][762]LogExit: Transaction tracking system shut down
[2019.11.04-23.12.49:066][762]LogExit: Object subsystem successfully closed.
[2019.11.04-23.12.49:088][762]LogShaderCompilers: Display: Shaders left to compile 0
[2019.11.04-23.12.49:089][762]LogD3D11RHI: Shutdown
[2019.11.04-23.12.49:089][762]LogD3D11RHI: CleanupD3DDevice
[2019.11.04-23.12.49:091][762]LogD3D11RHI: ~FD3D11DynamicRHI
[2019.11.04-23.12.49:105][762]LogModuleManager: Shutting down and abandoning module HierarchicalLODUtilities (616)
[2019.11.04-23.12.49:105][762]LogModuleManager: Shutting down and abandoning module BlueprintGraph (614)
[2019.11.04-23.12.49:105][762]LogModuleManager: Shutting down and abandoning module MeshBuilder (612)
[2019.11.04-23.12.49:106][762]LogModuleManager: Shutting down and abandoning module HierarchicalLODOutliner (610)
[2019.11.04-23.12.49:106][762]LogModuleManager: Shutting down and abandoning module SceneOutliner (608)
[2019.11.04-23.12.49:106][762]LogModuleManager: Shutting down and abandoning module AddContentDialog (606)
[2019.11.04-23.12.49:106][762]LogModuleManager: Shutting down and abandoning module WidgetCarousel (605)
[2019.11.04-23.12.49:106][762]LogModuleManager: Shutting down and abandoning module EditorWidgets (602)
[2019.11.04-23.12.49:106][762]LogModuleManager: Shutting down and abandoning module CollectionManager (600)
[2019.11.04-23.12.49:106][762]LogModuleManager: Shutting down and abandoning module StatsViewer (598)
[2019.11.04-23.12.49:106][762]LogModuleManager: Shutting down and abandoning module FoliageEdit (596)
[2019.11.04-23.12.49:106][762]LogModuleManager: Shutting down and abandoning module LandscapeEditor (594)
[2019.11.04-23.12.49:106][762]LogModuleManager: Shutting down and abandoning module MeshPaintMode (592)
[2019.11.04-23.12.49:106][762]LogModuleManager: Shutting down and abandoning module SceneDepthPickerMode (590)
[2019.11.04-23.12.49:106][762]LogModuleManager: Shutting down and abandoning module ActorPickerMode (588)
[2019.11.04-23.12.49:106][762]LogModuleManager: Shutting down and abandoning module GeometryMode (586)
[2019.11.04-23.12.49:106][762]LogModuleManager: Shutting down and abandoning module TextureAlignMode (584)
[2019.11.04-23.12.49:106][762]LogModuleManager: Shutting down and abandoning module BspMode (582)
[2019.11.04-23.12.49:106][762]LogModuleManager: Shutting down and abandoning module PIEPreviewDeviceProfileSelector (580)
[2019.11.04-23.12.49:106][762]LogModuleManager: Shutting down and abandoning module SequenceRecorderSections (578)
[2019.11.04-23.12.49:106][762]LogModuleManager: Shutting down and abandoning module AutomationWorker (576)
[2019.11.04-23.12.49:106][762]LogModuleManager: Shutting down and abandoning module AudioCaptureEditor (574)
[2019.11.04-23.12.49:106][762]LogModuleManager: Shutting down and abandoning module SequenceRecorder (573)
[2019.11.04-23.12.49:106][762]LogModuleManager: Shutting down and abandoning module MatineeToLevelSequence (570)
[2019.11.04-23.12.49:106][762]LogModuleManager: Shutting down and abandoning module LevelSequenceEditor (568)
[2019.11.04-23.12.49:106][762]LogModuleManager: Shutting down and abandoning module PlacementMode (567)
[2019.11.04-23.12.49:106][762]LogModuleManager: Shutting down and abandoning module MaterialEditor (566)
[2019.11.04-23.12.49:106][762]LogModuleManager: Shutting down and abandoning module WmfMediaFactory (562)
[2019.11.04-23.12.49:106][762]LogModuleManager: Shutting down and abandoning module WmfMediaEditor (560)
[2019.11.04-23.12.49:107][762]LogModuleManager: Shutting down and abandoning module MediaPlayerEditor (558)
[2019.11.04-23.12.49:107][762]LogModuleManager: Shutting down and abandoning module OpenExrWrapper (556)
[2019.11.04-23.12.49:107][762]LogModuleManager: Shutting down and abandoning module ImgMediaFactory (554)
[2019.11.04-23.12.49:107][762]LogModuleManager: Shutting down and abandoning module ImgMediaEditor (552)
[2019.11.04-23.12.49:107][762]LogModuleManager: Shutting down and abandoning module AvfMediaFactory (550)
[2019.11.04-23.12.49:107][762]LogModuleManager: Shutting down and abandoning module AvfMediaEditor (548)
[2019.11.04-23.12.49:107][762]LogModuleManager: Shutting down and abandoning module AndroidMediaFactory (546)
[2019.11.04-23.12.49:107][762]LogModuleManager: Shutting down and abandoning module AndroidMediaEditor (544)
[2019.11.04-23.12.49:107][762]LogModuleManager: Shutting down and abandoning module MagicLeapCameraPreviewFactory (542)
[2019.11.04-23.12.49:107][762]LogModuleManager: Shutting down and abandoning module MagicLeapMediaFactory (540)
[2019.11.04-23.12.49:107][762]LogModuleManager: Shutting down and abandoning module MagicLeapMediaEditor (538)
[2019.11.04-23.12.49:107][762]LogModuleManager: Shutting down and abandoning module CharacterAI (536)
[2019.11.04-23.12.49:107][762]LogModuleManager: Shutting down and abandoning module SmartSnapping (534)
[2019.11.04-23.12.49:107][762]LogModuleManager: Shutting down and abandoning module SessionServices (532)
[2019.11.04-23.12.49:107][762]LogModuleManager: Shutting down and abandoning module ViewportSnapping (530)
[2019.11.04-23.12.49:107][762]LogModuleManager: Shutting down and abandoning module ViewportInteraction (528)
[2019.11.04-23.12.49:107][762]LogModuleManager: Shutting down and abandoning module ClothPainter (526)
[2019.11.04-23.12.49:107][762]LogModuleManager: Shutting down and abandoning module SkeletalMeshEditor (525)
[2019.11.04-23.12.49:107][762]LogModuleManager: Shutting down and abandoning module LogVisualizer (522)
[2019.11.04-23.12.49:107][762]LogModuleManager: Shutting down and abandoning module IntroTutorials (520)
[2019.11.04-23.12.49:107][762]LogModuleManager: Shutting down and abandoning module GameProjectGeneration (519)
[2019.11.04-23.12.49:107][762]LogModuleManager: Shutting down and abandoning module LuminPlatformEditor (516)
[2019.11.04-23.12.49:107][762]LogModuleManager: Shutting down and abandoning module IOSPlatformEditor (514)
[2019.11.04-23.12.49:107][762]LogModuleManager: Shutting down and abandoning module HTML5PlatformEditor (512)
[2019.11.04-23.12.49:107][762]LogModuleManager: Shutting down and abandoning module AndroidPlatformEditor (510)
[2019.11.04-23.12.49:107][762]LogModuleManager: Shutting down and abandoning module AndroidDeviceDetection (509)
[2019.11.04-23.12.50:438][762]LogModuleManager: Shutting down and abandoning module WindowsPlatformEditor (506)
[2019.11.04-23.12.50:439][762]LogModuleManager: Shutting down and abandoning module LuminRuntimeSettings (504)
[2019.11.04-23.12.50:439][762]LogModuleManager: Shutting down and abandoning module IOSRuntimeSettings (502)
[2019.11.04-23.12.50:439][762]LogModuleManager: Shutting down and abandoning module AndroidRuntimeSettings (500)
[2019.11.04-23.12.50:439][762]LogModuleManager: Shutting down and abandoning module InputBindingEditor (498)
[2019.11.04-23.12.50:439][762]LogModuleManager: Shutting down and abandoning module MergeActors (496)
[2019.11.04-23.12.50:439][762]LogModuleManager: Shutting down and abandoning module LocalizationDashboard (494)
[2019.11.04-23.12.50:439][762]LogModuleManager: Shutting down and abandoning module LocalizationService (493)
[2019.11.04-23.12.50:439][762]LogModuleManager: Shutting down and abandoning module HardwareTargeting (490)
[2019.11.04-23.12.50:439][762]LogModuleManager: Shutting down and abandoning module DeviceProfileEditor (488)
[2019.11.04-23.12.50:439][762]LogModuleManager: Shutting down and abandoning module UndoHistory (486)
[2019.11.04-23.12.50:439][762]LogModuleManager: Shutting down and abandoning module XmlParser (484)
[2019.11.04-23.12.50:439][762]LogModuleManager: Shutting down and abandoning module Blutility (482)
[2019.11.04-23.12.50:439][762]LogModuleManager: Shutting down and abandoning module ProjectSettingsViewer (480)
[2019.11.04-23.12.50:439][762]LogModuleManager: Shutting down and abandoning module ProjectTargetPlatformEditor (479)
[2019.11.04-23.12.50:439][762]LogModuleManager: Shutting down and abandoning module EditorSettingsViewer (476)
[2019.11.04-23.12.50:439][762]LogModuleManager: Shutting down and abandoning module SettingsEditor (474)
[2019.11.04-23.12.50:439][762]LogModuleManager: Shutting down and abandoning module ProjectLauncher (472)
[2019.11.04-23.12.50:439][762]LogModuleManager: Shutting down and abandoning module SessionFrontend (470)
[2019.11.04-23.12.50:439][762]LogModuleManager: Shutting down and abandoning module ProfilerClient (468)
[2019.11.04-23.12.50:439][762]LogModuleManager: Shutting down and abandoning module DeviceManager (466)
[2019.11.04-23.12.50:439][762]LogModuleManager: Shutting down and abandoning module TargetDeviceServices (465)
[2019.11.04-23.12.50:491][762]LogModuleManager: Shutting down and abandoning module AutomationController (462)
[2019.11.04-23.12.50:491][762]LogModuleManager: Shutting down and abandoning module AutomationWindow (460)
[2019.11.04-23.12.50:491][762]LogModuleManager: Shutting down and abandoning module Layers (458)
[2019.11.04-23.12.50:491][762]LogModuleManager: Shutting down and abandoning module ComponentVisualizers (456)
[2019.11.04-23.12.50:491][762]LogModuleManager: Shutting down and abandoning module DetailCustomizations (454)
[2019.11.04-23.12.50:491][762]LogModuleManager: Shutting down and abandoning module PackagesDialog (452)
[2019.11.04-23.12.50:491][762]LogModuleManager: Shutting down and abandoning module Persona (450)
[2019.11.04-23.12.50:491][762]LogModuleManager: Shutting down and abandoning module AdvancedPreviewScene (449)
[2019.11.04-23.12.50:491][762]LogModuleManager: Shutting down and abandoning module AnimGraph (447)
[2019.11.04-23.12.50:491][762]LogModuleManager: Shutting down and abandoning module Kismet (444)
[2019.11.04-23.12.50:495][762]LogModuleManager: Shutting down and abandoning module GraphEditor (442)
[2019.11.04-23.12.50:495][762]LogModuleManager: Shutting down and abandoning module ClassViewer (440)
[2019.11.04-23.12.50:495][762]LogModuleManager: Shutting down and abandoning module Toolbox (438)
[2019.11.04-23.12.50:495][762]LogModuleManager: Shutting down and abandoning module ModuleUI (436)
[2019.11.04-23.12.50:495][762]LogModuleManager: Shutting down and abandoning module MovieSceneTools (434)
[2019.11.04-23.12.50:495][762]LogModuleManager: Shutting down and abandoning module OutputLog (432)
[2019.11.04-23.12.50:495][762]LogModuleManager: Shutting down and abandoning module GammaUI (430)
[2019.11.04-23.12.50:495][762]LogModuleManager: Shutting down and abandoning module Documentation (428)
[2019.11.04-23.12.50:495][762]LogModuleManager: Shutting down and abandoning module MovieSceneTracks (426)
[2019.11.04-23.12.50:495][762]LogModuleManager: Shutting down and abandoning module MovieScene (424)
[2019.11.04-23.12.50:495][762]LogModuleManager: Shutting down and abandoning module StreamingPauseRendering (422)
[2019.11.04-23.12.50:495][762]LogModuleManager: Shutting down and abandoning module LauncherPlatform (420)
[2019.11.04-23.12.50:495][762]LogModuleManager: Shutting down and abandoning module AnalyticsET (418)
[2019.11.04-23.12.50:495][762]LogModuleManager: Shutting down and abandoning module PortalServices (416)
[2019.11.04-23.12.50:495][762]LogModuleManager: Shutting down and abandoning module PortalRpc (414)
[2019.11.04-23.12.50:495][762]LogModuleManager: Shutting down and abandoning module MessagingRpc (412)
[2019.11.04-23.12.50:495][762]LogModuleManager: Shutting down and abandoning module AIModule (410)
[2019.11.04-23.12.50:496][762]LogModuleManager: Shutting down and abandoning module GameplayDebugger (409)
[2019.11.04-23.12.50:496][762]LogModuleManager: Shutting down and abandoning module AITestSuite (407)
[2019.11.04-23.12.50:496][762]LogModuleManager: Shutting down and abandoning module NavigationSystem (405)
[2019.11.04-23.12.50:496][762]LogModuleManager: Shutting down and abandoning module DesktopPlatform (402)
[2019.11.04-23.12.50:496][762]LogModuleManager: Shutting down and abandoning module ProfilerService (400)
[2019.11.04-23.12.50:505][762]LogModuleManager: Shutting down and abandoning module TaskGraph (398)
[2019.11.04-23.12.50:506][762]LogModuleManager: Shutting down and abandoning module SteamVRController (396)
[2019.11.04-23.12.50:506][762]LogModuleManager: Shutting down and abandoning module ProceduralMeshComponentEditor (394)
[2019.11.04-23.12.50:506][762]LogModuleManager: Shutting down and abandoning module ProceduralMeshComponent (392)
[2019.11.04-23.12.50:506][762]LogModuleManager: Shutting down and abandoning module OculusInput (390)
[2019.11.04-23.12.50:506][762]LogModuleManager: Shutting down and abandoning module MobilePatchingUtils (388)
[2019.11.04-23.12.50:506][762]LogModuleManager: Shutting down and abandoning module EditableMesh (386)
[2019.11.04-23.12.50:506][762]LogModuleManager: Shutting down and abandoning module CustomMeshComponent (384)
[2019.11.04-23.12.50:506][762]LogModuleManager: Shutting down and abandoning module CableComponent (382)
[2019.11.04-23.12.50:506][762]LogModuleManager: Shutting down and abandoning module AudioCapture (380)
[2019.11.04-23.12.50:506][762]LogModuleManager: Shutting down and abandoning module ArchVisCharacter (378)
[2019.11.04-23.12.50:506][762]LogModuleManager: Shutting down and abandoning module AndroidPermission (376)
[2019.11.04-23.12.50:506][762]LogModuleManager: Shutting down and abandoning module NUTUnrealEngine4 (374)
[2019.11.04-23.12.50:506][762]LogModuleManager: Shutting down and abandoning module NetcodeUnitTest (372)
[2019.11.04-23.12.50:506][762]LogModuleManager: Shutting down and abandoning module MediaCompositingEditor (370)
[2019.11.04-23.12.50:506][762]LogModuleManager: Shutting down and abandoning module MediaCompositing (368)
[2019.11.04-23.12.50:506][762]LogModuleManager: Shutting down and abandoning module LinearTimecode (366)
[2019.11.04-23.12.50:506][762]LogModuleManager: Shutting down and abandoning module ImgMedia (364)
[2019.11.04-23.12.50:509][762]LogModuleManager: Shutting down and abandoning module HTML5Networking (362)
[2019.11.04-23.12.50:509][762]LogModuleManager: Shutting down and abandoning module GeometryCacheTracks (360)
[2019.11.04-23.12.50:509][762]LogModuleManager: Shutting down and abandoning module GeometryCacheSequencer (358)
[2019.11.04-23.12.50:509][762]LogModuleManager: Shutting down and abandoning module BackChannel (356)
[2019.11.04-23.12.50:509][762]LogModuleManager: Shutting down and abandoning module AppleVision (354)
[2019.11.04-23.12.50:509][762]LogModuleManager: Shutting down and abandoning module AppleImageUtils (352)
[2019.11.04-23.12.50:509][762]LogModuleManager: Shutting down and abandoning module AlembicImporter (350)
[2019.11.04-23.12.50:509][762]LogModuleManager: Shutting down and abandoning module AlembicLibrary (349)
[2019.11.04-23.12.50:509][762]LogModuleManager: Shutting down and abandoning module GeometryCache (348)
[2019.11.04-23.12.50:509][762]LogModuleManager: Shutting down and abandoning module GeometryCacheEd (347)
[2019.11.04-23.12.50:509][762]LogModuleManager: Shutting down and abandoning module DatasmithContentEditor (342)
[2019.11.04-23.12.50:510][762]LogModuleManager: Shutting down and abandoning module DatasmithContent (340)
[2019.11.04-23.12.50:510][762]LogModuleManager: Shutting down and abandoning module SpeedTreeImporter (338)
[2019.11.04-23.12.50:510][762]LogModuleManager: Shutting down and abandoning module PluginBrowser (336)
[2019.11.04-23.12.50:510][762]LogModuleManager: Shutting down and abandoning module MobileLauncherProfileWizard (334)
[2019.11.04-23.12.50:510][762]LogModuleManager: Shutting down and abandoning module PolygonModeling (332)
[2019.11.04-23.12.50:510][762]LogModuleManager: Shutting down and abandoning module MeshEditor (330)
[2019.11.04-23.12.50:510][762]LogModuleManager: Shutting down and abandoning module CryptoKeysOpenSSL (328)
[2019.11.04-23.12.50:510][762]LogModuleManager: Shutting down and abandoning module CryptoKeys (326)
[2019.11.04-23.12.50:510][762]LogModuleManager: Shutting down and abandoning module VisualStudioSourceCodeAccess (324)
[2019.11.04-23.12.50:510][762]LogModuleManager: Shutting down and abandoning module VisualStudioCodeSourceCodeAccess (322)
[2019.11.04-23.12.50:510][762]LogModuleManager: Shutting down and abandoning module UObjectPlugin (320)
[2019.11.04-23.12.50:510][762]LogModuleManager: Shutting down and abandoning module SubversionSourceControl (318)
[2019.11.04-23.12.50:510][762]LogModuleManager: Shutting down and abandoning module PerforceSourceControl (316)
[2019.11.04-23.12.50:510][762]LogModuleManager: Shutting down and abandoning module GitSourceControl (314)
[2019.11.04-23.12.50:510][762]LogModuleManager: Shutting down and abandoning module SourceControl (313)
[2019.11.04-23.12.50:510][762]LogModuleManager: Shutting down and abandoning module CLionSourceCodeAccess (310)
[2019.11.04-23.12.50:510][762]LogModuleManager: Shutting down and abandoning module LightPropagationVolumeEditor (308)
[2019.11.04-23.12.50:510][762]LogModuleManager: Shutting down and abandoning module PaperTiledImporter (306)
[2019.11.04-23.12.50:510][762]LogModuleManager: Shutting down and abandoning module PaperSpriteSheetImporter (304)
[2019.11.04-23.12.50:510][762]LogModuleManager: Shutting down and abandoning module Paper2DEditor (302)
[2019.11.04-23.12.50:510][762]LogModuleManager: Shutting down and abandoning module MeshPaint (301)
[2019.11.04-23.12.50:510][762]LogModuleManager: Shutting down and abandoning module RuntimePhysXCooking (298)
[2019.11.04-23.12.50:510][762]LogModuleManager: Shutting down and abandoning module PhysXVehiclesEditor (296)
[2019.11.04-23.12.50:510][762]LogModuleManager: Shutting down and abandoning module PhysXVehicles (294)
[2019.11.04-23.12.50:510][762]LogModuleManager: Shutting down and abandoning module OculusEditor (292)
[2019.11.04-23.12.50:510][762]LogModuleManager: Shutting down and abandoning module LocationServicesBPLibrary (290)
[2019.11.04-23.12.50:510][762]LogModuleManager: Shutting down and abandoning module ImmediatePhysicsEditor (288)
[2019.11.04-23.12.50:510][762]LogModuleManager: Shutting down and abandoning module ImmediatePhysics (286)
[2019.11.04-23.12.50:510][762]LogModuleManager: Shutting down and abandoning module ActorSequence (284)
[2019.11.04-23.12.50:510][762]LogModuleManager: Shutting down and abandoning module UdpMessaging (282)
[2019.11.04-23.12.50:611][762]LogModuleManager: Shutting down and abandoning module TcpMessaging (280)
[2019.11.04-23.12.50:712][762]LogModuleManager: Shutting down and abandoning module MagicLeapAudio (278)
[2019.11.04-23.12.50:712][762]LogModuleManager: Shutting down and abandoning module GameplayTagsEditor (276)
[2019.11.04-23.12.50:712][762]LogModuleManager: Shutting down and abandoning module FacialAnimationEditor (274)
[2019.11.04-23.12.50:712][762]LogModuleManager: Shutting down and abandoning module FacialAnimation (272)
[2019.11.04-23.12.50:712][762]LogModuleManager: Shutting down and abandoning module DataValidation (270)
[2019.11.04-23.12.50:712][762]LogModuleManager: Shutting down and abandoning module AssetManagerEditor (268)
[2019.11.04-23.12.50:712][762]LogModuleManager: Shutting down and abandoning module LevelEditor (267)
[2019.11.04-23.12.50:713][762]LogModuleManager: Shutting down and abandoning module PixelInspectorModule (266)
[2019.11.04-23.12.50:713][762]LogModuleManager: Shutting down and abandoning module CommonMenuExtensions (264)
[2019.11.04-23.12.50:713][762]LogModuleManager: Shutting down and abandoning module MainFrame (262)
[2019.11.04-23.12.50:713][762]LogModuleManager: Shutting down and abandoning module HotReload (261)
[2019.11.04-23.12.50:713][762]LogModuleManager: Shutting down and abandoning module ContentBrowser (257)
[2019.11.04-23.12.50:714][762]LogModuleManager: Shutting down and abandoning module TreeMap (255)
[2019.11.04-23.12.50:714][762]LogModuleManager: Shutting down and abandoning module LightPropagationVolumeRuntime (252)
[2019.11.04-23.12.50:714][762]LogModuleManager: Shutting down and abandoning module AISupportModule (250)
[2019.11.04-23.12.50:714][762]LogModuleManager: Shutting down and abandoning module Paper2D (248)
[2019.11.04-23.12.50:714][762]LogModuleManager: Shutting down and abandoning module WindowsMoviePlayer (246)
[2019.11.04-23.12.50:714][762]LogModuleManager: Shutting down and abandoning module WmfMedia (244)
[2019.11.04-23.12.50:719][762]LogModuleManager: Shutting down and abandoning module Media (243)
[2019.11.04-23.12.50:725][762]LogModuleManager: Shutting down and abandoning module PacketHandler (240)
[2019.11.04-23.12.50:725][762]LogModuleManager: Shutting down and abandoning module ClothingSystemEditor (238)
[2019.11.04-23.12.50:725][762]LogModuleManager: Shutting down and abandoning module ClothingSystemRuntime (236)
[2019.11.04-23.12.50:725][762]LogModuleManager: Shutting down and abandoning module MediaAssets (234)
[2019.11.04-23.12.50:725][762]LogModuleManager: Shutting down and abandoning module Overlay (232)
[2019.11.04-23.12.50:725][762]LogModuleManager: Shutting down and abandoning module OverlayEditor (231)
[2019.11.04-23.12.50:725][762]LogModuleManager: Shutting down and abandoning module VREditor (228)
[2019.11.04-23.12.50:725][762]LogModuleManager: Shutting down and abandoning module StringTableEditor (226)
[2019.11.04-23.12.50:725][762]LogModuleManager: Shutting down and abandoning module GameplayTasksEditor (224)
[2019.11.04-23.12.50:725][762]LogModuleManager: Shutting down and abandoning module BehaviorTreeEditor (222)
[2019.11.04-23.12.50:725][762]LogModuleManager: Shutting down and abandoning module FunctionalTesting (220)
[2019.11.04-23.12.50:725][762]LogModuleManager: Shutting down and abandoning module CollisionAnalyzer (218)
[2019.11.04-23.12.50:725][762]LogModuleManager: Shutting down and abandoning module WorkspaceMenuStructure (217)
[2019.11.04-23.12.50:726][762]LogModuleManager: Shutting down and abandoning module UMG (214)
[2019.11.04-23.12.50:726][762]LogModuleManager: Shutting down and abandoning module UMGEditor (213)
[2019.11.04-23.12.50:726][762]LogModuleManager: Shutting down and abandoning module Sequencer (212)
[2019.11.04-23.12.50:726][762]LogModuleManager: Shutting down and abandoning module MessageLog (209)
[2019.11.04-23.12.50:726][762]LogModuleManager: Shutting down and abandoning module SlateReflector (204)
[2019.11.04-23.12.50:726][762]LogModuleManager: Shutting down and abandoning module Slate (202)
[2019.11.04-23.12.50:726][762]LogModuleManager: Shutting down and abandoning module EditorStyle (200)
[2019.11.04-23.12.50:727][762]LogModuleManager: Shutting down and abandoning module MRMesh (198)
[2019.11.04-23.12.50:727][762]LogModuleManager: Shutting down and abandoning module SourceCodeAccess (196)
[2019.11.04-23.12.50:727][762]LogModuleManager: Shutting down and abandoning module HeadMountedDisplay (194)
[2019.11.04-23.12.50:727][762]LogModuleManager: Shutting down and abandoning module XAudio2 (192)
[2019.11.04-23.12.50:727][762]LogModuleManager: Shutting down and abandoning module Networking (190)
[2019.11.04-23.12.50:727][762]LogModuleManager: Shutting down and abandoning module Core (188)
[2019.11.04-23.12.50:727][762]LogModuleManager: Shutting down and abandoning module LevelSequence (186)
[2019.11.04-23.12.50:727][762]LogModuleManager: Shutting down and abandoning module KismetCompiler (184)
[2019.11.04-23.12.50:727][762]LogModuleManager: Shutting down and abandoning module MeshUtilities (182)
[2019.11.04-23.12.50:727][762]LogModuleManager: Shutting down and abandoning module MeshMergeUtilities (181)
[2019.11.04-23.12.50:727][762]LogModuleManager: Shutting down and abandoning module MeshReductionInterface (180)
[2019.11.04-23.12.50:727][762]LogModuleManager: Shutting down and abandoning module SimplygonSwarm (179)
[2019.11.04-23.12.50:727][762]LogModuleManager: Shutting down and abandoning module ProxyLODMeshReduction (177)
[2019.11.04-23.12.50:727][762]LogModuleManager: Shutting down and abandoning module SimplygonMeshReduction (175)
[2019.11.04-23.12.50:727][762]LogModuleManager: Shutting down and abandoning module QuadricMeshReduction (173)
[2019.11.04-23.12.50:727][762]LogModuleManager: Shutting down and abandoning module MaterialBaking (169)
[2019.11.04-23.12.50:727][762]LogModuleManager: Shutting down and abandoning module DirectoryWatcher (165)
[2019.11.04-23.12.50:727][762]LogModuleManager: Shutting down and abandoning module DerivedDataCache (162)
[2019.11.04-23.12.50:771][762]LogDerivedDataCache: Shutdown
[2019.11.04-23.12.50:771][762]LogModuleManager: Shutting down and abandoning module XGEController (160)
[2019.11.04-23.12.50:771][762]LogXGEController: Cleaning working directory: C:/Users/s191273/AppData/Local/Temp/UnrealXGEWorkingDir/
[2019.11.04-23.12.50:771][762]LogModuleManager: Shutting down and abandoning module TargetPlatform (158)
[2019.11.04-23.12.50:771][762]LogModuleManager: Shutting down and abandoning module VulkanShaderFormat (157)
[2019.11.04-23.12.50:771][762]LogModuleManager: Shutting down and abandoning module ShaderFormatVectorVM (155)
[2019.11.04-23.12.50:772][762]LogModuleManager: Shutting down and abandoning module ShaderFormatOpenGL (153)
[2019.11.04-23.12.50:772][762]LogModuleManager: Shutting down and abandoning module ShaderFormatD3D (151)
[2019.11.04-23.12.50:772][762]LogModuleManager: Shutting down and abandoning module MetalShaderFormat (149)
[2019.11.04-23.12.50:772][762]LogModuleManager: Shutting down and abandoning module TextureFormatUncompressed (147)
[2019.11.04-23.12.50:772][762]LogModuleManager: Shutting down and abandoning module TextureFormatPVR (145)
[2019.11.04-23.12.50:772][762]LogModuleManager: Shutting down and abandoning module TextureFormatDXT (143)
[2019.11.04-23.12.50:772][762]LogModuleManager: Shutting down and abandoning module TextureFormatIntelISPCTexComp (141)
[2019.11.04-23.12.50:772][762]LogModuleManager: Shutting down and abandoning module TextureFormatASTC (139)
[2019.11.04-23.12.50:772][762]LogModuleManager: Shutting down and abandoning module ImageWrapper (138)
[2019.11.04-23.12.50:772][762]LogModuleManager: Shutting down and abandoning module TextureFormatAndroid (135)
[2019.11.04-23.12.50:772][762]LogModuleManager: Shutting down and abandoning module AudioFormatOpus (133)
[2019.11.04-23.12.50:772][762]LogModuleManager: Shutting down and abandoning module AudioFormatOgg (131)
[2019.11.04-23.12.50:772][762]LogModuleManager: Shutting down and abandoning module AudioFormatADPCM (129)
[2019.11.04-23.12.50:772][762]LogModuleManager: Shutting down and abandoning module LuminTargetPlatform (127)
[2019.11.04-23.12.50:772][762]LogModuleManager: Shutting down and abandoning module LinuxTargetPlatform (125)
[2019.11.04-23.12.50:772][762]LogModuleManager: Shutting down and abandoning module LinuxServerTargetPlatform (123)
[2019.11.04-23.12.50:772][762]LogModuleManager: Shutting down and abandoning module LinuxNoEditorTargetPlatform (121)
[2019.11.04-23.12.50:772][762]LogModuleManager: Shutting down and abandoning module LinuxClientTargetPlatform (119)
[2019.11.04-23.12.50:772][762]LogModuleManager: Shutting down and abandoning module TVOSTargetPlatform (117)
[2019.11.04-23.12.50:772][762]LogModuleManager: Shutting down and abandoning module Messaging (115)
[2019.11.04-23.12.50:772][762]LogModuleManager: Shutting down and abandoning module IOSTargetPlatform (113)
[2019.11.04-23.12.50:773][762]LogModuleManager: Shutting down and abandoning module HTML5TargetPlatform (111)
[2019.11.04-23.12.50:773][762]LogModuleManager: Shutting down and abandoning module AndroidTargetPlatform (109)
[2019.11.04-23.12.50:778][762]LogModuleManager: Shutting down and abandoning module WindowsTargetPlatform (107)
[2019.11.04-23.12.50:778][762]LogModuleManager: Shutting down and abandoning module WindowsServerTargetPlatform (105)
[2019.11.04-23.12.50:778][762]LogModuleManager: Shutting down and abandoning module WindowsNoEditorTargetPlatform (103)
[2019.11.04-23.12.50:778][762]LogModuleManager: Shutting down and abandoning module WindowsClientTargetPlatform (101)
[2019.11.04-23.12.50:778][762]LogModuleManager: Shutting down and abandoning module MacTargetPlatform (99)
[2019.11.04-23.12.50:778][762]LogModuleManager: Shutting down and abandoning module MacServerTargetPlatform (97)
[2019.11.04-23.12.50:778][762]LogModuleManager: Shutting down and abandoning module MacNoEditorTargetPlatform (95)
[2019.11.04-23.12.50:778][762]LogModuleManager: Shutting down and abandoning module MacClientTargetPlatform (93)
[2019.11.04-23.12.50:778][762]LogModuleManager: Shutting down and abandoning module AllDesktopTargetPlatform (91)
[2019.11.04-23.12.50:778][762]LogModuleManager: Shutting down and abandoning module InputCore (88)
[2019.11.04-23.12.50:778][762]LogModuleManager: Shutting down and abandoning module Settings (86)
[2019.11.04-23.12.50:778][762]LogModuleManager: Shutting down and abandoning module PhysXCooking (84)
[2019.11.04-23.12.50:778][762]LogModuleManager: Shutting down and abandoning module SteamVR (82)
[2019.11.04-23.12.50:778][762]LogModuleManager: Shutting down and abandoning module OculusHMD (80)
[2019.11.04-23.12.50:778][762]LogModuleManager: Shutting down and abandoning module ExampleDeviceProfileSelector (78)
[2019.11.04-23.12.50:778][762]LogModuleManager: Shutting down and abandoning module LauncherChunkInstaller (76)
[2019.11.04-23.12.50:778][762]LogModuleManager: Shutting down and abandoning module OnlineBlueprintSupport (74)
[2019.11.04-23.12.50:778][762]LogModuleManager: Shutting down and abandoning module OnlineSubsystem (70)
[2019.11.04-23.12.50:779][762]LogModuleManager: Shutting down and abandoning module XMPP (65)
[2019.11.04-23.12.50:779][762]LogModuleManager: Shutting down and abandoning module WebSockets (64)
[2019.11.04-23.12.50:784][762]LogModuleManager: Shutting down and abandoning module HTTP (61)
[2019.11.04-23.12.50:784][762]LogHttp: Display: Http module shutting down, but needs to wait on 1 outstanding Http requests:
[2019.11.04-23.12.50:784][762]LogHttp: Display: 	verb=[POST] url=[https://datarouter.ol.epicgames.com/datarouter/api/v1/public/data?SessionID=%7BD355C050-48FD-860F-67C5-2BAD70F11CFB%7D&AppID=UEEditor.Rocket.Release&AppVersion=4.20.3-4369336%2B%2B%2BUE4%2BRelease-4.20&UserID=ded914804a13d72480500ca0e5f35a68%7C%7C8477ab9a-818f-47f2-b5e7-b7f2564a0fd7&AppEnvironment=datacollector-binary&UploadType=eteventstream] status=Processing
[2019.11.04-23.12.50:814][762]LogModuleManager: Shutting down and abandoning module SSL (60)
[2019.11.04-23.12.50:814][762]LogModuleManager: Shutting down and abandoning module MagicLeapEmulator (56)
[2019.11.04-23.12.50:814][762]LogModuleManager: Shutting down and abandoning module MagicLeapPrivileges (54)
[2019.11.04-23.12.50:814][762]LogModuleManager: Shutting down and abandoning module MagicLeapIdentity (52)
[2019.11.04-23.12.50:814][762]LogModuleManager: Shutting down and abandoning module MagicLeapHelperVulkan (50)
[2019.11.04-23.12.50:814][762]LogModuleManager: Shutting down and abandoning module MagicLeapHelperOpenGL (48)
[2019.11.04-23.12.50:814][762]LogModuleManager: Shutting down and abandoning module MagicLeapSecureStorage (46)
[2019.11.04-23.12.50:815][762]LogModuleManager: Shutting down and abandoning module MagicLeapGestures (44)
[2019.11.04-23.12.50:815][762]LogModuleManager: Shutting down and abandoning module MagicLeapEyeTracker (42)
[2019.11.04-23.12.50:815][762]LogModuleManager: Shutting down and abandoning module MagicLeapController (40)
[2019.11.04-23.12.50:815][762]LogSlate: Slate User Destroyed.  User Index 0, Is Virtual User: 0
[2019.11.04-23.12.50:815][762]LogModuleManager: Shutting down and abandoning module MagicLeap (38)
[2019.11.04-23.12.50:815][762]LogModuleManager: Shutting down and abandoning module AnimationModifiers (36)
[2019.11.04-23.12.50:815][762]LogModuleManager: Shutting down and abandoning module PropertyEditor (35)
[2019.11.04-23.12.50:815][762]LogModuleManager: Shutting down and abandoning module AudioEditor (32)
[2019.11.04-23.12.50:815][762]LogModuleManager: Shutting down and abandoning module TextureCompressor (30)
[2019.11.04-23.12.50:815][762]LogModuleManager: Shutting down and abandoning module ShaderCore (28)
[2019.11.04-23.12.50:815][762]LogModuleManager: Shutting down and abandoning module Landscape (26)
[2019.11.04-23.12.50:815][762]LogModuleManager: Shutting down and abandoning module SlateRHIRenderer (24)
[2019.11.04-23.12.50:815][762]LogModuleManager: Shutting down and abandoning module OpenGLDrv (22)
[2019.11.04-23.12.50:815][762]LogModuleManager: Shutting down and abandoning module D3D11RHI (20)
[2019.11.04-23.12.50:815][762]LogModuleManager: Shutting down and abandoning module AnimGraphRuntime (18)
[2019.11.04-23.12.50:815][762]LogModuleManager: Shutting down and abandoning module Renderer (16)
[2019.11.04-23.12.50:815][762]LogModuleManager: Shutting down and abandoning module Engine (14)
[2019.11.04-23.12.50:815][762]LogModuleManager: Shutting down and abandoning module CoreUObject (12)
[2019.11.04-23.12.50:815][762]LogModuleManager: Shutting down and abandoning module NetworkFile (10)
[2019.11.04-23.12.50:815][762]LogModuleManager: Shutting down and abandoning module CookedIterativeFile (8)
[2019.11.04-23.12.50:815][762]LogModuleManager: Shutting down and abandoning module StreamingFile (6)
[2019.11.04-23.12.50:815][762]LogModuleManager: Shutting down and abandoning module SandboxFile (4)
[2019.11.04-23.12.50:815][762]LogModuleManager: Shutting down and abandoning module PakFile (2)
[2019.11.04-23.12.50:822][762]LogExit: Exiting.
[2019.11.04-23.12.50:840][762]Log file closed, 11/05/19 10:12:50
