Log file open, 11/19/19 09:21:57
LogWindows: Failed to load 'aqProf.dll' (GetLastError=126)
LogWindows: File 'aqProf.dll' does not exist
LogWindows: Failed to load 'VSPerf140.dll' (GetLastError=126)
LogWindows: File 'VSPerf140.dll' does not exist
LogWindows: Failed to load 'VtuneApi.dll' (GetLastError=126)
LogWindows: File 'VtuneApi.dll' does not exist
LogWindows: Failed to load 'VtuneApi32e.dll' (GetLastError=126)
LogWindows: File 'VtuneApi32e.dll' does not exist
LogInit: Display: Running engine for game: DeJaBrew_Prototyping
LogPlatformFile: Not using cached read wrapper
LogTaskGraph: Started task graph with 5 named threads and 23 total threads with 3 sets of task threads.
LogStats: Stats thread started at 0.361617
LogD3D11RHI: Loaded GFSDK_Aftermath_Lib.x64.dll
LogICUInternationalization: Display: ICU TimeZone Detection - Raw Offset: +10:00, Platform Override: ''
LogPluginManager: Mounting plugin Paper2D
LogPluginManager: Mounting plugin AISupport
LogPluginManager: Mounting plugin LightPropagationVolume
LogPluginManager: Mounting plugin CLionSourceCodeAccess
LogPluginManager: Mounting plugin CodeLiteSourceCodeAccess
LogPluginManager: Mounting plugin GitSourceControl
LogPluginManager: Mounting plugin KDevelopSourceCodeAccess
LogPluginManager: Mounting plugin NullSourceCodeAccess
LogPluginManager: Mounting plugin PerforceSourceControl
LogPluginManager: Mounting plugin SubversionSourceControl
LogPluginManager: Mounting plugin UObjectPlugin
LogPluginManager: Mounting plugin VisualStudioCodeSourceCodeAccess
LogPluginManager: Mounting plugin VisualStudioSourceCodeAccess
LogPluginManager: Mounting plugin XCodeSourceCodeAccess
LogPluginManager: Mounting plugin AssetManagerEditor
LogPluginManager: Mounting plugin CryptoKeys
LogPluginManager: Mounting plugin DataValidation
LogPluginManager: Mounting plugin FacialAnimation
LogPluginManager: Mounting plugin GameplayTagsEditor
LogPluginManager: Mounting plugin MacGraphicsSwitching
LogPluginManager: Mounting plugin MeshEditor
LogPluginManager: Mounting plugin MobileLauncherProfileWizard
LogPluginManager: Mounting plugin PluginBrowser
LogPluginManager: Mounting plugin SpeedTreeImporter
LogPluginManager: Mounting plugin DatasmithContent
LogPluginManager: Mounting plugin AlembicImporter
LogPluginManager: Mounting plugin AppleImageUtils
LogPluginManager: Mounting plugin AppleVision
LogPluginManager: Mounting plugin BackChannel
LogPluginManager: Mounting plugin CharacterAI
LogPluginManager: Mounting plugin GeometryCache
LogPluginManager: Mounting plugin HTML5Networking
LogPluginManager: Mounting plugin ProxyLODPlugin
LogPluginManager: Mounting plugin MagicLeap
LogPluginManager: Mounting plugin MagicLeapEmulator
LogPluginManager: Mounting plugin MagicLeapMedia
LogPluginManager: Mounting plugin AndroidMedia
LogPluginManager: Mounting plugin AvfMedia
LogPluginManager: Mounting plugin ImgMedia
LogPluginManager: Mounting plugin LinearTimecode
LogPluginManager: Mounting plugin MediaCompositing
LogPluginManager: Mounting plugin MediaPlayerEditor
LogPluginManager: Mounting plugin WmfMedia
LogPluginManager: Mounting plugin TcpMessaging
LogPluginManager: Mounting plugin UdpMessaging
LogPluginManager: Mounting plugin ActorSequence
LogPluginManager: Mounting plugin LevelSequenceEditor
LogPluginManager: Mounting plugin MatineeToLevelSequence
LogPluginManager: Mounting plugin NetcodeUnitTest
LogPluginManager: Mounting plugin NUTUnrealEngine4
LogPluginManager: Mounting plugin OnlineSubsystemGooglePlay
LogPluginManager: Mounting plugin OnlineSubsystemIOS
LogPluginManager: Mounting plugin OnlineSubsystem
LogPluginManager: Mounting plugin OnlineSubsystemNull
LogPluginManager: Mounting plugin OnlineSubsystemUtils
LogPluginManager: Mounting plugin LauncherChunkInstaller
LogPluginManager: Mounting plugin AndroidDeviceProfileSelector
LogPluginManager: Mounting plugin AndroidMoviePlayer
LogPluginManager: Mounting plugin AndroidPermission
LogPluginManager: Mounting plugin AppleMoviePlayer
LogPluginManager: Mounting plugin ArchVisCharacter
LogPluginManager: Mounting plugin AudioCapture
LogPluginManager: Mounting plugin CableComponent
LogPluginManager: Mounting plugin CustomMeshComponent
LogPluginManager: Mounting plugin EditableMesh
LogPluginManager: Mounting plugin ExampleDeviceProfileSelector
LogPluginManager: Mounting plugin GoogleCloudMessaging
LogPluginManager: Mounting plugin ImmediatePhysics
LogPluginManager: Mounting plugin IOSDeviceProfileSelector
LogPluginManager: Mounting plugin LinuxDeviceProfileSelector
LogPluginManager: Mounting plugin LocationServicesBPLibrary
LogPluginManager: Mounting plugin MobilePatchingUtils
LogPluginManager: Mounting plugin OculusVR
LogPluginManager: Plugin shader directory ../../../Engine/Plugins/Runtime/Oculus/OculusVR/Shaders found
LogPluginManager: Mapping shader source directory ../../../Engine/Plugins/Runtime/Oculus/OculusVR/Shaders to virtual directory /Plugin/OculusVR
LogPluginManager: Mounting plugin PhysXVehicles
LogPluginManager: Mounting plugin ProceduralMeshComponent
LogPluginManager: Mounting plugin RuntimePhysXCooking
LogPluginManager: Mounting plugin SteamVR
LogPluginManager: Mounting plugin WindowsMoviePlayer
LogStreaming: Display: Took  0.097s to configure plugins.
LogInit: Using libcurl 7.55.1-DEV
LogInit:  - built for x86_64-pc-win32
LogInit:  - supports SSL with OpenSSL/1.0.2h
LogInit:  - supports HTTP deflate (compression) using libz 1.2.8
LogInit:  - other features:
LogInit:      CURL_VERSION_SSL
LogInit:      CURL_VERSION_LIBZ
LogInit:      CURL_VERSION_IPV6
LogInit:      CURL_VERSION_ASYNCHDNS
LogInit:      CURL_VERSION_LARGEFILE
LogInit:      CURL_VERSION_IDN
LogInit:  CurlRequestOptions (configurable via config and command line):
LogInit:  - bVerifyPeer = false  - Libcurl will NOT verify peer certificate
LogInit:  - bUseHttpProxy = false  - Libcurl will NOT use HTTP proxy
LogInit:  - bDontReuseConnections = false  - Libcurl will reuse connections
LogInit:  - CertBundlePath = nullptr  - Libcurl will use whatever was configured at build time.
LogInit:  - MaxHostConnections = 16  - Libcurl will limit the number of connections to a host
LogInit:  - LocalHostAddr = Default
LogInit:  - BufferSize = 65536
LogInit: WinSock: version 1.1 (2.2), MaxSocks=32767, MaxUdp=65467
LogInit: Build: ++UE4+Release-4.20-CL-4369336
LogInit: Engine Version: 4.20.3-4369336+++UE4+Release-4.20
LogInit: Compatible Engine Version: 4.20.0-4212847+++UE4+Release-4.20
LogInit: Net CL: 4212847
LogInit: OS: Windows 10 (), CPU: Intel(R) Core(TM) i7-6700 CPU @ 3.40GHz, GPU: NVIDIA GeForce GTX 1060 6GB
LogInit: Compiled (64-bit): Sep 17 2018 12:26:19
LogInit: Compiled with Visual C++: 19.13.26129.00
LogInit: Build Configuration: Development
LogInit: Branch Name: ++UE4+Release-4.20
LogInit: Command Line: 
LogInit: Base Directory: C:/Program Files/Epic Games/UE_4.20/Engine/Binaries/Win64/
LogInit: Installed Engine Build: 1
LogDevObjectVersion: Number of dev versions registered: 20
LogDevObjectVersion:   Dev-Blueprints (B0D832E4-1F89-4F0D-ACCF-7EB736FD4AA2): 10
LogDevObjectVersion:   Dev-Build (E1C64328-A22C-4D53-A36C-8E866417BD8C): 0
LogDevObjectVersion:   Dev-Core (375EC13C-06E4-48FB-B500-84F0262A717E): 2
LogDevObjectVersion:   Dev-Editor (E4B068ED-F494-42E9-A231-DA0B2E46BB41): 24
LogDevObjectVersion:   Dev-Framework (CFFC743F-43B0-4480-9391-14DF171D2073): 34
LogDevObjectVersion:   Dev-Mobile (B02B49B5-BB20-44E9-A304-32B752E40360): 2
LogDevObjectVersion:   Dev-Networking (A4E4105C-59A1-49B5-A7C5-40C4547EDFEE): 0
LogDevObjectVersion:   Dev-Online (39C831C9-5AE6-47DC-9A44-9C173E1C8E7C): 0
LogDevObjectVersion:   Dev-Physics (78F01B33-EBEA-4F98-B9B4-84EACCB95AA2): 0
LogDevObjectVersion:   Dev-Platform (6631380F-2D4D-43E0-8009-CF276956A95A): 0
LogDevObjectVersion:   Dev-Rendering (12F88B9F-8875-4AFC-A67C-D90C383ABD29): 26
LogDevObjectVersion:   Dev-Sequencer (7B5AE74C-D270-4C10-A958-57980B212A5A): 9
LogDevObjectVersion:   Dev-VR (D7296918-1DD6-4BDD-9DE2-64A83CC13884): 2
LogDevObjectVersion:   Dev-LoadTimes (C2A15278-BFE7-4AFE-6C17-90FF531DF755): 1
LogDevObjectVersion:   Private-Geometry (6EACA3D4-40EC-4CC1-B786-8BED09428FC5): 3
LogDevObjectVersion:   Dev-AnimPhys (29E575DD-E0A3-4627-9D10-D276232CDCEA): 17
LogDevObjectVersion:   Dev-ReflectionCapture (6B266CEC-1EC7-4B8F-A30B-E4D90942FC07): 1
LogDevObjectVersion:   Dev-Automation (0DF73D61-A23F-47EA-B727-89E90C41499A): 1
LogDevObjectVersion:   FortniteMain (601D1886-AC64-4F84-AA16-D3DE0DEAC7D6): 12
LogDevObjectVersion:   Dev-Enterprise (9DFFBCD6-494F-0158-E221-12823C92A888): 1
LogStreaming: Display: Took  0.003s to delete old logs.
LogInit: Presizing for max 8388607 objects, including 0 objects not considered by GC, pre-allocating 0 bytes for permanent pool.
LogInit: Object subsystem initialized
[2019.11.18-22.21.57:982][  0]LogInit: Selected Device Profile: [Windows]
[2019.11.18-22.21.57:982][  0]LogInit: Applying CVar settings loaded from the selected device profile: [Windows]
[2019.11.18-22.21.57:997][  0]LogHAL: Display: Platform has ~ 32 GB [34293116928 / 34359738368 / 32], which maps to Largest [LargestMinGB=32, LargerMinGB=12, DefaultMinGB=8, SmallerMinGB=6, SmallestMinGB=0)
[2019.11.18-22.21.57:997][  0]LogInit: Setting Device Profile CVar: [[r.Vulkan.UseRealUBs:1]]
[2019.11.18-22.21.57:997][  0]LogInit: Going up to parent DeviceProfile []
[2019.11.18-22.21.57:999][  0]LogInit: Computer: SYD-C715D3
[2019.11.18-22.21.57:999][  0]LogInit: User: s191230
[2019.11.18-22.21.57:999][  0]LogInit: CPU Page size=4096, Cores=4
[2019.11.18-22.21.57:999][  0]LogInit: High frequency timer resolution =3.328125 MHz
[2019.11.18-22.21.57:999][  0]LogMemory: Memory total: Physical=31.9GB (32GB approx)
[2019.11.18-22.21.57:999][  0]LogMemory: Platform Memory Stats for Windows
[2019.11.18-22.21.57:999][  0]LogMemory: Process Physical Memory: 99.70 MB used, 99.70 MB peak
[2019.11.18-22.21.57:999][  0]LogMemory: Process Virtual Memory: 90.89 MB used, 90.89 MB peak
[2019.11.18-22.21.57:999][  0]LogMemory: Physical Memory: 3160.78 MB used,  29543.68 MB free, 32704.46 MB total
[2019.11.18-22.21.57:999][  0]LogMemory: Virtual Memory: 4640.04 MB used,  29543.68 MB free, 134217728.00 MB total
[2019.11.18-22.21.58:015][  0]LogInit: Using OS detected language (en-US).
[2019.11.18-22.21.58:015][  0]LogInit: Using OS detected locale (en-US).
[2019.11.18-22.21.58:015][  0]LogTextLocalizationManager: No specific localization for 'en-US' exists, so the 'en' localization will be used.
[2019.11.18-22.21.58:356][  0]LogStreaming: Display: Took  0.341s to InitEngineTextLocalization.
[2019.11.18-22.21.58:356][  0]LogInit: Setting process to per monitor DPI aware
[2019.11.18-22.21.58:388][  0]LogSlate: New Slate User Created.  User Index 0, Is Virtual User: 0
[2019.11.18-22.21.58:388][  0]LogSlate: Slate User Registered.  User Index 0, Is Virtual User: 0
[2019.11.18-22.21.58:551][  0]LogHMD: Failed to initialize OpenVR with code 110
[2019.11.18-22.21.58:551][  0]LogD3D11RHI: D3D11 adapters:
[2019.11.18-22.21.58:612][  0]LogD3D11RHI:    0. 'NVIDIA GeForce GTX 1060 6GB' (Feature Level 11_0)
[2019.11.18-22.21.58:612][  0]LogD3D11RHI:       6052/0/16352 MB DedicatedVideo/DedicatedSystem/SharedSystem, Outputs:2, VendorId:0x10de
[2019.11.18-22.21.58:613][  0]LogD3D11RHI:    1. 'Microsoft Basic Render Driver' (Feature Level 11_0)
[2019.11.18-22.21.58:613][  0]LogD3D11RHI:       0/0/16352 MB DedicatedVideo/DedicatedSystem/SharedSystem, Outputs:0, VendorId:0x1414
[2019.11.18-22.21.58:613][  0]LogD3D11RHI: Chosen D3D11 Adapter: 0
[2019.11.18-22.21.58:618][  0]LogD3D11RHI: Creating new Direct3DDevice
[2019.11.18-22.21.58:618][  0]LogD3D11RHI:     GPU DeviceId: 0x1c03 (for the marketing name, search the web for "GPU Device Id")
[2019.11.18-22.21.58:618][  0]LogWindows: EnumDisplayDevices:
[2019.11.18-22.21.58:618][  0]LogWindows:    0. 'NVIDIA GeForce GTX 1060 6GB' (P:1 D:1)
[2019.11.18-22.21.58:618][  0]LogWindows:    1. 'NVIDIA GeForce GTX 1060 6GB' (P:0 D:1)
[2019.11.18-22.21.58:618][  0]LogWindows:    2. 'NVIDIA GeForce GTX 1060 6GB' (P:0 D:0)
[2019.11.18-22.21.58:618][  0]LogWindows:    3. 'NVIDIA GeForce GTX 1060 6GB' (P:0 D:0)
[2019.11.18-22.21.58:618][  0]LogWindows: DebugString: FoundDriverCount:4 
[2019.11.18-22.21.58:618][  0]LogD3D11RHI:     Adapter Name: NVIDIA GeForce GTX 1060 6GB
[2019.11.18-22.21.58:618][  0]LogD3D11RHI:   Driver Version: 417.35 (internal:25.21.14.1735, unified:417.35)
[2019.11.18-22.21.58:618][  0]LogD3D11RHI:      Driver Date: 12-11-2018
[2019.11.18-22.21.58:618][  0]LogRHI: Texture pool is 4236 MB (70% of 6052 MB)
[2019.11.18-22.21.58:652][  0]LogD3D11RHI: Async texture creation enabled
[2019.11.18-22.21.58:668][  0]LogD3D11RHI: GPU Timing Frequency: 1000.000000 (Debug: 2 2)
[2019.11.18-22.21.58:753][  0]LogShaderCompilers: Guid format shader working directory is -49 characters bigger than the processId version (../../../../../../Users/s191230/Documents/GitHub/DeJaBrew_Prototyping/DeJaBrew_Prototyping_Unreal/Intermediate/Shaders/WorkingDirectory/5940/).
[2019.11.18-22.21.58:753][  0]LogShaderCompilers: Cleaned the shader compiler working directory 'C:/Users/s191230/AppData/Local/Temp/UnrealShaderWorkingDir/94A98286483A4A3BBEEFDABB018D0317/'.
[2019.11.18-22.21.58:935][  0]LogTemp: Display: Loaded TP AllDesktopTargetPlatform
[2019.11.18-22.21.58:947][  0]LogTemp: Display: Loaded TP MacClientTargetPlatform
[2019.11.18-22.21.58:958][  0]LogTemp: Display: Loaded TP MacNoEditorTargetPlatform
[2019.11.18-22.21.58:969][  0]LogTemp: Display: Loaded TP MacServerTargetPlatform
[2019.11.18-22.21.58:980][  0]LogTemp: Display: Loaded TP MacTargetPlatform
[2019.11.18-22.21.58:991][  0]LogTemp: Display: Loaded TP WindowsClientTargetPlatform
[2019.11.18-22.21.59:002][  0]LogTemp: Display: Loaded TP WindowsNoEditorTargetPlatform
[2019.11.18-22.21.59:014][  0]LogTemp: Display: Loaded TP WindowsServerTargetPlatform
[2019.11.18-22.21.59:018][  0]LogTemp: Display: Loaded TP WindowsTargetPlatform
[2019.11.18-22.21.59:083][  0]LogTemp: Display: Loaded TP AndroidTargetPlatform
[2019.11.18-22.21.59:083][  0]LogTemp: Display: Loaded TP AndroidTargetPlatform
[2019.11.18-22.21.59:083][  0]LogTemp: Display: Loaded TP AndroidTargetPlatform
[2019.11.18-22.21.59:083][  0]LogTemp: Display: Loaded TP AndroidTargetPlatform
[2019.11.18-22.21.59:083][  0]LogTemp: Display: Loaded TP AndroidTargetPlatform
[2019.11.18-22.21.59:083][  0]LogTemp: Display: Loaded TP AndroidTargetPlatform
[2019.11.18-22.21.59:083][  0]LogTemp: Display: Loaded TP AndroidTargetPlatform
[2019.11.18-22.21.59:083][  0]LogTemp: Display: Loaded TP AndroidTargetPlatform
[2019.11.18-22.21.59:083][  0]LogTemp: Display: Loaded TP AndroidTargetPlatform
[2019.11.18-22.21.59:083][  0]LogTemp: Display: Loaded TP AndroidTargetPlatform
[2019.11.18-22.21.59:083][  0]LogTemp: Display: Loaded TP AndroidTargetPlatform
[2019.11.18-22.21.59:083][  0]LogTemp: Display: Loaded TP AndroidTargetPlatform
[2019.11.18-22.21.59:083][  0]LogTemp: Display: Loaded TP AndroidTargetPlatform
[2019.11.18-22.21.59:083][  0]LogTemp: Display: Loaded TP AndroidTargetPlatform
[2019.11.18-22.21.59:083][  0]LogTemp: Display: Loaded TP AndroidTargetPlatform
[2019.11.18-22.21.59:083][  0]LogTemp: Display: Loaded TP AndroidTargetPlatform
[2019.11.18-22.21.59:083][  0]LogTemp: Display: Loaded TP AndroidTargetPlatform
[2019.11.18-22.21.59:083][  0]LogTemp: Display: Loaded TP AndroidTargetPlatform
[2019.11.18-22.21.59:084][  0]LogTemp: Display: Loaded TP HTML5TargetPlatform
[2019.11.18-22.21.59:138][  0]LogTemp: Display: Loaded TP IOSTargetPlatform
[2019.11.18-22.21.59:138][  0]LogTemp: Display: Loaded TP IOSTargetPlatform
[2019.11.18-22.21.59:158][  0]LogTemp: Display: Loaded TP TVOSTargetPlatform
[2019.11.18-22.21.59:158][  0]LogTemp: Display: Loaded TP TVOSTargetPlatform
[2019.11.18-22.21.59:169][  0]LogTemp: Display: Loaded TP LinuxClientTargetPlatform
[2019.11.18-22.21.59:180][  0]LogTemp: Display: Loaded TP LinuxNoEditorTargetPlatform
[2019.11.18-22.21.59:190][  0]LogTemp: Display: Loaded TP LinuxServerTargetPlatform
[2019.11.18-22.21.59:201][  0]LogTemp: Display: Loaded TP LinuxTargetPlatform
[2019.11.18-22.21.59:209][  0]LogTemp: Display: Loaded TP LuminTargetPlatform
[2019.11.18-22.21.59:209][  0]LogTargetPlatformManager: Display: Building Assets For Windows
[2019.11.18-22.21.59:250][  0]LogXGEController: Cleaning working directory: C:/Users/s191230/AppData/Local/Temp/UnrealXGEWorkingDir/
[2019.11.18-22.21.59:250][  0]LogXGEController: Cannot use XGE Controller as Incredibuild is not installed on this machine.
[2019.11.18-22.21.59:251][  0]LogShaderCompilers: Cannot use XGE Shader Compiler as Incredibuild is not installed on this machine.
[2019.11.18-22.21.59:251][  0]LogShaderCompilers: Display: Using Local Shader Compiler.
[2019.11.18-22.21.59:837][  0]LogDerivedDataCache: Display: Max Cache Size: 512 MB
[2019.11.18-22.21.59:882][  0]LogDerivedDataCache: Loaded boot cache 0.04s 71MB C:/Users/s191230/AppData/Local/UnrealEngine/4.20/DerivedDataCache/Boot.ddc.
[2019.11.18-22.21.59:883][  0]LogDerivedDataCache: Display: Loaded Boot cache: C:/Users/s191230/AppData/Local/UnrealEngine/4.20/DerivedDataCache/Boot.ddc
[2019.11.18-22.21.59:883][  0]LogDerivedDataCache: FDerivedDataBackendGraph:  Pak pak cache file ../../../../../../Users/s191230/Documents/GitHub/DeJaBrew_Prototyping/DeJaBrew_Prototyping_Unreal/DerivedDataCache/DDC.ddp not found, will not use a pak cache.
[2019.11.18-22.21.59:883][  0]LogDerivedDataCache: Unable to find inner node Pak for hierarchical cache Hierarchy.
[2019.11.18-22.21.59:883][  0]LogDerivedDataCache: FDerivedDataBackendGraph:  CompressedPak pak cache file ../../../../../../Users/s191230/Documents/GitHub/DeJaBrew_Prototyping/DeJaBrew_Prototyping_Unreal/DerivedDataCache/Compressed.ddp not found, will not use a pak cache.
[2019.11.18-22.21.59:883][  0]LogDerivedDataCache: Unable to find inner node CompressedPak for hierarchical cache Hierarchy.
[2019.11.18-22.21.59:894][  0]LogDerivedDataCache: Display: Pak cache opened for reading ../../../Engine/DerivedDataCache/Compressed.ddp.
[2019.11.18-22.21.59:905][  0]LogDerivedDataCache: Using Local data cache path C:/Users/s191230/AppData/Local/UnrealEngine/Common/DerivedDataCache: Writable
[2019.11.18-22.21.59:905][  0]LogDerivedDataCache: Shared data cache path not found in *engine.ini, will not use an Shared cache.
[2019.11.18-22.21.59:905][  0]LogDerivedDataCache: Unable to find inner node Shared for hierarchical cache Hierarchy.
[2019.11.18-22.21.59:920][  0]LogMaterial: Verifying Global Shaders for PCD3D_SM5
[2019.11.18-22.21.59:921][  0]LogSlate: Using FreeType 2.6.0
[2019.11.18-22.21.59:922][  0]LogSlate: SlateFontServices - WITH_FREETYPE: 1, WITH_HARFBUZZ: 1
[2019.11.18-22.21.59:988][  0]LogAssetRegistry: FAssetRegistry took 0.0259 seconds to start up
[2019.11.18-22.22.00:254][  0]LogInit: Selected Device Profile: [Windows]
[2019.11.18-22.22.00:368][  0]LogSimplygon: Simplygon DLL not present - disabling.
[2019.11.18-22.22.00:371][  0]LogMeshReduction: Using SimplygonSwarm for distributed automatic mesh merging
[2019.11.18-22.22.00:371][  0]LogMeshReduction: Using ProxyLODMeshReduction for automatic mesh merging
[2019.11.18-22.22.00:371][  0]LogMeshReduction: Using QuadricMeshReduction for automatic static mesh reduction
[2019.11.18-22.22.00:371][  0]LogMeshReduction: No automatic skeletal mesh reduction module available
[2019.11.18-22.22.00:386][  0]LogNetVersion: DeJaBrew_Prototyping 1.0.0, NetCL: 4212847, EngineNetVer: 5, GameNetVer: 0 (Checksum: 1964930159)
[2019.11.18-22.22.00:835][  0]LogPackageLocalizationCache: Processed 11 localized package path(s) for 2 prioritized culture(s) in 0.096328 seconds
[2019.11.18-22.22.00:841][  0]LogUObjectArray: 38425 objects as part of root set at end of initial load.
[2019.11.18-22.22.00:841][  0]LogUObjectAllocator: 6690864 out of 0 bytes used by permanent object pool.
[2019.11.18-22.22.00:841][  0]LogUObjectArray: CloseDisregardForGC: 0/0 objects in disregard for GC pool
[2019.11.18-22.22.01:552][  0]LogTcpMessaging: Initializing TcpMessaging bridge
[2019.11.18-22.22.01:564][  0]LogUdpMessaging: Initializing bridge on interface 0.0.0.0:0 to multicast group 230.0.0.1:6666.
[2019.11.18-22.22.01:690][  0]SourceControl: Source control is disabled
[2019.11.18-22.22.01:690][  0]SourceControl: Source control is disabled
[2019.11.18-22.22.01:691][  0]SourceControl: Source control is disabled
[2019.11.18-22.22.01:692][  0]SourceControl: Source control is disabled
[2019.11.18-22.22.01:843][  0]LogAndroidPermission: UAndroidPermissionCallbackProxy::GetInstance
[2019.11.18-22.22.01:879][  0]LogOcInput: OculusInput pre-init called
[2019.11.18-22.22.01:932][  0]LogEngine: Initializing Engine...
[2019.11.18-22.22.01:933][  0]LogHMD: Failed to initialize OpenVR with code 110
[2019.11.18-22.22.01:934][  0]LogStats: UGameplayTagsManager::ConstructGameplayTagTree: ImportINI prefixes -  0.000 s
[2019.11.18-22.22.01:934][  0]LogStats: UGameplayTagsManager::ConstructGameplayTagTree: Construct from data asset -  0.000 s
[2019.11.18-22.22.01:934][  0]LogStats: UGameplayTagsManager::ConstructGameplayTagTree: ImportINI -  0.000 s
[2019.11.18-22.22.01:934][  0]LogStats: UGameplayTagsManager::ConstructGameplayTagTree: GameplayTagTreeChangedEvent.Broadcast -  0.000 s
[2019.11.18-22.22.02:115][  0]LogInit: Initializing FReadOnlyCVARCache
[2019.11.18-22.22.02:125][  0]LogAIModule: Creating AISystem for world Untitled
[2019.11.18-22.22.02:133][  0]LogInit: XAudio2 using 'Realtek Digital Output (Realtek High Definition Audio)' : 2 channels at 48 kHz using 16 bits per sample (channel mask 0x3)
[2019.11.18-22.22.02:163][  0]LogInit: FAudioDevice initialized.
[2019.11.18-22.22.02:163][  0]LogNetVersion: Set ProjectVersion to 1.0.0.0. Version Checksum will be recalculated on next use.
[2019.11.18-22.22.02:240][  0]LogDerivedDataCache: Saved boot cache 0.08s 71MB C:/Users/s191230/AppData/Local/UnrealEngine/4.20/DerivedDataCache/Boot.ddc.
[2019.11.18-22.22.02:245][  0]LogInit: Texture streaming: Enabled
[2019.11.18-22.22.02:257][  0]LogEngineSessionManager: EngineSessionManager initialized
[2019.11.18-22.22.02:273][  0]LogInit: Transaction tracking system initialized
[2019.11.18-22.22.02:289][  0]BlueprintLog: New page: Editor Load
[2019.11.18-22.22.02:344][  0]LocalizationService: Localization service is disabled
[2019.11.18-22.22.02:581][  0]LogCook: Display: Max memory allowance for cook 16384mb min free memory 0mb
[2019.11.18-22.22.02:581][  0]LogCook: Display: Mobile HDR setting 1
[2019.11.18-22.22.02:581][  0]LogGameplayTags: Display: UGameplayTagsManager::DoneAddingNativeTags. DelegateIsBound: 0
[2019.11.18-22.22.02:581][  0]LogStats: UGameplayTagsManager::ConstructGameplayTagTree: ImportINI prefixes -  0.000 s
[2019.11.18-22.22.02:581][  0]LogStats: UGameplayTagsManager::ConstructGameplayTagTree: Construct from data asset -  0.000 s
[2019.11.18-22.22.02:581][  0]LogStats: UGameplayTagsManager::ConstructGameplayTagTree: ImportINI -  0.000 s
[2019.11.18-22.22.02:581][  0]LogStats: UGameplayTagsManager::ConstructGameplayTagTree: GameplayTagTreeChangedEvent.Broadcast -  0.000 s
[2019.11.18-22.22.02:674][  0]LogFileCache: Scanning file cache for directory 'C:/Users/s191230/Documents/GitHub/DeJaBrew_Prototyping/DeJaBrew_Prototyping_Unreal/Content/' took 0.03s
[2019.11.18-22.22.02:674][  0]SourceControl: Source control is disabled
[2019.11.18-22.22.02:674][  0]Cmd: MAP LOAD FILE="../../../../../../Users/s191230/Documents/GitHub/DeJaBrew_Prototyping/DeJaBrew_Prototyping_Unreal/Content/SideScrollerBP/Maps/Template.umap" TEMPLATE=0 SHOWPROGRESS=1 FEATURELEVEL=3
[2019.11.18-22.22.02:675][  0]LightingResults: New page: Lighting Build
[2019.11.18-22.22.02:677][  0]MapCheck: New page: Map Check
[2019.11.18-22.22.02:677][  0]LightingResults: New page: Lighting Build
[2019.11.18-22.22.03:643][  0]LogAnimationCompression: Building Anim DDC data for AnimSequence /Game/SideScrollerBP/Animations/ShootRecoil_Anim.ShootRecoil_Anim
[2019.11.18-22.22.03:645][  0]LogAnimationCompression: Recompressing (AnimSequence /Game/SideScrollerBP/Animations/ShootRecoil_Anim.ShootRecoil_Anim) using current/default (AnimCompress_BitwiseCompressOnly_0) bFirstRecompressUsingCurrentOrDefault(1) bTryAlternateCompressor(0) IsCompressedDataValid(0)
[2019.11.18-22.22.03:879][  0]LogAudioDerivedData: Display: Building compressed audio format OGG hash OGG wave 445109__breviceps__mud-splat...
[2019.11.18-22.22.03:879][  0]LogTemp: Couldn't find amount to resample to.
[2019.11.18-22.22.03:928][  0]LogAudioDerivedData: Display: Building compressed audio format OGG hash OGG wave Death_Enemy-wav...
[2019.11.18-22.22.03:929][  0]LogTemp: Couldn't find amount to resample to.
[2019.11.18-22.22.03:949][  0]LogAudioDerivedData: Display: Building compressed audio format OGG hash OGG wave 135936__bradwesson__collectcoin...
[2019.11.18-22.22.03:949][  0]LogTemp: Couldn't find amount to resample to.
[2019.11.18-22.22.03:963][  0]LogAudioDerivedData: Display: Building compressed audio format OGG hash OGG wave Whoosh-wav...
[2019.11.18-22.22.03:963][  0]LogTemp: Couldn't find amount to resample to.
[2019.11.18-22.22.04:051][  0]LogAudioDerivedData: Display: Building compressed audio format OGG hash OGG wave 320655__rhodesmas__level-up-01...
[2019.11.18-22.22.04:051][  0]LogTemp: Couldn't find amount to resample to.
[2019.11.18-22.22.04:445][  0]LogAIModule: Creating AISystem for world Template
[2019.11.18-22.22.04:493][  0]LogEditorServer: Finished looking for orphan Actors (0.000 secs)
[2019.11.18-22.22.04:520][  0]Cmd: MAP CHECKDEP NOCLEARLOG
[2019.11.18-22.22.04:606][  0]MapCheck: Map check complete: 0 Error(s), 0 Warning(s), took 85.614ms to complete.
[2019.11.18-22.22.04:606][  0]LogFileHelpers: Loading map 'Template' took 1.931
[2019.11.18-22.22.04:692][  0]LogSlate: Updating window title bar state: overlay mode, drag disabled, window buttons hidden, title bar hidden
[2019.11.18-22.22.04:698][  0]LogSlate: Updating window title bar state: overlay mode, drag disabled, window buttons hidden, title bar hidden
[2019.11.18-22.22.04:704][  0]LogSlate: Updating window title bar state: overlay mode, drag disabled, window buttons hidden, title bar hidden
[2019.11.18-22.22.04:710][  0]LogSlate: Updating window title bar state: overlay mode, drag disabled, window buttons hidden, title bar hidden
[2019.11.18-22.22.04:715][  0]LogCollectionManager: Loaded 0 collections in 0.001108 seconds
[2019.11.18-22.22.04:756][  0]LogFileCache: Scanning file cache for directory 'C:/Users/s191230/Documents/GitHub/DeJaBrew_Prototyping/DeJaBrew_Prototyping_Unreal/Saved/Collections/' took 0.01s
[2019.11.18-22.22.04:756][  0]LogFileCache: Scanning file cache for directory 'C:/Users/s191230/Documents/GitHub/DeJaBrew_Prototyping/DeJaBrew_Prototyping_Unreal/Content/Developers/s191230/Collections/' took 0.01s
[2019.11.18-22.22.04:756][  0]LogFileCache: Scanning file cache for directory 'C:/Users/s191230/Documents/GitHub/DeJaBrew_Prototyping/DeJaBrew_Prototyping_Unreal/Content/Collections/' took 0.01s
[2019.11.18-22.22.04:756][  0]LogCollectionManager: Rebuilt the GUID cache for 0 collections in 0.000001 seconds
[2019.11.18-22.22.04:764][  0]LogContentBrowser: Native class hierarchy populated in 0.0079 seconds. Added 2572 classes and 603 folders.
[2019.11.18-22.22.04:769][  0]LogContentBrowser: Native class hierarchy updated for 'WidgetCarousel' in 0.0002 seconds. Added 0 classes and 0 folders.
[2019.11.18-22.22.04:800][  0]LogContentBrowser: Native class hierarchy updated for 'AddContentDialog' in 0.0002 seconds. Added 0 classes and 0 folders.
[2019.11.18-22.22.04:804][  0]LogContentBrowser: Native class hierarchy updated for 'SceneOutliner' in 0.0002 seconds. Added 1 classes and 2 folders.
[2019.11.18-22.22.04:816][  0]LogSlate: Took 0.000245 seconds to synchronously load lazily loaded font '../../../Engine/Content/Slate/Fonts/Roboto-Regular.ttf' (155K)
[2019.11.18-22.22.04:818][  0]LogSlate: Took 0.000124 seconds to synchronously load lazily loaded font '../../../Engine/Content/Slate/Fonts/Roboto-Bold.ttf' (160K)
[2019.11.18-22.22.04:822][  0]LogSlate: Took 0.000176 seconds to synchronously load lazily loaded font '../../../Engine/Content/Editor/Slate/Fonts/FontAwesome.ttf' (139K)
[2019.11.18-22.22.04:893][  0]LogRenderer: Reallocating scene render targets to support 1172x580 Format 10 NumSamples 1 (Frame:1).
[2019.11.18-22.22.05:100][  0]LogContentBrowser: Native class hierarchy updated for 'HierarchicalLODOutliner' in 0.0002 seconds. Added 0 classes and 0 folders.
[2019.11.18-22.22.05:100][  0]LogLoad: (Engine Initialization) Total time: 8.59 seconds
[2019.11.18-22.22.05:100][  0]LogLoad: (Engine Initialization) Total Blueprint compile time: 0.00 seconds
[2019.11.18-22.22.05:110][  0]LogWindowsTextInputMethodSystem: Display: IME system now deactivated.
[2019.11.18-22.22.05:151][  0]LogContentStreaming: Texture pool size now 1000 MB
[2019.11.18-22.22.05:168][  0]LogSlate: Took 0.000137 seconds to synchronously load lazily loaded font '../../../Engine/Content/Slate/Fonts/Roboto-Light.ttf' (167K)
[2019.11.18-22.22.05:216][  1]LogAssetRegistry: Asset discovery search completed in 5.2499 seconds
[2019.11.18-22.22.05:218][  1]LogCollectionManager: Rebuilt the object cache for 0 collections in 0.000001 seconds (found 0 objects)
[2019.11.18-22.22.05:218][  1]LogCollectionManager: Fixed up redirectors for 0 collections in 0.000046 seconds (updated 0 objects)
[2019.11.18-22.22.08:130][168]LogSlate: Took 0.000169 seconds to synchronously load lazily loaded font '../../../Engine/Content/Slate/Fonts/Roboto-Light.ttf' (167K)
[2019.11.18-22.22.09:167][244]LogSlate: FSceneViewport::OnFocusLost() reason 0
[2019.11.18-22.22.10:194][341]LogFileCache: Retrieving MD5 hashes for directory 'C:/Users/s191230/Documents/GitHub/DeJaBrew_Prototyping/DeJaBrew_Prototyping_Unreal/Content/' took 5.07s
[2019.11.18-22.22.23:761][911]LogAIModule: Creating AISystem for world Level1_2
[2019.11.18-22.22.24:049][911]LogAssetEditorManager: Opening Asset editor for World /Game/SideScrollerBP/Maps/Ethan/Level1_2.Level1_2
[2019.11.18-22.22.24:082][911]LightingResults: New page: Lighting Build
[2019.11.18-22.22.24:082][911]LoadErrors: New page: Loading map: Level1_2.umap
[2019.11.18-22.22.24:085][911]MapCheck: New page: Map Check
[2019.11.18-22.22.24:085][911]LightingResults: New page: Lighting Build
[2019.11.18-22.22.24:562][911]LogEditorServer: Finished looking for orphan Actors (0.000 secs)
[2019.11.18-22.22.24:612][911]Cmd: MAP CHECKDEP NOCLEARLOG
[2019.11.18-22.22.24:702][911]MapCheck: Map check complete: 0 Error(s), 0 Warning(s), took 90.527ms to complete.
[2019.11.18-22.22.24:702][911]LogFileHelpers: Loading map 'Level1_2' took 0.622
[2019.11.18-22.22.35:212][116]LogEditorViewport: Clicking on Actor (LMB): GroundPlat_BP_C (GroundPlat_BP9)
[2019.11.18-22.22.36:300][231]Cmd: CAMERA ALIGN ACTIVEVIEWPORTONLY
[2019.11.18-22.22.44:368][194]LogSlate: FSceneViewport::OnFocusLost() reason 0
[2019.11.18-22.22.56:861][618]LogEditorViewport: Clicking on Actor (context menu): GroundPlat_BP_C (GroundPlat_BP9)
[2019.11.18-22.22.56:890][618]LogSlate: FSceneViewport::OnFocusLost() reason 2
[2019.11.18-22.22.57:553][696]LogEditorViewport: Clicking on Actor (LMB): BP_Sky_Sphere_C (Sky Sphere)
[2019.11.18-22.23.11:232][269]LogSlate: FSceneViewport::OnFocusLost() reason 0
[2019.11.18-22.23.13:095][282]LogTexture: Display: Building textures: Pine_Meta (AutoDXT, 2048X2048)
[2019.11.18-22.23.13:095][282]LogTexture: Display: Building textures: Pine_Roug (AutoDXT, 2048X2048)
[2019.11.18-22.23.13:095][282]LogTexture: Display: Building textures: Pine_Norm (BC5, 2048X2048)
[2019.11.18-22.23.13:095][282]LogTexture: Display: Building textures: Pine_AORM (AutoDXT, 2048X2048)
[2019.11.18-22.23.13:095][282]LogTexture: Display: Building textures: Pine_Base (AutoDXT, 2048X2048)
[2019.11.18-22.23.13:095][282]LogMaterial: Display: Missing cached shader map for material PineBluePurp_Material, compiling. 
[2019.11.18-22.23.13:180][282]LogShaderCompilers: Display: Shaders left to compile 45
[2019.11.18-22.23.13:180][282]LogShaderCompilers: Display: Shaders left to compile 35
[2019.11.18-22.23.13:180][282]LogShaderCompilers: Display: Shaders left to compile 25
[2019.11.18-22.23.13:180][282]LogShaderCompilers: Display: Shaders left to compile 15
[2019.11.18-22.23.15:172][485]LogShaderCompilers: Display: Shaders left to compile 5
[2019.11.18-22.23.20:065][ 68]LogEditorViewport: Clicking on Actor (LMB): PineTree_BP_C (PineTree_BP7)
[2019.11.18-22.23.24:024][536]Cmd: DELETE
[2019.11.18-22.23.24:024][536]Cmd: ACTOR DELETE
[2019.11.18-22.23.24:052][536]LogEditorActor: Deleted Actor: PineTree_BP_C
[2019.11.18-22.23.24:075][536]LogEditorActor: Deleted 1 Actors (0.050 secs)
[2019.11.18-22.23.24:467][582]LogEditorViewport: Clicking on Actor (LMB): PineTree_BP_C (PineTree_BP6)
[2019.11.18-22.23.24:670][603]Cmd: DELETE
[2019.11.18-22.23.24:670][603]Cmd: ACTOR DELETE
[2019.11.18-22.23.24:696][603]LogEditorActor: Deleted Actor: PineTree_BP_C
[2019.11.18-22.23.24:717][603]LogEditorActor: Deleted 1 Actors (0.047 secs)
[2019.11.18-22.23.25:333][676]LogEditorViewport: Clicking on Actor (LMB): PineTree_BP_C (PineTree_BP5)
[2019.11.18-22.23.25:594][704]Cmd: DELETE
[2019.11.18-22.23.25:594][704]Cmd: ACTOR DELETE
[2019.11.18-22.23.25:619][704]LogEditorActor: Deleted Actor: PineTree_BP_C
[2019.11.18-22.23.25:639][704]LogEditorActor: Deleted 1 Actors (0.045 secs)
[2019.11.18-22.23.27:015][862]LogEditorViewport: Clicking on Actor (LMB): PineTree_BP_C (PineTree_BP3)
[2019.11.18-22.23.27:631][927]Cmd: DELETE
[2019.11.18-22.23.27:631][927]Cmd: ACTOR DELETE
[2019.11.18-22.23.27:656][927]LogEditorActor: Deleted Actor: PineTree_BP_C
[2019.11.18-22.23.27:678][927]LogEditorActor: Deleted 1 Actors (0.047 secs)
[2019.11.18-22.23.28:099][976]LogEditorViewport: Clicking on Actor (LMB): PineTree_BP_C (PineTree_BP4)
[2019.11.18-22.23.28:266][992]Cmd: DELETE
[2019.11.18-22.23.28:266][992]Cmd: ACTOR DELETE
[2019.11.18-22.23.28:291][992]LogEditorActor: Deleted Actor: PineTree_BP_C
[2019.11.18-22.23.28:312][992]LogEditorActor: Deleted 1 Actors (0.046 secs)
[2019.11.18-22.23.28:683][ 35]LogEditorViewport: Clicking on Actor (LMB): PineTree_BP_C (PineTree_BP2)
[2019.11.18-22.23.28:901][ 57]Cmd: DELETE
[2019.11.18-22.23.28:901][ 57]Cmd: ACTOR DELETE
[2019.11.18-22.23.28:926][ 57]LogEditorActor: Deleted Actor: PineTree_BP_C
[2019.11.18-22.23.28:948][ 57]LogEditorActor: Deleted 1 Actors (0.046 secs)
[2019.11.18-22.23.33:202][547]LogEditorViewport: Clicking on Actor (LMB): PineBluePurp_BP_C (PineBluePurp_BP)
[2019.11.18-22.23.50:613][612]LogEditorViewport: Clicking on Actor (LMB): PineBluePurp_BP_C (PineBluePurp_BP)
[2019.11.18-22.24.40:257][487]LogEditorViewport: Clicking on Actor (LMB): PineBluePurp_BP_C (PineBluePurp_BP5)
[2019.11.18-22.25.14:049][477]LogSlate: FSceneViewport::OnFocusLost() reason 0
[2019.11.18-22.25.16:501][764]Cmd: CAMERA ALIGN ACTIVEVIEWPORTONLY
[2019.11.18-22.25.55:685][101]LogEditorViewport: Clicking on Actor (LMB): GroundPlat_BP_C (GroundPlat_BP5)
[2019.11.18-22.25.56:803][197]LogEditorViewport: Clicking on Actor (LMB): Plant1_BP_C (Plant1_BP4)
[2019.11.18-22.26.21:268][  1]LogEditorViewport: Clicking on Actor (LMB): GroundPlat_BP_C (GroundPlat_BP10)
[2019.11.18-22.26.24:984][442]LogEditorViewport: Clicking on Actor (LMB): Plant1_BP_C (Plant1_BP4)
[2019.11.18-22.26.26:214][585]Cmd: CAMERA ALIGN ACTIVEVIEWPORTONLY
[2019.11.18-22.27.00:095][625]LogEditorViewport: Clicking on Actor (LMB): SpikeHolder_BP_C (SpikeHolder_BP16)
[2019.11.18-22.27.01:162][748]Cmd: CAMERA ALIGN ACTIVEVIEWPORTONLY
[2019.11.18-22.27.03:258][994]LogSlate: FSceneViewport::OnFocusLost() reason 0
[2019.11.18-22.27.13:375][192]Cmd: EDIT COPY
[2019.11.18-22.27.13:651][224]Cmd: EDIT PASTE
[2019.11.18-22.27.17:933][730]Cmd: EDIT COPY
[2019.11.18-22.27.18:217][763]Cmd: EDIT PASTE
[2019.11.18-22.27.24:358][488]LogEditorViewport: Clicking on Actor (LMB): GrassV3_C (GrassV62)
[2019.11.18-22.27.32:218][416]Cmd: EDIT COPY
[2019.11.18-22.27.32:543][454]Cmd: EDIT PASTE
[2019.11.18-22.27.40:480][394]Cmd: TRANSACTION UNDO
[2019.11.18-22.27.40:480][394]LogEditorTransaction: Undo Move Actors
[2019.11.18-22.27.43:985][807]Cmd: CAMERA ALIGN ACTIVEVIEWPORTONLY
[2019.11.18-22.27.54:951][116]LogEditorViewport: Clicking on Actor (LMB): SpikeHolder_BP_C (SpikeHolder_BP15)
[2019.11.18-22.27.57:176][379]LogEditorViewport: Clicking on Actor (LMB): GrassV3_C (GrassV65)
[2019.11.18-22.28.01:291][865]Cmd: EDIT COPY
[2019.11.18-22.28.01:548][895]Cmd: EDIT PASTE
[2019.11.18-22.28.13:242][283]Cmd: TRANSACTION UNDO
[2019.11.18-22.28.13:242][283]LogEditorTransaction: Undo Scale Actors
[2019.11.18-22.28.14:195][393]LogEditorViewport: Clicking on Actor (LMB): GrassV3_C (GrassV69)
[2019.11.18-22.28.17:645][799]LogEditorViewport: Clicking on Actor (LMB): GrassV3_C (GrassV70)
[2019.11.18-22.28.26:384][837]Cmd: CAMERA ALIGN ACTIVEVIEWPORTONLY
[2019.11.18-22.28.29:219][174]Cmd: CAMERA ALIGN ACTIVEVIEWPORTONLY
[2019.11.18-22.28.30:294][295]Cmd: CAMERA ALIGN ACTIVEVIEWPORTONLY
[2019.11.18-22.28.34:060][741]Cmd: DELETE
[2019.11.18-22.28.34:060][741]Cmd: ACTOR DELETE
[2019.11.18-22.28.34:086][741]LogEditorActor: Deleted Actor: GrassV3_C
[2019.11.18-22.28.34:122][741]LogEditorActor: Deleted 1 Actors (0.062 secs)
[2019.11.18-22.28.35:404][894]LogEditorViewport: Clicking on Actor (LMB): GrassV3_C (GrassV69)
[2019.11.18-22.28.56:204][371]LogEditorViewport: Clicking on Actor (LMB): GrassV3_C (GrassV40)
[2019.11.18-22.28.58:700][663]Cmd: EDIT COPY
[2019.11.18-22.28.59:026][701]Cmd: EDIT PASTE
[2019.11.18-22.29.04:014][290]Cmd: CAMERA ALIGN ACTIVEVIEWPORTONLY
[2019.11.18-22.29.12:358][285]LogEditorViewport: Clicking on Actor (LMB): GrassV3_C (GrassV70)
[2019.11.18-22.29.23:470][609]LogEditorViewport: Clicking on Actor (LMB): GrassV3_C (GrassV71)
[2019.11.18-22.29.31:618][577]Cmd: EDIT COPY
[2019.11.18-22.29.31:942][615]Cmd: EDIT PASTE
[2019.11.18-22.29.39:262][481]Cmd: DELETE
[2019.11.18-22.29.39:262][481]Cmd: ACTOR DELETE
[2019.11.18-22.29.39:288][481]LogEditorActor: Deleted Actor: GrassV3_C
[2019.11.18-22.29.39:288][481]LogEditorActor: Deleted Actor: GrassV3_C
[2019.11.18-22.29.39:314][481]LogEditorActor: Deleted 2 Actors (0.052 secs)
[2019.11.18-22.29.42:006][803]LogEditorViewport: Clicking on Actor (LMB): GrassV3_C (GrassV73)
[2019.11.18-22.29.44:291][ 71]Cmd: EDIT COPY
[2019.11.18-22.29.44:597][107]Cmd: EDIT PASTE
[2019.11.18-22.29.47:954][505]Cmd: CAMERA ALIGN ACTIVEVIEWPORTONLY
[2019.11.18-22.29.52:014][983]Cmd: EDIT COPY
[2019.11.18-22.29.52:287][ 15]Cmd: EDIT PASTE
[2019.11.18-22.30.05:155][540]Cmd: EDIT COPY
[2019.11.18-22.30.05:433][573]Cmd: EDIT PASTE
[2019.11.18-22.30.08:991][985]Cmd: CAMERA ALIGN ACTIVEVIEWPORTONLY
[2019.11.18-22.30.28:588][307]LogEditorViewport: Clicking on Actor (LMB): Rock_BP_C (Rock_BP6)
[2019.11.18-22.30.37:572][368]LogEditorViewport: Clicking on Actor (LMB): Plant1_BP_C (Plant1_BP2)
[2019.11.18-22.30.43:692][ 88]LogEditorViewport: Clicking on Actor (LMB): GrassV3_C (GrassV81)
[2019.11.18-22.30.46:012][363]Cmd: CAMERA ALIGN ACTIVEVIEWPORTONLY
[2019.11.18-22.30.50:683][920]LogSlate: FSceneViewport::OnFocusLost() reason 0
[2019.11.18-22.30.55:528][495]LogSlate: FSceneViewport::OnFocusLost() reason 0
[2019.11.18-22.30.58:719][872]LogSlate: FSceneViewport::OnFocusLost() reason 0
[2019.11.18-22.31.01:934][251]LogEditorViewport: Clicking on Actor (LMB): Grass1Teal_BP_C (Grass1Teal_BP6)
[2019.11.18-22.31.11:947][446]LogSlate: FSceneViewport::OnFocusLost() reason 0
[2019.11.18-22.31.15:253][836]Cmd: DELETE
[2019.11.18-22.31.15:253][836]Cmd: ACTOR DELETE
[2019.11.18-22.31.15:279][836]LogEditorActor: Deleted Actor: Plant1_BP_C
[2019.11.18-22.31.15:307][836]LogEditorActor: Deleted 1 Actors (0.054 secs)
[2019.11.18-22.31.18:113][172]LogSlate: FSceneViewport::OnFocusLost() reason 0
[2019.11.18-22.31.23:062][758]LogSlate: FSceneViewport::OnFocusLost() reason 0
[2019.11.18-22.31.29:393][510]LogSlate: FSceneViewport::OnFocusLost() reason 0
[2019.11.18-22.31.40:301][806]LogEditorViewport: Clicking on Actor (LMB): Plant2_BP_C (Plant2_BP2)
[2019.11.18-22.31.46:094][494]LogEditorViewport: Clicking on Actor (LMB): Grass1Teal_BP_C (Grass1Teal_BP6)
[2019.11.18-22.31.55:050][555]LogSlate: FSceneViewport::OnFocusLost() reason 0
[2019.11.18-22.32.00:753][233]LogSlate: FSceneViewport::OnFocusLost() reason 0
[2019.11.18-22.32.07:018][975]LogSlate: FSceneViewport::OnFocusLost() reason 0
[2019.11.18-22.32.21:032][636]LogEditorViewport: Clicking on Actor (LMB): Grass2_BP_C (Grass2_BP5)
[2019.11.18-22.32.29:124][592]Cmd: EDIT COPY
[2019.11.18-22.32.29:417][627]Cmd: EDIT PASTE
[2019.11.18-22.32.35:878][396]LogEditorViewport: Clicking on Actor (LMB): GroundPlat_BP_C (GroundPlat_BP11)
[2019.11.18-22.32.36:667][487]LogEditorViewport: Clicking on Actor (LMB): Grass1Pink_BP_C (Grass1Pink_BP3)
[2019.11.18-22.32.37:755][614]Cmd: DELETE
[2019.11.18-22.32.37:756][614]Cmd: ACTOR DELETE
[2019.11.18-22.32.37:782][614]LogEditorActor: Deleted Actor: Grass1Pink_BP_C
[2019.11.18-22.32.37:809][614]LogEditorActor: Deleted 1 Actors (0.054 secs)
[2019.11.18-22.32.39:002][757]LogSlate: FSceneViewport::OnFocusLost() reason 0
[2019.11.18-22.32.45:215][496]LogEditorViewport: Clicking on Actor (LMB): Grass2_BP_C (Grass2_BP6)
[2019.11.18-22.32.46:101][600]Cmd: DELETE
[2019.11.18-22.32.46:101][600]Cmd: ACTOR DELETE
[2019.11.18-22.32.46:127][600]LogEditorActor: Deleted Actor: Grass2_BP_C
[2019.11.18-22.32.46:149][600]LogEditorActor: Deleted 1 Actors (0.048 secs)
[2019.11.18-22.32.47:187][724]LogSlate: FSceneViewport::OnFocusLost() reason 0
[2019.11.18-22.32.58:114][ 19]LogSlate: FSceneViewport::OnFocusLost() reason 0
[2019.11.18-22.33.00:376][284]LogSlate: FSceneViewport::OnFocusLost() reason 0
[2019.11.18-22.33.03:871][697]LogSlate: FSceneViewport::OnFocusLost() reason 0
[2019.11.18-22.33.07:765][158]LogSlate: FSceneViewport::OnFocusLost() reason 0
[2019.11.18-22.33.16:117][147]LogSlate: FSceneViewport::OnFocusLost() reason 0
[2019.11.18-22.33.23:528][ 26]LogEditorViewport: Clicking on Actor (LMB): Plant1_BP_C (Plant1_BP5)
[2019.11.18-22.33.24:731][169]Cmd: DELETE
[2019.11.18-22.33.24:731][169]Cmd: ACTOR DELETE
[2019.11.18-22.33.24:758][169]LogEditorActor: Deleted Actor: Plant1_BP_C
[2019.11.18-22.33.24:783][169]LogEditorActor: Deleted 1 Actors (0.051 secs)
[2019.11.18-22.33.29:989][793]LogSlate: FSceneViewport::OnFocusLost() reason 0
[2019.11.18-22.33.36:201][528]LogEditorViewport: Clicking on Actor (LMB): BP_Sky_Sphere_C (Sky Sphere)
[2019.11.18-22.33.55:445][817]LogSlate: FSceneViewport::OnFocusLost() reason 0
[2019.11.18-22.33.59:985][356]Cmd: CAMERA ALIGN ACTIVEVIEWPORTONLY
[2019.11.18-22.34.18:917][612]LogEditorViewport: Clicking on Actor (LMB): Vine_BP_C (Vine_BP13)
[2019.11.18-22.34.23:345][138]Cmd: CAMERA ALIGN ACTIVEVIEWPORTONLY
[2019.11.18-22.34.24:546][282]Cmd: EDIT COPY
[2019.11.18-22.34.24:814][314]Cmd: EDIT PASTE
[2019.11.18-22.34.29:488][870]Cmd: CAMERA ALIGN ACTIVEVIEWPORTONLY
[2019.11.18-22.34.32:817][269]Cmd: EDIT COPY
[2019.11.18-22.34.33:090][301]Cmd: EDIT PASTE
[2019.11.18-22.34.52:992][684]Cmd: CAMERA ALIGN ACTIVEVIEWPORTONLY
[2019.11.18-22.35.00:370][555]LogSlate: FSceneViewport::OnFocusLost() reason 2
[2019.11.18-22.35.01:774][555]LogSavePackage: Moving '../../../../../../Users/s191230/Documents/GitHub/DeJaBrew_Prototyping/DeJaBrew_Prototyping_Unreal/Saved/Level1_2_Auto14A378C014A7F1ECCF93BED86EEE4BE77.tmp' to '../../../../../../Users/s191230/Documents/GitHub/DeJaBrew_Prototyping/DeJaBrew_Prototyping_Unreal/Saved/Autosaves/Game/SideScrollerBP/Maps/Ethan/Level1_2_Auto1.umap'
[2019.11.18-22.35.01:780][555]LogFileHelpers: Editor autosave (incl. sublevels) for '/Game/SideScrollerBP/Maps/Ethan/Level1_2' took 1.388
[2019.11.18-22.35.01:780][555]LogFileHelpers: Editor autosave (incl. sublevels) for all levels took 1.388
[2019.11.18-22.35.07:619][247]LogEditorViewport: Clicking on Actor (LMB): Vine_BP_C (Vine_BP13)
[2019.11.18-22.35.09:472][463]Cmd: EDIT COPY
[2019.11.18-22.35.09:737][494]Cmd: EDIT PASTE
[2019.11.18-22.35.25:435][368]LogSlate: FSceneViewport::OnFocusLost() reason 0
[2019.11.18-22.37.01:154][845]LogSlate: FSceneViewport::OnFocusLost() reason 0
[2019.11.18-22.37.02:726][859]LogSavePackage: Moving '../../../../../../Users/s191230/Documents/GitHub/DeJaBrew_Prototyping/DeJaBrew_Prototyping_Unreal/Saved/Level1_2E9588CAD452C9FBE23955297AAB21799.tmp' to '../../../../../../Users/s191230/Documents/GitHub/DeJaBrew_Prototyping/DeJaBrew_Prototyping_Unreal/Content/SideScrollerBP/Maps/Ethan/Level1_2.umap'
[2019.11.18-22.37.05:399][161]LogSlate: FSceneViewport::OnFocusLost() reason 0
[2019.11.18-23.12.09:443][804]LogSlate: FSceneViewport::OnFocusLost() reason 0
[2019.11.18-23.12.09:643][819]LogSlate: Window 'DeJaBrew_Prototyping - Unreal Editor' being destroyed
[2019.11.18-23.12.09:827][820]Cmd: QUIT_EDITOR
[2019.11.18-23.12.09:854][820]LogWindowsTextInputMethodSystem: Display: IME system now deactivated.
[2019.11.18-23.12.09:867][820]LogExit: Preparing to exit.
[2019.11.18-23.12.10:154][820]LogExit: Editor shut down
[2019.11.18-23.12.10:154][820]LogExit: Transaction tracking system shut down
[2019.11.18-23.12.10:762][820]LogExit: Object subsystem successfully closed.
[2019.11.18-23.12.10:779][820]LogShaderCompilers: Display: Shaders left to compile 0
[2019.11.18-23.12.10:782][820]LogD3D11RHI: Shutdown
[2019.11.18-23.12.10:782][820]LogD3D11RHI: CleanupD3DDevice
[2019.11.18-23.12.10:786][820]LogD3D11RHI: ~FD3D11DynamicRHI
[2019.11.18-23.12.10:799][820]LogModuleManager: Shutting down and abandoning module HierarchicalLODOutliner (610)
[2019.11.18-23.12.10:799][820]LogModuleManager: Shutting down and abandoning module SceneOutliner (608)
[2019.11.18-23.12.10:799][820]LogModuleManager: Shutting down and abandoning module AddContentDialog (606)
[2019.11.18-23.12.10:799][820]LogModuleManager: Shutting down and abandoning module WidgetCarousel (605)
[2019.11.18-23.12.10:799][820]LogModuleManager: Shutting down and abandoning module EditorWidgets (602)
[2019.11.18-23.12.10:799][820]LogModuleManager: Shutting down and abandoning module CollectionManager (600)
[2019.11.18-23.12.10:799][820]LogModuleManager: Shutting down and abandoning module StatsViewer (598)
[2019.11.18-23.12.10:799][820]LogModuleManager: Shutting down and abandoning module FoliageEdit (596)
[2019.11.18-23.12.10:799][820]LogModuleManager: Shutting down and abandoning module LandscapeEditor (594)
[2019.11.18-23.12.10:799][820]LogModuleManager: Shutting down and abandoning module MeshPaintMode (592)
[2019.11.18-23.12.10:799][820]LogModuleManager: Shutting down and abandoning module SceneDepthPickerMode (590)
[2019.11.18-23.12.10:799][820]LogModuleManager: Shutting down and abandoning module ActorPickerMode (588)
[2019.11.18-23.12.10:799][820]LogModuleManager: Shutting down and abandoning module GeometryMode (586)
[2019.11.18-23.12.10:799][820]LogModuleManager: Shutting down and abandoning module TextureAlignMode (584)
[2019.11.18-23.12.10:799][820]LogModuleManager: Shutting down and abandoning module BspMode (582)
[2019.11.18-23.12.10:799][820]LogModuleManager: Shutting down and abandoning module PIEPreviewDeviceProfileSelector (580)
[2019.11.18-23.12.10:799][820]LogModuleManager: Shutting down and abandoning module SequenceRecorderSections (578)
[2019.11.18-23.12.10:799][820]LogModuleManager: Shutting down and abandoning module AutomationWorker (576)
[2019.11.18-23.12.10:799][820]LogModuleManager: Shutting down and abandoning module AudioCaptureEditor (574)
[2019.11.18-23.12.10:799][820]LogModuleManager: Shutting down and abandoning module SequenceRecorder (573)
[2019.11.18-23.12.10:799][820]LogModuleManager: Shutting down and abandoning module MatineeToLevelSequence (570)
[2019.11.18-23.12.10:799][820]LogModuleManager: Shutting down and abandoning module LevelSequenceEditor (568)
[2019.11.18-23.12.10:799][820]LogModuleManager: Shutting down and abandoning module PlacementMode (567)
[2019.11.18-23.12.10:800][820]LogModuleManager: Shutting down and abandoning module MaterialEditor (566)
[2019.11.18-23.12.10:800][820]LogModuleManager: Shutting down and abandoning module WmfMediaFactory (562)
[2019.11.18-23.12.10:800][820]LogModuleManager: Shutting down and abandoning module WmfMediaEditor (560)
[2019.11.18-23.12.10:800][820]LogModuleManager: Shutting down and abandoning module MediaPlayerEditor (558)
[2019.11.18-23.12.10:800][820]LogModuleManager: Shutting down and abandoning module OpenExrWrapper (556)
[2019.11.18-23.12.10:800][820]LogModuleManager: Shutting down and abandoning module ImgMediaFactory (554)
[2019.11.18-23.12.10:800][820]LogModuleManager: Shutting down and abandoning module ImgMediaEditor (552)
[2019.11.18-23.12.10:800][820]LogModuleManager: Shutting down and abandoning module AvfMediaFactory (550)
[2019.11.18-23.12.10:800][820]LogModuleManager: Shutting down and abandoning module AvfMediaEditor (548)
[2019.11.18-23.12.10:800][820]LogModuleManager: Shutting down and abandoning module AndroidMediaFactory (546)
[2019.11.18-23.12.10:800][820]LogModuleManager: Shutting down and abandoning module AndroidMediaEditor (544)
[2019.11.18-23.12.10:800][820]LogModuleManager: Shutting down and abandoning module MagicLeapCameraPreviewFactory (542)
[2019.11.18-23.12.10:800][820]LogModuleManager: Shutting down and abandoning module MagicLeapMediaFactory (540)
[2019.11.18-23.12.10:800][820]LogModuleManager: Shutting down and abandoning module MagicLeapMediaEditor (538)
[2019.11.18-23.12.10:800][820]LogModuleManager: Shutting down and abandoning module CharacterAI (536)
[2019.11.18-23.12.10:800][820]LogModuleManager: Shutting down and abandoning module SmartSnapping (534)
[2019.11.18-23.12.10:800][820]LogModuleManager: Shutting down and abandoning module SessionServices (532)
[2019.11.18-23.12.10:800][820]LogModuleManager: Shutting down and abandoning module ViewportSnapping (530)
[2019.11.18-23.12.10:800][820]LogModuleManager: Shutting down and abandoning module ViewportInteraction (528)
[2019.11.18-23.12.10:800][820]LogModuleManager: Shutting down and abandoning module ClothPainter (526)
[2019.11.18-23.12.10:800][820]LogModuleManager: Shutting down and abandoning module SkeletalMeshEditor (525)
[2019.11.18-23.12.10:800][820]LogModuleManager: Shutting down and abandoning module LogVisualizer (522)
[2019.11.18-23.12.10:800][820]LogModuleManager: Shutting down and abandoning module IntroTutorials (520)
[2019.11.18-23.12.10:800][820]LogModuleManager: Shutting down and abandoning module GameProjectGeneration (519)
[2019.11.18-23.12.10:800][820]LogModuleManager: Shutting down and abandoning module LuminPlatformEditor (516)
[2019.11.18-23.12.10:800][820]LogModuleManager: Shutting down and abandoning module IOSPlatformEditor (514)
[2019.11.18-23.12.10:800][820]LogModuleManager: Shutting down and abandoning module HTML5PlatformEditor (512)
[2019.11.18-23.12.10:800][820]LogModuleManager: Shutting down and abandoning module AndroidPlatformEditor (510)
[2019.11.18-23.12.10:800][820]LogModuleManager: Shutting down and abandoning module AndroidDeviceDetection (509)
[2019.11.18-23.12.11:118][820]LogModuleManager: Shutting down and abandoning module WindowsPlatformEditor (506)
[2019.11.18-23.12.11:118][820]LogModuleManager: Shutting down and abandoning module LuminRuntimeSettings (504)
[2019.11.18-23.12.11:118][820]LogModuleManager: Shutting down and abandoning module IOSRuntimeSettings (502)
[2019.11.18-23.12.11:118][820]LogModuleManager: Shutting down and abandoning module AndroidRuntimeSettings (500)
[2019.11.18-23.12.11:118][820]LogModuleManager: Shutting down and abandoning module InputBindingEditor (498)
[2019.11.18-23.12.11:118][820]LogModuleManager: Shutting down and abandoning module MergeActors (496)
[2019.11.18-23.12.11:119][820]LogModuleManager: Shutting down and abandoning module LocalizationDashboard (494)
[2019.11.18-23.12.11:119][820]LogModuleManager: Shutting down and abandoning module LocalizationService (493)
[2019.11.18-23.12.11:119][820]LogModuleManager: Shutting down and abandoning module HardwareTargeting (490)
[2019.11.18-23.12.11:119][820]LogModuleManager: Shutting down and abandoning module DeviceProfileEditor (488)
[2019.11.18-23.12.11:119][820]LogModuleManager: Shutting down and abandoning module UndoHistory (486)
[2019.11.18-23.12.11:119][820]LogModuleManager: Shutting down and abandoning module XmlParser (484)
[2019.11.18-23.12.11:119][820]LogModuleManager: Shutting down and abandoning module Blutility (482)
[2019.11.18-23.12.11:119][820]LogModuleManager: Shutting down and abandoning module ProjectSettingsViewer (480)
[2019.11.18-23.12.11:119][820]LogModuleManager: Shutting down and abandoning module ProjectTargetPlatformEditor (479)
[2019.11.18-23.12.11:119][820]LogModuleManager: Shutting down and abandoning module EditorSettingsViewer (476)
[2019.11.18-23.12.11:119][820]LogModuleManager: Shutting down and abandoning module SettingsEditor (474)
[2019.11.18-23.12.11:119][820]LogModuleManager: Shutting down and abandoning module ProjectLauncher (472)
[2019.11.18-23.12.11:119][820]LogModuleManager: Shutting down and abandoning module SessionFrontend (470)
[2019.11.18-23.12.11:119][820]LogModuleManager: Shutting down and abandoning module ProfilerClient (468)
[2019.11.18-23.12.11:119][820]LogModuleManager: Shutting down and abandoning module DeviceManager (466)
[2019.11.18-23.12.11:119][820]LogModuleManager: Shutting down and abandoning module TargetDeviceServices (465)
[2019.11.18-23.12.11:172][820]LogModuleManager: Shutting down and abandoning module AutomationController (462)
[2019.11.18-23.12.11:172][820]LogModuleManager: Shutting down and abandoning module AutomationWindow (460)
[2019.11.18-23.12.11:172][820]LogModuleManager: Shutting down and abandoning module Layers (458)
[2019.11.18-23.12.11:172][820]LogModuleManager: Shutting down and abandoning module ComponentVisualizers (456)
[2019.11.18-23.12.11:172][820]LogModuleManager: Shutting down and abandoning module DetailCustomizations (454)
[2019.11.18-23.12.11:172][820]LogModuleManager: Shutting down and abandoning module PackagesDialog (452)
[2019.11.18-23.12.11:172][820]LogModuleManager: Shutting down and abandoning module Persona (450)
[2019.11.18-23.12.11:172][820]LogModuleManager: Shutting down and abandoning module AdvancedPreviewScene (449)
[2019.11.18-23.12.11:172][820]LogModuleManager: Shutting down and abandoning module AnimGraph (447)
[2019.11.18-23.12.11:172][820]LogModuleManager: Shutting down and abandoning module Kismet (444)
[2019.11.18-23.12.11:173][820]LogModuleManager: Shutting down and abandoning module GraphEditor (442)
[2019.11.18-23.12.11:173][820]LogModuleManager: Shutting down and abandoning module ClassViewer (440)
[2019.11.18-23.12.11:173][820]LogModuleManager: Shutting down and abandoning module Toolbox (438)
[2019.11.18-23.12.11:173][820]LogModuleManager: Shutting down and abandoning module ModuleUI (436)
[2019.11.18-23.12.11:173][820]LogModuleManager: Shutting down and abandoning module MovieSceneTools (434)
[2019.11.18-23.12.11:173][820]LogModuleManager: Shutting down and abandoning module OutputLog (432)
[2019.11.18-23.12.11:173][820]LogModuleManager: Shutting down and abandoning module GammaUI (430)
[2019.11.18-23.12.11:173][820]LogModuleManager: Shutting down and abandoning module Documentation (428)
[2019.11.18-23.12.11:173][820]LogModuleManager: Shutting down and abandoning module MovieSceneTracks (426)
[2019.11.18-23.12.11:173][820]LogModuleManager: Shutting down and abandoning module MovieScene (424)
[2019.11.18-23.12.11:173][820]LogModuleManager: Shutting down and abandoning module StreamingPauseRendering (422)
[2019.11.18-23.12.11:173][820]LogModuleManager: Shutting down and abandoning module LauncherPlatform (420)
[2019.11.18-23.12.11:173][820]LogModuleManager: Shutting down and abandoning module AnalyticsET (418)
[2019.11.18-23.12.11:173][820]LogModuleManager: Shutting down and abandoning module PortalServices (416)
[2019.11.18-23.12.11:173][820]LogModuleManager: Shutting down and abandoning module PortalRpc (414)
[2019.11.18-23.12.11:173][820]LogModuleManager: Shutting down and abandoning module MessagingRpc (412)
[2019.11.18-23.12.11:173][820]LogModuleManager: Shutting down and abandoning module AIModule (410)
[2019.11.18-23.12.11:173][820]LogModuleManager: Shutting down and abandoning module GameplayDebugger (409)
[2019.11.18-23.12.11:173][820]LogModuleManager: Shutting down and abandoning module AITestSuite (407)
[2019.11.18-23.12.11:173][820]LogModuleManager: Shutting down and abandoning module NavigationSystem (405)
[2019.11.18-23.12.11:173][820]LogModuleManager: Shutting down and abandoning module DesktopPlatform (402)
[2019.11.18-23.12.11:173][820]LogModuleManager: Shutting down and abandoning module ProfilerService (400)
[2019.11.18-23.12.11:423][820]LogModuleManager: Shutting down and abandoning module TaskGraph (398)
[2019.11.18-23.12.11:423][820]LogModuleManager: Shutting down and abandoning module SteamVRController (396)
[2019.11.18-23.12.11:423][820]LogModuleManager: Shutting down and abandoning module ProceduralMeshComponentEditor (394)
[2019.11.18-23.12.11:423][820]LogModuleManager: Shutting down and abandoning module ProceduralMeshComponent (392)
[2019.11.18-23.12.11:423][820]LogModuleManager: Shutting down and abandoning module OculusInput (390)
[2019.11.18-23.12.11:423][820]LogModuleManager: Shutting down and abandoning module MobilePatchingUtils (388)
[2019.11.18-23.12.11:423][820]LogModuleManager: Shutting down and abandoning module EditableMesh (386)
[2019.11.18-23.12.11:423][820]LogModuleManager: Shutting down and abandoning module CustomMeshComponent (384)
[2019.11.18-23.12.11:423][820]LogModuleManager: Shutting down and abandoning module CableComponent (382)
[2019.11.18-23.12.11:423][820]LogModuleManager: Shutting down and abandoning module AudioCapture (380)
[2019.11.18-23.12.11:423][820]LogModuleManager: Shutting down and abandoning module ArchVisCharacter (378)
[2019.11.18-23.12.11:423][820]LogModuleManager: Shutting down and abandoning module AndroidPermission (376)
[2019.11.18-23.12.11:423][820]LogModuleManager: Shutting down and abandoning module NUTUnrealEngine4 (374)
[2019.11.18-23.12.11:423][820]LogModuleManager: Shutting down and abandoning module NetcodeUnitTest (372)
[2019.11.18-23.12.11:423][820]LogModuleManager: Shutting down and abandoning module MediaCompositingEditor (370)
[2019.11.18-23.12.11:423][820]LogModuleManager: Shutting down and abandoning module MediaCompositing (368)
[2019.11.18-23.12.11:423][820]LogModuleManager: Shutting down and abandoning module LinearTimecode (366)
[2019.11.18-23.12.11:423][820]LogModuleManager: Shutting down and abandoning module ImgMedia (364)
[2019.11.18-23.12.11:426][820]LogModuleManager: Shutting down and abandoning module HTML5Networking (362)
[2019.11.18-23.12.11:426][820]LogModuleManager: Shutting down and abandoning module GeometryCacheTracks (360)
[2019.11.18-23.12.11:426][820]LogModuleManager: Shutting down and abandoning module GeometryCacheSequencer (358)
[2019.11.18-23.12.11:426][820]LogModuleManager: Shutting down and abandoning module BackChannel (356)
[2019.11.18-23.12.11:426][820]LogModuleManager: Shutting down and abandoning module AppleVision (354)
[2019.11.18-23.12.11:426][820]LogModuleManager: Shutting down and abandoning module AppleImageUtils (352)
[2019.11.18-23.12.11:426][820]LogModuleManager: Shutting down and abandoning module AlembicImporter (350)
[2019.11.18-23.12.11:426][820]LogModuleManager: Shutting down and abandoning module AlembicLibrary (349)
[2019.11.18-23.12.11:426][820]LogModuleManager: Shutting down and abandoning module GeometryCache (348)
[2019.11.18-23.12.11:426][820]LogModuleManager: Shutting down and abandoning module GeometryCacheEd (347)
[2019.11.18-23.12.11:426][820]LogModuleManager: Shutting down and abandoning module DatasmithContentEditor (342)
[2019.11.18-23.12.11:426][820]LogModuleManager: Shutting down and abandoning module DatasmithContent (340)
[2019.11.18-23.12.11:426][820]LogModuleManager: Shutting down and abandoning module SpeedTreeImporter (338)
[2019.11.18-23.12.11:426][820]LogModuleManager: Shutting down and abandoning module PluginBrowser (336)
[2019.11.18-23.12.11:427][820]LogModuleManager: Shutting down and abandoning module MobileLauncherProfileWizard (334)
[2019.11.18-23.12.11:427][820]LogModuleManager: Shutting down and abandoning module PolygonModeling (332)
[2019.11.18-23.12.11:427][820]LogModuleManager: Shutting down and abandoning module MeshEditor (330)
[2019.11.18-23.12.11:427][820]LogModuleManager: Shutting down and abandoning module CryptoKeysOpenSSL (328)
[2019.11.18-23.12.11:427][820]LogModuleManager: Shutting down and abandoning module CryptoKeys (326)
[2019.11.18-23.12.11:427][820]LogModuleManager: Shutting down and abandoning module VisualStudioSourceCodeAccess (324)
[2019.11.18-23.12.11:427][820]LogModuleManager: Shutting down and abandoning module VisualStudioCodeSourceCodeAccess (322)
[2019.11.18-23.12.11:427][820]LogModuleManager: Shutting down and abandoning module UObjectPlugin (320)
[2019.11.18-23.12.11:427][820]LogModuleManager: Shutting down and abandoning module SubversionSourceControl (318)
[2019.11.18-23.12.11:427][820]LogModuleManager: Shutting down and abandoning module PerforceSourceControl (316)
[2019.11.18-23.12.11:427][820]LogModuleManager: Shutting down and abandoning module GitSourceControl (314)
[2019.11.18-23.12.11:427][820]LogModuleManager: Shutting down and abandoning module SourceControl (313)
[2019.11.18-23.12.11:427][820]LogModuleManager: Shutting down and abandoning module CLionSourceCodeAccess (310)
[2019.11.18-23.12.11:427][820]LogModuleManager: Shutting down and abandoning module LightPropagationVolumeEditor (308)
[2019.11.18-23.12.11:427][820]LogModuleManager: Shutting down and abandoning module PaperTiledImporter (306)
[2019.11.18-23.12.11:427][820]LogModuleManager: Shutting down and abandoning module PaperSpriteSheetImporter (304)
[2019.11.18-23.12.11:427][820]LogModuleManager: Shutting down and abandoning module Paper2DEditor (302)
[2019.11.18-23.12.11:427][820]LogModuleManager: Shutting down and abandoning module MeshPaint (301)
[2019.11.18-23.12.11:427][820]LogModuleManager: Shutting down and abandoning module RuntimePhysXCooking (298)
[2019.11.18-23.12.11:427][820]LogModuleManager: Shutting down and abandoning module PhysXVehiclesEditor (296)
[2019.11.18-23.12.11:427][820]LogModuleManager: Shutting down and abandoning module PhysXVehicles (294)
[2019.11.18-23.12.11:427][820]LogModuleManager: Shutting down and abandoning module OculusEditor (292)
[2019.11.18-23.12.11:427][820]LogModuleManager: Shutting down and abandoning module LocationServicesBPLibrary (290)
[2019.11.18-23.12.11:427][820]LogModuleManager: Shutting down and abandoning module ImmediatePhysicsEditor (288)
[2019.11.18-23.12.11:427][820]LogModuleManager: Shutting down and abandoning module ImmediatePhysics (286)
[2019.11.18-23.12.11:427][820]LogModuleManager: Shutting down and abandoning module ActorSequence (284)
[2019.11.18-23.12.11:427][820]LogModuleManager: Shutting down and abandoning module UdpMessaging (282)
[2019.11.18-23.12.11:529][820]LogModuleManager: Shutting down and abandoning module TcpMessaging (280)
[2019.11.18-23.12.11:629][820]LogModuleManager: Shutting down and abandoning module MagicLeapAudio (278)
[2019.11.18-23.12.11:629][820]LogModuleManager: Shutting down and abandoning module GameplayTagsEditor (276)
[2019.11.18-23.12.11:629][820]LogModuleManager: Shutting down and abandoning module FacialAnimationEditor (274)
[2019.11.18-23.12.11:629][820]LogModuleManager: Shutting down and abandoning module FacialAnimation (272)
[2019.11.18-23.12.11:629][820]LogModuleManager: Shutting down and abandoning module DataValidation (270)
[2019.11.18-23.12.11:629][820]LogModuleManager: Shutting down and abandoning module AssetManagerEditor (268)
[2019.11.18-23.12.11:629][820]LogModuleManager: Shutting down and abandoning module LevelEditor (267)
[2019.11.18-23.12.11:630][820]LogModuleManager: Shutting down and abandoning module PixelInspectorModule (266)
[2019.11.18-23.12.11:630][820]LogModuleManager: Shutting down and abandoning module CommonMenuExtensions (264)
[2019.11.18-23.12.11:630][820]LogModuleManager: Shutting down and abandoning module MainFrame (262)
[2019.11.18-23.12.11:630][820]LogModuleManager: Shutting down and abandoning module HotReload (261)
[2019.11.18-23.12.11:630][820]LogModuleManager: Shutting down and abandoning module ContentBrowser (257)
[2019.11.18-23.12.11:631][820]LogModuleManager: Shutting down and abandoning module TreeMap (255)
[2019.11.18-23.12.11:631][820]LogModuleManager: Shutting down and abandoning module LightPropagationVolumeRuntime (252)
[2019.11.18-23.12.11:631][820]LogModuleManager: Shutting down and abandoning module AISupportModule (250)
[2019.11.18-23.12.11:631][820]LogModuleManager: Shutting down and abandoning module Paper2D (248)
[2019.11.18-23.12.11:631][820]LogModuleManager: Shutting down and abandoning module WindowsMoviePlayer (246)
[2019.11.18-23.12.11:631][820]LogModuleManager: Shutting down and abandoning module WmfMedia (244)
[2019.11.18-23.12.11:632][820]LogModuleManager: Shutting down and abandoning module Media (243)
[2019.11.18-23.12.11:637][820]LogModuleManager: Shutting down and abandoning module PacketHandler (240)
[2019.11.18-23.12.11:637][820]LogModuleManager: Shutting down and abandoning module ClothingSystemEditor (238)
[2019.11.18-23.12.11:637][820]LogModuleManager: Shutting down and abandoning module ClothingSystemRuntime (236)
[2019.11.18-23.12.11:637][820]LogModuleManager: Shutting down and abandoning module MediaAssets (234)
[2019.11.18-23.12.11:637][820]LogModuleManager: Shutting down and abandoning module Overlay (232)
[2019.11.18-23.12.11:637][820]LogModuleManager: Shutting down and abandoning module OverlayEditor (231)
[2019.11.18-23.12.11:637][820]LogModuleManager: Shutting down and abandoning module VREditor (228)
[2019.11.18-23.12.11:637][820]LogModuleManager: Shutting down and abandoning module StringTableEditor (226)
[2019.11.18-23.12.11:637][820]LogModuleManager: Shutting down and abandoning module GameplayTasksEditor (224)
[2019.11.18-23.12.11:637][820]LogModuleManager: Shutting down and abandoning module BehaviorTreeEditor (222)
[2019.11.18-23.12.11:637][820]LogModuleManager: Shutting down and abandoning module FunctionalTesting (220)
[2019.11.18-23.12.11:637][820]LogModuleManager: Shutting down and abandoning module CollisionAnalyzer (218)
[2019.11.18-23.12.11:637][820]LogModuleManager: Shutting down and abandoning module WorkspaceMenuStructure (217)
[2019.11.18-23.12.11:637][820]LogModuleManager: Shutting down and abandoning module UMG (214)
[2019.11.18-23.12.11:637][820]LogModuleManager: Shutting down and abandoning module UMGEditor (213)
[2019.11.18-23.12.11:637][820]LogModuleManager: Shutting down and abandoning module Sequencer (212)
[2019.11.18-23.12.11:638][820]LogModuleManager: Shutting down and abandoning module MessageLog (209)
[2019.11.18-23.12.11:638][820]LogModuleManager: Shutting down and abandoning module SlateReflector (204)
[2019.11.18-23.12.11:638][820]LogModuleManager: Shutting down and abandoning module Slate (202)
[2019.11.18-23.12.11:638][820]LogModuleManager: Shutting down and abandoning module EditorStyle (200)
[2019.11.18-23.12.11:639][820]LogModuleManager: Shutting down and abandoning module MRMesh (198)
[2019.11.18-23.12.11:639][820]LogModuleManager: Shutting down and abandoning module SourceCodeAccess (196)
[2019.11.18-23.12.11:639][820]LogModuleManager: Shutting down and abandoning module HeadMountedDisplay (194)
[2019.11.18-23.12.11:639][820]LogModuleManager: Shutting down and abandoning module XAudio2 (192)
[2019.11.18-23.12.11:639][820]LogModuleManager: Shutting down and abandoning module Networking (190)
[2019.11.18-23.12.11:639][820]LogModuleManager: Shutting down and abandoning module Core (188)
[2019.11.18-23.12.11:639][820]LogModuleManager: Shutting down and abandoning module LevelSequence (186)
[2019.11.18-23.12.11:639][820]LogModuleManager: Shutting down and abandoning module KismetCompiler (184)
[2019.11.18-23.12.11:639][820]LogModuleManager: Shutting down and abandoning module MeshUtilities (182)
[2019.11.18-23.12.11:639][820]LogModuleManager: Shutting down and abandoning module MeshMergeUtilities (181)
[2019.11.18-23.12.11:639][820]LogModuleManager: Shutting down and abandoning module MeshReductionInterface (180)
[2019.11.18-23.12.11:639][820]LogModuleManager: Shutting down and abandoning module SimplygonSwarm (179)
[2019.11.18-23.12.11:639][820]LogModuleManager: Shutting down and abandoning module ProxyLODMeshReduction (177)
[2019.11.18-23.12.11:639][820]LogModuleManager: Shutting down and abandoning module SimplygonMeshReduction (175)
[2019.11.18-23.12.11:639][820]LogModuleManager: Shutting down and abandoning module QuadricMeshReduction (173)
[2019.11.18-23.12.11:639][820]LogModuleManager: Shutting down and abandoning module MaterialBaking (169)
[2019.11.18-23.12.11:639][820]LogModuleManager: Shutting down and abandoning module DirectoryWatcher (165)
[2019.11.18-23.12.11:639][820]LogModuleManager: Shutting down and abandoning module DerivedDataCache (162)
[2019.11.18-23.12.11:665][820]LogDerivedDataCache: Shutdown
[2019.11.18-23.12.11:665][820]LogModuleManager: Shutting down and abandoning module XGEController (160)
[2019.11.18-23.12.11:665][820]LogXGEController: Cleaning working directory: C:/Users/s191230/AppData/Local/Temp/UnrealXGEWorkingDir/
[2019.11.18-23.12.11:665][820]LogModuleManager: Shutting down and abandoning module TargetPlatform (158)
[2019.11.18-23.12.11:665][820]LogModuleManager: Shutting down and abandoning module VulkanShaderFormat (157)
[2019.11.18-23.12.11:665][820]LogModuleManager: Shutting down and abandoning module ShaderFormatVectorVM (155)
[2019.11.18-23.12.11:665][820]LogModuleManager: Shutting down and abandoning module ShaderFormatOpenGL (153)
[2019.11.18-23.12.11:665][820]LogModuleManager: Shutting down and abandoning module ShaderFormatD3D (151)
[2019.11.18-23.12.11:665][820]LogModuleManager: Shutting down and abandoning module MetalShaderFormat (149)
[2019.11.18-23.12.11:665][820]LogModuleManager: Shutting down and abandoning module TextureFormatUncompressed (147)
[2019.11.18-23.12.11:665][820]LogModuleManager: Shutting down and abandoning module TextureFormatPVR (145)
[2019.11.18-23.12.11:665][820]LogModuleManager: Shutting down and abandoning module TextureFormatDXT (143)
[2019.11.18-23.12.11:665][820]LogModuleManager: Shutting down and abandoning module TextureFormatIntelISPCTexComp (141)
[2019.11.18-23.12.11:666][820]LogModuleManager: Shutting down and abandoning module TextureFormatASTC (139)
[2019.11.18-23.12.11:666][820]LogModuleManager: Shutting down and abandoning module ImageWrapper (138)
[2019.11.18-23.12.11:666][820]LogModuleManager: Shutting down and abandoning module TextureFormatAndroid (135)
[2019.11.18-23.12.11:666][820]LogModuleManager: Shutting down and abandoning module AudioFormatOpus (133)
[2019.11.18-23.12.11:666][820]LogModuleManager: Shutting down and abandoning module AudioFormatOgg (131)
[2019.11.18-23.12.11:666][820]LogModuleManager: Shutting down and abandoning module AudioFormatADPCM (129)
[2019.11.18-23.12.11:666][820]LogModuleManager: Shutting down and abandoning module LuminTargetPlatform (127)
[2019.11.18-23.12.11:666][820]LogModuleManager: Shutting down and abandoning module LinuxTargetPlatform (125)
[2019.11.18-23.12.11:666][820]LogModuleManager: Shutting down and abandoning module LinuxServerTargetPlatform (123)
[2019.11.18-23.12.11:666][820]LogModuleManager: Shutting down and abandoning module LinuxNoEditorTargetPlatform (121)
[2019.11.18-23.12.11:666][820]LogModuleManager: Shutting down and abandoning module LinuxClientTargetPlatform (119)
[2019.11.18-23.12.11:666][820]LogModuleManager: Shutting down and abandoning module TVOSTargetPlatform (117)
[2019.11.18-23.12.11:666][820]LogModuleManager: Shutting down and abandoning module Messaging (115)
[2019.11.18-23.12.11:666][820]LogModuleManager: Shutting down and abandoning module IOSTargetPlatform (113)
[2019.11.18-23.12.11:667][820]LogModuleManager: Shutting down and abandoning module HTML5TargetPlatform (111)
[2019.11.18-23.12.11:667][820]LogModuleManager: Shutting down and abandoning module AndroidTargetPlatform (109)
[2019.11.18-23.12.11:672][820]LogModuleManager: Shutting down and abandoning module WindowsTargetPlatform (107)
[2019.11.18-23.12.11:672][820]LogModuleManager: Shutting down and abandoning module WindowsServerTargetPlatform (105)
[2019.11.18-23.12.11:672][820]LogModuleManager: Shutting down and abandoning module WindowsNoEditorTargetPlatform (103)
[2019.11.18-23.12.11:672][820]LogModuleManager: Shutting down and abandoning module WindowsClientTargetPlatform (101)
[2019.11.18-23.12.11:672][820]LogModuleManager: Shutting down and abandoning module MacTargetPlatform (99)
[2019.11.18-23.12.11:672][820]LogModuleManager: Shutting down and abandoning module MacServerTargetPlatform (97)
[2019.11.18-23.12.11:672][820]LogModuleManager: Shutting down and abandoning module MacNoEditorTargetPlatform (95)
[2019.11.18-23.12.11:672][820]LogModuleManager: Shutting down and abandoning module MacClientTargetPlatform (93)
[2019.11.18-23.12.11:672][820]LogModuleManager: Shutting down and abandoning module AllDesktopTargetPlatform (91)
[2019.11.18-23.12.11:672][820]LogModuleManager: Shutting down and abandoning module InputCore (88)
[2019.11.18-23.12.11:672][820]LogModuleManager: Shutting down and abandoning module Settings (86)
[2019.11.18-23.12.11:672][820]LogModuleManager: Shutting down and abandoning module PhysXCooking (84)
[2019.11.18-23.12.11:672][820]LogModuleManager: Shutting down and abandoning module SteamVR (82)
[2019.11.18-23.12.11:672][820]LogModuleManager: Shutting down and abandoning module OculusHMD (80)
[2019.11.18-23.12.11:672][820]LogModuleManager: Shutting down and abandoning module ExampleDeviceProfileSelector (78)
[2019.11.18-23.12.11:672][820]LogModuleManager: Shutting down and abandoning module LauncherChunkInstaller (76)
[2019.11.18-23.12.11:672][820]LogModuleManager: Shutting down and abandoning module OnlineBlueprintSupport (74)
[2019.11.18-23.12.11:672][820]LogModuleManager: Shutting down and abandoning module OnlineSubsystem (70)
[2019.11.18-23.12.11:673][820]LogModuleManager: Shutting down and abandoning module XMPP (65)
[2019.11.18-23.12.11:673][820]LogModuleManager: Shutting down and abandoning module WebSockets (64)
[2019.11.18-23.12.11:676][820]LogModuleManager: Shutting down and abandoning module HTTP (61)
[2019.11.18-23.12.11:676][820]LogHttp: Display: Http module shutting down, but needs to wait on 1 outstanding Http requests:
[2019.11.18-23.12.11:676][820]LogHttp: Display: 	verb=[POST] url=[https://datarouter.ol.epicgames.com/datarouter/api/v1/public/data?SessionID=%7B521C9C9A-4D92-18E8-6F11-44B0398DB396%7D&AppID=UEEditor.Rocket.Release&AppVersion=4.20.3-4369336%2B%2B%2BUE4%2BRelease-4.20&UserID=4f7efca44010a13700dc2a9a84a5a038%7C%7Cb83f6bf5-eb1d-4616-9493-f069288c43d8&AppEnvironment=datacollector-binary&UploadType=eteventstream] status=Processing
[2019.11.18-23.12.11:710][820]LogModuleManager: Shutting down and abandoning module SSL (60)
[2019.11.18-23.12.11:712][820]LogModuleManager: Shutting down and abandoning module MagicLeapEmulator (56)
[2019.11.18-23.12.11:712][820]LogModuleManager: Shutting down and abandoning module MagicLeapPrivileges (54)
[2019.11.18-23.12.11:712][820]LogModuleManager: Shutting down and abandoning module MagicLeapIdentity (52)
[2019.11.18-23.12.11:712][820]LogModuleManager: Shutting down and abandoning module MagicLeapHelperVulkan (50)
[2019.11.18-23.12.11:712][820]LogModuleManager: Shutting down and abandoning module MagicLeapHelperOpenGL (48)
[2019.11.18-23.12.11:712][820]LogModuleManager: Shutting down and abandoning module MagicLeapSecureStorage (46)
[2019.11.18-23.12.11:712][820]LogModuleManager: Shutting down and abandoning module MagicLeapGestures (44)
[2019.11.18-23.12.11:712][820]LogModuleManager: Shutting down and abandoning module MagicLeapEyeTracker (42)
[2019.11.18-23.12.11:712][820]LogModuleManager: Shutting down and abandoning module MagicLeapController (40)
[2019.11.18-23.12.11:712][820]LogSlate: Slate User Destroyed.  User Index 0, Is Virtual User: 0
[2019.11.18-23.12.11:713][820]LogModuleManager: Shutting down and abandoning module MagicLeap (38)
[2019.11.18-23.12.11:713][820]LogModuleManager: Shutting down and abandoning module AnimationModifiers (36)
[2019.11.18-23.12.11:713][820]LogModuleManager: Shutting down and abandoning module PropertyEditor (35)
[2019.11.18-23.12.11:713][820]LogModuleManager: Shutting down and abandoning module AudioEditor (32)
[2019.11.18-23.12.11:713][820]LogModuleManager: Shutting down and abandoning module TextureCompressor (30)
[2019.11.18-23.12.11:713][820]LogModuleManager: Shutting down and abandoning module ShaderCore (28)
[2019.11.18-23.12.11:713][820]LogModuleManager: Shutting down and abandoning module Landscape (26)
[2019.11.18-23.12.11:713][820]LogModuleManager: Shutting down and abandoning module SlateRHIRenderer (24)
[2019.11.18-23.12.11:713][820]LogModuleManager: Shutting down and abandoning module OpenGLDrv (22)
[2019.11.18-23.12.11:713][820]LogModuleManager: Shutting down and abandoning module D3D11RHI (20)
[2019.11.18-23.12.11:713][820]LogModuleManager: Shutting down and abandoning module AnimGraphRuntime (18)
[2019.11.18-23.12.11:713][820]LogModuleManager: Shutting down and abandoning module Renderer (16)
[2019.11.18-23.12.11:713][820]LogModuleManager: Shutting down and abandoning module Engine (14)
[2019.11.18-23.12.11:713][820]LogModuleManager: Shutting down and abandoning module CoreUObject (12)
[2019.11.18-23.12.11:713][820]LogModuleManager: Shutting down and abandoning module NetworkFile (10)
[2019.11.18-23.12.11:713][820]LogModuleManager: Shutting down and abandoning module CookedIterativeFile (8)
[2019.11.18-23.12.11:713][820]LogModuleManager: Shutting down and abandoning module StreamingFile (6)
[2019.11.18-23.12.11:713][820]LogModuleManager: Shutting down and abandoning module SandboxFile (4)
[2019.11.18-23.12.11:713][820]LogModuleManager: Shutting down and abandoning module PakFile (2)
[2019.11.18-23.12.11:719][820]LogExit: Exiting.
[2019.11.18-23.12.11:739][820]Log file closed, 11/19/19 10:12:11
