Log file open, 11/13/19 12:03:03
LogWindows: Failed to load 'aqProf.dll' (GetLastError=126)
LogWindows: File 'aqProf.dll' does not exist
LogWindows: Failed to load 'VSPerf140.dll' (GetLastError=126)
LogWindows: File 'VSPerf140.dll' does not exist
LogWindows: Failed to load 'VtuneApi.dll' (GetLastError=126)
LogWindows: File 'VtuneApi.dll' does not exist
LogWindows: Failed to load 'VtuneApi32e.dll' (GetLastError=126)
LogWindows: File 'VtuneApi32e.dll' does not exist
LogInit: Display: Running engine for game: DeJaBrew_Prototyping
LogPlatformFile: Not using cached read wrapper
LogTaskGraph: Started task graph with 5 named threads and 23 total threads with 3 sets of task threads.
LogStats: Stats thread started at 0.268723
LogD3D11RHI: Loaded GFSDK_Aftermath_Lib.x64.dll
LogICUInternationalization: Display: ICU TimeZone Detection - Raw Offset: +10:00, Platform Override: ''
LogPluginManager: Mounting plugin Paper2D
LogPluginManager: Mounting plugin AISupport
LogPluginManager: Mounting plugin LightPropagationVolume
LogPluginManager: Mounting plugin CLionSourceCodeAccess
LogPluginManager: Mounting plugin CodeLiteSourceCodeAccess
LogPluginManager: Mounting plugin GitSourceControl
LogPluginManager: Mounting plugin KDevelopSourceCodeAccess
LogPluginManager: Mounting plugin NullSourceCodeAccess
LogPluginManager: Mounting plugin PerforceSourceControl
LogPluginManager: Mounting plugin SubversionSourceControl
LogPluginManager: Mounting plugin UObjectPlugin
LogPluginManager: Mounting plugin VisualStudioCodeSourceCodeAccess
LogPluginManager: Mounting plugin VisualStudioSourceCodeAccess
LogPluginManager: Mounting plugin XCodeSourceCodeAccess
LogPluginManager: Mounting plugin AssetManagerEditor
LogPluginManager: Mounting plugin CryptoKeys
LogPluginManager: Mounting plugin DataValidation
LogPluginManager: Mounting plugin FacialAnimation
LogPluginManager: Mounting plugin GameplayTagsEditor
LogPluginManager: Mounting plugin MacGraphicsSwitching
LogPluginManager: Mounting plugin MeshEditor
LogPluginManager: Mounting plugin MobileLauncherProfileWizard
LogPluginManager: Mounting plugin PluginBrowser
LogPluginManager: Mounting plugin SpeedTreeImporter
LogPluginManager: Mounting plugin DatasmithContent
LogPluginManager: Mounting plugin AlembicImporter
LogPluginManager: Mounting plugin AppleImageUtils
LogPluginManager: Mounting plugin AppleVision
LogPluginManager: Mounting plugin BackChannel
LogPluginManager: Mounting plugin CharacterAI
LogPluginManager: Mounting plugin GeometryCache
LogPluginManager: Mounting plugin HTML5Networking
LogPluginManager: Mounting plugin ProxyLODPlugin
LogPluginManager: Mounting plugin MagicLeap
LogPluginManager: Mounting plugin MagicLeapEmulator
LogPluginManager: Mounting plugin MagicLeapMedia
LogPluginManager: Mounting plugin AndroidMedia
LogPluginManager: Mounting plugin AvfMedia
LogPluginManager: Mounting plugin ImgMedia
LogPluginManager: Mounting plugin LinearTimecode
LogPluginManager: Mounting plugin MediaCompositing
LogPluginManager: Mounting plugin MediaPlayerEditor
LogPluginManager: Mounting plugin WmfMedia
LogPluginManager: Mounting plugin TcpMessaging
LogPluginManager: Mounting plugin UdpMessaging
LogPluginManager: Mounting plugin ActorSequence
LogPluginManager: Mounting plugin LevelSequenceEditor
LogPluginManager: Mounting plugin MatineeToLevelSequence
LogPluginManager: Mounting plugin NetcodeUnitTest
LogPluginManager: Mounting plugin NUTUnrealEngine4
LogPluginManager: Mounting plugin OnlineSubsystemGooglePlay
LogPluginManager: Mounting plugin OnlineSubsystemIOS
LogPluginManager: Mounting plugin OnlineSubsystem
LogPluginManager: Mounting plugin OnlineSubsystemNull
LogPluginManager: Mounting plugin OnlineSubsystemUtils
LogPluginManager: Mounting plugin LauncherChunkInstaller
LogPluginManager: Mounting plugin AndroidDeviceProfileSelector
LogPluginManager: Mounting plugin AndroidMoviePlayer
LogPluginManager: Mounting plugin AndroidPermission
LogPluginManager: Mounting plugin AppleMoviePlayer
LogPluginManager: Mounting plugin ArchVisCharacter
LogPluginManager: Mounting plugin AudioCapture
LogPluginManager: Mounting plugin CableComponent
LogPluginManager: Mounting plugin CustomMeshComponent
LogPluginManager: Mounting plugin EditableMesh
LogPluginManager: Mounting plugin ExampleDeviceProfileSelector
LogPluginManager: Mounting plugin GoogleCloudMessaging
LogPluginManager: Mounting plugin ImmediatePhysics
LogPluginManager: Mounting plugin IOSDeviceProfileSelector
LogPluginManager: Mounting plugin LinuxDeviceProfileSelector
LogPluginManager: Mounting plugin LocationServicesBPLibrary
LogPluginManager: Mounting plugin MobilePatchingUtils
LogPluginManager: Mounting plugin OculusVR
LogPluginManager: Plugin shader directory ../../../Engine/Plugins/Runtime/Oculus/OculusVR/Shaders found
LogPluginManager: Mapping shader source directory ../../../Engine/Plugins/Runtime/Oculus/OculusVR/Shaders to virtual directory /Plugin/OculusVR
LogPluginManager: Mounting plugin PhysXVehicles
LogPluginManager: Mounting plugin ProceduralMeshComponent
LogPluginManager: Mounting plugin RuntimePhysXCooking
LogPluginManager: Mounting plugin SteamVR
LogPluginManager: Mounting plugin WindowsMoviePlayer
LogStreaming: Display: Took  0.092s to configure plugins.
LogInit: Using libcurl 7.55.1-DEV
LogInit:  - built for x86_64-pc-win32
LogInit:  - supports SSL with OpenSSL/1.0.2h
LogInit:  - supports HTTP deflate (compression) using libz 1.2.8
LogInit:  - other features:
LogInit:      CURL_VERSION_SSL
LogInit:      CURL_VERSION_LIBZ
LogInit:      CURL_VERSION_IPV6
LogInit:      CURL_VERSION_ASYNCHDNS
LogInit:      CURL_VERSION_LARGEFILE
LogInit:      CURL_VERSION_IDN
LogInit:  CurlRequestOptions (configurable via config and command line):
LogInit:  - bVerifyPeer = false  - Libcurl will NOT verify peer certificate
LogInit:  - bUseHttpProxy = false  - Libcurl will NOT use HTTP proxy
LogInit:  - bDontReuseConnections = false  - Libcurl will reuse connections
LogInit:  - CertBundlePath = nullptr  - Libcurl will use whatever was configured at build time.
LogInit:  - MaxHostConnections = 16  - Libcurl will limit the number of connections to a host
LogInit:  - LocalHostAddr = Default
LogInit:  - BufferSize = 65536
LogInit: WinSock: version 1.1 (2.2), MaxSocks=32767, MaxUdp=65467
LogInit: Build: ++UE4+Release-4.20-CL-4369336
LogInit: Engine Version: 4.20.3-4369336+++UE4+Release-4.20
LogInit: Compatible Engine Version: 4.20.0-4212847+++UE4+Release-4.20
LogInit: Net CL: 4212847
LogInit: OS: Windows 10 (), CPU: Intel(R) Core(TM) i7-6700 CPU @ 3.40GHz, GPU: NVIDIA GeForce GTX 1060 6GB
LogInit: Compiled (64-bit): Sep 17 2018 12:26:19
LogInit: Compiled with Visual C++: 19.13.26129.00
LogInit: Build Configuration: Development
LogInit: Branch Name: ++UE4+Release-4.20
LogInit: Command Line: 
LogInit: Base Directory: C:/Program Files/Epic Games/UE_4.20/Engine/Binaries/Win64/
LogInit: Installed Engine Build: 1
LogDevObjectVersion: Number of dev versions registered: 20
LogDevObjectVersion:   Dev-Blueprints (B0D832E4-1F89-4F0D-ACCF-7EB736FD4AA2): 10
LogDevObjectVersion:   Dev-Build (E1C64328-A22C-4D53-A36C-8E866417BD8C): 0
LogDevObjectVersion:   Dev-Core (375EC13C-06E4-48FB-B500-84F0262A717E): 2
LogDevObjectVersion:   Dev-Editor (E4B068ED-F494-42E9-A231-DA0B2E46BB41): 24
LogDevObjectVersion:   Dev-Framework (CFFC743F-43B0-4480-9391-14DF171D2073): 34
LogDevObjectVersion:   Dev-Mobile (B02B49B5-BB20-44E9-A304-32B752E40360): 2
LogDevObjectVersion:   Dev-Networking (A4E4105C-59A1-49B5-A7C5-40C4547EDFEE): 0
LogDevObjectVersion:   Dev-Online (39C831C9-5AE6-47DC-9A44-9C173E1C8E7C): 0
LogDevObjectVersion:   Dev-Physics (78F01B33-EBEA-4F98-B9B4-84EACCB95AA2): 0
LogDevObjectVersion:   Dev-Platform (6631380F-2D4D-43E0-8009-CF276956A95A): 0
LogDevObjectVersion:   Dev-Rendering (12F88B9F-8875-4AFC-A67C-D90C383ABD29): 26
LogDevObjectVersion:   Dev-Sequencer (7B5AE74C-D270-4C10-A958-57980B212A5A): 9
LogDevObjectVersion:   Dev-VR (D7296918-1DD6-4BDD-9DE2-64A83CC13884): 2
LogDevObjectVersion:   Dev-LoadTimes (C2A15278-BFE7-4AFE-6C17-90FF531DF755): 1
LogDevObjectVersion:   Private-Geometry (6EACA3D4-40EC-4CC1-B786-8BED09428FC5): 3
LogDevObjectVersion:   Dev-AnimPhys (29E575DD-E0A3-4627-9D10-D276232CDCEA): 17
LogDevObjectVersion:   Dev-ReflectionCapture (6B266CEC-1EC7-4B8F-A30B-E4D90942FC07): 1
LogDevObjectVersion:   Dev-Automation (0DF73D61-A23F-47EA-B727-89E90C41499A): 1
LogDevObjectVersion:   FortniteMain (601D1886-AC64-4F84-AA16-D3DE0DEAC7D6): 12
LogDevObjectVersion:   Dev-Enterprise (9DFFBCD6-494F-0158-E221-12823C92A888): 1
LogStreaming: Display: Took  0.002s to delete old logs.
LogInit: Presizing for max 8388607 objects, including 0 objects not considered by GC, pre-allocating 0 bytes for permanent pool.
LogInit: Object subsystem initialized
[2019.11.13-01.03.03:767][  0]LogInit: Selected Device Profile: [Windows]
[2019.11.13-01.03.03:767][  0]LogInit: Applying CVar settings loaded from the selected device profile: [Windows]
[2019.11.13-01.03.03:779][  0]LogHAL: Display: Platform has ~ 32 GB [34293108736 / 34359738368 / 32], which maps to Largest [LargestMinGB=32, LargerMinGB=12, DefaultMinGB=8, SmallerMinGB=6, SmallestMinGB=0)
[2019.11.13-01.03.03:779][  0]LogInit: Setting Device Profile CVar: [[r.Vulkan.UseRealUBs:1]]
[2019.11.13-01.03.03:779][  0]LogInit: Going up to parent DeviceProfile []
[2019.11.13-01.03.03:779][  0]LogInit: Computer: SYD-C63DCC
[2019.11.13-01.03.03:779][  0]LogInit: User: s191273
[2019.11.13-01.03.03:779][  0]LogInit: CPU Page size=4096, Cores=4
[2019.11.13-01.03.03:779][  0]LogInit: High frequency timer resolution =3.328130 MHz
[2019.11.13-01.03.03:779][  0]LogMemory: Memory total: Physical=31.9GB (32GB approx)
[2019.11.13-01.03.03:779][  0]LogMemory: Platform Memory Stats for Windows
[2019.11.13-01.03.03:779][  0]LogMemory: Process Physical Memory: 99.88 MB used, 99.88 MB peak
[2019.11.13-01.03.03:779][  0]LogMemory: Process Virtual Memory: 90.90 MB used, 90.90 MB peak
[2019.11.13-01.03.03:780][  0]LogMemory: Physical Memory: 4656.73 MB used,  28047.73 MB free, 32704.46 MB total
[2019.11.13-01.03.03:780][  0]LogMemory: Virtual Memory: 4640.04 MB used,  28047.73 MB free, 134217728.00 MB total
[2019.11.13-01.03.03:796][  0]LogInit: Using OS detected language (en-US).
[2019.11.13-01.03.03:796][  0]LogInit: Using OS detected locale (en-US).
[2019.11.13-01.03.03:796][  0]LogTextLocalizationManager: No specific localization for 'en-US' exists, so the 'en' localization will be used.
[2019.11.13-01.03.04:148][  0]LogStreaming: Display: Took  0.352s to InitEngineTextLocalization.
[2019.11.13-01.03.04:148][  0]LogInit: Setting process to per monitor DPI aware
[2019.11.13-01.03.04:183][  0]LogSlate: New Slate User Created.  User Index 0, Is Virtual User: 0
[2019.11.13-01.03.04:183][  0]LogSlate: Slate User Registered.  User Index 0, Is Virtual User: 0
[2019.11.13-01.03.04:355][  0]LogHMD: Failed to initialize OpenVR with code 110
[2019.11.13-01.03.04:355][  0]LogD3D11RHI: D3D11 adapters:
[2019.11.13-01.03.04:409][  0]LogD3D11RHI:    0. 'NVIDIA GeForce GTX 1060 6GB' (Feature Level 11_0)
[2019.11.13-01.03.04:409][  0]LogD3D11RHI:       6052/0/16352 MB DedicatedVideo/DedicatedSystem/SharedSystem, Outputs:2, VendorId:0x10de
[2019.11.13-01.03.04:410][  0]LogD3D11RHI:    1. 'Microsoft Basic Render Driver' (Feature Level 11_0)
[2019.11.13-01.03.04:411][  0]LogD3D11RHI:       0/0/16352 MB DedicatedVideo/DedicatedSystem/SharedSystem, Outputs:0, VendorId:0x1414
[2019.11.13-01.03.04:411][  0]LogD3D11RHI: Chosen D3D11 Adapter: 0
[2019.11.13-01.03.04:415][  0]LogD3D11RHI: Creating new Direct3DDevice
[2019.11.13-01.03.04:415][  0]LogD3D11RHI:     GPU DeviceId: 0x1c03 (for the marketing name, search the web for "GPU Device Id")
[2019.11.13-01.03.04:415][  0]LogWindows: EnumDisplayDevices:
[2019.11.13-01.03.04:415][  0]LogWindows:    0. 'NVIDIA GeForce GTX 1060 6GB' (P:0 D:1)
[2019.11.13-01.03.04:416][  0]LogWindows:    1. 'NVIDIA GeForce GTX 1060 6GB' (P:1 D:1)
[2019.11.13-01.03.04:416][  0]LogWindows:    2. 'NVIDIA GeForce GTX 1060 6GB' (P:0 D:0)
[2019.11.13-01.03.04:416][  0]LogWindows:    3. 'NVIDIA GeForce GTX 1060 6GB' (P:0 D:0)
[2019.11.13-01.03.04:416][  0]LogWindows: DebugString: FoundDriverCount:4 
[2019.11.13-01.03.04:416][  0]LogD3D11RHI:     Adapter Name: NVIDIA GeForce GTX 1060 6GB
[2019.11.13-01.03.04:416][  0]LogD3D11RHI:   Driver Version: 417.35 (internal:25.21.14.1735, unified:417.35)
[2019.11.13-01.03.04:416][  0]LogD3D11RHI:      Driver Date: 12-11-2018
[2019.11.13-01.03.04:416][  0]LogRHI: Texture pool is 4236 MB (70% of 6052 MB)
[2019.11.13-01.03.04:449][  0]LogD3D11RHI: Async texture creation enabled
[2019.11.13-01.03.04:465][  0]LogD3D11RHI: GPU Timing Frequency: 1000.000000 (Debug: 2 2)
[2019.11.13-01.03.04:549][  0]LogShaderCompilers: Guid format shader working directory is -49 characters bigger than the processId version (../../../../../../Users/s191273/Documents/GitHub/DeJaBrew_Prototyping/DeJaBrew_Prototyping_Unreal/Intermediate/Shaders/WorkingDirectory/6044/).
[2019.11.13-01.03.04:549][  0]LogShaderCompilers: Cleaned the shader compiler working directory 'C:/Users/s191273/AppData/Local/Temp/UnrealShaderWorkingDir/8A78934C43435A87A1439CB47A2845B6/'.
[2019.11.13-01.03.04:754][  0]LogTemp: Display: Loaded TP AllDesktopTargetPlatform
[2019.11.13-01.03.04:766][  0]LogTemp: Display: Loaded TP MacClientTargetPlatform
[2019.11.13-01.03.04:777][  0]LogTemp: Display: Loaded TP MacNoEditorTargetPlatform
[2019.11.13-01.03.04:789][  0]LogTemp: Display: Loaded TP MacServerTargetPlatform
[2019.11.13-01.03.04:801][  0]LogTemp: Display: Loaded TP MacTargetPlatform
[2019.11.13-01.03.04:813][  0]LogTemp: Display: Loaded TP WindowsClientTargetPlatform
[2019.11.13-01.03.04:824][  0]LogTemp: Display: Loaded TP WindowsNoEditorTargetPlatform
[2019.11.13-01.03.04:836][  0]LogTemp: Display: Loaded TP WindowsServerTargetPlatform
[2019.11.13-01.03.04:841][  0]LogTemp: Display: Loaded TP WindowsTargetPlatform
[2019.11.13-01.03.04:909][  0]LogTemp: Display: Loaded TP AndroidTargetPlatform
[2019.11.13-01.03.04:909][  0]LogTemp: Display: Loaded TP AndroidTargetPlatform
[2019.11.13-01.03.04:909][  0]LogTemp: Display: Loaded TP AndroidTargetPlatform
[2019.11.13-01.03.04:909][  0]LogTemp: Display: Loaded TP AndroidTargetPlatform
[2019.11.13-01.03.04:909][  0]LogTemp: Display: Loaded TP AndroidTargetPlatform
[2019.11.13-01.03.04:909][  0]LogTemp: Display: Loaded TP AndroidTargetPlatform
[2019.11.13-01.03.04:910][  0]LogTemp: Display: Loaded TP AndroidTargetPlatform
[2019.11.13-01.03.04:910][  0]LogTemp: Display: Loaded TP AndroidTargetPlatform
[2019.11.13-01.03.04:910][  0]LogTemp: Display: Loaded TP AndroidTargetPlatform
[2019.11.13-01.03.04:910][  0]LogTemp: Display: Loaded TP AndroidTargetPlatform
[2019.11.13-01.03.04:910][  0]LogTemp: Display: Loaded TP AndroidTargetPlatform
[2019.11.13-01.03.04:910][  0]LogTemp: Display: Loaded TP AndroidTargetPlatform
[2019.11.13-01.03.04:910][  0]LogTemp: Display: Loaded TP AndroidTargetPlatform
[2019.11.13-01.03.04:910][  0]LogTemp: Display: Loaded TP AndroidTargetPlatform
[2019.11.13-01.03.04:910][  0]LogTemp: Display: Loaded TP AndroidTargetPlatform
[2019.11.13-01.03.04:910][  0]LogTemp: Display: Loaded TP AndroidTargetPlatform
[2019.11.13-01.03.04:910][  0]LogTemp: Display: Loaded TP AndroidTargetPlatform
[2019.11.13-01.03.04:910][  0]LogTemp: Display: Loaded TP AndroidTargetPlatform
[2019.11.13-01.03.04:911][  0]LogTemp: Display: Loaded TP HTML5TargetPlatform
[2019.11.13-01.03.04:966][  0]LogTemp: Display: Loaded TP IOSTargetPlatform
[2019.11.13-01.03.04:966][  0]LogTemp: Display: Loaded TP IOSTargetPlatform
[2019.11.13-01.03.04:987][  0]LogTemp: Display: Loaded TP TVOSTargetPlatform
[2019.11.13-01.03.04:987][  0]LogTemp: Display: Loaded TP TVOSTargetPlatform
[2019.11.13-01.03.04:998][  0]LogTemp: Display: Loaded TP LinuxClientTargetPlatform
[2019.11.13-01.03.05:008][  0]LogTemp: Display: Loaded TP LinuxNoEditorTargetPlatform
[2019.11.13-01.03.05:020][  0]LogTemp: Display: Loaded TP LinuxServerTargetPlatform
[2019.11.13-01.03.05:032][  0]LogTemp: Display: Loaded TP LinuxTargetPlatform
[2019.11.13-01.03.05:039][  0]LogTemp: Display: Loaded TP LuminTargetPlatform
[2019.11.13-01.03.05:039][  0]LogTargetPlatformManager: Display: Building Assets For Windows
[2019.11.13-01.03.05:083][  0]LogXGEController: Cleaning working directory: C:/Users/s191273/AppData/Local/Temp/UnrealXGEWorkingDir/
[2019.11.13-01.03.05:083][  0]LogXGEController: Cannot use XGE Controller as Incredibuild is not installed on this machine.
[2019.11.13-01.03.05:083][  0]LogShaderCompilers: Cannot use XGE Shader Compiler as Incredibuild is not installed on this machine.
[2019.11.13-01.03.05:083][  0]LogShaderCompilers: Display: Using Local Shader Compiler.
[2019.11.13-01.03.05:688][  0]LogDerivedDataCache: Display: Max Cache Size: 512 MB
[2019.11.13-01.03.05:732][  0]LogDerivedDataCache: Loaded boot cache 0.04s 71MB C:/Users/s191273/AppData/Local/UnrealEngine/4.20/DerivedDataCache/Boot.ddc.
[2019.11.13-01.03.05:733][  0]LogDerivedDataCache: Display: Loaded Boot cache: C:/Users/s191273/AppData/Local/UnrealEngine/4.20/DerivedDataCache/Boot.ddc
[2019.11.13-01.03.05:733][  0]LogDerivedDataCache: FDerivedDataBackendGraph:  Pak pak cache file ../../../../../../Users/s191273/Documents/GitHub/DeJaBrew_Prototyping/DeJaBrew_Prototyping_Unreal/DerivedDataCache/DDC.ddp not found, will not use a pak cache.
[2019.11.13-01.03.05:733][  0]LogDerivedDataCache: Unable to find inner node Pak for hierarchical cache Hierarchy.
[2019.11.13-01.03.05:733][  0]LogDerivedDataCache: FDerivedDataBackendGraph:  CompressedPak pak cache file ../../../../../../Users/s191273/Documents/GitHub/DeJaBrew_Prototyping/DeJaBrew_Prototyping_Unreal/DerivedDataCache/Compressed.ddp not found, will not use a pak cache.
[2019.11.13-01.03.05:733][  0]LogDerivedDataCache: Unable to find inner node CompressedPak for hierarchical cache Hierarchy.
[2019.11.13-01.03.05:744][  0]LogDerivedDataCache: Display: Pak cache opened for reading ../../../Engine/DerivedDataCache/Compressed.ddp.
[2019.11.13-01.03.05:756][  0]LogDerivedDataCache: Using Local data cache path C:/Users/s191273/AppData/Local/UnrealEngine/Common/DerivedDataCache: Writable
[2019.11.13-01.03.05:756][  0]LogDerivedDataCache: Shared data cache path not found in *engine.ini, will not use an Shared cache.
[2019.11.13-01.03.05:756][  0]LogDerivedDataCache: Unable to find inner node Shared for hierarchical cache Hierarchy.
[2019.11.13-01.03.05:772][  0]LogMaterial: Verifying Global Shaders for PCD3D_SM5
[2019.11.13-01.03.05:773][  0]LogSlate: Using FreeType 2.6.0
[2019.11.13-01.03.05:773][  0]LogSlate: SlateFontServices - WITH_FREETYPE: 1, WITH_HARFBUZZ: 1
[2019.11.13-01.03.05:838][  0]LogAssetRegistry: FAssetRegistry took 0.0260 seconds to start up
[2019.11.13-01.03.06:102][  0]LogInit: Selected Device Profile: [Windows]
[2019.11.13-01.03.06:212][  0]LogSimplygon: Simplygon DLL not present - disabling.
[2019.11.13-01.03.06:214][  0]LogMeshReduction: Using SimplygonSwarm for distributed automatic mesh merging
[2019.11.13-01.03.06:214][  0]LogMeshReduction: Using ProxyLODMeshReduction for automatic mesh merging
[2019.11.13-01.03.06:214][  0]LogMeshReduction: Using QuadricMeshReduction for automatic static mesh reduction
[2019.11.13-01.03.06:214][  0]LogMeshReduction: No automatic skeletal mesh reduction module available
[2019.11.13-01.03.06:227][  0]LogNetVersion: DeJaBrew_Prototyping 1.0.0, NetCL: 4212847, EngineNetVer: 5, GameNetVer: 0 (Checksum: 1964930159)
[2019.11.13-01.03.06:466][  0]LogLinker: Warning: The file '../../../Engine/Content/EditorMaterials/Thumbnails/SkySphereMaterial.uasset' contains unrecognizable data, check that it is of the expected type.
[2019.11.13-01.03.06:467][  0]LogLinker: Warning: The file '../../../Engine/Content/EditorMaterials/Thumbnails/SkySphereMaterial.uasset' contains unrecognizable data, check that it is of the expected type.
[2019.11.13-01.03.06:467][  0]LogLinker: Warning: The file '../../../Engine/Content/EditorMaterials/Thumbnails/SkySphereMaterial.uasset' contains unrecognizable data, check that it is of the expected type.
[2019.11.13-01.03.06:467][  0]LogLinker: Warning: The file '../../../Engine/Content/EditorMaterials/Thumbnails/SkySphereMaterial.uasset' contains unrecognizable data, check that it is of the expected type.
[2019.11.13-01.03.06:468][  0]LogLinker: Warning: The file '../../../Engine/Content/EditorMaterials/Thumbnails/SkySphereMaterial.uasset' contains unrecognizable data, check that it is of the expected type.
[2019.11.13-01.03.06:468][  0]LogLinker: Warning: The file '../../../Engine/Content/EditorMaterials/Thumbnails/SkySphereMaterial.uasset' contains unrecognizable data, check that it is of the expected type.
[2019.11.13-01.03.06:654][  0]LogPackageLocalizationCache: Processed 11 localized package path(s) for 2 prioritized culture(s) in 0.097279 seconds
[2019.11.13-01.03.06:661][  0]LogUObjectArray: 38422 objects as part of root set at end of initial load.
[2019.11.13-01.03.06:661][  0]LogUObjectAllocator: 6687768 out of 0 bytes used by permanent object pool.
[2019.11.13-01.03.06:661][  0]LogUObjectArray: CloseDisregardForGC: 0/0 objects in disregard for GC pool
[2019.11.13-01.03.07:357][  0]LogTcpMessaging: Initializing TcpMessaging bridge
[2019.11.13-01.03.07:370][  0]LogUdpMessaging: Initializing bridge on interface 0.0.0.0:0 to multicast group 230.0.0.1:6666.
[2019.11.13-01.03.07:495][  0]SourceControl: Source control is disabled
[2019.11.13-01.03.07:495][  0]SourceControl: Source control is disabled
[2019.11.13-01.03.07:496][  0]SourceControl: Source control is disabled
[2019.11.13-01.03.07:496][  0]SourceControl: Source control is disabled
[2019.11.13-01.03.07:647][  0]LogAndroidPermission: UAndroidPermissionCallbackProxy::GetInstance
[2019.11.13-01.03.07:688][  0]LogOcInput: OculusInput pre-init called
[2019.11.13-01.03.07:740][  0]LogEngine: Initializing Engine...
[2019.11.13-01.03.07:740][  0]LogHMD: Failed to initialize OpenVR with code 110
[2019.11.13-01.03.07:742][  0]LogStats: UGameplayTagsManager::ConstructGameplayTagTree: ImportINI prefixes -  0.000 s
[2019.11.13-01.03.07:742][  0]LogStats: UGameplayTagsManager::ConstructGameplayTagTree: Construct from data asset -  0.000 s
[2019.11.13-01.03.07:742][  0]LogStats: UGameplayTagsManager::ConstructGameplayTagTree: ImportINI -  0.000 s
[2019.11.13-01.03.07:742][  0]LogStats: UGameplayTagsManager::ConstructGameplayTagTree: GameplayTagTreeChangedEvent.Broadcast -  0.000 s
[2019.11.13-01.03.07:921][  0]LogInit: Initializing FReadOnlyCVARCache
[2019.11.13-01.03.07:932][  0]LogAIModule: Creating AISystem for world Untitled
[2019.11.13-01.03.07:939][  0]LogInit: XAudio2 using 'Speakers (Realtek High Definition Audio)' : 2 channels at 48 kHz using 32 bits per sample (channel mask 0x3)
[2019.11.13-01.03.07:953][  0]LogInit: FAudioDevice initialized.
[2019.11.13-01.03.07:954][  0]LogNetVersion: Set ProjectVersion to 1.0.0.0. Version Checksum will be recalculated on next use.
[2019.11.13-01.03.08:023][  0]LogDerivedDataCache: Saved boot cache 0.07s 71MB C:/Users/s191273/AppData/Local/UnrealEngine/4.20/DerivedDataCache/Boot.ddc.
[2019.11.13-01.03.08:027][  0]LogInit: Texture streaming: Enabled
[2019.11.13-01.03.08:039][  0]LogEngineSessionManager: EngineSessionManager initialized
[2019.11.13-01.03.08:052][  0]LogInit: Transaction tracking system initialized
[2019.11.13-01.03.08:068][  0]BlueprintLog: New page: Editor Load
[2019.11.13-01.03.08:124][  0]LocalizationService: Localization service is disabled
[2019.11.13-01.03.08:290][  0]LogLinker: Warning: The file '../../../Engine/Content/EditorMaterials/Thumbnails/SkySphereMaterial.uasset' contains unrecognizable data, check that it is of the expected type.
[2019.11.13-01.03.08:343][  0]LogCook: Display: Max memory allowance for cook 16384mb min free memory 0mb
[2019.11.13-01.03.08:343][  0]LogCook: Display: Mobile HDR setting 1
[2019.11.13-01.03.08:343][  0]LogGameplayTags: Display: UGameplayTagsManager::DoneAddingNativeTags. DelegateIsBound: 0
[2019.11.13-01.03.08:343][  0]LogStats: UGameplayTagsManager::ConstructGameplayTagTree: ImportINI prefixes -  0.000 s
[2019.11.13-01.03.08:343][  0]LogStats: UGameplayTagsManager::ConstructGameplayTagTree: Construct from data asset -  0.000 s
[2019.11.13-01.03.08:343][  0]LogStats: UGameplayTagsManager::ConstructGameplayTagTree: ImportINI -  0.000 s
[2019.11.13-01.03.08:343][  0]LogStats: UGameplayTagsManager::ConstructGameplayTagTree: GameplayTagTreeChangedEvent.Broadcast -  0.000 s
[2019.11.13-01.03.08:430][  0]LogFileCache: Scanning file cache for directory 'C:/Users/s191273/Documents/GitHub/DeJaBrew_Prototyping/DeJaBrew_Prototyping_Unreal/Content/' took 0.02s
[2019.11.13-01.03.08:430][  0]SourceControl: Source control is disabled
[2019.11.13-01.03.08:430][  0]Cmd: MAP LOAD FILE="../../../../../../Users/s191273/Documents/GitHub/DeJaBrew_Prototyping/DeJaBrew_Prototyping_Unreal/Content/SideScrollerBP/Maps/Template.umap" TEMPLATE=0 SHOWPROGRESS=1 FEATURELEVEL=3
[2019.11.13-01.03.08:431][  0]LightingResults: New page: Lighting Build
[2019.11.13-01.03.08:433][  0]MapCheck: New page: Map Check
[2019.11.13-01.03.08:433][  0]LightingResults: New page: Lighting Build
[2019.11.13-01.03.08:529][  0]LogLinker: Warning: Can't find file '/Game/SideScrollerBP/Sounds/DeathEnemy/Death_Enemy'
[2019.11.13-01.03.08:529][  0]LogLinker: Warning: Can't find file for asset '/Game/SideScrollerBP/Sounds/DeathEnemy/Death_Enemy' while loading ../../../../../../Users/s191273/Documents/GitHub/DeJaBrew_Prototyping/DeJaBrew_Prototyping_Unreal/Content/SideScrollerBP/Sounds/DeathEnemy/Death_Enemy_Cue.uasset.
[2019.11.13-01.03.08:529][  0]LoadErrors: Error: /Game/SideScrollerBP/Sounds/DeathEnemy/Death_Enemy_Cue : Can't find file for asset. /Game/SideScrollerBP/Sounds/DeathEnemy/Death_Enemy
[2019.11.13-01.03.08:529][  0]LogLinker: Warning: Can't find file '/Game/SideScrollerBP/Sounds/DeathEnemy/Death_Enemy'
[2019.11.13-01.03.08:530][  0]LogLinker: Warning: Can't find file for asset '/Game/SideScrollerBP/Sounds/DeathEnemy/Death_Enemy' while loading ../../../../../../Users/s191273/Documents/GitHub/DeJaBrew_Prototyping/DeJaBrew_Prototyping_Unreal/Content/SideScrollerBP/Sounds/DeathEnemy/Death_Enemy_Cue.uasset.
[2019.11.13-01.03.08:530][  0]LoadErrors: Error: /Game/SideScrollerBP/Sounds/DeathEnemy/Death_Enemy_Cue : Can't find file for asset. /Game/SideScrollerBP/Sounds/DeathEnemy/Death_Enemy
[2019.11.13-01.03.08:633][  0]LogLinker: Warning: Can't find file '/Game/SideScrollerBP/Sounds/Checkpoint/Checkpoint'
[2019.11.13-01.03.08:633][  0]LoadErrors: Failed to load /Game/SideScrollerBP/Sounds/Checkpoint/Checkpoint_Cue.Checkpoint_Cue Referenced by Checkpoint_Cue_GEN_VARIABLE
[2019.11.13-01.03.08:633][  0]LogLinker: Warning: Can't find file for asset '/Game/SideScrollerBP/Sounds/Checkpoint/Checkpoint' while loading ../../../../../../Users/s191273/Documents/GitHub/DeJaBrew_Prototyping/DeJaBrew_Prototyping_Unreal/Content/SideScrollerBP/Sounds/Checkpoint/Checkpoint_Cue.uasset.
[2019.11.13-01.03.08:633][  0]LoadErrors: Failed to load /Game/SideScrollerBP/Sounds/Checkpoint/Checkpoint_Cue.Checkpoint_Cue Referenced by Checkpoint_Cue_GEN_VARIABLE
[2019.11.13-01.03.08:633][  0]LoadErrors: Error: /Game/SideScrollerBP/Sounds/Checkpoint/Checkpoint_Cue : Can't find file for asset. /Game/SideScrollerBP/Sounds/Checkpoint/Checkpoint
[2019.11.13-01.03.08:633][  0]LogLinker: Warning: Can't find file '/Game/SideScrollerBP/Sounds/Checkpoint/Checkpoint'
[2019.11.13-01.03.08:633][  0]LoadErrors: Failed to load /Game/SideScrollerBP/Sounds/Checkpoint/Checkpoint_Cue.Checkpoint_Cue Referenced by Checkpoint_Cue_GEN_VARIABLE
[2019.11.13-01.03.08:633][  0]LogLinker: Warning: Can't find file for asset '/Game/SideScrollerBP/Sounds/Checkpoint/Checkpoint' while loading ../../../../../../Users/s191273/Documents/GitHub/DeJaBrew_Prototyping/DeJaBrew_Prototyping_Unreal/Content/SideScrollerBP/Sounds/Checkpoint/Checkpoint_Cue.uasset.
[2019.11.13-01.03.08:633][  0]LoadErrors: Failed to load /Game/SideScrollerBP/Sounds/Checkpoint/Checkpoint_Cue.Checkpoint_Cue Referenced by Checkpoint_Cue_GEN_VARIABLE
[2019.11.13-01.03.08:633][  0]LoadErrors: Error: /Game/SideScrollerBP/Sounds/Checkpoint/Checkpoint_Cue : Can't find file for asset. /Game/SideScrollerBP/Sounds/Checkpoint/Checkpoint
[2019.11.13-01.03.09:115][  0]LogLinker: Warning: Can't find file '/Game/SideScrollerBP/Sounds/DeathEnemy/Death_Enemy'
[2019.11.13-01.03.09:115][  0]LoadErrors: Failed to load /Game/SideScrollerBP/Sounds/DeathEnemy/Death_Enemy.Death_Enemy Referenced by SoundNodeWavePlayer_0
[2019.11.13-01.03.09:115][  0]LogLinker: Warning: Can't find file for asset '/Game/SideScrollerBP/Sounds/DeathEnemy/Death_Enemy' while loading NULL.
[2019.11.13-01.03.09:115][  0]LoadErrors: Failed to load /Game/SideScrollerBP/Sounds/DeathEnemy/Death_Enemy.Death_Enemy Referenced by SoundNodeWavePlayer_0
[2019.11.13-01.03.09:129][  0]LogLinker: Warning: Can't find file '/Game/SideScrollerBP/Sounds/Checkpoint/Checkpoint'
[2019.11.13-01.03.09:129][  0]LoadErrors: Failed to load /Game/SideScrollerBP/Sounds/Checkpoint/Checkpoint.Checkpoint Referenced by SoundNodeWavePlayer_0
[2019.11.13-01.03.09:129][  0]LogLinker: Warning: Can't find file for asset '/Game/SideScrollerBP/Sounds/Checkpoint/Checkpoint' while loading NULL.
[2019.11.13-01.03.09:129][  0]LoadErrors: Failed to load /Game/SideScrollerBP/Sounds/Checkpoint/Checkpoint.Checkpoint Referenced by SoundNodeWavePlayer_0
[2019.11.13-01.03.09:267][  0]LogLinker: Warning: Can't find file '/Game/SideScrollerBP/Sounds/DeathEnemy/Death_Enemy'
[2019.11.13-01.03.09:267][  0]LogUObjectGlobals: Warning: Failed to find object 'Object /Game/SideScrollerBP/Sounds/DeathEnemy/Death_Enemy.Death_Enemy'
[2019.11.13-01.03.09:334][  0]LogLinker: Warning: Can't find file '/Game/SideScrollerBP/Sounds/Checkpoint/Checkpoint'
[2019.11.13-01.03.09:334][  0]LogUObjectGlobals: Warning: Failed to find object 'Object /Game/SideScrollerBP/Sounds/Checkpoint/Checkpoint.Checkpoint'
[2019.11.13-01.03.09:560][  0]LogAIModule: Creating AISystem for world Template
[2019.11.13-01.03.09:600][  0]LogEditorServer: Finished looking for orphan Actors (0.000 secs)
[2019.11.13-01.03.09:626][  0]Cmd: MAP CHECKDEP NOCLEARLOG
[2019.11.13-01.03.09:703][  0]MapCheck: Map check complete: 0 Error(s), 0 Warning(s), took 76.683ms to complete.
[2019.11.13-01.03.09:703][  0]LogFileHelpers: Loading map 'Template' took 1.272
[2019.11.13-01.03.09:791][  0]LogSlate: Updating window title bar state: overlay mode, drag disabled, window buttons hidden, title bar hidden
[2019.11.13-01.03.09:798][  0]LogSlate: Updating window title bar state: overlay mode, drag disabled, window buttons hidden, title bar hidden
[2019.11.13-01.03.09:804][  0]LogSlate: Updating window title bar state: overlay mode, drag disabled, window buttons hidden, title bar hidden
[2019.11.13-01.03.09:811][  0]LogSlate: Updating window title bar state: overlay mode, drag disabled, window buttons hidden, title bar hidden
[2019.11.13-01.03.09:815][  0]LogCollectionManager: Loaded 0 collections in 0.001038 seconds
[2019.11.13-01.03.09:856][  0]LogFileCache: Scanning file cache for directory 'C:/Users/s191273/Documents/GitHub/DeJaBrew_Prototyping/DeJaBrew_Prototyping_Unreal/Saved/Collections/' took 0.01s
[2019.11.13-01.03.09:856][  0]LogFileCache: Scanning file cache for directory 'C:/Users/s191273/Documents/GitHub/DeJaBrew_Prototyping/DeJaBrew_Prototyping_Unreal/Content/Developers/s191273/Collections/' took 0.01s
[2019.11.13-01.03.09:856][  0]LogFileCache: Scanning file cache for directory 'C:/Users/s191273/Documents/GitHub/DeJaBrew_Prototyping/DeJaBrew_Prototyping_Unreal/Content/Collections/' took 0.01s
[2019.11.13-01.03.09:856][  0]LogCollectionManager: Rebuilt the GUID cache for 0 collections in 0.000000 seconds
[2019.11.13-01.03.09:864][  0]LogContentBrowser: Native class hierarchy populated in 0.0077 seconds. Added 2572 classes and 603 folders.
[2019.11.13-01.03.09:869][  0]LogContentBrowser: Native class hierarchy updated for 'WidgetCarousel' in 0.0002 seconds. Added 0 classes and 0 folders.
[2019.11.13-01.03.09:898][  0]LogContentBrowser: Native class hierarchy updated for 'AddContentDialog' in 0.0002 seconds. Added 0 classes and 0 folders.
[2019.11.13-01.03.09:904][  0]LogContentBrowser: Native class hierarchy updated for 'SceneOutliner' in 0.0002 seconds. Added 1 classes and 2 folders.
[2019.11.13-01.03.09:916][  0]LogSlate: Took 0.000284 seconds to synchronously load lazily loaded font '../../../Engine/Content/Slate/Fonts/Roboto-Regular.ttf' (155K)
[2019.11.13-01.03.09:918][  0]LogSlate: Took 0.000158 seconds to synchronously load lazily loaded font '../../../Engine/Content/Slate/Fonts/Roboto-Bold.ttf' (160K)
[2019.11.13-01.03.09:923][  0]LogSlate: Took 0.000157 seconds to synchronously load lazily loaded font '../../../Engine/Content/Editor/Slate/Fonts/FontAwesome.ttf' (139K)
[2019.11.13-01.03.09:997][  0]LogRenderer: Reallocating scene render targets to support 1216x576 Format 10 NumSamples 1 (Frame:1).
[2019.11.13-01.03.10:168][  0]LogContentBrowser: Native class hierarchy updated for 'HierarchicalLODOutliner' in 0.0002 seconds. Added 0 classes and 0 folders.
[2019.11.13-01.03.10:168][  0]LogLoad: (Engine Initialization) Total time: 7.68 seconds
[2019.11.13-01.03.10:169][  0]LogLoad: (Engine Initialization) Total Blueprint compile time: 0.00 seconds
[2019.11.13-01.03.10:179][  0]LogWindowsTextInputMethodSystem: Display: IME system now deactivated.
[2019.11.13-01.03.10:216][  0]LogContentStreaming: Texture pool size now 1000 MB
[2019.11.13-01.03.10:221][  0]LogSlate: FSceneViewport::OnFocusLost() reason 2
[2019.11.13-01.03.10:253][  0]LogSlate: Took 0.000194 seconds to synchronously load lazily loaded font '../../../Engine/Content/Slate/Fonts/Roboto-Light.ttf' (167K)
[2019.11.13-01.03.10:383][  1]LogAssetRegistry: Asset discovery search completed in 4.5677 seconds
[2019.11.13-01.03.10:385][  1]LogCollectionManager: Rebuilt the object cache for 0 collections in 0.000001 seconds (found 0 objects)
[2019.11.13-01.03.10:385][  1]LogCollectionManager: Fixed up redirectors for 0 collections in 0.000058 seconds (updated 0 objects)
[2019.11.13-01.03.11:827][131]LogSlate: Window 'Message Log' being destroyed
[2019.11.13-01.03.11:830][131]LogSlate: Window 'Message Log' being destroyed
[2019.11.13-01.03.13:191][288]LogSlate: Took 0.000231 seconds to synchronously load lazily loaded font '../../../Engine/Content/Slate/Fonts/Roboto-Light.ttf' (167K)
[2019.11.13-01.03.14:006][386]LogEditorViewport: Clicking on Actor (LMB): StaticMeshActor (Ethan)
[2019.11.13-01.03.15:377][540]LogFileCache: Retrieving MD5 hashes for directory 'C:/Users/s191273/Documents/GitHub/DeJaBrew_Prototyping/DeJaBrew_Prototyping_Unreal/Content/' took 5.18s
[2019.11.13-01.04.38:625][500]LogSlate: FSceneViewport::OnFocusLost() reason 0
[2019.11.13-01.04.38:949][510]LogSavePackage: Moving '../../../../../../Users/s191273/Documents/GitHub/DeJaBrew_Prototyping/DeJaBrew_Prototyping_Unreal/Saved/Template564ABBBE473C54C3EA54AABB567F3129.tmp' to '../../../../../../Users/s191273/Documents/GitHub/DeJaBrew_Prototyping/DeJaBrew_Prototyping_Unreal/Content/SideScrollerBP/Maps/Template.umap'
[2019.11.13-01.13.06:264][918]LogSlate: FSceneViewport::OnFocusLost() reason 0
[2019.11.13-01.13.30:099][733]LogContentBrowser: Verbose: The majority of assets in the view are of type: Skeleton
[2019.11.13-01.13.41:678][733]LogSlate: Window 'Create Animation Blueprint' being destroyed
[2019.11.13-01.14.59:098][488]LogAssetEditorManager: Opening Asset editor for AnimBlueprint /Game/SideScrollerBP/Animations/WalkAnim_BP.WalkAnim_BP
[2019.11.13-01.14.59:130][488]LogContentBrowser: Native class hierarchy updated for 'SkeletonEditor' in 0.0002 seconds. Added 1 classes and 2 folders.
[2019.11.13-01.14.59:325][488]LogActorComponent: RegisterComponentWithWorld: (/Engine/Transient.World_4:PersistentLevel.AnimationEditorPreviewActor_0.DebugSkelMeshComponent_0) Already registered. Aborting.
[2019.11.13-01.14.59:335][488]LogContentBrowser: Native class hierarchy updated for 'PinnedCommandList' in 0.0002 seconds. Added 1 classes and 0 folders.
[2019.11.13-01.14.59:714][488]LogContentBrowser: Native class hierarchy updated for 'BlueprintGraph' in 0.0005 seconds. Added 116 classes and 0 folders.
[2019.11.13-01.15.00:359][488]LogSkeletalMesh: USkeletalMeshComponent::InitArticulated : Bodies already created (/Engine/Transient.World_4:PersistentLevel.AnimationEditorPreviewActor_0.DebugSkelMeshComponent_0) - call TermArticulated first.
[2019.11.13-01.15.00:613][488]LogSlate: Took 0.000160 seconds to synchronously load lazily loaded font '../../../Engine/Content/Slate/Fonts/Roboto-BoldCondensed.ttf' (158K)
[2019.11.13-01.15.00:665][488]LogContentBrowser: Native class hierarchy updated for 'ClothingSystemEditorInterface' in 0.0002 seconds. Added 1 classes and 0 folders.
[2019.11.13-01.15.00:786][489]LogFileHelpers: Editor autosave (incl. sublevels) for '/Game/SideScrollerBP/Maps/Template' took 0.033
[2019.11.13-01.15.00:788][489]OBJ SavePackage: Generating thumbnails for [1] asset(s) in package [/Game/SideScrollerBP/Animations/WalkAnim_BP] ([1] browsable assets)...
[2019.11.13-01.15.00:799][489]OBJ SavePackage:     Rendered thumbnail for [AnimBlueprint /Game/SideScrollerBP/Animations/WalkAnim_BP.WalkAnim_BP]
[2019.11.13-01.15.00:799][489]OBJ SavePackage: Finished generating thumbnails for package [/Game/SideScrollerBP/Animations/WalkAnim_BP]
[2019.11.13-01.15.00:825][489]LogSavePackage: Moving '../../../../../../Users/s191273/Documents/GitHub/DeJaBrew_Prototyping/DeJaBrew_Prototyping_Unreal/Saved/WalkAnim_BP_Auto1B8055073461D97B5E91FEAAB5D7A3AD8.tmp' to '../../../../../../Users/s191273/Documents/GitHub/DeJaBrew_Prototyping/DeJaBrew_Prototyping_Unreal/Saved/Autosaves/Game/SideScrollerBP/Animations/WalkAnim_BP_Auto1.uasset'
[2019.11.13-01.15.00:826][489]LogFileHelpers: Auto-saving content packages took 0.038
[2019.11.13-01.17.58:011][394]LogTemp: Repeating last play command: Selected Viewport
[2019.11.13-01.17.58:027][394]LogBlueprintUserMessages: Early PlayInEditor Detection: Level '/Game/SideScrollerBP/Maps/Template.Template:PersistentLevel' has LevelScriptBlueprint '/Game/SideScrollerBP/Maps/Template.Template:PersistentLevel.Template' with GeneratedClass '/Game/SideScrollerBP/Maps/Template.Template_C' with ClassGeneratedBy '/Game/SideScrollerBP/Maps/Template.Template:PersistentLevel.Template'
[2019.11.13-01.17.58:027][394]LogPlayLevel: PlayLevel: No blueprints needed recompiling
[2019.11.13-01.17.58:039][394]PIE: New page: PIE session: Template (Nov 13, 2019, 11:17:58 PM)
[2019.11.13-01.17.58:039][394]LogPlayLevel: Creating play world package: /Game/SideScrollerBP/Maps/UEDPIE_0_Template
[2019.11.13-01.17.58:054][394]LogPlayLevel: PIE: StaticDuplicateObject took: (0.014915s)
[2019.11.13-01.17.58:055][394]LogAIModule: Creating AISystem for world Template
[2019.11.13-01.17.58:055][394]LogPlayLevel: PIE: World Init took: (0.000784s)
[2019.11.13-01.17.58:055][394]LogPlayLevel: PIE: Created PIE world by copying editor world from /Game/SideScrollerBP/Maps/Template.Template to /Game/SideScrollerBP/Maps/UEDPIE_0_Template.Template (0.015960s)
[2019.11.13-01.17.58:087][394]LogInit: XAudio2 using 'Speakers (Realtek High Definition Audio)' : 2 channels at 48 kHz using 32 bits per sample (channel mask 0x3)
[2019.11.13-01.17.58:099][394]LogInit: FAudioDevice initialized.
[2019.11.13-01.17.58:142][394]LogLoad: Game class is 'SideScrollerGameMode_C'
[2019.11.13-01.17.58:147][394]LogWorld: Bringing World /Game/SideScrollerBP/Maps/UEDPIE_0_Template.Template up for play (max tick rate 0) at 2019.11.13-12.17.58
[2019.11.13-01.17.58:148][394]LogWorld: Bringing up level for play took: 0.004993
[2019.11.13-01.17.58:163][394]LogContentBrowser: Native class hierarchy updated for 'MovieSceneCapture' in 0.0002 seconds. Added 10 classes and 0 folders.
[2019.11.13-01.17.58:165][394]LogSlate: Updating window title bar state: overlay mode, drag disabled, window buttons hidden, title bar hidden
[2019.11.13-01.17.58:166][394]PIE: Play in editor start time for /Game/SideScrollerBP/Maps/UEDPIE_0_Template 1.022
[2019.11.13-01.17.58:166][394]LogBlueprintUserMessages: Late PlayInEditor Detection: Level '/Game/SideScrollerBP/Maps/Template.Template:PersistentLevel' has LevelScriptBlueprint '/Game/SideScrollerBP/Maps/Template.Template:PersistentLevel.Template' with GeneratedClass '/Game/SideScrollerBP/Maps/Template.Template_C' with ClassGeneratedBy '/Game/SideScrollerBP/Maps/Template.Template:PersistentLevel.Template'
[2019.11.13-01.18.00:408][603]LogBlueprintUserMessages: Early EndPlayMap Detection: Level '/Game/SideScrollerBP/Maps/Template.Template:PersistentLevel' has LevelScriptBlueprint '/Game/SideScrollerBP/Maps/Template.Template:PersistentLevel.Template' with GeneratedClass '/Game/SideScrollerBP/Maps/Template.Template_C' with ClassGeneratedBy '/Game/SideScrollerBP/Maps/Template.Template:PersistentLevel.Template'
[2019.11.13-01.18.00:409][603]LogSlate: Updating window title bar state: overlay mode, drag disabled, window buttons hidden, title bar hidden
[2019.11.13-01.18.00:445][603]LogPlayLevel: Display: Shutting down PIE online subsystems
[2019.11.13-01.18.00:445][603]LogBlueprintUserMessages: Late EndPlayMap Detection: Level '/Game/SideScrollerBP/Maps/Template.Template:PersistentLevel' has LevelScriptBlueprint '/Game/SideScrollerBP/Maps/Template.Template:PersistentLevel.Template' with GeneratedClass '/Game/SideScrollerBP/Maps/Template.Template_C' with ClassGeneratedBy '/Game/SideScrollerBP/Maps/Template.Template:PersistentLevel.Template'
[2019.11.13-01.18.00:473][603]LogSlate: Updating window title bar state: overlay mode, drag disabled, window buttons hidden, title bar hidden
[2019.11.13-01.18.00:504][605]LogPlayLevel: Display: Destroying online subsystem :Context_9
[2019.11.13-01.20.04:561][539]LogSlate: FSceneViewport::OnFocusLost() reason 2
[2019.11.13-01.20.06:923][787]LogSlate: Window 'WalkAnim_BP*' being destroyed
[2019.11.13-01.20.17:460][502]LogFactory: FactoryCreateFile: StaticMesh with FbxFactory (0 0 ../../../../../../Users/s191273/Documents/GitHub/DeJaBrew_Prototyping/DeJaBrew_Prototyping_Unreal/Content/SideScrollerBP/Animations/CharaWalk_Anim.fbx)
[2019.11.13-01.20.17:474][502]LogFbx: Loading FBX Scene from ../../../../../../Users/s191273/Documents/GitHub/DeJaBrew_Prototyping/DeJaBrew_Prototyping_Unreal/Content/SideScrollerBP/Animations/CharaWalk_Anim.fbx
[2019.11.13-01.20.17:500][502]LogFbx: FBX Scene Loaded Succesfully
[2019.11.13-01.20.30:122][502]LogSlate: Window 'FBX Import Options' being destroyed
[2019.11.13-01.20.30:154][502]LogFbx: SortedLinks :(0) COG_jnt
[2019.11.13-01.20.30:154][502]LogFbx: SortedLinks :(1) spine01_jnt
[2019.11.13-01.20.30:154][502]LogFbx: SortedLinks :(2) spine02_jnt
[2019.11.13-01.20.30:154][502]LogFbx: SortedLinks :(3) spine03_jnt
[2019.11.13-01.20.30:154][502]LogFbx: SortedLinks :(4) neck_jnt
[2019.11.13-01.20.30:154][502]LogFbx: SortedLinks :(5) head_jnt
[2019.11.13-01.20.30:154][502]LogFbx: SortedLinks :(6) head_jnt_END
[2019.11.13-01.20.30:154][502]LogFbx: SortedLinks :(7) antenna_jnt
[2019.11.13-01.20.30:154][502]LogFbx: SortedLinks :(8) antenna_jnt_END
[2019.11.13-01.20.30:154][502]LogFbx: SortedLinks :(9) clavicle_l_jnt
[2019.11.13-01.20.30:154][502]LogFbx: SortedLinks :(10) shoulder_l_jnt
[2019.11.13-01.20.30:154][502]LogFbx: SortedLinks :(11) elbow_l_jnt
[2019.11.13-01.20.30:154][502]LogFbx: SortedLinks :(12) wrist_l_jnt
[2019.11.13-01.20.30:154][502]LogFbx: SortedLinks :(13) hand_l_jnt
[2019.11.13-01.20.30:154][502]LogFbx: SortedLinks :(14) thumb_1_l_jnt
[2019.11.13-01.20.30:154][502]LogFbx: SortedLinks :(15) thumb_2_l_jnt
[2019.11.13-01.20.30:154][502]LogFbx: SortedLinks :(16) thumb_3_l_jnt_END
[2019.11.13-01.20.30:154][502]LogFbx: SortedLinks :(17) index_1_l_jnt
[2019.11.13-01.20.30:154][502]LogFbx: SortedLinks :(18) index_2_l_jnt
[2019.11.13-01.20.30:154][502]LogFbx: SortedLinks :(19) index_3_l_jnt_END
[2019.11.13-01.20.30:154][502]LogFbx: SortedLinks :(20) ring_1_l_jnt
[2019.11.13-01.20.30:154][502]LogFbx: SortedLinks :(21) ring_2_l_jnt
[2019.11.13-01.20.30:154][502]LogFbx: SortedLinks :(22) ring_3_l_jnt_END
[2019.11.13-01.20.30:154][502]LogFbx: SortedLinks :(23) pinkie_1_l_jnt
[2019.11.13-01.20.30:154][502]LogFbx: SortedLinks :(24) pinkie_2_l_jnt
[2019.11.13-01.20.30:155][502]LogFbx: SortedLinks :(25) pinkie_3_l_jnt_END
[2019.11.13-01.20.30:155][502]LogFbx: SortedLinks :(26) clavicle_r_jnt
[2019.11.13-01.20.30:155][502]LogFbx: SortedLinks :(27) shoulder_r_jnt
[2019.11.13-01.20.30:155][502]LogFbx: SortedLinks :(28) elbow_r_jnt
[2019.11.13-01.20.30:155][502]LogFbx: SortedLinks :(29) wrist_r_jnt
[2019.11.13-01.20.30:155][502]LogFbx: SortedLinks :(30) hand_r_jnt
[2019.11.13-01.20.30:155][502]LogFbx: SortedLinks :(31) thumb_1_r_jnt
[2019.11.13-01.20.30:155][502]LogFbx: SortedLinks :(32) thumb_2_r_jnt
[2019.11.13-01.20.30:155][502]LogFbx: SortedLinks :(33) thumb_3_r_jnt_END
[2019.11.13-01.20.30:155][502]LogFbx: SortedLinks :(34) index_1_r_jnt
[2019.11.13-01.20.30:155][502]LogFbx: SortedLinks :(35) index_2_r_jnt
[2019.11.13-01.20.30:155][502]LogFbx: SortedLinks :(36) index_3_r_jnt_END
[2019.11.13-01.20.30:155][502]LogFbx: SortedLinks :(37) ring_1_r_jnt
[2019.11.13-01.20.30:155][502]LogFbx: SortedLinks :(38) ring_2_r_jnt
[2019.11.13-01.20.30:155][502]LogFbx: SortedLinks :(39) ring_3_r_jnt_END
[2019.11.13-01.20.30:155][502]LogFbx: SortedLinks :(40) pinkie_1_r_jnt
[2019.11.13-01.20.30:155][502]LogFbx: SortedLinks :(41) pinkie_2_r_jnt
[2019.11.13-01.20.30:155][502]LogFbx: SortedLinks :(42) pinkie_3_r_jnt_END
[2019.11.13-01.20.30:155][502]LogFbx: SortedLinks :(43) backpack_jnt_END
[2019.11.13-01.20.30:155][502]LogFbx: SortedLinks :(44) pelvis_jnt
[2019.11.13-01.20.30:155][502]LogFbx: SortedLinks :(45) hip_l_jnt
[2019.11.13-01.20.30:155][502]LogFbx: SortedLinks :(46) knee_l_jnt
[2019.11.13-01.20.30:155][502]LogFbx: SortedLinks :(47) ankle_l_jnt
[2019.11.13-01.20.30:155][502]LogFbx: SortedLinks :(48) ball_l_jnt
[2019.11.13-01.20.30:155][502]LogFbx: SortedLinks :(49) toe_l_jnt_END
[2019.11.13-01.20.30:155][502]LogFbx: SortedLinks :(50) apron_l_jnt_END
[2019.11.13-01.20.30:155][502]LogFbx: SortedLinks :(51) hip_r_jnt
[2019.11.13-01.20.30:155][502]LogFbx: SortedLinks :(52) knee_r_jnt
[2019.11.13-01.20.30:155][502]LogFbx: SortedLinks :(53) ankle_r_jnt
[2019.11.13-01.20.30:155][502]LogFbx: SortedLinks :(54) ball_r_jnt
[2019.11.13-01.20.30:155][502]LogFbx: SortedLinks :(55) toe_r_jnt_END
[2019.11.13-01.20.30:155][502]LogFbx: SortedLinks :(56) apron_r_jnt_END
[2019.11.13-01.20.30:156][502]LogFbx: Parsing AnimStack Take 001
[2019.11.13-01.20.30:161][502]LogLinker: Can't find file '/Game/SideScrollerBP/Animations/CharaWalk_Anim'
[2019.11.13-01.20.30:162][502]LogLinker: Can't find file '/Game/SideScrollerBP/Animations/CharaWalk_Anim'
[2019.11.13-01.20.30:313][502]LogAnimationCompression: Building Anim DDC data for AnimSequence /Game/SideScrollerBP/Animations/CharaWalk_Anim.CharaWalk_Anim
[2019.11.13-01.20.30:315][502]LogAnimationCompression: Recompressing (AnimSequence /Engine/Transient.CharaWalk_Anim) using current/default (AnimCompress_BitwiseCompressOnly_0) bFirstRecompressUsingCurrentOrDefault(1) bTryAlternateCompressor(0) IsCompressedDataValid(0)
[2019.11.13-01.20.30:326][502]FBXImport: Warning: Mesh [Geometry have no name] in the fbx file is not reference by any hierarchy node. 
[2019.11.13-01.20.30:326][502]FBXImport: Warning: Mesh [Geometry have no name] in the fbx file is not reference by any hierarchy node. 
[2019.11.13-01.20.30:326][502]FBXImport: Warning: Mesh [Geometry have no name] in the fbx file is not reference by any hierarchy node. 
[2019.11.13-01.20.30:326][502]FBXImport: Warning: Mesh [Geometry have no name] in the fbx file is not reference by any hierarchy node. 
[2019.11.13-01.20.33:257][840]LogSlate: Window 'Message Log' being destroyed
[2019.11.13-01.20.33:262][840]LogSlate: Window 'Message Log' being destroyed
[2019.11.13-01.20.34:695][999]LogAssetEditorManager: Opening Asset editor for AnimSequence /Game/SideScrollerBP/Animations/CharaWalk_Anim.CharaWalk_Anim
[2019.11.13-01.20.34:706][999]LogActorComponent: RegisterComponentWithWorld: (/Engine/Transient.World_9:PersistentLevel.AnimationEditorPreviewActor_0.DebugSkelMeshComponent_0) Already registered. Aborting.
[2019.11.13-01.20.34:726][999]LogSkeletalMesh: USkeletalMeshComponent::InitArticulated : Bodies already created (/Engine/Transient.World_9:PersistentLevel.AnimationEditorPreviewActor_0.DebugSkelMeshComponent_0) - call TermArticulated first.
[2019.11.13-01.20.35:034][999]LogContentBrowser: Verbose: The majority of assets in the view are of type: AnimSequence
[2019.11.13-01.20.46:027][918]LogSlate: Window 'Delete Assets' being destroyed
[2019.11.13-01.29.09:702][218]LogAssetEditorManager: Opening Asset editor for AnimBlueprint /Game/SideScrollerBP/Animations/WalkAnim_BP.WalkAnim_BP
[2019.11.13-01.29.09:711][218]LogActorComponent: RegisterComponentWithWorld: (/Engine/Transient.World_13:PersistentLevel.AnimationEditorPreviewActor_0.DebugSkelMeshComponent_0) Already registered. Aborting.
[2019.11.13-01.29.09:949][218]LogSkeletalMesh: USkeletalMeshComponent::InitArticulated : Bodies already created (/Engine/Transient.World_13:PersistentLevel.AnimationEditorPreviewActor_0.DebugSkelMeshComponent_0) - call TermArticulated first.
[2019.11.13-01.29.11:726][390]LogSlate: Window 'WalkAnim_BP*' being destroyed
[2019.11.13-01.33.28:165][576]LogAssetEditorManager: Opening Asset editor for Blueprint /Game/SideScrollerBP/Blueprints/SideScrollerCharacter.SideScrollerCharacter
[2019.11.13-01.33.28:634][577]LogSlate: Took 0.000226 seconds to synchronously load lazily loaded font '../../../Engine/Content/Slate/Fonts/Roboto-Italic.ttf' (157K)
[2019.11.13-01.33.31:174][809]LogSlate: Window 'SideScrollerCharacter' being destroyed
[2019.11.13-01.33.35:047][265]LogRenderer: Reallocating scene render targets to support 1216x712 Format 10 NumSamples 1 (Frame:1).
[2019.11.13-01.34.05:538][903]LogClass: Warning: In asset 'None', there is an enum property of type 'EAnimationMode' with an invalid value of ''
[2019.11.13-01.34.05:538][903]LogClass: Warning: In asset 'None', there is an enum property of type 'EAnimationMode' with an invalid value of ''
[2019.11.13-01.34.05:538][903]LogClass: Warning: In asset 'None', there is an enum property of type 'EAnimationMode' with an invalid value of ''
[2019.11.13-01.34.07:994][195]LogSlate: Prevented a slow task dialog from being summoned while a context menu was open
[2019.11.13-01.34.29:949][467]LogContentBrowser: Verbose: The majority of assets in the view are of type: Skeleton
[2019.11.13-02.31.53:075][467]LogSlate: Window 'Create Animation Blueprint' being destroyed
[2019.11.13-02.32.02:046][420]LogAssetEditorManager: Opening Asset editor for AnimBlueprint /Game/SideScrollerBP/Animations/JumpAnim_BP.JumpAnim_BP
[2019.11.13-02.32.02:055][420]LogActorComponent: RegisterComponentWithWorld: (/Engine/Transient.World_35:PersistentLevel.AnimationEditorPreviewActor_0.DebugSkelMeshComponent_0) Already registered. Aborting.
[2019.11.13-02.32.02:280][420]LogSkeletalMesh: USkeletalMeshComponent::InitArticulated : Bodies already created (/Engine/Transient.World_35:PersistentLevel.AnimationEditorPreviewActor_0.DebugSkelMeshComponent_0) - call TermArticulated first.
[2019.11.13-02.32.38:172][971]LogFileHelpers: Editor autosave (incl. sublevels) for '/Game/SideScrollerBP/Maps/Template' took 0.028
[2019.11.13-02.32.38:174][971]OBJ SavePackage: Generating thumbnails for [1] asset(s) in package [/Game/SideScrollerBP/Animations/JumpAnim_BP] ([1] browsable assets)...
[2019.11.13-02.32.38:192][971]OBJ SavePackage:     Rendered thumbnail for [AnimBlueprint /Game/SideScrollerBP/Animations/JumpAnim_BP.JumpAnim_BP]
[2019.11.13-02.32.38:192][971]OBJ SavePackage: Finished generating thumbnails for package [/Game/SideScrollerBP/Animations/JumpAnim_BP]
[2019.11.13-02.32.38:212][971]LogSavePackage: Moving '../../../../../../Users/s191273/Documents/GitHub/DeJaBrew_Prototyping/DeJaBrew_Prototyping_Unreal/Saved/JumpAnim_BP_Auto2965D50464DA3228A52DC57BD5890FE35.tmp' to '../../../../../../Users/s191273/Documents/GitHub/DeJaBrew_Prototyping/DeJaBrew_Prototyping_Unreal/Saved/Autosaves/Game/SideScrollerBP/Animations/JumpAnim_BP_Auto2.uasset'
[2019.11.13-02.32.38:214][971]LogFileHelpers: Auto-saving content packages took 0.040
[2019.11.13-02.34.21:674][312]LogSlate: Window 'JumpAnim_BP*' being destroyed
[2019.11.13-02.34.21:677][312]LogSlate: Window 'JumpAnim_BP*' being destroyed
[2019.11.13-02.34.55:575][735]LogSlate: Window 'Save Content' being destroyed
[2019.11.13-02.34.55:604][735]LogSavePackage: Moving '../../../../../../Users/s191273/Documents/GitHub/DeJaBrew_Prototyping/DeJaBrew_Prototyping_Unreal/Saved/JumpAnim_BP96BAD83D46BC0BAFB63107B68D8BA4FC.tmp' to '../../../../../../Users/s191273/Documents/GitHub/DeJaBrew_Prototyping/DeJaBrew_Prototyping_Unreal/Content/SideScrollerBP/Animations/JumpAnim_BP.uasset'
[2019.11.13-02.34.55:621][735]LogSavePackage: Moving '../../../../../../Users/s191273/Documents/GitHub/DeJaBrew_Prototyping/DeJaBrew_Prototyping_Unreal/Saved/WalkAnim_BP4D7CAA634AC1E4D94916AD988226F0EA.tmp' to '../../../../../../Users/s191273/Documents/GitHub/DeJaBrew_Prototyping/DeJaBrew_Prototyping_Unreal/Content/SideScrollerBP/Animations/WalkAnim_BP.uasset'
[2019.11.13-02.34.55:700][735]LogSlate: Window 'DeJaBrew_Prototyping - Unreal Editor' being destroyed
[2019.11.13-02.34.55:701][735]LogWindowsTextInputMethodSystem: Display: IME system now deactivated.
[2019.11.13-02.34.55:884][736]Cmd: QUIT_EDITOR
[2019.11.13-02.34.56:646][736]LogExit: Preparing to exit.
[2019.11.13-02.34.57:022][736]LogDirectoryWatcher: A directory notification failed for 'C:/Users/s191273/Documents/GitHub/DeJaBrew_Prototyping/DeJaBrew_Prototyping_Unreal/Content/', and we were unable to create a new request.
[2019.11.13-02.34.57:059][736]LogExit: Editor shut down
[2019.11.13-02.34.57:059][736]LogExit: Transaction tracking system shut down
[2019.11.13-02.34.57:552][736]LogExit: Object subsystem successfully closed.
[2019.11.13-02.34.57:583][736]LogShaderCompilers: Display: Shaders left to compile 0
[2019.11.13-02.34.57:593][736]LogD3D11RHI: Shutdown
[2019.11.13-02.34.57:593][736]LogD3D11RHI: CleanupD3DDevice
[2019.11.13-02.34.57:661][736]LogD3D11RHI: ~FD3D11DynamicRHI
[2019.11.13-02.34.57:677][736]LogModuleManager: Shutting down and abandoning module AnimationEditor (626)
[2019.11.13-02.34.57:677][736]LogModuleManager: Shutting down and abandoning module MovieSceneCapture (624)
[2019.11.13-02.34.57:677][736]LogModuleManager: Shutting down and abandoning module Voice (622)
[2019.11.13-02.34.57:677][736]LogModuleManager: Shutting down and abandoning module ClothingSystemEditorInterface (620)
[2019.11.13-02.34.57:677][736]LogModuleManager: Shutting down and abandoning module BlueprintGraph (618)
[2019.11.13-02.34.57:677][736]LogModuleManager: Shutting down and abandoning module PinnedCommandList (616)
[2019.11.13-02.34.57:677][736]LogModuleManager: Shutting down and abandoning module SkeletonEditor (614)
[2019.11.13-02.34.57:678][736]LogModuleManager: Shutting down and abandoning module AnimationBlueprintEditor (612)
[2019.11.13-02.34.57:678][736]LogModuleManager: Shutting down and abandoning module HierarchicalLODOutliner (610)
[2019.11.13-02.34.57:678][736]LogModuleManager: Shutting down and abandoning module SceneOutliner (608)
[2019.11.13-02.34.57:678][736]LogModuleManager: Shutting down and abandoning module AddContentDialog (606)
[2019.11.13-02.34.57:678][736]LogModuleManager: Shutting down and abandoning module WidgetCarousel (605)
[2019.11.13-02.34.57:678][736]LogModuleManager: Shutting down and abandoning module EditorWidgets (602)
[2019.11.13-02.34.57:678][736]LogModuleManager: Shutting down and abandoning module CollectionManager (600)
[2019.11.13-02.34.57:678][736]LogModuleManager: Shutting down and abandoning module StatsViewer (598)
[2019.11.13-02.34.57:678][736]LogModuleManager: Shutting down and abandoning module FoliageEdit (596)
[2019.11.13-02.34.57:678][736]LogModuleManager: Shutting down and abandoning module LandscapeEditor (594)
[2019.11.13-02.34.57:678][736]LogModuleManager: Shutting down and abandoning module MeshPaintMode (592)
[2019.11.13-02.34.57:678][736]LogModuleManager: Shutting down and abandoning module SceneDepthPickerMode (590)
[2019.11.13-02.34.57:678][736]LogModuleManager: Shutting down and abandoning module ActorPickerMode (588)
[2019.11.13-02.34.57:678][736]LogModuleManager: Shutting down and abandoning module GeometryMode (586)
[2019.11.13-02.34.57:678][736]LogModuleManager: Shutting down and abandoning module TextureAlignMode (584)
[2019.11.13-02.34.57:678][736]LogModuleManager: Shutting down and abandoning module BspMode (582)
[2019.11.13-02.34.57:678][736]LogModuleManager: Shutting down and abandoning module PIEPreviewDeviceProfileSelector (580)
[2019.11.13-02.34.57:678][736]LogModuleManager: Shutting down and abandoning module SequenceRecorderSections (578)
[2019.11.13-02.34.57:678][736]LogModuleManager: Shutting down and abandoning module AutomationWorker (576)
[2019.11.13-02.34.57:678][736]LogModuleManager: Shutting down and abandoning module AudioCaptureEditor (574)
[2019.11.13-02.34.57:678][736]LogModuleManager: Shutting down and abandoning module SequenceRecorder (573)
[2019.11.13-02.34.57:678][736]LogModuleManager: Shutting down and abandoning module MatineeToLevelSequence (570)
[2019.11.13-02.34.57:678][736]LogModuleManager: Shutting down and abandoning module LevelSequenceEditor (568)
[2019.11.13-02.34.57:678][736]LogModuleManager: Shutting down and abandoning module PlacementMode (567)
[2019.11.13-02.34.57:678][736]LogModuleManager: Shutting down and abandoning module MaterialEditor (566)
[2019.11.13-02.34.57:678][736]LogModuleManager: Shutting down and abandoning module WmfMediaFactory (562)
[2019.11.13-02.34.57:679][736]LogModuleManager: Shutting down and abandoning module WmfMediaEditor (560)
[2019.11.13-02.34.57:679][736]LogModuleManager: Shutting down and abandoning module MediaPlayerEditor (558)
[2019.11.13-02.34.57:679][736]LogModuleManager: Shutting down and abandoning module OpenExrWrapper (556)
[2019.11.13-02.34.57:679][736]LogModuleManager: Shutting down and abandoning module ImgMediaFactory (554)
[2019.11.13-02.34.57:679][736]LogModuleManager: Shutting down and abandoning module ImgMediaEditor (552)
[2019.11.13-02.34.57:679][736]LogModuleManager: Shutting down and abandoning module AvfMediaFactory (550)
[2019.11.13-02.34.57:679][736]LogModuleManager: Shutting down and abandoning module AvfMediaEditor (548)
[2019.11.13-02.34.57:679][736]LogModuleManager: Shutting down and abandoning module AndroidMediaFactory (546)
[2019.11.13-02.34.57:679][736]LogModuleManager: Shutting down and abandoning module AndroidMediaEditor (544)
[2019.11.13-02.34.57:679][736]LogModuleManager: Shutting down and abandoning module MagicLeapCameraPreviewFactory (542)
[2019.11.13-02.34.57:679][736]LogModuleManager: Shutting down and abandoning module MagicLeapMediaFactory (540)
[2019.11.13-02.34.57:679][736]LogModuleManager: Shutting down and abandoning module MagicLeapMediaEditor (538)
[2019.11.13-02.34.57:679][736]LogModuleManager: Shutting down and abandoning module CharacterAI (536)
[2019.11.13-02.34.57:679][736]LogModuleManager: Shutting down and abandoning module SmartSnapping (534)
[2019.11.13-02.34.57:679][736]LogModuleManager: Shutting down and abandoning module SessionServices (532)
[2019.11.13-02.34.57:679][736]LogModuleManager: Shutting down and abandoning module ViewportSnapping (530)
[2019.11.13-02.34.57:679][736]LogModuleManager: Shutting down and abandoning module ViewportInteraction (528)
[2019.11.13-02.34.57:679][736]LogModuleManager: Shutting down and abandoning module ClothPainter (526)
[2019.11.13-02.34.57:679][736]LogModuleManager: Shutting down and abandoning module SkeletalMeshEditor (525)
[2019.11.13-02.34.57:679][736]LogModuleManager: Shutting down and abandoning module LogVisualizer (522)
[2019.11.13-02.34.57:679][736]LogModuleManager: Shutting down and abandoning module IntroTutorials (520)
[2019.11.13-02.34.57:679][736]LogModuleManager: Shutting down and abandoning module GameProjectGeneration (519)
[2019.11.13-02.34.57:679][736]LogModuleManager: Shutting down and abandoning module LuminPlatformEditor (516)
[2019.11.13-02.34.57:679][736]LogModuleManager: Shutting down and abandoning module IOSPlatformEditor (514)
[2019.11.13-02.34.57:679][736]LogModuleManager: Shutting down and abandoning module HTML5PlatformEditor (512)
[2019.11.13-02.34.57:679][736]LogModuleManager: Shutting down and abandoning module AndroidPlatformEditor (510)
[2019.11.13-02.34.57:679][736]LogModuleManager: Shutting down and abandoning module AndroidDeviceDetection (509)
[2019.11.13-02.34.58:094][736]LogModuleManager: Shutting down and abandoning module WindowsPlatformEditor (506)
[2019.11.13-02.34.58:094][736]LogModuleManager: Shutting down and abandoning module LuminRuntimeSettings (504)
[2019.11.13-02.34.58:094][736]LogModuleManager: Shutting down and abandoning module IOSRuntimeSettings (502)
[2019.11.13-02.34.58:094][736]LogModuleManager: Shutting down and abandoning module AndroidRuntimeSettings (500)
[2019.11.13-02.34.58:094][736]LogModuleManager: Shutting down and abandoning module InputBindingEditor (498)
[2019.11.13-02.34.58:094][736]LogModuleManager: Shutting down and abandoning module MergeActors (496)
[2019.11.13-02.34.58:094][736]LogModuleManager: Shutting down and abandoning module LocalizationDashboard (494)
[2019.11.13-02.34.58:094][736]LogModuleManager: Shutting down and abandoning module LocalizationService (493)
[2019.11.13-02.34.58:094][736]LogModuleManager: Shutting down and abandoning module HardwareTargeting (490)
[2019.11.13-02.34.58:094][736]LogModuleManager: Shutting down and abandoning module DeviceProfileEditor (488)
[2019.11.13-02.34.58:094][736]LogModuleManager: Shutting down and abandoning module UndoHistory (486)
[2019.11.13-02.34.58:094][736]LogModuleManager: Shutting down and abandoning module XmlParser (484)
[2019.11.13-02.34.58:094][736]LogModuleManager: Shutting down and abandoning module Blutility (482)
[2019.11.13-02.34.58:094][736]LogModuleManager: Shutting down and abandoning module ProjectSettingsViewer (480)
[2019.11.13-02.34.58:094][736]LogModuleManager: Shutting down and abandoning module ProjectTargetPlatformEditor (479)
[2019.11.13-02.34.58:094][736]LogModuleManager: Shutting down and abandoning module EditorSettingsViewer (476)
[2019.11.13-02.34.58:094][736]LogModuleManager: Shutting down and abandoning module SettingsEditor (474)
[2019.11.13-02.34.58:094][736]LogModuleManager: Shutting down and abandoning module ProjectLauncher (472)
[2019.11.13-02.34.58:094][736]LogModuleManager: Shutting down and abandoning module SessionFrontend (470)
[2019.11.13-02.34.58:094][736]LogModuleManager: Shutting down and abandoning module ProfilerClient (468)
[2019.11.13-02.34.58:094][736]LogModuleManager: Shutting down and abandoning module DeviceManager (466)
[2019.11.13-02.34.58:094][736]LogModuleManager: Shutting down and abandoning module TargetDeviceServices (465)
[2019.11.13-02.34.58:148][736]LogModuleManager: Shutting down and abandoning module AutomationController (462)
[2019.11.13-02.34.58:148][736]LogModuleManager: Shutting down and abandoning module AutomationWindow (460)
[2019.11.13-02.34.58:148][736]LogModuleManager: Shutting down and abandoning module Layers (458)
[2019.11.13-02.34.58:148][736]LogModuleManager: Shutting down and abandoning module ComponentVisualizers (456)
[2019.11.13-02.34.58:148][736]LogModuleManager: Shutting down and abandoning module DetailCustomizations (454)
[2019.11.13-02.34.58:148][736]LogModuleManager: Shutting down and abandoning module PackagesDialog (452)
[2019.11.13-02.34.58:148][736]LogModuleManager: Shutting down and abandoning module Persona (450)
[2019.11.13-02.34.58:149][736]LogModuleManager: Shutting down and abandoning module AdvancedPreviewScene (449)
[2019.11.13-02.34.58:149][736]LogModuleManager: Shutting down and abandoning module AnimGraph (447)
[2019.11.13-02.34.58:149][736]LogModuleManager: Shutting down and abandoning module Kismet (444)
[2019.11.13-02.34.58:153][736]LogModuleManager: Shutting down and abandoning module GraphEditor (442)
[2019.11.13-02.34.58:153][736]LogModuleManager: Shutting down and abandoning module ClassViewer (440)
[2019.11.13-02.34.58:154][736]LogModuleManager: Shutting down and abandoning module Toolbox (438)
[2019.11.13-02.34.58:154][736]LogModuleManager: Shutting down and abandoning module ModuleUI (436)
[2019.11.13-02.34.58:154][736]LogModuleManager: Shutting down and abandoning module MovieSceneTools (434)
[2019.11.13-02.34.58:154][736]LogModuleManager: Shutting down and abandoning module OutputLog (432)
[2019.11.13-02.34.58:154][736]LogModuleManager: Shutting down and abandoning module GammaUI (430)
[2019.11.13-02.34.58:154][736]LogModuleManager: Shutting down and abandoning module Documentation (428)
[2019.11.13-02.34.58:154][736]LogModuleManager: Shutting down and abandoning module MovieSceneTracks (426)
[2019.11.13-02.34.58:154][736]LogModuleManager: Shutting down and abandoning module MovieScene (424)
[2019.11.13-02.34.58:154][736]LogModuleManager: Shutting down and abandoning module StreamingPauseRendering (422)
[2019.11.13-02.34.58:154][736]LogModuleManager: Shutting down and abandoning module LauncherPlatform (420)
[2019.11.13-02.34.58:154][736]LogModuleManager: Shutting down and abandoning module AnalyticsET (418)
[2019.11.13-02.34.58:154][736]LogModuleManager: Shutting down and abandoning module PortalServices (416)
[2019.11.13-02.34.58:154][736]LogModuleManager: Shutting down and abandoning module PortalRpc (414)
[2019.11.13-02.34.58:154][736]LogModuleManager: Shutting down and abandoning module MessagingRpc (412)
[2019.11.13-02.34.58:154][736]LogModuleManager: Shutting down and abandoning module AIModule (410)
[2019.11.13-02.34.58:154][736]LogModuleManager: Shutting down and abandoning module GameplayDebugger (409)
[2019.11.13-02.34.58:154][736]LogModuleManager: Shutting down and abandoning module AITestSuite (407)
[2019.11.13-02.34.58:154][736]LogModuleManager: Shutting down and abandoning module NavigationSystem (405)
[2019.11.13-02.34.58:154][736]LogModuleManager: Shutting down and abandoning module DesktopPlatform (402)
[2019.11.13-02.34.58:154][736]LogModuleManager: Shutting down and abandoning module ProfilerService (400)
[2019.11.13-02.34.58:255][736]LogModuleManager: Shutting down and abandoning module TaskGraph (398)
[2019.11.13-02.34.58:255][736]LogModuleManager: Shutting down and abandoning module SteamVRController (396)
[2019.11.13-02.34.58:255][736]LogModuleManager: Shutting down and abandoning module ProceduralMeshComponentEditor (394)
[2019.11.13-02.34.58:255][736]LogModuleManager: Shutting down and abandoning module ProceduralMeshComponent (392)
[2019.11.13-02.34.58:255][736]LogModuleManager: Shutting down and abandoning module OculusInput (390)
[2019.11.13-02.34.58:255][736]LogModuleManager: Shutting down and abandoning module MobilePatchingUtils (388)
[2019.11.13-02.34.58:255][736]LogModuleManager: Shutting down and abandoning module EditableMesh (386)
[2019.11.13-02.34.58:255][736]LogModuleManager: Shutting down and abandoning module CustomMeshComponent (384)
[2019.11.13-02.34.58:255][736]LogModuleManager: Shutting down and abandoning module CableComponent (382)
[2019.11.13-02.34.58:255][736]LogModuleManager: Shutting down and abandoning module AudioCapture (380)
[2019.11.13-02.34.58:257][736]LogModuleManager: Shutting down and abandoning module ArchVisCharacter (378)
[2019.11.13-02.34.58:257][736]LogModuleManager: Shutting down and abandoning module AndroidPermission (376)
[2019.11.13-02.34.58:257][736]LogModuleManager: Shutting down and abandoning module NUTUnrealEngine4 (374)
[2019.11.13-02.34.58:257][736]LogModuleManager: Shutting down and abandoning module NetcodeUnitTest (372)
[2019.11.13-02.34.58:257][736]LogModuleManager: Shutting down and abandoning module MediaCompositingEditor (370)
[2019.11.13-02.34.58:257][736]LogModuleManager: Shutting down and abandoning module MediaCompositing (368)
[2019.11.13-02.34.58:257][736]LogModuleManager: Shutting down and abandoning module LinearTimecode (366)
[2019.11.13-02.34.58:257][736]LogModuleManager: Shutting down and abandoning module ImgMedia (364)
[2019.11.13-02.34.58:259][736]LogModuleManager: Shutting down and abandoning module HTML5Networking (362)
[2019.11.13-02.34.58:259][736]LogModuleManager: Shutting down and abandoning module GeometryCacheTracks (360)
[2019.11.13-02.34.58:259][736]LogModuleManager: Shutting down and abandoning module GeometryCacheSequencer (358)
[2019.11.13-02.34.58:259][736]LogModuleManager: Shutting down and abandoning module BackChannel (356)
[2019.11.13-02.34.58:259][736]LogModuleManager: Shutting down and abandoning module AppleVision (354)
[2019.11.13-02.34.58:260][736]LogModuleManager: Shutting down and abandoning module AppleImageUtils (352)
[2019.11.13-02.34.58:260][736]LogModuleManager: Shutting down and abandoning module AlembicImporter (350)
[2019.11.13-02.34.58:260][736]LogModuleManager: Shutting down and abandoning module AlembicLibrary (349)
[2019.11.13-02.34.58:260][736]LogModuleManager: Shutting down and abandoning module GeometryCache (348)
[2019.11.13-02.34.58:260][736]LogModuleManager: Shutting down and abandoning module GeometryCacheEd (347)
[2019.11.13-02.34.58:260][736]LogModuleManager: Shutting down and abandoning module DatasmithContentEditor (342)
[2019.11.13-02.34.58:260][736]LogModuleManager: Shutting down and abandoning module DatasmithContent (340)
[2019.11.13-02.34.58:260][736]LogModuleManager: Shutting down and abandoning module SpeedTreeImporter (338)
[2019.11.13-02.34.58:260][736]LogModuleManager: Shutting down and abandoning module PluginBrowser (336)
[2019.11.13-02.34.58:260][736]LogModuleManager: Shutting down and abandoning module MobileLauncherProfileWizard (334)
[2019.11.13-02.34.58:260][736]LogModuleManager: Shutting down and abandoning module PolygonModeling (332)
[2019.11.13-02.34.58:260][736]LogModuleManager: Shutting down and abandoning module MeshEditor (330)
[2019.11.13-02.34.58:260][736]LogModuleManager: Shutting down and abandoning module CryptoKeysOpenSSL (328)
[2019.11.13-02.34.58:260][736]LogModuleManager: Shutting down and abandoning module CryptoKeys (326)
[2019.11.13-02.34.58:260][736]LogModuleManager: Shutting down and abandoning module VisualStudioSourceCodeAccess (324)
[2019.11.13-02.34.58:260][736]LogModuleManager: Shutting down and abandoning module VisualStudioCodeSourceCodeAccess (322)
[2019.11.13-02.34.58:260][736]LogModuleManager: Shutting down and abandoning module UObjectPlugin (320)
[2019.11.13-02.34.58:260][736]LogModuleManager: Shutting down and abandoning module SubversionSourceControl (318)
[2019.11.13-02.34.58:260][736]LogModuleManager: Shutting down and abandoning module PerforceSourceControl (316)
[2019.11.13-02.34.58:260][736]LogModuleManager: Shutting down and abandoning module GitSourceControl (314)
[2019.11.13-02.34.58:260][736]LogModuleManager: Shutting down and abandoning module SourceControl (313)
[2019.11.13-02.34.58:260][736]LogModuleManager: Shutting down and abandoning module CLionSourceCodeAccess (310)
[2019.11.13-02.34.58:260][736]LogModuleManager: Shutting down and abandoning module LightPropagationVolumeEditor (308)
[2019.11.13-02.34.58:260][736]LogModuleManager: Shutting down and abandoning module PaperTiledImporter (306)
[2019.11.13-02.34.58:260][736]LogModuleManager: Shutting down and abandoning module PaperSpriteSheetImporter (304)
[2019.11.13-02.34.58:261][736]LogModuleManager: Shutting down and abandoning module Paper2DEditor (302)
[2019.11.13-02.34.58:261][736]LogModuleManager: Shutting down and abandoning module MeshPaint (301)
[2019.11.13-02.34.58:261][736]LogModuleManager: Shutting down and abandoning module RuntimePhysXCooking (298)
[2019.11.13-02.34.58:261][736]LogModuleManager: Shutting down and abandoning module PhysXVehiclesEditor (296)
[2019.11.13-02.34.58:261][736]LogModuleManager: Shutting down and abandoning module PhysXVehicles (294)
[2019.11.13-02.34.58:261][736]LogModuleManager: Shutting down and abandoning module OculusEditor (292)
[2019.11.13-02.34.58:261][736]LogModuleManager: Shutting down and abandoning module LocationServicesBPLibrary (290)
[2019.11.13-02.34.58:261][736]LogModuleManager: Shutting down and abandoning module ImmediatePhysicsEditor (288)
[2019.11.13-02.34.58:261][736]LogModuleManager: Shutting down and abandoning module ImmediatePhysics (286)
[2019.11.13-02.34.58:261][736]LogModuleManager: Shutting down and abandoning module ActorSequence (284)
[2019.11.13-02.34.58:261][736]LogModuleManager: Shutting down and abandoning module UdpMessaging (282)
[2019.11.13-02.34.58:362][736]LogModuleManager: Shutting down and abandoning module TcpMessaging (280)
[2019.11.13-02.34.58:463][736]LogModuleManager: Shutting down and abandoning module MagicLeapAudio (278)
[2019.11.13-02.34.58:463][736]LogModuleManager: Shutting down and abandoning module GameplayTagsEditor (276)
[2019.11.13-02.34.58:463][736]LogModuleManager: Shutting down and abandoning module FacialAnimationEditor (274)
[2019.11.13-02.34.58:463][736]LogModuleManager: Shutting down and abandoning module FacialAnimation (272)
[2019.11.13-02.34.58:463][736]LogModuleManager: Shutting down and abandoning module DataValidation (270)
[2019.11.13-02.34.58:463][736]LogModuleManager: Shutting down and abandoning module AssetManagerEditor (268)
[2019.11.13-02.34.58:463][736]LogModuleManager: Shutting down and abandoning module LevelEditor (267)
[2019.11.13-02.34.58:463][736]LogModuleManager: Shutting down and abandoning module PixelInspectorModule (266)
[2019.11.13-02.34.58:463][736]LogModuleManager: Shutting down and abandoning module CommonMenuExtensions (264)
[2019.11.13-02.34.58:463][736]LogModuleManager: Shutting down and abandoning module MainFrame (262)
[2019.11.13-02.34.58:463][736]LogModuleManager: Shutting down and abandoning module HotReload (261)
[2019.11.13-02.34.58:464][736]LogModuleManager: Shutting down and abandoning module ContentBrowser (257)
[2019.11.13-02.34.58:465][736]LogModuleManager: Shutting down and abandoning module TreeMap (255)
[2019.11.13-02.34.58:465][736]LogModuleManager: Shutting down and abandoning module LightPropagationVolumeRuntime (252)
[2019.11.13-02.34.58:465][736]LogModuleManager: Shutting down and abandoning module AISupportModule (250)
[2019.11.13-02.34.58:465][736]LogModuleManager: Shutting down and abandoning module Paper2D (248)
[2019.11.13-02.34.58:465][736]LogModuleManager: Shutting down and abandoning module WindowsMoviePlayer (246)
[2019.11.13-02.34.58:465][736]LogModuleManager: Shutting down and abandoning module WmfMedia (244)
[2019.11.13-02.34.58:466][736]LogModuleManager: Shutting down and abandoning module Media (243)
[2019.11.13-02.34.58:472][736]LogModuleManager: Shutting down and abandoning module PacketHandler (240)
[2019.11.13-02.34.58:473][736]LogModuleManager: Shutting down and abandoning module ClothingSystemEditor (238)
[2019.11.13-02.34.58:473][736]LogModuleManager: Shutting down and abandoning module ClothingSystemRuntime (236)
[2019.11.13-02.34.58:473][736]LogModuleManager: Shutting down and abandoning module MediaAssets (234)
[2019.11.13-02.34.58:473][736]LogModuleManager: Shutting down and abandoning module Overlay (232)
[2019.11.13-02.34.58:473][736]LogModuleManager: Shutting down and abandoning module OverlayEditor (231)
[2019.11.13-02.34.58:473][736]LogModuleManager: Shutting down and abandoning module VREditor (228)
[2019.11.13-02.34.58:473][736]LogModuleManager: Shutting down and abandoning module StringTableEditor (226)
[2019.11.13-02.34.58:473][736]LogModuleManager: Shutting down and abandoning module GameplayTasksEditor (224)
[2019.11.13-02.34.58:473][736]LogModuleManager: Shutting down and abandoning module BehaviorTreeEditor (222)
[2019.11.13-02.34.58:473][736]LogModuleManager: Shutting down and abandoning module FunctionalTesting (220)
[2019.11.13-02.34.58:473][736]LogModuleManager: Shutting down and abandoning module CollisionAnalyzer (218)
[2019.11.13-02.34.58:473][736]LogModuleManager: Shutting down and abandoning module WorkspaceMenuStructure (217)
[2019.11.13-02.34.58:473][736]LogModuleManager: Shutting down and abandoning module UMG (214)
[2019.11.13-02.34.58:473][736]LogModuleManager: Shutting down and abandoning module UMGEditor (213)
[2019.11.13-02.34.58:473][736]LogModuleManager: Shutting down and abandoning module Sequencer (212)
[2019.11.13-02.34.58:473][736]LogModuleManager: Shutting down and abandoning module MessageLog (209)
[2019.11.13-02.34.58:473][736]LogModuleManager: Shutting down and abandoning module SlateReflector (204)
[2019.11.13-02.34.58:473][736]LogModuleManager: Shutting down and abandoning module Slate (202)
[2019.11.13-02.34.58:473][736]LogModuleManager: Shutting down and abandoning module EditorStyle (200)
[2019.11.13-02.34.58:474][736]LogModuleManager: Shutting down and abandoning module MRMesh (198)
[2019.11.13-02.34.58:474][736]LogModuleManager: Shutting down and abandoning module SourceCodeAccess (196)
[2019.11.13-02.34.58:474][736]LogModuleManager: Shutting down and abandoning module HeadMountedDisplay (194)
[2019.11.13-02.34.58:474][736]LogModuleManager: Shutting down and abandoning module XAudio2 (192)
[2019.11.13-02.34.58:474][736]LogModuleManager: Shutting down and abandoning module Networking (190)
[2019.11.13-02.34.58:474][736]LogModuleManager: Shutting down and abandoning module Core (188)
[2019.11.13-02.34.58:474][736]LogModuleManager: Shutting down and abandoning module LevelSequence (186)
[2019.11.13-02.34.58:475][736]LogModuleManager: Shutting down and abandoning module KismetCompiler (184)
[2019.11.13-02.34.58:475][736]LogModuleManager: Shutting down and abandoning module MeshUtilities (182)
[2019.11.13-02.34.58:475][736]LogModuleManager: Shutting down and abandoning module MeshMergeUtilities (181)
[2019.11.13-02.34.58:475][736]LogModuleManager: Shutting down and abandoning module MeshReductionInterface (180)
[2019.11.13-02.34.58:475][736]LogModuleManager: Shutting down and abandoning module SimplygonSwarm (179)
[2019.11.13-02.34.58:475][736]LogModuleManager: Shutting down and abandoning module ProxyLODMeshReduction (177)
[2019.11.13-02.34.58:475][736]LogModuleManager: Shutting down and abandoning module SimplygonMeshReduction (175)
[2019.11.13-02.34.58:475][736]LogModuleManager: Shutting down and abandoning module QuadricMeshReduction (173)
[2019.11.13-02.34.58:475][736]LogModuleManager: Shutting down and abandoning module MaterialBaking (169)
[2019.11.13-02.34.58:475][736]LogModuleManager: Shutting down and abandoning module DirectoryWatcher (165)
[2019.11.13-02.34.58:475][736]LogModuleManager: Shutting down and abandoning module DerivedDataCache (162)
[2019.11.13-02.34.58:481][736]LogDerivedDataCache: Shutdown
[2019.11.13-02.34.58:481][736]LogModuleManager: Shutting down and abandoning module XGEController (160)
[2019.11.13-02.34.58:481][736]LogXGEController: Cleaning working directory: C:/Users/s191273/AppData/Local/Temp/UnrealXGEWorkingDir/
[2019.11.13-02.34.58:481][736]LogModuleManager: Shutting down and abandoning module TargetPlatform (158)
[2019.11.13-02.34.58:481][736]LogModuleManager: Shutting down and abandoning module VulkanShaderFormat (157)
[2019.11.13-02.34.58:481][736]LogModuleManager: Shutting down and abandoning module ShaderFormatVectorVM (155)
[2019.11.13-02.34.58:481][736]LogModuleManager: Shutting down and abandoning module ShaderFormatOpenGL (153)
[2019.11.13-02.34.58:481][736]LogModuleManager: Shutting down and abandoning module ShaderFormatD3D (151)
[2019.11.13-02.34.58:481][736]LogModuleManager: Shutting down and abandoning module MetalShaderFormat (149)
[2019.11.13-02.34.58:482][736]LogModuleManager: Shutting down and abandoning module TextureFormatUncompressed (147)
[2019.11.13-02.34.58:482][736]LogModuleManager: Shutting down and abandoning module TextureFormatPVR (145)
[2019.11.13-02.34.58:482][736]LogModuleManager: Shutting down and abandoning module TextureFormatDXT (143)
[2019.11.13-02.34.58:482][736]LogModuleManager: Shutting down and abandoning module TextureFormatIntelISPCTexComp (141)
[2019.11.13-02.34.58:482][736]LogModuleManager: Shutting down and abandoning module TextureFormatASTC (139)
[2019.11.13-02.34.58:482][736]LogModuleManager: Shutting down and abandoning module ImageWrapper (138)
[2019.11.13-02.34.58:482][736]LogModuleManager: Shutting down and abandoning module TextureFormatAndroid (135)
[2019.11.13-02.34.58:482][736]LogModuleManager: Shutting down and abandoning module AudioFormatOpus (133)
[2019.11.13-02.34.58:482][736]LogModuleManager: Shutting down and abandoning module AudioFormatOgg (131)
[2019.11.13-02.34.58:482][736]LogModuleManager: Shutting down and abandoning module AudioFormatADPCM (129)
[2019.11.13-02.34.58:482][736]LogModuleManager: Shutting down and abandoning module LuminTargetPlatform (127)
[2019.11.13-02.34.58:482][736]LogModuleManager: Shutting down and abandoning module LinuxTargetPlatform (125)
[2019.11.13-02.34.58:482][736]LogModuleManager: Shutting down and abandoning module LinuxServerTargetPlatform (123)
[2019.11.13-02.34.58:482][736]LogModuleManager: Shutting down and abandoning module LinuxNoEditorTargetPlatform (121)
[2019.11.13-02.34.58:482][736]LogModuleManager: Shutting down and abandoning module LinuxClientTargetPlatform (119)
[2019.11.13-02.34.58:482][736]LogModuleManager: Shutting down and abandoning module TVOSTargetPlatform (117)
[2019.11.13-02.34.58:482][736]LogModuleManager: Shutting down and abandoning module Messaging (115)
[2019.11.13-02.34.58:482][736]LogModuleManager: Shutting down and abandoning module IOSTargetPlatform (113)
[2019.11.13-02.34.58:483][736]LogModuleManager: Shutting down and abandoning module HTML5TargetPlatform (111)
[2019.11.13-02.34.58:483][736]LogModuleManager: Shutting down and abandoning module AndroidTargetPlatform (109)
[2019.11.13-02.34.58:488][736]LogModuleManager: Shutting down and abandoning module WindowsTargetPlatform (107)
[2019.11.13-02.34.58:488][736]LogModuleManager: Shutting down and abandoning module WindowsServerTargetPlatform (105)
[2019.11.13-02.34.58:488][736]LogModuleManager: Shutting down and abandoning module WindowsNoEditorTargetPlatform (103)
[2019.11.13-02.34.58:488][736]LogModuleManager: Shutting down and abandoning module WindowsClientTargetPlatform (101)
[2019.11.13-02.34.58:488][736]LogModuleManager: Shutting down and abandoning module MacTargetPlatform (99)
[2019.11.13-02.34.58:488][736]LogModuleManager: Shutting down and abandoning module MacServerTargetPlatform (97)
[2019.11.13-02.34.58:488][736]LogModuleManager: Shutting down and abandoning module MacNoEditorTargetPlatform (95)
[2019.11.13-02.34.58:488][736]LogModuleManager: Shutting down and abandoning module MacClientTargetPlatform (93)
[2019.11.13-02.34.58:488][736]LogModuleManager: Shutting down and abandoning module AllDesktopTargetPlatform (91)
[2019.11.13-02.34.58:488][736]LogModuleManager: Shutting down and abandoning module InputCore (88)
[2019.11.13-02.34.58:488][736]LogModuleManager: Shutting down and abandoning module Settings (86)
[2019.11.13-02.34.58:488][736]LogModuleManager: Shutting down and abandoning module PhysXCooking (84)
[2019.11.13-02.34.58:488][736]LogModuleManager: Shutting down and abandoning module SteamVR (82)
[2019.11.13-02.34.58:488][736]LogModuleManager: Shutting down and abandoning module OculusHMD (80)
[2019.11.13-02.34.58:488][736]LogModuleManager: Shutting down and abandoning module ExampleDeviceProfileSelector (78)
[2019.11.13-02.34.58:488][736]LogModuleManager: Shutting down and abandoning module LauncherChunkInstaller (76)
[2019.11.13-02.34.58:488][736]LogModuleManager: Shutting down and abandoning module OnlineBlueprintSupport (74)
[2019.11.13-02.34.58:488][736]LogModuleManager: Shutting down and abandoning module OnlineSubsystem (70)
[2019.11.13-02.34.58:489][736]LogModuleManager: Shutting down and abandoning module XMPP (65)
[2019.11.13-02.34.58:489][736]LogModuleManager: Shutting down and abandoning module WebSockets (64)
[2019.11.13-02.34.58:498][736]LogModuleManager: Shutting down and abandoning module HTTP (61)
[2019.11.13-02.34.58:498][736]LogHttp: Display: Http module shutting down, but needs to wait on 1 outstanding Http requests:
[2019.11.13-02.34.58:498][736]LogHttp: Display: 	verb=[POST] url=[https://datarouter.ol.epicgames.com/datarouter/api/v1/public/data?SessionID=%7B63021FB3-4DDA-D7CF-A0D8-5D914F420F6D%7D&AppID=UEEditor.Rocket.Release&AppVersion=4.20.3-4369336%2B%2B%2BUE4%2BRelease-4.20&UserID=ded914804a13d72480500ca0e5f35a68%7C%7C8477ab9a-818f-47f2-b5e7-b7f2564a0fd7&AppEnvironment=datacollector-binary&UploadType=eteventstream] status=Processing
[2019.11.13-02.34.58:519][736]LogModuleManager: Shutting down and abandoning module SSL (60)
[2019.11.13-02.34.58:520][736]LogModuleManager: Shutting down and abandoning module MagicLeapEmulator (56)
[2019.11.13-02.34.58:520][736]LogModuleManager: Shutting down and abandoning module MagicLeapPrivileges (54)
[2019.11.13-02.34.58:520][736]LogModuleManager: Shutting down and abandoning module MagicLeapIdentity (52)
[2019.11.13-02.34.58:520][736]LogModuleManager: Shutting down and abandoning module MagicLeapHelperVulkan (50)
[2019.11.13-02.34.58:520][736]LogModuleManager: Shutting down and abandoning module MagicLeapHelperOpenGL (48)
[2019.11.13-02.34.58:520][736]LogModuleManager: Shutting down and abandoning module MagicLeapSecureStorage (46)
[2019.11.13-02.34.58:520][736]LogModuleManager: Shutting down and abandoning module MagicLeapGestures (44)
[2019.11.13-02.34.58:520][736]LogModuleManager: Shutting down and abandoning module MagicLeapEyeTracker (42)
[2019.11.13-02.34.58:520][736]LogModuleManager: Shutting down and abandoning module MagicLeapController (40)
[2019.11.13-02.34.58:520][736]LogSlate: Slate User Destroyed.  User Index 0, Is Virtual User: 0
[2019.11.13-02.34.58:520][736]LogModuleManager: Shutting down and abandoning module MagicLeap (38)
[2019.11.13-02.34.58:520][736]LogModuleManager: Shutting down and abandoning module AnimationModifiers (36)
[2019.11.13-02.34.58:520][736]LogModuleManager: Shutting down and abandoning module PropertyEditor (35)
[2019.11.13-02.34.58:520][736]LogModuleManager: Shutting down and abandoning module AudioEditor (32)
[2019.11.13-02.34.58:520][736]LogModuleManager: Shutting down and abandoning module TextureCompressor (30)
[2019.11.13-02.34.58:520][736]LogModuleManager: Shutting down and abandoning module ShaderCore (28)
[2019.11.13-02.34.58:520][736]LogModuleManager: Shutting down and abandoning module Landscape (26)
[2019.11.13-02.34.58:520][736]LogModuleManager: Shutting down and abandoning module SlateRHIRenderer (24)
[2019.11.13-02.34.58:521][736]LogModuleManager: Shutting down and abandoning module OpenGLDrv (22)
[2019.11.13-02.34.58:521][736]LogModuleManager: Shutting down and abandoning module D3D11RHI (20)
[2019.11.13-02.34.58:521][736]LogModuleManager: Shutting down and abandoning module AnimGraphRuntime (18)
[2019.11.13-02.34.58:521][736]LogModuleManager: Shutting down and abandoning module Renderer (16)
[2019.11.13-02.34.58:521][736]LogModuleManager: Shutting down and abandoning module Engine (14)
[2019.11.13-02.34.58:521][736]LogModuleManager: Shutting down and abandoning module CoreUObject (12)
[2019.11.13-02.34.58:521][736]LogModuleManager: Shutting down and abandoning module NetworkFile (10)
[2019.11.13-02.34.58:521][736]LogModuleManager: Shutting down and abandoning module CookedIterativeFile (8)
[2019.11.13-02.34.58:521][736]LogModuleManager: Shutting down and abandoning module StreamingFile (6)
[2019.11.13-02.34.58:521][736]LogModuleManager: Shutting down and abandoning module SandboxFile (4)
[2019.11.13-02.34.58:521][736]LogModuleManager: Shutting down and abandoning module PakFile (2)
[2019.11.13-02.34.58:527][736]LogExit: Exiting.
[2019.11.13-02.34.58:541][736]Log file closed, 11/13/19 13:34:58
