Log file open, 10/31/19 04:59:40
LogWindows: Failed to load 'aqProf.dll' (GetLastError=126)
LogWindows: File 'aqProf.dll' does not exist
LogWindows: Failed to load 'VSPerf140.dll' (GetLastError=126)
LogWindows: File 'VSPerf140.dll' does not exist
LogWindows: Failed to load 'VtuneApi.dll' (GetLastError=126)
LogWindows: File 'VtuneApi.dll' does not exist
LogWindows: Failed to load 'VtuneApi32e.dll' (GetLastError=126)
LogWindows: File 'VtuneApi32e.dll' does not exist
LogInit: Display: Running engine for game: DeJaBrew_Prototyping
LogPlatformFile: Not using cached read wrapper
LogTaskGraph: Started task graph with 5 named threads and 23 total threads with 3 sets of task threads.
LogStats: Stats thread started at 0.290942
LogD3D11RHI: Loaded GFSDK_Aftermath_Lib.x64.dll
LogICUInternationalization: Display: ICU TimeZone Detection - Raw Offset: +10:00, Platform Override: ''
LogPluginManager: Mounting plugin Paper2D
LogPluginManager: Mounting plugin AISupport
LogPluginManager: Mounting plugin LightPropagationVolume
LogPluginManager: Mounting plugin CLionSourceCodeAccess
LogPluginManager: Mounting plugin CodeLiteSourceCodeAccess
LogPluginManager: Mounting plugin GitSourceControl
LogPluginManager: Mounting plugin KDevelopSourceCodeAccess
LogPluginManager: Mounting plugin NullSourceCodeAccess
LogPluginManager: Mounting plugin PerforceSourceControl
LogPluginManager: Mounting plugin SubversionSourceControl
LogPluginManager: Mounting plugin UObjectPlugin
LogPluginManager: Mounting plugin VisualStudioCodeSourceCodeAccess
LogPluginManager: Mounting plugin VisualStudioSourceCodeAccess
LogPluginManager: Mounting plugin XCodeSourceCodeAccess
LogPluginManager: Mounting plugin AssetManagerEditor
LogPluginManager: Mounting plugin CryptoKeys
LogPluginManager: Mounting plugin DataValidation
LogPluginManager: Mounting plugin FacialAnimation
LogPluginManager: Mounting plugin GameplayTagsEditor
LogPluginManager: Mounting plugin MacGraphicsSwitching
LogPluginManager: Mounting plugin MeshEditor
LogPluginManager: Mounting plugin MobileLauncherProfileWizard
LogPluginManager: Mounting plugin PluginBrowser
LogPluginManager: Mounting plugin SpeedTreeImporter
LogPluginManager: Mounting plugin DatasmithContent
LogPluginManager: Mounting plugin AlembicImporter
LogPluginManager: Mounting plugin AppleImageUtils
LogPluginManager: Mounting plugin AppleVision
LogPluginManager: Mounting plugin BackChannel
LogPluginManager: Mounting plugin CharacterAI
LogPluginManager: Mounting plugin GeometryCache
LogPluginManager: Mounting plugin HTML5Networking
LogPluginManager: Mounting plugin ProxyLODPlugin
LogPluginManager: Mounting plugin MagicLeap
LogPluginManager: Mounting plugin MagicLeapEmulator
LogPluginManager: Mounting plugin MagicLeapMedia
LogPluginManager: Mounting plugin AndroidMedia
LogPluginManager: Mounting plugin AvfMedia
LogPluginManager: Mounting plugin ImgMedia
LogPluginManager: Mounting plugin LinearTimecode
LogPluginManager: Mounting plugin MediaCompositing
LogPluginManager: Mounting plugin MediaPlayerEditor
LogPluginManager: Mounting plugin WmfMedia
LogPluginManager: Mounting plugin TcpMessaging
LogPluginManager: Mounting plugin UdpMessaging
LogPluginManager: Mounting plugin ActorSequence
LogPluginManager: Mounting plugin LevelSequenceEditor
LogPluginManager: Mounting plugin MatineeToLevelSequence
LogPluginManager: Mounting plugin NetcodeUnitTest
LogPluginManager: Mounting plugin NUTUnrealEngine4
LogPluginManager: Mounting plugin OnlineSubsystemGooglePlay
LogPluginManager: Mounting plugin OnlineSubsystemIOS
LogPluginManager: Mounting plugin OnlineSubsystem
LogPluginManager: Mounting plugin OnlineSubsystemNull
LogPluginManager: Mounting plugin OnlineSubsystemUtils
LogPluginManager: Mounting plugin LauncherChunkInstaller
LogPluginManager: Mounting plugin AndroidDeviceProfileSelector
LogPluginManager: Mounting plugin AndroidMoviePlayer
LogPluginManager: Mounting plugin AndroidPermission
LogPluginManager: Mounting plugin AppleMoviePlayer
LogPluginManager: Mounting plugin ArchVisCharacter
LogPluginManager: Mounting plugin AudioCapture
LogPluginManager: Mounting plugin CableComponent
LogPluginManager: Mounting plugin CustomMeshComponent
LogPluginManager: Mounting plugin EditableMesh
LogPluginManager: Mounting plugin ExampleDeviceProfileSelector
LogPluginManager: Mounting plugin GoogleCloudMessaging
LogPluginManager: Mounting plugin ImmediatePhysics
LogPluginManager: Mounting plugin IOSDeviceProfileSelector
LogPluginManager: Mounting plugin LinuxDeviceProfileSelector
LogPluginManager: Mounting plugin LocationServicesBPLibrary
LogPluginManager: Mounting plugin MobilePatchingUtils
LogPluginManager: Mounting plugin OculusVR
LogPluginManager: Plugin shader directory ../../../Engine/Plugins/Runtime/Oculus/OculusVR/Shaders found
LogPluginManager: Mapping shader source directory ../../../Engine/Plugins/Runtime/Oculus/OculusVR/Shaders to virtual directory /Plugin/OculusVR
LogPluginManager: Mounting plugin PhysXVehicles
LogPluginManager: Mounting plugin ProceduralMeshComponent
LogPluginManager: Mounting plugin RuntimePhysXCooking
LogPluginManager: Mounting plugin SteamVR
LogPluginManager: Mounting plugin WindowsMoviePlayer
LogStreaming: Display: Took  0.140s to configure plugins.
LogInit: Using libcurl 7.55.1-DEV
LogInit:  - built for x86_64-pc-win32
LogInit:  - supports SSL with OpenSSL/1.0.2h
LogInit:  - supports HTTP deflate (compression) using libz 1.2.8
LogInit:  - other features:
LogInit:      CURL_VERSION_SSL
LogInit:      CURL_VERSION_LIBZ
LogInit:      CURL_VERSION_IPV6
LogInit:      CURL_VERSION_ASYNCHDNS
LogInit:      CURL_VERSION_LARGEFILE
LogInit:      CURL_VERSION_IDN
LogInit:  CurlRequestOptions (configurable via config and command line):
LogInit:  - bVerifyPeer = false  - Libcurl will NOT verify peer certificate
LogInit:  - bUseHttpProxy = false  - Libcurl will NOT use HTTP proxy
LogInit:  - bDontReuseConnections = false  - Libcurl will reuse connections
LogInit:  - CertBundlePath = nullptr  - Libcurl will use whatever was configured at build time.
LogInit:  - MaxHostConnections = 16  - Libcurl will limit the number of connections to a host
LogInit:  - LocalHostAddr = Default
LogInit:  - BufferSize = 65536
LogInit: WinSock: version 1.1 (2.2), MaxSocks=32767, MaxUdp=65467
LogInit: Build: ++UE4+Release-4.20-CL-4369336
LogInit: Engine Version: 4.20.3-4369336+++UE4+Release-4.20
LogInit: Compatible Engine Version: 4.20.0-4212847+++UE4+Release-4.20
LogInit: Net CL: 4212847
LogInit: OS: Windows 10 (), CPU: Intel(R) Core(TM) i7-7700HQ CPU @ 2.80GHz, GPU: Intel(R) HD Graphics 630
LogInit: Compiled (64-bit): Sep 17 2018 12:26:19
LogInit: Compiled with Visual C++: 19.13.26129.00
LogInit: Build Configuration: Development
LogInit: Branch Name: ++UE4+Release-4.20
LogInit: Command Line:  
LogInit: Base Directory: C:/Program Files (x86)/UE_4.20/Engine/Binaries/Win64/
LogInit: Installed Engine Build: 1
LogDevObjectVersion: Number of dev versions registered: 20
LogDevObjectVersion:   Dev-Blueprints (B0D832E4-1F89-4F0D-ACCF-7EB736FD4AA2): 10
LogDevObjectVersion:   Dev-Build (E1C64328-A22C-4D53-A36C-8E866417BD8C): 0
LogDevObjectVersion:   Dev-Core (375EC13C-06E4-48FB-B500-84F0262A717E): 2
LogDevObjectVersion:   Dev-Editor (E4B068ED-F494-42E9-A231-DA0B2E46BB41): 24
LogDevObjectVersion:   Dev-Framework (CFFC743F-43B0-4480-9391-14DF171D2073): 34
LogDevObjectVersion:   Dev-Mobile (B02B49B5-BB20-44E9-A304-32B752E40360): 2
LogDevObjectVersion:   Dev-Networking (A4E4105C-59A1-49B5-A7C5-40C4547EDFEE): 0
LogDevObjectVersion:   Dev-Online (39C831C9-5AE6-47DC-9A44-9C173E1C8E7C): 0
LogDevObjectVersion:   Dev-Physics (78F01B33-EBEA-4F98-B9B4-84EACCB95AA2): 0
LogDevObjectVersion:   Dev-Platform (6631380F-2D4D-43E0-8009-CF276956A95A): 0
LogDevObjectVersion:   Dev-Rendering (12F88B9F-8875-4AFC-A67C-D90C383ABD29): 26
LogDevObjectVersion:   Dev-Sequencer (7B5AE74C-D270-4C10-A958-57980B212A5A): 9
LogDevObjectVersion:   Dev-VR (D7296918-1DD6-4BDD-9DE2-64A83CC13884): 2
LogDevObjectVersion:   Dev-LoadTimes (C2A15278-BFE7-4AFE-6C17-90FF531DF755): 1
LogDevObjectVersion:   Private-Geometry (6EACA3D4-40EC-4CC1-B786-8BED09428FC5): 3
LogDevObjectVersion:   Dev-AnimPhys (29E575DD-E0A3-4627-9D10-D276232CDCEA): 17
LogDevObjectVersion:   Dev-ReflectionCapture (6B266CEC-1EC7-4B8F-A30B-E4D90942FC07): 1
LogDevObjectVersion:   Dev-Automation (0DF73D61-A23F-47EA-B727-89E90C41499A): 1
LogDevObjectVersion:   FortniteMain (601D1886-AC64-4F84-AA16-D3DE0DEAC7D6): 12
LogDevObjectVersion:   Dev-Enterprise (9DFFBCD6-494F-0158-E221-12823C92A888): 1
LogStreaming: Display: Took  0.003s to delete old logs.
LogInit: Presizing for max 8388607 objects, including 0 objects not considered by GC, pre-allocating 0 bytes for permanent pool.
LogInit: Object subsystem initialized
[2019.10.30-17.59.40:800][  0]LogInit: Selected Device Profile: [Windows]
[2019.10.30-17.59.40:800][  0]LogInit: Applying CVar settings loaded from the selected device profile: [Windows]
[2019.10.30-17.59.40:823][  0]LogHAL: Display: Platform has ~ 16 GB [17095811072 / 17179869184 / 16], which maps to Larger [LargestMinGB=32, LargerMinGB=12, DefaultMinGB=8, SmallerMinGB=6, SmallestMinGB=0)
[2019.10.30-17.59.40:823][  0]LogInit: Setting Device Profile CVar: [[r.Vulkan.UseRealUBs:1]]
[2019.10.30-17.59.40:823][  0]LogInit: Going up to parent DeviceProfile []
[2019.10.30-17.59.40:824][  0]LogInit: Computer: MSI
[2019.10.30-17.59.40:824][  0]LogInit: User: hiit
[2019.10.30-17.59.40:824][  0]LogInit: CPU Page size=4096, Cores=4
[2019.10.30-17.59.40:824][  0]LogInit: High frequency timer resolution =10.000000 MHz
[2019.10.30-17.59.40:824][  0]LogMemory: Memory total: Physical=15.9GB (16GB approx)
[2019.10.30-17.59.40:824][  0]LogMemory: Platform Memory Stats for Windows
[2019.10.30-17.59.40:825][  0]LogMemory: Process Physical Memory: 101.69 MB used, 101.69 MB peak
[2019.10.30-17.59.40:825][  0]LogMemory: Process Virtual Memory: 89.40 MB used, 89.40 MB peak
[2019.10.30-17.59.40:825][  0]LogMemory: Physical Memory: 7962.98 MB used,  8340.85 MB free, 16303.84 MB total
[2019.10.30-17.59.40:825][  0]LogMemory: Virtual Memory: 4626.85 MB used,  8340.85 MB free, 134217728.00 MB total
[2019.10.30-17.59.41:176][  0]LogInit: Using OS detected language (en-US).
[2019.10.30-17.59.41:176][  0]LogInit: Using OS detected locale (en-AU).
[2019.10.30-17.59.41:177][  0]LogTextLocalizationManager: No specific localization for 'en-US' exists, so the 'en' localization will be used.
[2019.10.30-17.59.41:553][  0]LogStreaming: Display: Took  0.378s to InitEngineTextLocalization.
[2019.10.30-17.59.41:553][  0]LogInit: Setting process to per monitor DPI aware
[2019.10.30-17.59.41:611][  0]LogSlate: New Slate User Created.  User Index 0, Is Virtual User: 0
[2019.10.30-17.59.41:611][  0]LogSlate: Slate User Registered.  User Index 0, Is Virtual User: 0
[2019.10.30-17.59.41:844][  0]LogHMD: Failed to initialize OpenVR with code 110
[2019.10.30-17.59.41:844][  0]LogD3D11RHI: D3D11 adapters:
[2019.10.30-17.59.41:923][  0]LogD3D11RHI:    0. 'NVIDIA GeForce GTX 1050' (Feature Level 11_0)
[2019.10.30-17.59.41:923][  0]LogD3D11RHI:       4021/0/8151 MB DedicatedVideo/DedicatedSystem/SharedSystem, Outputs:1, VendorId:0x10de
[2019.10.30-17.59.41:937][  0]LogD3D11RHI:    1. 'Intel(R) HD Graphics 630' (Feature Level 11_0)
[2019.10.30-17.59.41:937][  0]LogD3D11RHI:       128/0/8151 MB DedicatedVideo/DedicatedSystem/SharedSystem, Outputs:0, VendorId:0x8086
[2019.10.30-17.59.41:939][  0]LogD3D11RHI:    2. 'Microsoft Basic Render Driver' (Feature Level 11_0)
[2019.10.30-17.59.41:939][  0]LogD3D11RHI:       0/0/8151 MB DedicatedVideo/DedicatedSystem/SharedSystem, Outputs:0, VendorId:0x1414
[2019.10.30-17.59.41:939][  0]LogD3D11RHI: Chosen D3D11 Adapter: 0
[2019.10.30-17.59.41:973][  0]LogD3D11RHI: Creating new Direct3DDevice
[2019.10.30-17.59.41:973][  0]LogD3D11RHI:     GPU DeviceId: 0x1c8d (for the marketing name, search the web for "GPU Device Id")
[2019.10.30-17.59.41:973][  0]LogWindows: EnumDisplayDevices:
[2019.10.30-17.59.41:973][  0]LogWindows:    0. 'Intel(R) HD Graphics 630' (P:1 D:1)
[2019.10.30-17.59.41:973][  0]LogWindows:    1. 'Intel(R) HD Graphics 630' (P:0 D:0)
[2019.10.30-17.59.41:974][  0]LogWindows:    2. 'Intel(R) HD Graphics 630' (P:0 D:0)
[2019.10.30-17.59.41:974][  0]LogWindows: DebugString: PrimaryIsNotTheChoosenAdapter PrimaryIsNotTheChoosenAdapter PrimaryIsNotTheChoosenAdapter FoundDriverCount:0 
[2019.10.30-17.59.41:974][  0]LogD3D11RHI:     Adapter Name: NVIDIA GeForce GTX 1050
[2019.10.30-17.59.41:974][  0]LogD3D11RHI:   Driver Version: Unknown (internal:Unknown, unified:Unknown)
[2019.10.30-17.59.41:974][  0]LogD3D11RHI:      Driver Date: Unknown
[2019.10.30-17.59.41:974][  0]LogRHI: Texture pool is 2814 MB (70% of 4021 MB)
[2019.10.30-17.59.42:018][  0]LogD3D11RHI: Async texture creation enabled
[2019.10.30-17.59.42:081][  0]LogD3D11RHI: GPU Timing Frequency: 1000.000000 (Debug: 2 2)
[2019.10.30-17.59.42:082][  0]LogShaderCompilers: Guid format shader working directory is -56 characters bigger than the processId version (../../../../../Users/hi_it/OneDrive/Documents/GitHub/DeJaBrew_Prototyping/DeJaBrew_Prototyping_Unreal/Intermediate/Shaders/WorkingDirectory/18384/).
[2019.10.30-17.59.42:082][  0]LogShaderCompilers: Cleaned the shader compiler working directory 'C:/Users/hi_it/AppData/Local/Temp/UnrealShaderWorkingDir/A069E67E4859ED6DEF5FF99692D16EF2/'.
[2019.10.30-17.59.42:399][  0]LogTemp: Display: Loaded TP AllDesktopTargetPlatform
[2019.10.30-17.59.42:414][  0]LogTemp: Display: Loaded TP MacClientTargetPlatform
[2019.10.30-17.59.42:430][  0]LogTemp: Display: Loaded TP MacNoEditorTargetPlatform
[2019.10.30-17.59.42:445][  0]LogTemp: Display: Loaded TP MacServerTargetPlatform
[2019.10.30-17.59.42:460][  0]LogTemp: Display: Loaded TP MacTargetPlatform
[2019.10.30-17.59.42:475][  0]LogTemp: Display: Loaded TP WindowsClientTargetPlatform
[2019.10.30-17.59.42:491][  0]LogTemp: Display: Loaded TP WindowsNoEditorTargetPlatform
[2019.10.30-17.59.42:506][  0]LogTemp: Display: Loaded TP WindowsServerTargetPlatform
[2019.10.30-17.59.42:514][  0]LogTemp: Display: Loaded TP WindowsTargetPlatform
[2019.10.30-17.59.42:617][  0]LogTemp: Display: Loaded TP AndroidTargetPlatform
[2019.10.30-17.59.42:617][  0]LogTemp: Display: Loaded TP AndroidTargetPlatform
[2019.10.30-17.59.42:617][  0]LogTemp: Display: Loaded TP AndroidTargetPlatform
[2019.10.30-17.59.42:617][  0]LogTemp: Display: Loaded TP AndroidTargetPlatform
[2019.10.30-17.59.42:617][  0]LogTemp: Display: Loaded TP AndroidTargetPlatform
[2019.10.30-17.59.42:617][  0]LogTemp: Display: Loaded TP AndroidTargetPlatform
[2019.10.30-17.59.42:617][  0]LogTemp: Display: Loaded TP AndroidTargetPlatform
[2019.10.30-17.59.42:617][  0]LogTemp: Display: Loaded TP AndroidTargetPlatform
[2019.10.30-17.59.42:617][  0]LogTemp: Display: Loaded TP AndroidTargetPlatform
[2019.10.30-17.59.42:617][  0]LogTemp: Display: Loaded TP AndroidTargetPlatform
[2019.10.30-17.59.42:617][  0]LogTemp: Display: Loaded TP AndroidTargetPlatform
[2019.10.30-17.59.42:617][  0]LogTemp: Display: Loaded TP AndroidTargetPlatform
[2019.10.30-17.59.42:617][  0]LogTemp: Display: Loaded TP AndroidTargetPlatform
[2019.10.30-17.59.42:617][  0]LogTemp: Display: Loaded TP AndroidTargetPlatform
[2019.10.30-17.59.42:617][  0]LogTemp: Display: Loaded TP AndroidTargetPlatform
[2019.10.30-17.59.42:617][  0]LogTemp: Display: Loaded TP AndroidTargetPlatform
[2019.10.30-17.59.42:617][  0]LogTemp: Display: Loaded TP AndroidTargetPlatform
[2019.10.30-17.59.42:617][  0]LogTemp: Display: Loaded TP AndroidTargetPlatform
[2019.10.30-17.59.42:619][  0]LogTemp: Display: Loaded TP HTML5TargetPlatform
[2019.10.30-17.59.42:687][  0]LogTemp: Display: Loaded TP IOSTargetPlatform
[2019.10.30-17.59.42:687][  0]LogTemp: Display: Loaded TP IOSTargetPlatform
[2019.10.30-17.59.42:715][  0]LogTemp: Display: Loaded TP TVOSTargetPlatform
[2019.10.30-17.59.42:715][  0]LogTemp: Display: Loaded TP TVOSTargetPlatform
[2019.10.30-17.59.42:729][  0]LogTemp: Display: Loaded TP LinuxClientTargetPlatform
[2019.10.30-17.59.42:743][  0]LogTemp: Display: Loaded TP LinuxNoEditorTargetPlatform
[2019.10.30-17.59.42:758][  0]LogTemp: Display: Loaded TP LinuxServerTargetPlatform
[2019.10.30-17.59.42:772][  0]LogTemp: Display: Loaded TP LinuxTargetPlatform
[2019.10.30-17.59.42:782][  0]LogTemp: Display: Loaded TP LuminTargetPlatform
[2019.10.30-17.59.42:782][  0]LogTargetPlatformManager: Display: Building Assets For Windows
[2019.10.30-17.59.42:845][  0]LogXGEController: Cannot use XGE Controller as Incredibuild is not installed on this machine.
[2019.10.30-17.59.42:845][  0]LogShaderCompilers: Cannot use XGE Shader Compiler as Incredibuild is not installed on this machine.
[2019.10.30-17.59.42:845][  0]LogShaderCompilers: Display: Using Local Shader Compiler.
[2019.10.30-17.59.43:759][  0]LogDerivedDataCache: Display: Max Cache Size: 512 MB
[2019.10.30-17.59.43:825][  0]LogDerivedDataCache: Loaded boot cache 0.07s 80MB C:/Users/hi_it/AppData/Local/UnrealEngine/4.20/DerivedDataCache/Boot.ddc.
[2019.10.30-17.59.43:825][  0]LogDerivedDataCache: Display: Loaded Boot cache: C:/Users/hi_it/AppData/Local/UnrealEngine/4.20/DerivedDataCache/Boot.ddc
[2019.10.30-17.59.43:825][  0]LogDerivedDataCache: FDerivedDataBackendGraph:  Pak pak cache file ../../../../../Users/hi_it/OneDrive/Documents/GitHub/DeJaBrew_Prototyping/DeJaBrew_Prototyping_Unreal/DerivedDataCache/DDC.ddp not found, will not use a pak cache.
[2019.10.30-17.59.43:825][  0]LogDerivedDataCache: Unable to find inner node Pak for hierarchical cache Hierarchy.
[2019.10.30-17.59.43:826][  0]LogDerivedDataCache: FDerivedDataBackendGraph:  CompressedPak pak cache file ../../../../../Users/hi_it/OneDrive/Documents/GitHub/DeJaBrew_Prototyping/DeJaBrew_Prototyping_Unreal/DerivedDataCache/Compressed.ddp not found, will not use a pak cache.
[2019.10.30-17.59.43:826][  0]LogDerivedDataCache: Unable to find inner node CompressedPak for hierarchical cache Hierarchy.
[2019.10.30-17.59.43:841][  0]LogDerivedDataCache: Display: Pak cache opened for reading ../../../Engine/DerivedDataCache/Compressed.ddp.
[2019.10.30-17.59.43:853][  0]LogDerivedDataCache: Using Local data cache path C:/Users/hi_it/AppData/Local/UnrealEngine/Common/DerivedDataCache: Writable
[2019.10.30-17.59.43:853][  0]LogDerivedDataCache: Shared data cache path not found in *engine.ini, will not use an Shared cache.
[2019.10.30-17.59.43:853][  0]LogDerivedDataCache: Unable to find inner node Shared for hierarchical cache Hierarchy.
[2019.10.30-17.59.43:871][  0]LogMaterial: Verifying Global Shaders for PCD3D_SM5
[2019.10.30-17.59.43:873][  0]LogSlate: Using FreeType 2.6.0
[2019.10.30-17.59.43:873][  0]LogSlate: SlateFontServices - WITH_FREETYPE: 1, WITH_HARFBUZZ: 1
[2019.10.30-17.59.43:952][  0]LogAssetRegistry: FAssetRegistry took 0.0268 seconds to start up
[2019.10.30-17.59.44:308][  0]LogInit: Selected Device Profile: [Windows]
[2019.10.30-17.59.44:466][  0]LogSimplygon: Simplygon DLL not present - disabling.
[2019.10.30-17.59.44:470][  0]LogMeshReduction: Using SimplygonSwarm for distributed automatic mesh merging
[2019.10.30-17.59.44:470][  0]LogMeshReduction: Using ProxyLODMeshReduction for automatic mesh merging
[2019.10.30-17.59.44:470][  0]LogMeshReduction: Using QuadricMeshReduction for automatic static mesh reduction
[2019.10.30-17.59.44:470][  0]LogMeshReduction: No automatic skeletal mesh reduction module available
[2019.10.30-17.59.44:492][  0]LogNetVersion: DeJaBrew_Prototyping 1.0.0, NetCL: 4212847, EngineNetVer: 5, GameNetVer: 0 (Checksum: 1964930159)
[2019.10.30-17.59.45:156][  0]LogPackageLocalizationCache: Processed 11 localized package path(s) for 2 prioritized culture(s) in 0.144071 seconds
[2019.10.30-17.59.45:164][  0]LogUObjectArray: 38425 objects as part of root set at end of initial load.
[2019.10.30-17.59.45:164][  0]LogUObjectAllocator: 6690864 out of 0 bytes used by permanent object pool.
[2019.10.30-17.59.45:164][  0]LogUObjectArray: CloseDisregardForGC: 0/0 objects in disregard for GC pool
[2019.10.30-17.59.46:077][  0]LogTcpMessaging: Initializing TcpMessaging bridge
[2019.10.30-17.59.46:091][  0]LogUdpMessaging: Initializing bridge on interface 0.0.0.0:0 to multicast group 230.0.0.1:6666.
[2019.10.30-17.59.46:242][  0]SourceControl: Source control is disabled
[2019.10.30-17.59.46:242][  0]SourceControl: Source control is disabled
[2019.10.30-17.59.46:243][  0]SourceControl: Source control is disabled
[2019.10.30-17.59.46:245][  0]SourceControl: Source control is disabled
[2019.10.30-17.59.46:424][  0]LogAndroidPermission: UAndroidPermissionCallbackProxy::GetInstance
[2019.10.30-17.59.46:671][  0]LogOcInput: OculusInput pre-init called
[2019.10.30-17.59.46:736][  0]LogEngine: Initializing Engine...
[2019.10.30-17.59.46:737][  0]LogHMD: Failed to initialize OpenVR with code 110
[2019.10.30-17.59.46:739][  0]LogStats: UGameplayTagsManager::ConstructGameplayTagTree: ImportINI prefixes -  0.000 s
[2019.10.30-17.59.46:739][  0]LogStats: UGameplayTagsManager::ConstructGameplayTagTree: Construct from data asset -  0.000 s
[2019.10.30-17.59.46:739][  0]LogStats: UGameplayTagsManager::ConstructGameplayTagTree: ImportINI -  0.000 s
[2019.10.30-17.59.46:739][  0]LogStats: UGameplayTagsManager::ConstructGameplayTagTree: GameplayTagTreeChangedEvent.Broadcast -  0.000 s
[2019.10.30-17.59.46:967][  0]LogInit: Initializing FReadOnlyCVARCache
[2019.10.30-17.59.46:987][  0]LogAIModule: Creating AISystem for world Untitled
[2019.10.30-17.59.47:117][  0]LogInit: XAudio2 using 'Speakers (Realtek High Definition Audio)' : 6 channels at 48 kHz using 32 bits per sample (channel mask 0x3f)
[2019.10.30-17.59.47:206][  0]LogInit: FAudioDevice initialized.
[2019.10.30-17.59.47:206][  0]LogNetVersion: Set ProjectVersion to 1.0.0.0. Version Checksum will be recalculated on next use.
[2019.10.30-17.59.47:377][  0]LogDerivedDataCache: Saved boot cache 0.17s 80MB C:/Users/hi_it/AppData/Local/UnrealEngine/4.20/DerivedDataCache/Boot.ddc.
[2019.10.30-17.59.47:389][  0]LogInit: Texture streaming: Enabled
[2019.10.30-17.59.47:409][  0]LogEngineSessionManager: EngineSessionManager initialized
[2019.10.30-17.59.47:431][  0]LogInit: Transaction tracking system initialized
[2019.10.30-17.59.47:456][  0]BlueprintLog: New page: Editor Load
[2019.10.30-17.59.47:542][  0]LocalizationService: Localization service is disabled
[2019.10.30-17.59.47:835][  0]LogCook: Display: Max memory allowance for cook 16384mb min free memory 0mb
[2019.10.30-17.59.47:835][  0]LogCook: Display: Mobile HDR setting 1
[2019.10.30-17.59.47:835][  0]LogGameplayTags: Display: UGameplayTagsManager::DoneAddingNativeTags. DelegateIsBound: 0
[2019.10.30-17.59.47:835][  0]LogStats: UGameplayTagsManager::ConstructGameplayTagTree: ImportINI prefixes -  0.000 s
[2019.10.30-17.59.47:835][  0]LogStats: UGameplayTagsManager::ConstructGameplayTagTree: Construct from data asset -  0.000 s
[2019.10.30-17.59.47:836][  0]LogStats: UGameplayTagsManager::ConstructGameplayTagTree: ImportINI -  0.000 s
[2019.10.30-17.59.47:836][  0]LogStats: UGameplayTagsManager::ConstructGameplayTagTree: GameplayTagTreeChangedEvent.Broadcast -  0.000 s
[2019.10.30-17.59.47:969][  0]LogFileCache: Scanning file cache for directory 'C:/Users/hi_it/OneDrive/Documents/GitHub/DeJaBrew_Prototyping/DeJaBrew_Prototyping_Unreal/Content/' took 0.03s
[2019.10.30-17.59.47:969][  0]SourceControl: Source control is disabled
[2019.10.30-17.59.47:974][  0]LightingResults: New page: Lighting Build
[2019.10.30-17.59.47:977][  0]MapCheck: New page: Map Check
[2019.10.30-17.59.47:977][  0]LightingResults: New page: Lighting Build
[2019.10.30-17.59.48:872][  0]LogBlueprint: Error: [Compiler PersistentLevel.SideScrollerExampleMap] In use pin  Thorn Ref  no longer exists on node  Get . Please refresh node or break links to remove pin.
[2019.10.30-17.59.48:872][  0]LogBlueprint: Error: [Compiler PersistentLevel.SideScrollerExampleMap] In use pin  Thorn Ref  no longer exists on node  Get . Please refresh node or break links to remove pin.
[2019.10.30-17.59.48:873][  0]LogBlueprint: Warning: [Compiler PersistentLevel.SideScrollerExampleMap] [0009.91] Compile of PersistentLevel.SideScrollerExampleMap failed. 2 Fatal Issue(s) 0 Warning(s) [in 7 ms] (/Game/SideScrollerBP/Maps/SideScrollerExampleMap.SideScrollerExampleMap:PersistentLevel.SideScrollerExampleMap)
[2019.10.30-17.59.49:486][  0]LogTexture: Display: Building textures: throns_tall_lambert1_OcclusionRoughnessMetallic (AutoDXT, 2048X2048)
[2019.10.30-17.59.49:486][  0]LogTexture: Display: Building textures: throns_tall_lambert1_BaseColor (AutoDXT, 2048X2048)
[2019.10.30-17.59.49:486][  0]LogTexture: Display: Building textures: throns_tall_lambert1_Normal (BC5, 2048X2048)
[2019.10.30-17.59.49:486][  0]LogMaterial: Display: Missing cached shader map for material ThornsTall2_Material, compiling. 
[2019.10.30-17.59.49:720][  0]LogShaderCompilers: Display: Shaders left to compile 22
[2019.10.30-17.59.49:721][  0]LogShaderCompilers: Display: Shaders left to compile 12
[2019.10.30-17.59.49:721][  0]LogShaderCompilers: Display: Shaders left to compile 2
[2019.10.30-17.59.49:723][  0]LogAIModule: Creating AISystem for world SideScrollerExampleMap
[2019.10.30-17.59.49:737][  0]LogStaticMesh: Warning: C:\Users\hi_it\OneDrive\Documents\GitHub\DeJaBrew_Prototyping\DeJaBrew_Prototyping_Unreal\Content\SideScrollerBP\Maps\SideScrollerExampleMap.umap: Cached component instance data transform did not match!  Discarding cached lighting data which will cause lighting to be unbuilt.
/Game/SideScrollerBP/Maps/SideScrollerExampleMap.SideScrollerExampleMap:PersistentLevel.Spike_2.StaticMesh
Current: 1250.000000,30.000000,736.666626|0.000000,0.000000,0.000000|24.000000,24.000000,16.000000 Cached: 1211.379272,39.655174,784.482788|0.000000,0.000000,0.000000|0.827586,0.827586,0.827586
[2019.10.30-17.59.49:746][  0]LogEditorServer: Finished looking for orphan Actors (0.000 secs)
[2019.10.30-17.59.49:773][  0]Cmd: MAP CHECKDEP NOCLEARLOG
[2019.10.30-17.59.49:882][  0]MapCheck: Map check complete: 0 Error(s), 0 Warning(s), took 108.004ms to complete.
[2019.10.30-17.59.49:882][  0]LogFileHelpers: Loading map 'SideScrollerExampleMap' took 1.912
[2019.10.30-17.59.50:008][  0]LogSlate: Updating window title bar state: overlay mode, drag disabled, window buttons hidden, title bar hidden
[2019.10.30-17.59.50:022][  0]LogSlate: Updating window title bar state: overlay mode, drag disabled, window buttons hidden, title bar hidden
[2019.10.30-17.59.50:038][  0]LogSlate: Updating window title bar state: overlay mode, drag disabled, window buttons hidden, title bar hidden
[2019.10.30-17.59.50:050][  0]LogSlate: Updating window title bar state: overlay mode, drag disabled, window buttons hidden, title bar hidden
[2019.10.30-17.59.50:058][  0]LogCollectionManager: Loaded 0 collections in 0.002117 seconds
[2019.10.30-17.59.50:103][  0]LogFileCache: Scanning file cache for directory 'C:/Users/hi_it/OneDrive/Documents/GitHub/DeJaBrew_Prototyping/DeJaBrew_Prototyping_Unreal/Saved/Collections/' took 0.01s
[2019.10.30-17.59.50:103][  0]LogFileCache: Scanning file cache for directory 'C:/Users/hi_it/OneDrive/Documents/GitHub/DeJaBrew_Prototyping/DeJaBrew_Prototyping_Unreal/Content/Developers/hiit/Collections/' took 0.01s
[2019.10.30-17.59.50:103][  0]LogFileCache: Scanning file cache for directory 'C:/Users/hi_it/OneDrive/Documents/GitHub/DeJaBrew_Prototyping/DeJaBrew_Prototyping_Unreal/Content/Collections/' took 0.01s
[2019.10.30-17.59.50:103][  0]LogCollectionManager: Rebuilt the GUID cache for 0 collections in 0.000000 seconds
[2019.10.30-17.59.50:120][  0]LogContentBrowser: Native class hierarchy populated in 0.0169 seconds. Added 2572 classes and 603 folders.
[2019.10.30-17.59.50:129][  0]LogContentBrowser: Native class hierarchy updated for 'WidgetCarousel' in 0.0003 seconds. Added 0 classes and 0 folders.
[2019.10.30-17.59.50:189][  0]LogContentBrowser: Native class hierarchy updated for 'AddContentDialog' in 0.0004 seconds. Added 0 classes and 0 folders.
[2019.10.30-17.59.50:195][  0]LogContentBrowser: Native class hierarchy updated for 'SceneOutliner' in 0.0003 seconds. Added 1 classes and 2 folders.
[2019.10.30-17.59.50:304][  0]LogSlate: Took 0.000240 seconds to synchronously load lazily loaded font '../../../Engine/Content/Slate/Fonts/Roboto-Regular.ttf' (155K)
[2019.10.30-17.59.50:307][  0]LogSlate: Took 0.000200 seconds to synchronously load lazily loaded font '../../../Engine/Content/Slate/Fonts/Roboto-Bold.ttf' (160K)
[2019.10.30-17.59.50:315][  0]LogSlate: Took 0.000164 seconds to synchronously load lazily loaded font '../../../Engine/Content/Editor/Slate/Fonts/FontAwesome.ttf' (139K)
[2019.10.30-17.59.50:433][  0]LogRenderer: Reallocating scene render targets to support 884x436 Format 10 NumSamples 1 (Frame:1).
[2019.10.30-17.59.50:874][  0]LogContentBrowser: Native class hierarchy updated for 'HierarchicalLODOutliner' in 0.0004 seconds. Added 0 classes and 0 folders.
[2019.10.30-17.59.50:874][  0]LogLoad: (Engine Initialization) Total time: 11.91 seconds
[2019.10.30-17.59.50:874][  0]LogLoad: (Engine Initialization) Total Blueprint compile time: 0.00 seconds
[2019.10.30-17.59.50:935][  0]LogContentStreaming: Texture pool size now 1000 MB
[2019.10.30-17.59.50:975][  0]LogSlate: Took 0.000207 seconds to synchronously load lazily loaded font '../../../Engine/Content/Slate/Fonts/Roboto-Light.ttf' (167K)
[2019.10.30-17.59.58:374][399]LogAssetRegistry: Asset discovery search completed in 14.4447 seconds
[2019.10.30-17.59.58:376][399]LogCollectionManager: Rebuilt the object cache for 0 collections in 0.000000 seconds (found 0 objects)
[2019.10.30-17.59.58:376][399]LogCollectionManager: Fixed up redirectors for 0 collections in 0.000068 seconds (updated 0 objects)
[2019.10.30-17.59.58:412][400]LogSlate: Took 0.000195 seconds to synchronously load lazily loaded font '../../../Engine/Content/Slate/Fonts/Roboto-Light.ttf' (167K)
[2019.10.30-17.59.59:810][484]LogSlate: FSceneViewport::OnFocusLost() reason 0
[2019.10.30-17.59.59:993][495]LogTemp: Repeating last play command: Selected Viewport
[2019.10.30-18.00.00:023][495]LogBlueprintUserMessages: Early PlayInEditor Detection: Level '/Game/SideScrollerBP/Maps/SideScrollerExampleMap.SideScrollerExampleMap:PersistentLevel' has LevelScriptBlueprint '/Game/SideScrollerBP/Maps/SideScrollerExampleMap.SideScrollerExampleMap:PersistentLevel.SideScrollerExampleMap' with GeneratedClass '/Game/SideScrollerBP/Maps/SideScrollerExampleMap.SideScrollerExampleMap_C' with ClassGeneratedBy '/Game/SideScrollerBP/Maps/SideScrollerExampleMap.SideScrollerExampleMap:PersistentLevel.SideScrollerExampleMap'
[2019.10.30-18.00.00:024][495]BlueprintLog: New page: Pre-Play auto-recompile
[2019.10.30-18.00.00:043][495]LogPlayLevel: [PlayLevel] Compiling SideScrollerExampleMap before play...
[2019.10.30-18.00.00:058][495]LogBlueprint: Error: [Compiler PersistentLevel.SideScrollerExampleMap] In use pin  Thorn Ref  no longer exists on node  Get . Please refresh node or break links to remove pin.
[2019.10.30-18.00.00:058][495]LogBlueprint: Error: [Compiler PersistentLevel.SideScrollerExampleMap] In use pin  Thorn Ref  no longer exists on node  Get . Please refresh node or break links to remove pin.
[2019.10.30-18.00.00:059][495]LogBlueprint: Warning: [Compiler PersistentLevel.SideScrollerExampleMap] [0021.10] Compile of PersistentLevel.SideScrollerExampleMap failed. 2 Fatal Issue(s) 0 Warning(s) [in 23 ms] (/Game/SideScrollerBP/Maps/SideScrollerExampleMap.SideScrollerExampleMap:PersistentLevel.SideScrollerExampleMap)
[2019.10.30-18.00.00:147][495]LogPlayLevel: PlayLevel: Blueprint regeneration took 123 ms (1 blueprints)
[2019.10.30-18.00.00:147][495]BlueprintLog: Blueprint SideScrollerExampleMap failed to compile
[2019.10.30-18.00.06:783][495]LogSlate: Window 'Message' being destroyed
[2019.10.30-18.00.06:794][496]LogFileCache: Retrieving MD5 hashes for directory 'C:/Users/hi_it/OneDrive/Documents/GitHub/DeJaBrew_Prototyping/DeJaBrew_Prototyping_Unreal/Content/' took 15.89s
[2019.10.30-18.00.12:141][811]LogAssetEditorManager: Opening Asset editor for LevelScriptBlueprint /Game/SideScrollerBP/Maps/SideScrollerExampleMap.SideScrollerExampleMap:PersistentLevel.SideScrollerExampleMap
[2019.10.30-18.00.12:638][811]LogContentBrowser: Native class hierarchy updated for 'BlueprintGraph' in 0.0007 seconds. Added 116 classes and 0 folders.
[2019.10.30-18.00.13:404][811]LogSlate: Took 0.005072 seconds to synchronously load lazily loaded font '../../../Engine/Content/Slate/Fonts/Roboto-BoldCondensed.ttf' (158K)
[2019.10.30-18.00.13:542][812]LogSlate: Took 0.007130 seconds to synchronously load lazily loaded font '../../../Engine/Content/Slate/Fonts/Roboto-Italic.ttf' (157K)
[2019.10.30-18.01.35:537][692]BlueprintLog: New page: Compile SideScrollerExampleMap
[2019.10.30-18.01.35:566][692]LogBlueprint: Error: [Compiler PersistentLevel.SideScrollerExampleMap] In use pin  Thorn Ref  no longer exists on node  Get . Please refresh node or break links to remove pin.
[2019.10.30-18.01.35:705][692]LogBlueprint: Warning: [Compiler PersistentLevel.SideScrollerExampleMap] [0116.75] Compile of PersistentLevel.SideScrollerExampleMap failed. 1 Fatal Issue(s) 0 Warning(s) [in 169 ms] (/Game/SideScrollerBP/Maps/SideScrollerExampleMap.SideScrollerExampleMap:PersistentLevel.SideScrollerExampleMap)
[2019.10.30-18.01.47:903][415]LogSlate: Prevented a slow task dialog from being summoned while a context menu was open
[2019.10.30-18.02.31:554][ 14]BlueprintLog: New page: Compile SideScrollerExampleMap
[2019.10.30-18.02.33:102][ 68]LogSavePackage: Moving '../../../../../Users/hi_it/OneDrive/Documents/GitHub/DeJaBrew_Prototyping/DeJaBrew_Prototyping_Unreal/Saved/SideScrollerExampleMapB1E75AC14FE547BDB6669B9FDA419C3D.tmp' to '../../../../../Users/hi_it/OneDrive/Documents/GitHub/DeJaBrew_Prototyping/DeJaBrew_Prototyping_Unreal/Content/SideScrollerBP/Maps/SideScrollerExampleMap.umap'
[2019.10.30-18.02.33:154][ 68]LogFileHelpers: Saving map 'SideScrollerExampleMap' took 0.454
[2019.10.30-18.02.34:274][132]LogTemp: Repeating last play command: Selected Viewport
[2019.10.30-18.02.34:329][132]LogBlueprintUserMessages: Early PlayInEditor Detection: Level '/Game/SideScrollerBP/Maps/SideScrollerExampleMap.SideScrollerExampleMap:PersistentLevel' has LevelScriptBlueprint '/Game/SideScrollerBP/Maps/SideScrollerExampleMap.SideScrollerExampleMap:PersistentLevel.SideScrollerExampleMap' with GeneratedClass '/Game/SideScrollerBP/Maps/SideScrollerExampleMap.SideScrollerExampleMap_C' with ClassGeneratedBy '/Game/SideScrollerBP/Maps/SideScrollerExampleMap.SideScrollerExampleMap:PersistentLevel.SideScrollerExampleMap'
[2019.10.30-18.02.34:329][132]LogPlayLevel: PlayLevel: No blueprints needed recompiling
[2019.10.30-18.02.34:341][132]PIE: New page: PIE session: SideScrollerExampleMap (31 Oct 2019 4:02:34 pm)
[2019.10.30-18.02.34:341][132]LogPlayLevel: Creating play world package: /Game/SideScrollerBP/Maps/UEDPIE_0_SideScrollerExampleMap
[2019.10.30-18.02.34:357][132]LogPlayLevel: PIE: StaticDuplicateObject took: (0.016013s)
[2019.10.30-18.02.34:358][132]LogAIModule: Creating AISystem for world SideScrollerExampleMap
[2019.10.30-18.02.34:359][132]LogPlayLevel: PIE: World Init took: (0.001305s)
[2019.10.30-18.02.34:359][132]LogPlayLevel: PIE: Created PIE world by copying editor world from /Game/SideScrollerBP/Maps/SideScrollerExampleMap.SideScrollerExampleMap to /Game/SideScrollerBP/Maps/UEDPIE_0_SideScrollerExampleMap.SideScrollerExampleMap (0.017598s)
[2019.10.30-18.02.34:445][132]LogInit: XAudio2 using 'Speakers (Realtek High Definition Audio)' : 6 channels at 48 kHz using 32 bits per sample (channel mask 0x3f)
[2019.10.30-18.02.34:521][132]LogInit: FAudioDevice initialized.
[2019.10.30-18.02.34:537][132]LogSlate: Updating window title bar state: overlay mode, drag disabled, window buttons hidden, title bar hidden
[2019.10.30-18.02.34:652][132]LogLoad: Game class is 'SideScrollerGameMode_C'
[2019.10.30-18.02.34:657][132]PIE: Warning: AttachTo: '/Game/SideScrollerBP/Maps/UEDPIE_0_SideScrollerExampleMap.SideScrollerExampleMap:PersistentLevel.Spike_2.PointLight' is not static  (in blueprint "Spike"), cannot attach '/Game/SideScrollerBP/Maps/UEDPIE_0_SideScrollerExampleMap.SideScrollerExampleMap:PersistentLevel.Spike_2.StaticMesh' which is static to it. Aborting.
[2019.10.30-18.02.34:659][132]LogWorld: Bringing World /Game/SideScrollerBP/Maps/UEDPIE_0_SideScrollerExampleMap.SideScrollerExampleMap up for play (max tick rate 60) at 2019.10.31-05.02.34
[2019.10.30-18.02.34:660][132]LogWorld: Bringing up level for play took: 0.006343
[2019.10.30-18.02.34:684][132]LogContentBrowser: Native class hierarchy updated for 'MovieSceneCapture' in 0.0003 seconds. Added 10 classes and 0 folders.
[2019.10.30-18.02.34:690][132]LogProperty: Warning: Serialized BlueprintGeneratedClass /Game/SideScrollerBP/Blueprints/Thorn.Thorn_C for a property of BlueprintGeneratedClass /Game/SideScrollerBP/Blueprints/ThornsTall_BP.ThornsTall_BP_C. Reference will be nullptred.
    Property = ObjectProperty /Game/SideScrollerBP/Blueprints/Save_BP.Save_BP_C:ThornRef.ThornRef
    Item = Thorn_C /Game/SideScrollerBP/Maps/UEDPIE_0_SideScrollerExampleMap.SideScrollerExampleMap:PersistentLevel.Thorn3_5
[2019.10.30-18.02.34:693][132]PIE: Play in editor start time for /Game/SideScrollerBP/Maps/UEDPIE_0_SideScrollerExampleMap -0.147
[2019.10.30-18.02.34:693][132]LogBlueprintUserMessages: Late PlayInEditor Detection: Level '/Game/SideScrollerBP/Maps/SideScrollerExampleMap.SideScrollerExampleMap:PersistentLevel' has LevelScriptBlueprint '/Game/SideScrollerBP/Maps/SideScrollerExampleMap.SideScrollerExampleMap:PersistentLevel.SideScrollerExampleMap' with GeneratedClass '/Game/SideScrollerBP/Maps/SideScrollerExampleMap.SideScrollerExampleMap_C' with ClassGeneratedBy '/Game/SideScrollerBP/Maps/SideScrollerExampleMap.SideScrollerExampleMap:PersistentLevel.SideScrollerExampleMap'
[2019.10.30-18.02.34:738][132]LogRenderer: Reallocating scene render targets to support 1024x576 Format 10 NumSamples 1 (Frame:1).
[2019.10.30-18.02.39:845][435]LogProperty: Warning: Serialized BlueprintGeneratedClass /Game/SideScrollerBP/Blueprints/Thorn.Thorn_C for a property of BlueprintGeneratedClass /Game/SideScrollerBP/Blueprints/ThornsTall_BP.ThornsTall_BP_C. Reference will be nullptred.
    Property = ObjectProperty /Game/SideScrollerBP/Blueprints/Save_BP.Save_BP_C:ThornRef.ThornRef
    Item = Thorn_C /Game/SideScrollerBP/Maps/UEDPIE_0_SideScrollerExampleMap.SideScrollerExampleMap:PersistentLevel.Thorn3_5
[2019.10.30-18.02.39:851][435]LogUObjectGlobals: Warning: Failed to find object 'Object None.None'
[2019.10.30-18.02.39:895][438]LogUObjectGlobals: Warning: Failed to find object 'Object None.None'
[2019.10.30-18.02.39:897][438]LogUObjectGlobals: Warning: Failed to find object 'Object None.None'
[2019.10.30-18.02.41:196][516]LogUObjectGlobals: Warning: Failed to find object 'Object None.None'
[2019.10.30-18.02.41:198][516]LogUObjectGlobals: Warning: Failed to find object 'Object None.None'
[2019.10.30-18.02.41:246][519]LogUObjectGlobals: Warning: Failed to find object 'Object None.None'
[2019.10.30-18.02.41:247][519]LogUObjectGlobals: Warning: Failed to find object 'Object None.None'
[2019.10.30-18.02.47:479][893]LogUObjectGlobals: Warning: Failed to find object 'Object None.None'
[2019.10.30-18.02.47:484][893]LogUObjectGlobals: Warning: Failed to find object 'Object None.None'
[2019.10.30-18.02.48:095][930]LogUObjectGlobals: Warning: Failed to find object 'Object None.None'
[2019.10.30-18.02.48:097][930]LogUObjectGlobals: Warning: Failed to find object 'Object None.None'
[2019.10.30-18.02.48:130][932]LogUObjectGlobals: Warning: Failed to find object 'Object None.None'
[2019.10.30-18.02.48:132][932]LogUObjectGlobals: Warning: Failed to find object 'Object None.None'
[2019.10.30-18.02.52:446][191]LogUObjectGlobals: Warning: Failed to find object 'Object None.None'
[2019.10.30-18.02.52:448][191]LogUObjectGlobals: Warning: Failed to find object 'Object None.None'
[2019.10.30-18.02.52:462][192]LogUObjectGlobals: Warning: Failed to find object 'Object None.None'
[2019.10.30-18.02.52:465][192]LogUObjectGlobals: Warning: Failed to find object 'Object None.None'
[2019.10.30-18.02.53:596][260]LogUObjectGlobals: Warning: Failed to find object 'Object None.None'
[2019.10.30-18.02.53:599][260]LogUObjectGlobals: Warning: Failed to find object 'Object None.None'
[2019.10.30-18.02.53:646][263]LogUObjectGlobals: Warning: Failed to find object 'Object None.None'
[2019.10.30-18.02.53:648][263]LogUObjectGlobals: Warning: Failed to find object 'Object None.None'
[2019.10.30-18.02.53:663][264]LogUObjectGlobals: Warning: Failed to find object 'Object None.None'
[2019.10.30-18.02.53:665][264]LogUObjectGlobals: Warning: Failed to find object 'Object None.None'
[2019.10.30-18.02.58:297][542]LogBlueprintUserMessages: Early EndPlayMap Detection: Level '/Game/SideScrollerBP/Maps/SideScrollerExampleMap.SideScrollerExampleMap:PersistentLevel' has LevelScriptBlueprint '/Game/SideScrollerBP/Maps/SideScrollerExampleMap.SideScrollerExampleMap:PersistentLevel.SideScrollerExampleMap' with GeneratedClass '/Game/SideScrollerBP/Maps/SideScrollerExampleMap.SideScrollerExampleMap_C' with ClassGeneratedBy '/Game/SideScrollerBP/Maps/SideScrollerExampleMap.SideScrollerExampleMap:PersistentLevel.SideScrollerExampleMap'
[2019.10.30-18.02.58:297][542]LogSlate: Updating window title bar state: overlay mode, drag disabled, window buttons hidden, title bar hidden
[2019.10.30-18.02.58:319][542]LogSlate: Window 'DeJaBrew_Prototyping Game Preview Standalone (64-bit/PCD3D_SM5)' being destroyed
[2019.10.30-18.02.58:366][542]LogPlayLevel: Display: Shutting down PIE online subsystems
[2019.10.30-18.02.58:366][542]LogBlueprintUserMessages: Late EndPlayMap Detection: Level '/Game/SideScrollerBP/Maps/SideScrollerExampleMap.SideScrollerExampleMap:PersistentLevel' has LevelScriptBlueprint '/Game/SideScrollerBP/Maps/SideScrollerExampleMap.SideScrollerExampleMap:PersistentLevel.SideScrollerExampleMap' with GeneratedClass '/Game/SideScrollerBP/Maps/SideScrollerExampleMap.SideScrollerExampleMap_C' with ClassGeneratedBy '/Game/SideScrollerBP/Maps/SideScrollerExampleMap.SideScrollerExampleMap:PersistentLevel.SideScrollerExampleMap'
[2019.10.30-18.02.58:480][543]LogPlayLevel: Display: Destroying online subsystem :Context_3
[2019.10.30-18.03.08:667][154]AssetReimport: New page: Detailed File System Changes from 5:03:08 am
[2019.10.30-18.03.08:682][154]AssetReimport: 'C:/Users/hi_it/OneDrive/Documents/GitHub/DeJaBrew_Prototyping/DeJaBrew_Prototyping_Unreal/Content/SideScrollerBP/Assets/CharacterLP.fbx' has been modified.
[2019.10.30-18.03.08:682][154]AssetReimport: 'C:/Users/hi_it/OneDrive/Documents/GitHub/DeJaBrew_Prototyping/DeJaBrew_Prototyping_Unreal/Content/SideScrollerBP/Materials/Textures/Ground3P_Textures2/GroundP3_lambert1_OcclusionRoughnessMetallic.tga' has been modified.
[2019.10.30-18.03.08:682][154]AssetReimport: 'C:/Users/hi_it/OneDrive/Documents/GitHub/DeJaBrew_Prototyping/DeJaBrew_Prototyping_Unreal/Content/SideScrollerBP/Materials/Textures/TallThorns_Textures/throns_tall_lambert1_BaseColor.tga' has been modified.
[2019.10.30-18.03.30:635][471]LogSlate: Window 'Message Log' being destroyed
[2019.10.30-18.03.30:641][471]LogSlate: Window 'Message Log' being destroyed
[2019.10.30-18.03.39:981][  8]LogSavePackage: Moving '../../../../../Users/hi_it/OneDrive/Documents/GitHub/DeJaBrew_Prototyping/DeJaBrew_Prototyping_Unreal/Saved/SideScrollerExampleMap31C3F18F4ED269C8F5AA9287C5B21398.tmp' to '../../../../../Users/hi_it/OneDrive/Documents/GitHub/DeJaBrew_Prototyping/DeJaBrew_Prototyping_Unreal/Content/SideScrollerBP/Maps/SideScrollerExampleMap.umap'
[2019.10.30-18.03.40:026][  8]LogFileHelpers: Saving map 'SideScrollerExampleMap' took 0.417
[2019.10.30-18.03.57:367][ 36]LogAssetEditorManager: Opening Asset editor for Blueprint /Game/SideScrollerBP/Blueprints/SideScrollerCharacter.SideScrollerCharacter
