Log file open, 10/28/19 10:32:23
LogWindows: Failed to load 'aqProf.dll' (GetLastError=126)
LogWindows: File 'aqProf.dll' does not exist
LogWindows: Failed to load 'VSPerf140.dll' (GetLastError=126)
LogWindows: File 'VSPerf140.dll' does not exist
LogWindows: Failed to load 'VtuneApi.dll' (GetLastError=126)
LogWindows: File 'VtuneApi.dll' does not exist
LogWindows: Failed to load 'VtuneApi32e.dll' (GetLastError=126)
LogWindows: File 'VtuneApi32e.dll' does not exist
LogInit: Display: Running engine for game: DeJaBrew_Prototyping
LogPlatformFile: Not using cached read wrapper
LogTaskGraph: Started task graph with 5 named threads and 23 total threads with 3 sets of task threads.
LogStats: Stats thread started at 0.291845
LogD3D11RHI: Loaded GFSDK_Aftermath_Lib.x64.dll
LogICUInternationalization: Display: ICU TimeZone Detection - Raw Offset: +10:00, Platform Override: ''
LogPluginManager: Mounting plugin Paper2D
LogPluginManager: Mounting plugin AISupport
LogPluginManager: Mounting plugin LightPropagationVolume
LogPluginManager: Mounting plugin CLionSourceCodeAccess
LogPluginManager: Mounting plugin CodeLiteSourceCodeAccess
LogPluginManager: Mounting plugin GitSourceControl
LogPluginManager: Mounting plugin KDevelopSourceCodeAccess
LogPluginManager: Mounting plugin NullSourceCodeAccess
LogPluginManager: Mounting plugin PerforceSourceControl
LogPluginManager: Mounting plugin SubversionSourceControl
LogPluginManager: Mounting plugin UObjectPlugin
LogPluginManager: Mounting plugin VisualStudioCodeSourceCodeAccess
LogPluginManager: Mounting plugin VisualStudioSourceCodeAccess
LogPluginManager: Mounting plugin XCodeSourceCodeAccess
LogPluginManager: Mounting plugin AssetManagerEditor
LogPluginManager: Mounting plugin CryptoKeys
LogPluginManager: Mounting plugin DataValidation
LogPluginManager: Mounting plugin FacialAnimation
LogPluginManager: Mounting plugin GameplayTagsEditor
LogPluginManager: Mounting plugin MacGraphicsSwitching
LogPluginManager: Mounting plugin MeshEditor
LogPluginManager: Mounting plugin MobileLauncherProfileWizard
LogPluginManager: Mounting plugin PluginBrowser
LogPluginManager: Mounting plugin SpeedTreeImporter
LogPluginManager: Mounting plugin DatasmithContent
LogPluginManager: Mounting plugin AlembicImporter
LogPluginManager: Mounting plugin AppleImageUtils
LogPluginManager: Mounting plugin AppleVision
LogPluginManager: Mounting plugin BackChannel
LogPluginManager: Mounting plugin CharacterAI
LogPluginManager: Mounting plugin GeometryCache
LogPluginManager: Mounting plugin HTML5Networking
LogPluginManager: Mounting plugin ProxyLODPlugin
LogPluginManager: Mounting plugin MagicLeap
LogPluginManager: Mounting plugin MagicLeapEmulator
LogPluginManager: Mounting plugin MagicLeapMedia
LogPluginManager: Mounting plugin AndroidMedia
LogPluginManager: Mounting plugin AvfMedia
LogPluginManager: Mounting plugin ImgMedia
LogPluginManager: Mounting plugin LinearTimecode
LogPluginManager: Mounting plugin MediaCompositing
LogPluginManager: Mounting plugin MediaPlayerEditor
LogPluginManager: Mounting plugin WmfMedia
LogPluginManager: Mounting plugin TcpMessaging
LogPluginManager: Mounting plugin UdpMessaging
LogPluginManager: Mounting plugin ActorSequence
LogPluginManager: Mounting plugin LevelSequenceEditor
LogPluginManager: Mounting plugin MatineeToLevelSequence
LogPluginManager: Mounting plugin NetcodeUnitTest
LogPluginManager: Mounting plugin NUTUnrealEngine4
LogPluginManager: Mounting plugin OnlineSubsystemGooglePlay
LogPluginManager: Mounting plugin OnlineSubsystemIOS
LogPluginManager: Mounting plugin OnlineSubsystem
LogPluginManager: Mounting plugin OnlineSubsystemNull
LogPluginManager: Mounting plugin OnlineSubsystemUtils
LogPluginManager: Mounting plugin LauncherChunkInstaller
LogPluginManager: Mounting plugin AndroidDeviceProfileSelector
LogPluginManager: Mounting plugin AndroidMoviePlayer
LogPluginManager: Mounting plugin AndroidPermission
LogPluginManager: Mounting plugin AppleMoviePlayer
LogPluginManager: Mounting plugin ArchVisCharacter
LogPluginManager: Mounting plugin AudioCapture
LogPluginManager: Mounting plugin CableComponent
LogPluginManager: Mounting plugin CustomMeshComponent
LogPluginManager: Mounting plugin EditableMesh
LogPluginManager: Mounting plugin ExampleDeviceProfileSelector
LogPluginManager: Mounting plugin GoogleCloudMessaging
LogPluginManager: Mounting plugin ImmediatePhysics
LogPluginManager: Mounting plugin IOSDeviceProfileSelector
LogPluginManager: Mounting plugin LinuxDeviceProfileSelector
LogPluginManager: Mounting plugin LocationServicesBPLibrary
LogPluginManager: Mounting plugin MobilePatchingUtils
LogPluginManager: Mounting plugin OculusVR
LogPluginManager: Plugin shader directory ../../../Engine/Plugins/Runtime/Oculus/OculusVR/Shaders found
LogPluginManager: Mapping shader source directory ../../../Engine/Plugins/Runtime/Oculus/OculusVR/Shaders to virtual directory /Plugin/OculusVR
LogPluginManager: Mounting plugin PhysXVehicles
LogPluginManager: Mounting plugin ProceduralMeshComponent
LogPluginManager: Mounting plugin RuntimePhysXCooking
LogPluginManager: Mounting plugin SteamVR
LogPluginManager: Mounting plugin WindowsMoviePlayer
LogStreaming: Display: Took  0.083s to configure plugins.
LogInit: Using libcurl 7.55.1-DEV
LogInit:  - built for x86_64-pc-win32
LogInit:  - supports SSL with OpenSSL/1.0.2h
LogInit:  - supports HTTP deflate (compression) using libz 1.2.8
LogInit:  - other features:
LogInit:      CURL_VERSION_SSL
LogInit:      CURL_VERSION_LIBZ
LogInit:      CURL_VERSION_IPV6
LogInit:      CURL_VERSION_ASYNCHDNS
LogInit:      CURL_VERSION_LARGEFILE
LogInit:      CURL_VERSION_IDN
LogInit:  CurlRequestOptions (configurable via config and command line):
LogInit:  - bVerifyPeer = false  - Libcurl will NOT verify peer certificate
LogInit:  - bUseHttpProxy = false  - Libcurl will NOT use HTTP proxy
LogInit:  - bDontReuseConnections = false  - Libcurl will reuse connections
LogInit:  - CertBundlePath = nullptr  - Libcurl will use whatever was configured at build time.
LogInit:  - MaxHostConnections = 16  - Libcurl will limit the number of connections to a host
LogInit:  - LocalHostAddr = Default
LogInit:  - BufferSize = 65536
LogInit: WinSock: version 1.1 (2.2), MaxSocks=32767, MaxUdp=65467
LogInit: Build: ++UE4+Release-4.20-CL-4369336
LogInit: Engine Version: 4.20.3-4369336+++UE4+Release-4.20
LogInit: Compatible Engine Version: 4.20.0-4212847+++UE4+Release-4.20
LogInit: Net CL: 4212847
LogInit: OS: Windows 10 (), CPU: Intel(R) Core(TM) i7-6700 CPU @ 3.40GHz, GPU: NVIDIA GeForce GTX 1060 6GB
LogInit: Compiled (64-bit): Sep 17 2018 12:26:19
LogInit: Compiled with Visual C++: 19.13.26129.00
LogInit: Build Configuration: Development
LogInit: Branch Name: ++UE4+Release-4.20
LogInit: Command Line: 
LogInit: Base Directory: C:/Program Files/Epic Games/UE_4.20/Engine/Binaries/Win64/
LogInit: Installed Engine Build: 1
LogDevObjectVersion: Number of dev versions registered: 20
LogDevObjectVersion:   Dev-Blueprints (B0D832E4-1F89-4F0D-ACCF-7EB736FD4AA2): 10
LogDevObjectVersion:   Dev-Build (E1C64328-A22C-4D53-A36C-8E866417BD8C): 0
LogDevObjectVersion:   Dev-Core (375EC13C-06E4-48FB-B500-84F0262A717E): 2
LogDevObjectVersion:   Dev-Editor (E4B068ED-F494-42E9-A231-DA0B2E46BB41): 24
LogDevObjectVersion:   Dev-Framework (CFFC743F-43B0-4480-9391-14DF171D2073): 34
LogDevObjectVersion:   Dev-Mobile (B02B49B5-BB20-44E9-A304-32B752E40360): 2
LogDevObjectVersion:   Dev-Networking (A4E4105C-59A1-49B5-A7C5-40C4547EDFEE): 0
LogDevObjectVersion:   Dev-Online (39C831C9-5AE6-47DC-9A44-9C173E1C8E7C): 0
LogDevObjectVersion:   Dev-Physics (78F01B33-EBEA-4F98-B9B4-84EACCB95AA2): 0
LogDevObjectVersion:   Dev-Platform (6631380F-2D4D-43E0-8009-CF276956A95A): 0
LogDevObjectVersion:   Dev-Rendering (12F88B9F-8875-4AFC-A67C-D90C383ABD29): 26
LogDevObjectVersion:   Dev-Sequencer (7B5AE74C-D270-4C10-A958-57980B212A5A): 9
LogDevObjectVersion:   Dev-VR (D7296918-1DD6-4BDD-9DE2-64A83CC13884): 2
LogDevObjectVersion:   Dev-LoadTimes (C2A15278-BFE7-4AFE-6C17-90FF531DF755): 1
LogDevObjectVersion:   Private-Geometry (6EACA3D4-40EC-4CC1-B786-8BED09428FC5): 3
LogDevObjectVersion:   Dev-AnimPhys (29E575DD-E0A3-4627-9D10-D276232CDCEA): 17
LogDevObjectVersion:   Dev-ReflectionCapture (6B266CEC-1EC7-4B8F-A30B-E4D90942FC07): 1
LogDevObjectVersion:   Dev-Automation (0DF73D61-A23F-47EA-B727-89E90C41499A): 1
LogDevObjectVersion:   FortniteMain (601D1886-AC64-4F84-AA16-D3DE0DEAC7D6): 12
LogDevObjectVersion:   Dev-Enterprise (9DFFBCD6-494F-0158-E221-12823C92A888): 1
LogStreaming: Display: Took  0.003s to delete old logs.
LogInit: Presizing for max 8388607 objects, including 0 objects not considered by GC, pre-allocating 0 bytes for permanent pool.
LogInit: Object subsystem initialized
[2019.10.27-23.32.24:093][  0]LogInit: Selected Device Profile: [Windows]
[2019.10.27-23.32.24:093][  0]LogInit: Applying CVar settings loaded from the selected device profile: [Windows]
[2019.10.27-23.32.24:110][  0]LogHAL: Display: Platform has ~ 32 GB [34293108736 / 34359738368 / 32], which maps to Largest [LargestMinGB=32, LargerMinGB=12, DefaultMinGB=8, SmallerMinGB=6, SmallestMinGB=0)
[2019.10.27-23.32.24:110][  0]LogInit: Setting Device Profile CVar: [[r.Vulkan.UseRealUBs:1]]
[2019.10.27-23.32.24:110][  0]LogInit: Going up to parent DeviceProfile []
[2019.10.27-23.32.24:110][  0]LogInit: Computer: SYD-C63DCC
[2019.10.27-23.32.24:110][  0]LogInit: User: s191273
[2019.10.27-23.32.24:110][  0]LogInit: CPU Page size=4096, Cores=4
[2019.10.27-23.32.24:110][  0]LogInit: High frequency timer resolution =3.328124 MHz
[2019.10.27-23.32.24:111][  0]LogMemory: Memory total: Physical=31.9GB (32GB approx)
[2019.10.27-23.32.24:111][  0]LogMemory: Platform Memory Stats for Windows
[2019.10.27-23.32.24:111][  0]LogMemory: Process Physical Memory: 100.40 MB used, 100.40 MB peak
[2019.10.27-23.32.24:111][  0]LogMemory: Process Virtual Memory: 89.64 MB used, 89.64 MB peak
[2019.10.27-23.32.24:111][  0]LogMemory: Physical Memory: 5256.77 MB used,  27447.69 MB free, 32704.46 MB total
[2019.10.27-23.32.24:111][  0]LogMemory: Virtual Memory: 4638.47 MB used,  27447.69 MB free, 134217728.00 MB total
[2019.10.27-23.32.24:125][  0]LogInit: Using OS detected language (en-US).
[2019.10.27-23.32.24:125][  0]LogInit: Using OS detected locale (en-US).
[2019.10.27-23.32.24:126][  0]LogTextLocalizationManager: No specific localization for 'en-US' exists, so the 'en' localization will be used.
[2019.10.27-23.32.24:454][  0]LogStreaming: Display: Took  0.329s to InitEngineTextLocalization.
[2019.10.27-23.32.24:454][  0]LogInit: Setting process to per monitor DPI aware
[2019.10.27-23.32.24:488][  0]LogSlate: New Slate User Created.  User Index 0, Is Virtual User: 0
[2019.10.27-23.32.24:488][  0]LogSlate: Slate User Registered.  User Index 0, Is Virtual User: 0
[2019.10.27-23.32.24:633][  0]LogHMD: Failed to initialize OpenVR with code 110
[2019.10.27-23.32.24:633][  0]LogD3D11RHI: D3D11 adapters:
[2019.10.27-23.32.24:684][  0]LogD3D11RHI:    0. 'NVIDIA GeForce GTX 1060 6GB' (Feature Level 11_0)
[2019.10.27-23.32.24:684][  0]LogD3D11RHI:       6052/0/16352 MB DedicatedVideo/DedicatedSystem/SharedSystem, Outputs:2, VendorId:0x10de
[2019.10.27-23.32.24:685][  0]LogD3D11RHI:    1. 'Microsoft Basic Render Driver' (Feature Level 11_0)
[2019.10.27-23.32.24:685][  0]LogD3D11RHI:       0/0/16352 MB DedicatedVideo/DedicatedSystem/SharedSystem, Outputs:0, VendorId:0x1414
[2019.10.27-23.32.24:685][  0]LogD3D11RHI: Chosen D3D11 Adapter: 0
[2019.10.27-23.32.24:689][  0]LogD3D11RHI: Creating new Direct3DDevice
[2019.10.27-23.32.24:690][  0]LogD3D11RHI:     GPU DeviceId: 0x1c03 (for the marketing name, search the web for "GPU Device Id")
[2019.10.27-23.32.24:690][  0]LogWindows: EnumDisplayDevices:
[2019.10.27-23.32.24:690][  0]LogWindows:    0. 'NVIDIA GeForce GTX 1060 6GB' (P:0 D:1)
[2019.10.27-23.32.24:690][  0]LogWindows:    1. 'NVIDIA GeForce GTX 1060 6GB' (P:1 D:1)
[2019.10.27-23.32.24:690][  0]LogWindows:    2. 'NVIDIA GeForce GTX 1060 6GB' (P:0 D:0)
[2019.10.27-23.32.24:690][  0]LogWindows:    3. 'NVIDIA GeForce GTX 1060 6GB' (P:0 D:0)
[2019.10.27-23.32.24:690][  0]LogWindows: DebugString: FoundDriverCount:4 
[2019.10.27-23.32.24:690][  0]LogD3D11RHI:     Adapter Name: NVIDIA GeForce GTX 1060 6GB
[2019.10.27-23.32.24:690][  0]LogD3D11RHI:   Driver Version: 417.35 (internal:25.21.14.1735, unified:417.35)
[2019.10.27-23.32.24:690][  0]LogD3D11RHI:      Driver Date: 12-11-2018
[2019.10.27-23.32.24:690][  0]LogRHI: Texture pool is 4236 MB (70% of 6052 MB)
[2019.10.27-23.32.24:722][  0]LogD3D11RHI: Async texture creation enabled
[2019.10.27-23.32.24:739][  0]LogD3D11RHI: GPU Timing Frequency: 1000.000000 (Debug: 2 2)
[2019.10.27-23.32.24:823][  0]LogShaderCompilers: Guid format shader working directory is -49 characters bigger than the processId version (../../../../../../Users/s191273/Documents/GitHub/DeJaBrew_Prototyping/DeJaBrew_Prototyping_Unreal/Intermediate/Shaders/WorkingDirectory/5096/).
[2019.10.27-23.32.24:823][  0]LogShaderCompilers: Cleaned the shader compiler working directory 'C:/Users/s191273/AppData/Local/Temp/UnrealShaderWorkingDir/17FFC0E449BDC8D402653BAE1D385F3B/'.
[2019.10.27-23.32.25:039][  0]LogTemp: Display: Loaded TP AllDesktopTargetPlatform
[2019.10.27-23.32.25:050][  0]LogTemp: Display: Loaded TP MacClientTargetPlatform
[2019.10.27-23.32.25:062][  0]LogTemp: Display: Loaded TP MacNoEditorTargetPlatform
[2019.10.27-23.32.25:074][  0]LogTemp: Display: Loaded TP MacServerTargetPlatform
[2019.10.27-23.32.25:086][  0]LogTemp: Display: Loaded TP MacTargetPlatform
[2019.10.27-23.32.25:097][  0]LogTemp: Display: Loaded TP WindowsClientTargetPlatform
[2019.10.27-23.32.25:108][  0]LogTemp: Display: Loaded TP WindowsNoEditorTargetPlatform
[2019.10.27-23.32.25:120][  0]LogTemp: Display: Loaded TP WindowsServerTargetPlatform
[2019.10.27-23.32.25:125][  0]LogTemp: Display: Loaded TP WindowsTargetPlatform
[2019.10.27-23.32.25:190][  0]LogTemp: Display: Loaded TP AndroidTargetPlatform
[2019.10.27-23.32.25:190][  0]LogTemp: Display: Loaded TP AndroidTargetPlatform
[2019.10.27-23.32.25:190][  0]LogTemp: Display: Loaded TP AndroidTargetPlatform
[2019.10.27-23.32.25:190][  0]LogTemp: Display: Loaded TP AndroidTargetPlatform
[2019.10.27-23.32.25:190][  0]LogTemp: Display: Loaded TP AndroidTargetPlatform
[2019.10.27-23.32.25:190][  0]LogTemp: Display: Loaded TP AndroidTargetPlatform
[2019.10.27-23.32.25:190][  0]LogTemp: Display: Loaded TP AndroidTargetPlatform
[2019.10.27-23.32.25:191][  0]LogTemp: Display: Loaded TP AndroidTargetPlatform
[2019.10.27-23.32.25:191][  0]LogTemp: Display: Loaded TP AndroidTargetPlatform
[2019.10.27-23.32.25:191][  0]LogTemp: Display: Loaded TP AndroidTargetPlatform
[2019.10.27-23.32.25:191][  0]LogTemp: Display: Loaded TP AndroidTargetPlatform
[2019.10.27-23.32.25:191][  0]LogTemp: Display: Loaded TP AndroidTargetPlatform
[2019.10.27-23.32.25:191][  0]LogTemp: Display: Loaded TP AndroidTargetPlatform
[2019.10.27-23.32.25:191][  0]LogTemp: Display: Loaded TP AndroidTargetPlatform
[2019.10.27-23.32.25:191][  0]LogTemp: Display: Loaded TP AndroidTargetPlatform
[2019.10.27-23.32.25:191][  0]LogTemp: Display: Loaded TP AndroidTargetPlatform
[2019.10.27-23.32.25:191][  0]LogTemp: Display: Loaded TP AndroidTargetPlatform
[2019.10.27-23.32.25:191][  0]LogTemp: Display: Loaded TP AndroidTargetPlatform
[2019.10.27-23.32.25:192][  0]LogTemp: Display: Loaded TP HTML5TargetPlatform
[2019.10.27-23.32.25:248][  0]LogTemp: Display: Loaded TP IOSTargetPlatform
[2019.10.27-23.32.25:248][  0]LogTemp: Display: Loaded TP IOSTargetPlatform
[2019.10.27-23.32.25:269][  0]LogTemp: Display: Loaded TP TVOSTargetPlatform
[2019.10.27-23.32.25:269][  0]LogTemp: Display: Loaded TP TVOSTargetPlatform
[2019.10.27-23.32.25:280][  0]LogTemp: Display: Loaded TP LinuxClientTargetPlatform
[2019.10.27-23.32.25:291][  0]LogTemp: Display: Loaded TP LinuxNoEditorTargetPlatform
[2019.10.27-23.32.25:301][  0]LogTemp: Display: Loaded TP LinuxServerTargetPlatform
[2019.10.27-23.32.25:313][  0]LogTemp: Display: Loaded TP LinuxTargetPlatform
[2019.10.27-23.32.25:320][  0]LogTemp: Display: Loaded TP LuminTargetPlatform
[2019.10.27-23.32.25:320][  0]LogTargetPlatformManager: Display: Building Assets For Windows
[2019.10.27-23.32.25:362][  0]LogXGEController: Cleaning working directory: C:/Users/s191273/AppData/Local/Temp/UnrealXGEWorkingDir/
[2019.10.27-23.32.25:362][  0]LogXGEController: Cannot use XGE Controller as Incredibuild is not installed on this machine.
[2019.10.27-23.32.25:363][  0]LogShaderCompilers: Cannot use XGE Shader Compiler as Incredibuild is not installed on this machine.
[2019.10.27-23.32.25:363][  0]LogShaderCompilers: Display: Using Local Shader Compiler.
[2019.10.27-23.32.25:950][  0]LogDerivedDataCache: Display: Max Cache Size: 512 MB
[2019.10.27-23.32.25:993][  0]LogDerivedDataCache: Loaded boot cache 0.04s 71MB C:/Users/s191273/AppData/Local/UnrealEngine/4.20/DerivedDataCache/Boot.ddc.
[2019.10.27-23.32.25:993][  0]LogDerivedDataCache: Display: Loaded Boot cache: C:/Users/s191273/AppData/Local/UnrealEngine/4.20/DerivedDataCache/Boot.ddc
[2019.10.27-23.32.25:994][  0]LogDerivedDataCache: FDerivedDataBackendGraph:  Pak pak cache file ../../../../../../Users/s191273/Documents/GitHub/DeJaBrew_Prototyping/DeJaBrew_Prototyping_Unreal/DerivedDataCache/DDC.ddp not found, will not use a pak cache.
[2019.10.27-23.32.25:994][  0]LogDerivedDataCache: Unable to find inner node Pak for hierarchical cache Hierarchy.
[2019.10.27-23.32.25:994][  0]LogDerivedDataCache: FDerivedDataBackendGraph:  CompressedPak pak cache file ../../../../../../Users/s191273/Documents/GitHub/DeJaBrew_Prototyping/DeJaBrew_Prototyping_Unreal/DerivedDataCache/Compressed.ddp not found, will not use a pak cache.
[2019.10.27-23.32.25:994][  0]LogDerivedDataCache: Unable to find inner node CompressedPak for hierarchical cache Hierarchy.
[2019.10.27-23.32.26:005][  0]LogDerivedDataCache: Display: Pak cache opened for reading ../../../Engine/DerivedDataCache/Compressed.ddp.
[2019.10.27-23.32.26:018][  0]LogDerivedDataCache: Using Local data cache path C:/Users/s191273/AppData/Local/UnrealEngine/Common/DerivedDataCache: Writable
[2019.10.27-23.32.26:018][  0]LogDerivedDataCache: Shared data cache path not found in *engine.ini, will not use an Shared cache.
[2019.10.27-23.32.26:018][  0]LogDerivedDataCache: Unable to find inner node Shared for hierarchical cache Hierarchy.
[2019.10.27-23.32.26:034][  0]LogMaterial: Verifying Global Shaders for PCD3D_SM5
[2019.10.27-23.32.26:035][  0]LogSlate: Using FreeType 2.6.0
[2019.10.27-23.32.26:035][  0]LogSlate: SlateFontServices - WITH_FREETYPE: 1, WITH_HARFBUZZ: 1
[2019.10.27-23.32.26:098][  0]LogAssetRegistry: FAssetRegistry took 0.0255 seconds to start up
[2019.10.27-23.32.26:353][  0]LogInit: Selected Device Profile: [Windows]
[2019.10.27-23.32.26:466][  0]LogSimplygon: Simplygon DLL not present - disabling.
[2019.10.27-23.32.26:468][  0]LogMeshReduction: Using SimplygonSwarm for distributed automatic mesh merging
[2019.10.27-23.32.26:468][  0]LogMeshReduction: Using ProxyLODMeshReduction for automatic mesh merging
[2019.10.27-23.32.26:468][  0]LogMeshReduction: Using QuadricMeshReduction for automatic static mesh reduction
[2019.10.27-23.32.26:468][  0]LogMeshReduction: No automatic skeletal mesh reduction module available
[2019.10.27-23.32.26:483][  0]LogNetVersion: DeJaBrew_Prototyping 1.0.0, NetCL: 4212847, EngineNetVer: 5, GameNetVer: 0 (Checksum: 1964930159)
[2019.10.27-23.32.26:720][  0]LogLinker: Warning: The file '../../../Engine/Content/EditorMaterials/Thumbnails/SkySphereMaterial.uasset' contains unrecognizable data, check that it is of the expected type.
[2019.10.27-23.32.26:720][  0]LogLinker: Warning: The file '../../../Engine/Content/EditorMaterials/Thumbnails/SkySphereMaterial.uasset' contains unrecognizable data, check that it is of the expected type.
[2019.10.27-23.32.26:720][  0]LogLinker: Warning: The file '../../../Engine/Content/EditorMaterials/Thumbnails/SkySphereMaterial.uasset' contains unrecognizable data, check that it is of the expected type.
[2019.10.27-23.32.26:721][  0]LogLinker: Warning: The file '../../../Engine/Content/EditorMaterials/Thumbnails/SkySphereMaterial.uasset' contains unrecognizable data, check that it is of the expected type.
[2019.10.27-23.32.26:721][  0]LogLinker: Warning: The file '../../../Engine/Content/EditorMaterials/Thumbnails/SkySphereMaterial.uasset' contains unrecognizable data, check that it is of the expected type.
[2019.10.27-23.32.26:722][  0]LogLinker: Warning: The file '../../../Engine/Content/EditorMaterials/Thumbnails/SkySphereMaterial.uasset' contains unrecognizable data, check that it is of the expected type.
[2019.10.27-23.32.26:907][  0]LogPackageLocalizationCache: Processed 11 localized package path(s) for 2 prioritized culture(s) in 0.094243 seconds
[2019.10.27-23.32.26:914][  0]LogUObjectArray: 38422 objects as part of root set at end of initial load.
[2019.10.27-23.32.26:914][  0]LogUObjectAllocator: 6687760 out of 0 bytes used by permanent object pool.
[2019.10.27-23.32.26:914][  0]LogUObjectArray: CloseDisregardForGC: 0/0 objects in disregard for GC pool
[2019.10.27-23.32.27:586][  0]LogTcpMessaging: Initializing TcpMessaging bridge
[2019.10.27-23.32.27:599][  0]LogUdpMessaging: Initializing bridge on interface 0.0.0.0:0 to multicast group 230.0.0.1:6666.
[2019.10.27-23.32.27:724][  0]SourceControl: Source control is disabled
[2019.10.27-23.32.27:724][  0]SourceControl: Source control is disabled
[2019.10.27-23.32.27:725][  0]SourceControl: Source control is disabled
[2019.10.27-23.32.27:726][  0]SourceControl: Source control is disabled
[2019.10.27-23.32.27:875][  0]LogAndroidPermission: UAndroidPermissionCallbackProxy::GetInstance
[2019.10.27-23.32.27:910][  0]LogOcInput: OculusInput pre-init called
[2019.10.27-23.32.27:962][  0]LogEngine: Initializing Engine...
[2019.10.27-23.32.27:963][  0]LogHMD: Failed to initialize OpenVR with code 110
[2019.10.27-23.32.27:964][  0]LogStats: UGameplayTagsManager::ConstructGameplayTagTree: ImportINI prefixes -  0.000 s
[2019.10.27-23.32.27:964][  0]LogStats: UGameplayTagsManager::ConstructGameplayTagTree: Construct from data asset -  0.000 s
[2019.10.27-23.32.27:964][  0]LogStats: UGameplayTagsManager::ConstructGameplayTagTree: ImportINI -  0.000 s
[2019.10.27-23.32.27:964][  0]LogStats: UGameplayTagsManager::ConstructGameplayTagTree: GameplayTagTreeChangedEvent.Broadcast -  0.000 s
[2019.10.27-23.32.28:140][  0]LogInit: Initializing FReadOnlyCVARCache
[2019.10.27-23.32.28:150][  0]LogAIModule: Creating AISystem for world Untitled
[2019.10.27-23.32.28:156][  0]LogInit: XAudio2 using 'Realtek Digital Output (Realtek High Definition Audio)' : 2 channels at 48 kHz using 16 bits per sample (channel mask 0x3)
[2019.10.27-23.32.28:183][  0]LogInit: FAudioDevice initialized.
[2019.10.27-23.32.28:183][  0]LogNetVersion: Set ProjectVersion to 1.0.0.0. Version Checksum will be recalculated on next use.
[2019.10.27-23.32.28:250][  0]LogDerivedDataCache: Saved boot cache 0.07s 71MB C:/Users/s191273/AppData/Local/UnrealEngine/4.20/DerivedDataCache/Boot.ddc.
[2019.10.27-23.32.28:258][  0]LogInit: Texture streaming: Enabled
[2019.10.27-23.32.28:269][  0]LogEngineSessionManager: EngineSessionManager initialized
[2019.10.27-23.32.28:282][  0]LogInit: Transaction tracking system initialized
[2019.10.27-23.32.28:297][  0]BlueprintLog: New page: Editor Load
[2019.10.27-23.32.28:349][  0]LocalizationService: Localization service is disabled
[2019.10.27-23.32.28:508][  0]LogLinker: Warning: The file '../../../Engine/Content/EditorMaterials/Thumbnails/SkySphereMaterial.uasset' contains unrecognizable data, check that it is of the expected type.
[2019.10.27-23.32.28:562][  0]LogCook: Display: Max memory allowance for cook 16384mb min free memory 0mb
[2019.10.27-23.32.28:562][  0]LogCook: Display: Mobile HDR setting 1
[2019.10.27-23.32.28:562][  0]LogGameplayTags: Display: UGameplayTagsManager::DoneAddingNativeTags. DelegateIsBound: 0
[2019.10.27-23.32.28:562][  0]LogStats: UGameplayTagsManager::ConstructGameplayTagTree: ImportINI prefixes -  0.000 s
[2019.10.27-23.32.28:562][  0]LogStats: UGameplayTagsManager::ConstructGameplayTagTree: Construct from data asset -  0.000 s
[2019.10.27-23.32.28:562][  0]LogStats: UGameplayTagsManager::ConstructGameplayTagTree: ImportINI -  0.000 s
[2019.10.27-23.32.28:562][  0]LogStats: UGameplayTagsManager::ConstructGameplayTagTree: GameplayTagTreeChangedEvent.Broadcast -  0.000 s
[2019.10.27-23.32.28:650][  0]LogFileCache: Scanning file cache for directory 'C:/Users/s191273/Documents/GitHub/DeJaBrew_Prototyping/DeJaBrew_Prototyping_Unreal/Content/' took 0.02s
[2019.10.27-23.32.28:650][  0]SourceControl: Source control is disabled
[2019.10.27-23.32.28:651][  0]LightingResults: New page: Lighting Build
[2019.10.27-23.32.28:652][  0]MapCheck: New page: Map Check
[2019.10.27-23.32.28:652][  0]LightingResults: New page: Lighting Build
[2019.10.27-23.32.29:274][  0]LogAIModule: Creating AISystem for world SideScrollerExampleMap
[2019.10.27-23.32.29:289][  0]LogEditorServer: Finished looking for orphan Actors (0.000 secs)
[2019.10.27-23.32.29:313][  0]Cmd: MAP CHECKDEP NOCLEARLOG
[2019.10.27-23.32.29:365][  0]MapCheck: Map check complete: 0 Error(s), 0 Warning(s), took 51.131ms to complete.
[2019.10.27-23.32.29:365][  0]LogFileHelpers: Loading map 'SideScrollerExampleMap' took 0.714
[2019.10.27-23.32.29:456][  0]LogSlate: Updating window title bar state: overlay mode, drag disabled, window buttons hidden, title bar hidden
[2019.10.27-23.32.29:462][  0]LogSlate: Updating window title bar state: overlay mode, drag disabled, window buttons hidden, title bar hidden
[2019.10.27-23.32.29:469][  0]LogSlate: Updating window title bar state: overlay mode, drag disabled, window buttons hidden, title bar hidden
[2019.10.27-23.32.29:475][  0]LogSlate: Updating window title bar state: overlay mode, drag disabled, window buttons hidden, title bar hidden
[2019.10.27-23.32.29:480][  0]LogCollectionManager: Loaded 0 collections in 0.001126 seconds
[2019.10.27-23.32.29:521][  0]LogFileCache: Scanning file cache for directory 'C:/Users/s191273/Documents/GitHub/DeJaBrew_Prototyping/DeJaBrew_Prototyping_Unreal/Saved/Collections/' took 0.01s
[2019.10.27-23.32.29:521][  0]LogFileCache: Scanning file cache for directory 'C:/Users/s191273/Documents/GitHub/DeJaBrew_Prototyping/DeJaBrew_Prototyping_Unreal/Content/Developers/s191273/Collections/' took 0.01s
[2019.10.27-23.32.29:521][  0]LogFileCache: Scanning file cache for directory 'C:/Users/s191273/Documents/GitHub/DeJaBrew_Prototyping/DeJaBrew_Prototyping_Unreal/Content/Collections/' took 0.01s
[2019.10.27-23.32.29:521][  0]LogCollectionManager: Rebuilt the GUID cache for 0 collections in 0.000000 seconds
[2019.10.27-23.32.29:529][  0]LogContentBrowser: Native class hierarchy populated in 0.0086 seconds. Added 2572 classes and 603 folders.
[2019.10.27-23.32.29:535][  0]LogContentBrowser: Native class hierarchy updated for 'WidgetCarousel' in 0.0002 seconds. Added 0 classes and 0 folders.
[2019.10.27-23.32.29:564][  0]LogContentBrowser: Native class hierarchy updated for 'AddContentDialog' in 0.0002 seconds. Added 0 classes and 0 folders.
[2019.10.27-23.32.29:567][  0]LogContentBrowser: Native class hierarchy updated for 'SceneOutliner' in 0.0002 seconds. Added 1 classes and 2 folders.
[2019.10.27-23.32.29:579][  0]LogSlate: Took 0.000142 seconds to synchronously load lazily loaded font '../../../Engine/Content/Slate/Fonts/Roboto-Regular.ttf' (155K)
[2019.10.27-23.32.29:581][  0]LogSlate: Took 0.000154 seconds to synchronously load lazily loaded font '../../../Engine/Content/Slate/Fonts/Roboto-Bold.ttf' (160K)
[2019.10.27-23.32.29:586][  0]LogSlate: Took 0.000161 seconds to synchronously load lazily loaded font '../../../Engine/Content/Editor/Slate/Fonts/FontAwesome.ttf' (139K)
[2019.10.27-23.32.29:654][  0]LogRenderer: Reallocating scene render targets to support 1208x576 Format 10 NumSamples 1 (Frame:1).
[2019.10.27-23.32.29:833][  0]LogContentBrowser: Native class hierarchy updated for 'HierarchicalLODOutliner' in 0.0002 seconds. Added 0 classes and 0 folders.
[2019.10.27-23.32.29:833][  0]LogLoad: (Engine Initialization) Total time: 7.09 seconds
[2019.10.27-23.32.29:833][  0]LogLoad: (Engine Initialization) Total Blueprint compile time: 0.00 seconds
[2019.10.27-23.32.29:843][  0]LogWindowsTextInputMethodSystem: Display: IME system now deactivated.
[2019.10.27-23.32.29:876][  0]LogContentStreaming: Texture pool size now 1000 MB
[2019.10.27-23.32.29:890][  0]LogSlate: Took 0.000130 seconds to synchronously load lazily loaded font '../../../Engine/Content/Slate/Fonts/Roboto-Light.ttf' (167K)
[2019.10.27-23.32.30:013][  1]LogAssetRegistry: Asset discovery search completed in 3.9370 seconds
[2019.10.27-23.32.30:016][  1]LogCollectionManager: Rebuilt the object cache for 0 collections in 0.000001 seconds (found 0 objects)
[2019.10.27-23.32.30:016][  1]LogCollectionManager: Fixed up redirectors for 0 collections in 0.000093 seconds (updated 0 objects)
[2019.10.27-23.32.30:872][ 82]LogSlate: Took 0.000151 seconds to synchronously load lazily loaded font '../../../Engine/Content/Slate/Fonts/Roboto-Light.ttf' (167K)
[2019.10.27-23.32.31:901][197]LogSlate: FSceneViewport::OnFocusLost() reason 0
[2019.10.27-23.32.34:914][548]LogFileCache: Retrieving MD5 hashes for directory 'C:/Users/s191273/Documents/GitHub/DeJaBrew_Prototyping/DeJaBrew_Prototyping_Unreal/Content/' took 5.06s
[2019.10.27-23.32.35:753][633]LogAIModule: Creating AISystem for world Level1
[2019.10.27-23.32.35:892][633]LogAssetEditorManager: Opening Asset editor for World /Game/SideScrollerBP/Maps/Level1.Level1
[2019.10.27-23.32.35:917][633]Cmd: MAP LOAD FILE="../../../../../../Users/s191273/Documents/GitHub/DeJaBrew_Prototyping/DeJaBrew_Prototyping_Unreal/Content/SideScrollerBP/Maps/Level1.umap" TEMPLATE=0 SHOWPROGRESS=1 FEATURELEVEL=3
[2019.10.27-23.32.35:917][633]LightingResults: New page: Lighting Build
[2019.10.27-23.32.35:918][633]LoadErrors: New page: Loading map: Level1.umap
[2019.10.27-23.32.35:919][633]MapCheck: New page: Map Check
[2019.10.27-23.32.35:919][633]LightingResults: New page: Lighting Build
[2019.10.27-23.32.36:095][633]LogEditorServer: Finished looking for orphan Actors (0.000 secs)
[2019.10.27-23.32.36:146][633]Cmd: MAP CHECKDEP NOCLEARLOG
[2019.10.27-23.32.36:198][633]MapCheck: Map check complete: 0 Error(s), 0 Warning(s), took 52.057ms to complete.
[2019.10.27-23.32.36:198][633]LogFileHelpers: Loading map 'Level1' took 0.283
[2019.10.27-23.32.44:879][645]LogSlate: FSceneViewport::OnFocusLost() reason 0
[2019.10.27-23.32.50:351][ 79]LogFactory: FactoryCreateFile: StaticMesh with FbxFactory (0 0 ../../../../../../Users/s191273/Documents/GitHub/DeJaBrew_Prototyping/DeJaBrew_Prototyping_Unreal/Content/SideScrollerBP/Assets/CharacterLP.fbx)
[2019.10.27-23.32.50:365][ 79]LogFbx: Loading FBX Scene from ../../../../../../Users/s191273/Documents/GitHub/DeJaBrew_Prototyping/DeJaBrew_Prototyping_Unreal/Content/SideScrollerBP/Assets/CharacterLP.fbx
[2019.10.27-23.32.50:381][ 79]LogFbx: FBX Scene Loaded Succesfully
[2019.10.27-23.32.53:824][ 79]LogSlate: Window 'FBX Import Options' being destroyed
[2019.10.27-23.32.53:896][ 79]LogFbx: Warning: Triangulating static mesh Apron
[2019.10.27-23.32.54:097][ 79]LogStaticMesh: Building static mesh CharacterLP_Apron...
[2019.10.27-23.32.54:304][ 79]LogStaticMesh: Built static mesh [0.21s] /Game/SideScrollerBP/Assets/CharacterLowPoly/CharacterLP_Apron.CharacterLP_Apron
[2019.10.27-23.32.54:321][ 79]LogFbx: Warning: Triangulating static mesh Head
[2019.10.27-23.32.54:446][ 79]LogStaticMesh: Building static mesh CharacterLP_Head...
[2019.10.27-23.32.54:525][ 79]LogStaticMesh: Built static mesh [0.08s] /Game/SideScrollerBP/Assets/CharacterLowPoly/CharacterLP_Head.CharacterLP_Head
[2019.10.27-23.32.54:545][ 79]LogFbx: Warning: Triangulating static mesh Antennae
[2019.10.27-23.32.55:432][ 79]LogStaticMesh: Building static mesh CharacterLP_Antennae...
[2019.10.27-23.32.56:354][ 79]LogStaticMesh: Built static mesh [0.92s] /Game/SideScrollerBP/Assets/CharacterLowPoly/CharacterLP_Antennae.CharacterLP_Antennae
[2019.10.27-23.32.56:391][ 79]LogStaticMesh: Warning: CharacterLP_Antennae has degenerate tangent bases which will result in incorrect shading.  MikkTSpace relies on tangent bases and may result in mesh corruption, consider disabling this option.
[2019.10.27-23.32.56:391][ 79]LogStaticMesh: Warning: CharacterLP_Antennae has some nearly zero normals which can create some issues. (Tolerance of 1E-4)
[2019.10.27-23.32.56:391][ 79]LogStaticMesh: Warning: CharacterLP_Antennae has some nearly zero bi-normals which can create some issues. (Tolerance of 1E-4)
[2019.10.27-23.32.56:436][ 79]LogFbx: Warning: Triangulating static mesh Backpack
[2019.10.27-23.32.56:732][ 79]LogStaticMesh: Building static mesh CharacterLP_Backpack...
[2019.10.27-23.32.56:937][ 79]LogStaticMesh: Built static mesh [0.20s] /Game/SideScrollerBP/Assets/CharacterLowPoly/CharacterLP_Backpack.CharacterLP_Backpack
[2019.10.27-23.32.56:949][ 79]LogStaticMesh: Warning: CharacterLP_Backpack has degenerate tangent bases which will result in incorrect shading.  MikkTSpace relies on tangent bases and may result in mesh corruption, consider disabling this option.
[2019.10.27-23.32.56:949][ 79]LogStaticMesh: Warning: CharacterLP_Backpack has some nearly zero bi-normals which can create some issues. (Tolerance of 1E-4)
[2019.10.27-23.32.56:967][ 79]FBXImport: Warning: CharacterLP_Antennae has degenerate tangent bases which will result in incorrect shading.  MikkTSpace relies on tangent bases and may result in mesh corruption, consider disabling this option. 
[2019.10.27-23.32.56:967][ 79]FBXImport: Warning: CharacterLP_Antennae has some nearly zero normals which can create some issues. (Tolerance of 1E-4) 
[2019.10.27-23.32.56:967][ 79]FBXImport: Warning: CharacterLP_Antennae has some nearly zero bi-normals which can create some issues. (Tolerance of 1E-4) 
[2019.10.27-23.32.56:967][ 79]FBXImport: Warning: CharacterLP_Backpack has degenerate tangent bases which will result in incorrect shading.  MikkTSpace relies on tangent bases and may result in mesh corruption, consider disabling this option. 
[2019.10.27-23.32.56:967][ 79]FBXImport: Warning: CharacterLP_Backpack has some nearly zero bi-normals which can create some issues. (Tolerance of 1E-4) 
[2019.10.27-23.32.58:952][286]LogSlate: Window 'Message Log' being destroyed
[2019.10.27-23.32.58:955][286]LogSlate: Window 'Message Log' being destroyed
[2019.10.27-23.33.06:076][740]LogFactory: FactoryCreateFile: StaticMesh with FbxFactory (0 0 ../../../../../../Users/s191273/Documents/GitHub/DeJaBrew_Prototyping/DeJaBrew_Prototyping_Unreal/Content/SideScrollerBP/Assets/FloatP.fbx)
[2019.10.27-23.33.06:087][740]LogFbx: Loading FBX Scene from ../../../../../../Users/s191273/Documents/GitHub/DeJaBrew_Prototyping/DeJaBrew_Prototyping_Unreal/Content/SideScrollerBP/Assets/FloatP.fbx
[2019.10.27-23.33.06:092][740]LogFbx: FBX Scene Loaded Succesfully
[2019.10.27-23.33.07:430][740]LogSlate: Window 'FBX Import Options' being destroyed
[2019.10.27-23.33.07:465][740]LogFbx: Warning: Triangulating static mesh flaotP
[2019.10.27-23.33.07:477][740]LogStaticMesh: Building static mesh FloatP...
[2019.10.27-23.33.07:478][740]LogStaticMesh: Built static mesh [0.00s] /Game/SideScrollerBP/Assets/FloatP.FloatP
[2019.10.27-23.33.07:489][740]FBXImport: Warning: No smoothing group information was found in this FBX scene.  Please make sure to enable the 'Export Smoothing Groups' option in the FBX Exporter plug-in before exporting the file.  Even for tools that don't support smoothing groups, the FBX Exporter will generate appropriate smoothing data at export-time so that correct vertex normals can be inferred while importing. 
[2019.10.27-23.33.08:627][871]Cmd: SELECT NONE
[2019.10.27-23.33.09:260][947]Cmd: SELECT NONE
[2019.10.27-23.33.09:561][983]LogSlate: Window 'Message Log' being destroyed
[2019.10.27-23.33.09:565][983]LogSlate: Window 'Message Log' being destroyed
[2019.10.27-23.33.13:798][102]LogFactory: FactoryCreateFile: StaticMesh with FbxFactory (0 0 ../../../../../../Users/s191273/Documents/GitHub/DeJaBrew_Prototyping/DeJaBrew_Prototyping_Unreal/Content/SideScrollerBP/Assets/FuelLP.fbx)
[2019.10.27-23.33.13:809][102]LogFbx: Loading FBX Scene from ../../../../../../Users/s191273/Documents/GitHub/DeJaBrew_Prototyping/DeJaBrew_Prototyping_Unreal/Content/SideScrollerBP/Assets/FuelLP.fbx
[2019.10.27-23.33.13:814][102]LogFbx: FBX Scene Loaded Succesfully
[2019.10.27-23.33.14:922][102]LogSlate: Window 'FBX Import Options' being destroyed
[2019.10.27-23.33.14:942][102]LogFbx: Warning: Triangulating static mesh Fuel
[2019.10.27-23.33.14:956][102]LogStaticMesh: Building static mesh FuelLP...
[2019.10.27-23.33.14:959][102]LogStaticMesh: Built static mesh [0.00s] /Game/SideScrollerBP/Assets/FuelLP.FuelLP
[2019.10.27-23.33.18:027][259]LogFactory: FactoryCreateFile: StaticMesh with FbxFactory (0 0 ../../../../../../Users/s191273/Documents/GitHub/DeJaBrew_Prototyping/DeJaBrew_Prototyping_Unreal/Content/SideScrollerBP/Assets/GroundP1.fbx)
[2019.10.27-23.33.18:038][259]LogFbx: Loading FBX Scene from ../../../../../../Users/s191273/Documents/GitHub/DeJaBrew_Prototyping/DeJaBrew_Prototyping_Unreal/Content/SideScrollerBP/Assets/GroundP1.fbx
[2019.10.27-23.33.18:043][259]LogFbx: FBX Scene Loaded Succesfully
[2019.10.27-23.33.19:699][259]LogSlate: Window 'FBX Import Options' being destroyed
[2019.10.27-23.33.19:718][259]LogFbx: Warning: Triangulating static mesh groundP1
[2019.10.27-23.33.19:724][259]LogStaticMesh: Building static mesh GroundP1...
[2019.10.27-23.33.19:725][259]LogStaticMesh: Built static mesh [0.00s] /Game/SideScrollerBP/Assets/GroundP1.GroundP1
[2019.10.27-23.33.19:735][259]FBXImport: Warning: No smoothing group information was found in this FBX scene.  Please make sure to enable the 'Export Smoothing Groups' option in the FBX Exporter plug-in before exporting the file.  Even for tools that don't support smoothing groups, the FBX Exporter will generate appropriate smoothing data at export-time so that correct vertex normals can be inferred while importing. 
[2019.10.27-23.33.20:640][333]Cmd: SELECT NONE
[2019.10.27-23.33.21:297][411]LogSlate: Window 'Message Log' being destroyed
[2019.10.27-23.33.21:300][411]LogSlate: Window 'Message Log' being destroyed
[2019.10.27-23.33.23:594][497]LogFactory: FactoryCreateFile: StaticMesh with FbxFactory (0 0 ../../../../../../Users/s191273/Documents/GitHub/DeJaBrew_Prototyping/DeJaBrew_Prototyping_Unreal/Content/SideScrollerBP/Assets/GroundP2.fbx)
[2019.10.27-23.33.23:604][497]LogFbx: Loading FBX Scene from ../../../../../../Users/s191273/Documents/GitHub/DeJaBrew_Prototyping/DeJaBrew_Prototyping_Unreal/Content/SideScrollerBP/Assets/GroundP2.fbx
[2019.10.27-23.33.23:608][497]LogFbx: FBX Scene Loaded Succesfully
[2019.10.27-23.33.25:355][497]LogSlate: Window 'FBX Import Options' being destroyed
[2019.10.27-23.33.25:375][497]LogFbx: Warning: Triangulating static mesh groundP2
[2019.10.27-23.33.25:381][497]LogStaticMesh: Building static mesh GroundP2...
[2019.10.27-23.33.25:382][497]LogStaticMesh: Built static mesh [0.00s] /Game/SideScrollerBP/Assets/GroundP2.GroundP2
[2019.10.27-23.33.25:390][497]FBXImport: Warning: No smoothing group information was found in this FBX scene.  Please make sure to enable the 'Export Smoothing Groups' option in the FBX Exporter plug-in before exporting the file.  Even for tools that don't support smoothing groups, the FBX Exporter will generate appropriate smoothing data at export-time so that correct vertex normals can be inferred while importing. 
[2019.10.27-23.33.26:481][620]LogSlate: Window 'Message Log' being destroyed
[2019.10.27-23.33.26:485][620]LogSlate: Window 'Message Log' being destroyed
[2019.10.27-23.33.28:933][741]LogFactory: FactoryCreateFile: StaticMesh with FbxFactory (0 0 ../../../../../../Users/s191273/Documents/GitHub/DeJaBrew_Prototyping/DeJaBrew_Prototyping_Unreal/Content/SideScrollerBP/Assets/GroundP3.fbx)
[2019.10.27-23.33.28:946][741]LogFbx: Loading FBX Scene from ../../../../../../Users/s191273/Documents/GitHub/DeJaBrew_Prototyping/DeJaBrew_Prototyping_Unreal/Content/SideScrollerBP/Assets/GroundP3.fbx
[2019.10.27-23.33.28:951][741]LogFbx: FBX Scene Loaded Succesfully
[2019.10.27-23.33.30:484][741]LogSlate: Window 'FBX Import Options' being destroyed
[2019.10.27-23.33.30:503][741]LogFbx: Warning: Triangulating static mesh groundP3
[2019.10.27-23.33.30:509][741]LogStaticMesh: Building static mesh GroundP3...
[2019.10.27-23.33.30:510][741]LogStaticMesh: Built static mesh [0.00s] /Game/SideScrollerBP/Assets/GroundP3.GroundP3
[2019.10.27-23.33.30:519][741]FBXImport: Warning: No smoothing group information was found in this FBX scene.  Please make sure to enable the 'Export Smoothing Groups' option in the FBX Exporter plug-in before exporting the file.  Even for tools that don't support smoothing groups, the FBX Exporter will generate appropriate smoothing data at export-time so that correct vertex normals can be inferred while importing. 
[2019.10.27-23.33.31:558][796]LogSlate: Window 'Message Log' being destroyed
[2019.10.27-23.33.31:618][796]LogSlate: Window 'Message Log' being destroyed
[2019.10.27-23.33.34:849][868]LogFactory: FactoryCreateFile: StaticMesh with FbxFactory (0 0 ../../../../../../Users/s191273/Documents/GitHub/DeJaBrew_Prototyping/DeJaBrew_Prototyping_Unreal/Content/SideScrollerBP/Assets/Spikes.fbx)
[2019.10.27-23.33.34:860][868]LogFbx: Loading FBX Scene from ../../../../../../Users/s191273/Documents/GitHub/DeJaBrew_Prototyping/DeJaBrew_Prototyping_Unreal/Content/SideScrollerBP/Assets/Spikes.fbx
[2019.10.27-23.33.34:866][868]LogFbx: FBX Scene Loaded Succesfully
[2019.10.27-23.33.36:273][868]LogSlate: Window 'FBX Import Options' being destroyed
[2019.10.27-23.33.36:292][868]LogFbx: Warning: Triangulating static mesh throns2
[2019.10.27-23.33.36:314][868]LogStaticMesh: Building static mesh Spikes...
[2019.10.27-23.33.36:329][868]LogStaticMesh: Built static mesh [0.02s] /Game/SideScrollerBP/Assets/Spikes.Spikes
[2019.10.27-23.33.36:340][868]FBXImport: Warning: No smoothing group information was found in this FBX scene.  Please make sure to enable the 'Export Smoothing Groups' option in the FBX Exporter plug-in before exporting the file.  Even for tools that don't support smoothing groups, the FBX Exporter will generate appropriate smoothing data at export-time so that correct vertex normals can be inferred while importing. 
[2019.10.27-23.33.37:789][ 34]LogSlate: Window 'Message Log' being destroyed
[2019.10.27-23.33.37:794][ 34]LogSlate: Window 'Message Log' being destroyed
[2019.10.27-23.33.41:532][172]LogFactory: FactoryCreateFile: StaticMesh with FbxFactory (0 0 ../../../../../../Users/s191273/Documents/GitHub/DeJaBrew_Prototyping/DeJaBrew_Prototyping_Unreal/Content/SideScrollerBP/Assets/SpikesBlock.fbx)
[2019.10.27-23.33.41:544][172]LogFbx: Loading FBX Scene from ../../../../../../Users/s191273/Documents/GitHub/DeJaBrew_Prototyping/DeJaBrew_Prototyping_Unreal/Content/SideScrollerBP/Assets/SpikesBlock.fbx
[2019.10.27-23.33.41:549][172]LogFbx: FBX Scene Loaded Succesfully
[2019.10.27-23.33.42:586][172]LogSlate: Window 'FBX Import Options' being destroyed
[2019.10.27-23.33.42:606][172]LogFbx: Warning: Triangulating static mesh spikesP
[2019.10.27-23.33.42:613][172]LogStaticMesh: Building static mesh SpikesBlock...
[2019.10.27-23.33.42:615][172]LogStaticMesh: Built static mesh [0.00s] /Game/SideScrollerBP/Assets/SpikesBlock.SpikesBlock
[2019.10.27-23.33.42:625][172]FBXImport: Warning: No smoothing group information was found in this FBX scene.  Please make sure to enable the 'Export Smoothing Groups' option in the FBX Exporter plug-in before exporting the file.  Even for tools that don't support smoothing groups, the FBX Exporter will generate appropriate smoothing data at export-time so that correct vertex normals can be inferred while importing. 
[2019.10.27-23.33.44:209][339]LogSlate: Window 'Message Log' being destroyed
[2019.10.27-23.33.44:212][339]LogSlate: Window 'Message Log' being destroyed
[2019.10.27-23.33.46:672][436]LogFactory: FactoryCreateFile: StaticMesh with FbxFactory (0 0 ../../../../../../Users/s191273/Documents/GitHub/DeJaBrew_Prototyping/DeJaBrew_Prototyping_Unreal/Content/SideScrollerBP/Assets/Thorns.fbx)
[2019.10.27-23.33.46:684][436]LogFbx: Loading FBX Scene from ../../../../../../Users/s191273/Documents/GitHub/DeJaBrew_Prototyping/DeJaBrew_Prototyping_Unreal/Content/SideScrollerBP/Assets/Thorns.fbx
[2019.10.27-23.33.46:697][436]LogFbx: FBX Scene Loaded Succesfully
[2019.10.27-23.33.48:962][436]LogSlate: Window 'FBX Import Options' being destroyed
[2019.10.27-23.33.48:985][436]LogStaticMesh: Building static mesh Thorns_pCone38...
[2019.10.27-23.33.48:985][436]LogStaticMesh: Built static mesh [0.00s] /Game/SideScrollerBP/Assets/Thorns_pCone38.Thorns_pCone38
[2019.10.27-23.33.48:991][436]LogStaticMesh: Building static mesh Thorns_pCone37...
[2019.10.27-23.33.48:992][436]LogStaticMesh: Built static mesh [0.00s] /Game/SideScrollerBP/Assets/Thorns_pCone37.Thorns_pCone37
[2019.10.27-23.33.49:000][436]LogStaticMesh: Building static mesh Thorns_pCone36...
[2019.10.27-23.33.49:001][436]LogStaticMesh: Built static mesh [0.00s] /Game/SideScrollerBP/Assets/Thorns_pCone36.Thorns_pCone36
[2019.10.27-23.33.49:008][436]LogStaticMesh: Building static mesh Thorns_pCone35...
[2019.10.27-23.33.49:009][436]LogStaticMesh: Built static mesh [0.00s] /Game/SideScrollerBP/Assets/Thorns_pCone35.Thorns_pCone35
[2019.10.27-23.33.49:016][436]LogStaticMesh: Building static mesh Thorns_pCone34...
[2019.10.27-23.33.49:017][436]LogStaticMesh: Built static mesh [0.00s] /Game/SideScrollerBP/Assets/Thorns_pCone34.Thorns_pCone34
[2019.10.27-23.33.49:023][436]LogStaticMesh: Building static mesh Thorns_pCone33...
[2019.10.27-23.33.49:024][436]LogStaticMesh: Built static mesh [0.00s] /Game/SideScrollerBP/Assets/Thorns_pCone33.Thorns_pCone33
[2019.10.27-23.33.49:031][436]LogStaticMesh: Building static mesh Thorns_pCone32...
[2019.10.27-23.33.49:032][436]LogStaticMesh: Built static mesh [0.00s] /Game/SideScrollerBP/Assets/Thorns_pCone32.Thorns_pCone32
[2019.10.27-23.33.49:039][436]LogStaticMesh: Building static mesh Thorns_pCone31...
[2019.10.27-23.33.49:040][436]LogStaticMesh: Built static mesh [0.00s] /Game/SideScrollerBP/Assets/Thorns_pCone31.Thorns_pCone31
[2019.10.27-23.33.49:046][436]LogStaticMesh: Building static mesh Thorns_pCone30...
[2019.10.27-23.33.49:048][436]LogStaticMesh: Built static mesh [0.00s] /Game/SideScrollerBP/Assets/Thorns_pCone30.Thorns_pCone30
[2019.10.27-23.33.49:055][436]LogStaticMesh: Building static mesh Thorns_pCone29...
[2019.10.27-23.33.49:056][436]LogStaticMesh: Built static mesh [0.00s] /Game/SideScrollerBP/Assets/Thorns_pCone29.Thorns_pCone29
[2019.10.27-23.33.49:063][436]LogStaticMesh: Building static mesh Thorns_pCone28...
[2019.10.27-23.33.49:064][436]LogStaticMesh: Built static mesh [0.00s] /Game/SideScrollerBP/Assets/Thorns_pCone28.Thorns_pCone28
[2019.10.27-23.33.49:071][436]LogStaticMesh: Building static mesh Thorns_pCone27...
[2019.10.27-23.33.49:072][436]LogStaticMesh: Built static mesh [0.00s] /Game/SideScrollerBP/Assets/Thorns_pCone27.Thorns_pCone27
[2019.10.27-23.33.49:079][436]LogStaticMesh: Building static mesh Thorns_pCone24...
[2019.10.27-23.33.49:080][436]LogStaticMesh: Built static mesh [0.00s] /Game/SideScrollerBP/Assets/Thorns_pCone24.Thorns_pCone24
[2019.10.27-23.33.49:086][436]LogStaticMesh: Building static mesh Thorns_pCone22...
[2019.10.27-23.33.49:087][436]LogStaticMesh: Built static mesh [0.00s] /Game/SideScrollerBP/Assets/Thorns_pCone22.Thorns_pCone22
[2019.10.27-23.33.49:094][436]LogStaticMesh: Building static mesh Thorns_pCone19...
[2019.10.27-23.33.49:095][436]LogStaticMesh: Built static mesh [0.00s] /Game/SideScrollerBP/Assets/Thorns_pCone19.Thorns_pCone19
[2019.10.27-23.33.49:102][436]LogStaticMesh: Building static mesh Thorns_pCone17...
[2019.10.27-23.33.49:103][436]LogStaticMesh: Built static mesh [0.00s] /Game/SideScrollerBP/Assets/Thorns_pCone17.Thorns_pCone17
[2019.10.27-23.33.49:110][436]LogStaticMesh: Building static mesh Thorns_pCone16...
[2019.10.27-23.33.49:111][436]LogStaticMesh: Built static mesh [0.00s] /Game/SideScrollerBP/Assets/Thorns_pCone16.Thorns_pCone16
[2019.10.27-23.33.49:118][436]LogStaticMesh: Building static mesh Thorns_pCone14...
[2019.10.27-23.33.49:119][436]LogStaticMesh: Built static mesh [0.00s] /Game/SideScrollerBP/Assets/Thorns_pCone14.Thorns_pCone14
[2019.10.27-23.33.49:126][436]LogStaticMesh: Building static mesh Thorns_pCone13...
[2019.10.27-23.33.49:127][436]LogStaticMesh: Built static mesh [0.00s] /Game/SideScrollerBP/Assets/Thorns_pCone13.Thorns_pCone13
[2019.10.27-23.33.49:133][436]LogStaticMesh: Building static mesh Thorns_pCone12...
[2019.10.27-23.33.49:134][436]LogStaticMesh: Built static mesh [0.00s] /Game/SideScrollerBP/Assets/Thorns_pCone12.Thorns_pCone12
[2019.10.27-23.33.49:141][436]LogStaticMesh: Building static mesh Thorns_pCone10...
[2019.10.27-23.33.49:142][436]LogStaticMesh: Built static mesh [0.00s] /Game/SideScrollerBP/Assets/Thorns_pCone10.Thorns_pCone10
[2019.10.27-23.33.49:149][436]LogStaticMesh: Building static mesh Thorns_pCone9...
[2019.10.27-23.33.49:150][436]LogStaticMesh: Built static mesh [0.00s] /Game/SideScrollerBP/Assets/Thorns_pCone9.Thorns_pCone9
[2019.10.27-23.33.49:158][436]LogStaticMesh: Building static mesh Thorns_pCone8...
[2019.10.27-23.33.49:159][436]LogStaticMesh: Built static mesh [0.00s] /Game/SideScrollerBP/Assets/Thorns_pCone8.Thorns_pCone8
[2019.10.27-23.33.49:166][436]LogStaticMesh: Building static mesh Thorns_pCone5...
[2019.10.27-23.33.49:167][436]LogStaticMesh: Built static mesh [0.00s] /Game/SideScrollerBP/Assets/Thorns_pCone5.Thorns_pCone5
[2019.10.27-23.33.49:173][436]LogStaticMesh: Building static mesh Thorns_pCone4...
[2019.10.27-23.33.49:174][436]LogStaticMesh: Built static mesh [0.00s] /Game/SideScrollerBP/Assets/Thorns_pCone4.Thorns_pCone4
[2019.10.27-23.33.49:181][436]LogStaticMesh: Building static mesh Thorns_pCone3...
[2019.10.27-23.33.49:182][436]LogStaticMesh: Built static mesh [0.00s] /Game/SideScrollerBP/Assets/Thorns_pCone3.Thorns_pCone3
[2019.10.27-23.33.49:190][436]LogStaticMesh: Building static mesh Thorns_pCone2...
[2019.10.27-23.33.49:191][436]LogStaticMesh: Built static mesh [0.00s] /Game/SideScrollerBP/Assets/Thorns_pCone2.Thorns_pCone2
[2019.10.27-23.33.49:198][436]LogStaticMesh: Building static mesh Thorns_pCone1...
[2019.10.27-23.33.49:199][436]LogStaticMesh: Built static mesh [0.00s] /Game/SideScrollerBP/Assets/Thorns_pCone1.Thorns_pCone1
[2019.10.27-23.33.49:205][436]LogStaticMesh: Building static mesh Thorns_pCone39...
[2019.10.27-23.33.49:206][436]LogStaticMesh: Built static mesh [0.00s] /Game/SideScrollerBP/Assets/Thorns_pCone39.Thorns_pCone39
[2019.10.27-23.33.49:212][436]LogFbx: Warning: Triangulating static mesh sht
[2019.10.27-23.33.49:229][436]LogStaticMesh: Building static mesh Thorns_sht...
[2019.10.27-23.33.49:235][436]LogStaticMesh: Built static mesh [0.01s] /Game/SideScrollerBP/Assets/Thorns_sht.Thorns_sht
[2019.10.27-23.33.49:242][436]LogFbx: Warning: Triangulating static mesh pPlane8
[2019.10.27-23.33.49:243][436]LogStaticMesh: Building static mesh Thorns_pPlane8...
[2019.10.27-23.33.49:244][436]LogStaticMesh: Built static mesh [0.00s] /Game/SideScrollerBP/Assets/Thorns_pPlane8.Thorns_pPlane8
[2019.10.27-23.33.49:251][436]FBXImport: Warning: No smoothing group information was found in this FBX scene.  Please make sure to enable the 'Export Smoothing Groups' option in the FBX Exporter plug-in before exporting the file.  Even for tools that don't support smoothing groups, the FBX Exporter will generate appropriate smoothing data at export-time so that correct vertex normals can be inferred while importing. 
[2019.10.27-23.33.51:034][629]LogSlate: Window 'Message Log' being destroyed
[2019.10.27-23.33.51:038][629]LogSlate: Window 'Message Log' being destroyed
[2019.10.27-23.33.57:047][821]LogSlate: Window 'Delete Assets' being destroyed
[2019.10.27-23.34.14:852][147]LogFactory: FactoryCreateFile: StaticMesh with FbxFactory (0 0 ../../../../../../Users/s191273/Documents/GitHub/DeJaBrew_Prototyping/DeJaBrew_Prototyping_Unreal/Content/SideScrollerBP/Assets/ThornsShort.fbx)
[2019.10.27-23.34.14:861][147]LogFbx: Loading FBX Scene from ../../../../../../Users/s191273/Documents/GitHub/DeJaBrew_Prototyping/DeJaBrew_Prototyping_Unreal/Content/SideScrollerBP/Assets/ThornsShort.fbx
[2019.10.27-23.34.14:867][147]LogFbx: FBX Scene Loaded Succesfully
[2019.10.27-23.34.15:933][147]LogSlate: Window 'FBX Import Options' being destroyed
[2019.10.27-23.34.15:952][147]LogFbx: Warning: Triangulating static mesh short1
[2019.10.27-23.34.15:978][147]LogStaticMesh: Building static mesh ThornsShort...
[2019.10.27-23.34.16:000][147]LogStaticMesh: Built static mesh [0.02s] /Game/SideScrollerBP/Assets/ThornsShort.ThornsShort
[2019.10.27-23.34.16:012][147]FBXImport: Warning: No smoothing group information was found in this FBX scene.  Please make sure to enable the 'Export Smoothing Groups' option in the FBX Exporter plug-in before exporting the file.  Even for tools that don't support smoothing groups, the FBX Exporter will generate appropriate smoothing data at export-time so that correct vertex normals can be inferred while importing. 
[2019.10.27-23.34.17:678][302]LogSlate: Window 'Message Log' being destroyed
[2019.10.27-23.34.17:683][302]LogSlate: Window 'Message Log' being destroyed
[2019.10.27-23.34.20:922][497]LogFactory: FactoryCreateFile: StaticMesh with FbxFactory (0 0 ../../../../../../Users/s191273/Documents/GitHub/DeJaBrew_Prototyping/DeJaBrew_Prototyping_Unreal/Content/SideScrollerBP/Assets/ThornsTall.fbx)
[2019.10.27-23.34.20:930][497]LogFbx: Loading FBX Scene from ../../../../../../Users/s191273/Documents/GitHub/DeJaBrew_Prototyping/DeJaBrew_Prototyping_Unreal/Content/SideScrollerBP/Assets/ThornsTall.fbx
[2019.10.27-23.34.20:935][497]LogFbx: FBX Scene Loaded Succesfully
[2019.10.27-23.34.22:007][497]LogSlate: Window 'FBX Import Options' being destroyed
[2019.10.27-23.34.22:025][497]LogFbx: Warning: Triangulating static mesh throns_tall3
[2019.10.27-23.34.22:040][497]LogStaticMesh: Building static mesh ThornsTall...
[2019.10.27-23.34.22:050][497]LogStaticMesh: Built static mesh [0.01s] /Game/SideScrollerBP/Assets/ThornsTall.ThornsTall
[2019.10.27-23.34.22:062][497]FBXImport: Warning: No smoothing group information was found in this FBX scene.  Please make sure to enable the 'Export Smoothing Groups' option in the FBX Exporter plug-in before exporting the file.  Even for tools that don't support smoothing groups, the FBX Exporter will generate appropriate smoothing data at export-time so that correct vertex normals can be inferred while importing. 
[2019.10.27-23.34.23:620][673]LogSlate: Window 'Message Log' being destroyed
[2019.10.27-23.34.23:624][673]LogSlate: Window 'Message Log' being destroyed
[2019.10.27-23.34.25:561][788]LogSavePackage: Moving '../../../../../../Users/s191273/Documents/GitHub/DeJaBrew_Prototyping/DeJaBrew_Prototyping_Unreal/Saved/Level18B2DD5B444002D3EDB1E90A7CE48D516.tmp' to '../../../../../../Users/s191273/Documents/GitHub/DeJaBrew_Prototyping/DeJaBrew_Prototyping_Unreal/Content/SideScrollerBP/Maps/Level1.umap'
[2019.10.27-23.34.32:614][432]LogSlate: Window 'Save Content' being destroyed
[2019.10.27-23.34.32:661][432]LogSavePackage: Moving '../../../../../../Users/s191273/Documents/GitHub/DeJaBrew_Prototyping/DeJaBrew_Prototyping_Unreal/Saved/CharacterLP_AntennaeE557527A42C47C1ED2BF598BB1BE5891.tmp' to '../../../../../../Users/s191273/Documents/GitHub/DeJaBrew_Prototyping/DeJaBrew_Prototyping_Unreal/Content/SideScrollerBP/Assets/CharacterLowPoly/CharacterLP_Antennae.uasset'
[2019.10.27-23.34.32:700][432]LogSavePackage: Moving '../../../../../../Users/s191273/Documents/GitHub/DeJaBrew_Prototyping/DeJaBrew_Prototyping_Unreal/Saved/CharacterLP_Apron11AD0287420FAEA5BF3355BAF6F02699.tmp' to '../../../../../../Users/s191273/Documents/GitHub/DeJaBrew_Prototyping/DeJaBrew_Prototyping_Unreal/Content/SideScrollerBP/Assets/CharacterLowPoly/CharacterLP_Apron.uasset'
[2019.10.27-23.34.32:733][432]LogSavePackage: Moving '../../../../../../Users/s191273/Documents/GitHub/DeJaBrew_Prototyping/DeJaBrew_Prototyping_Unreal/Saved/CharacterLP_BackpackE905408C42E0C9731E55629BBE6AF18E.tmp' to '../../../../../../Users/s191273/Documents/GitHub/DeJaBrew_Prototyping/DeJaBrew_Prototyping_Unreal/Content/SideScrollerBP/Assets/CharacterLowPoly/CharacterLP_Backpack.uasset'
[2019.10.27-23.34.32:766][432]LogSavePackage: Moving '../../../../../../Users/s191273/Documents/GitHub/DeJaBrew_Prototyping/DeJaBrew_Prototyping_Unreal/Saved/CharacterLP_HeadF046367F4163990EB46D9292886902F3.tmp' to '../../../../../../Users/s191273/Documents/GitHub/DeJaBrew_Prototyping/DeJaBrew_Prototyping_Unreal/Content/SideScrollerBP/Assets/CharacterLowPoly/CharacterLP_Head.uasset'
[2019.10.27-23.34.32:801][432]LogSavePackage: Moving '../../../../../../Users/s191273/Documents/GitHub/DeJaBrew_Prototyping/DeJaBrew_Prototyping_Unreal/Saved/FloatPD8DDB68E4D9AC3D0C1B6128D45FD184A.tmp' to '../../../../../../Users/s191273/Documents/GitHub/DeJaBrew_Prototyping/DeJaBrew_Prototyping_Unreal/Content/SideScrollerBP/Assets/FloatP.uasset'
[2019.10.27-23.34.32:832][432]LogSavePackage: Moving '../../../../../../Users/s191273/Documents/GitHub/DeJaBrew_Prototyping/DeJaBrew_Prototyping_Unreal/Saved/FuelLPED5BCE33456566DD8F24D5A8E6CFDE37.tmp' to '../../../../../../Users/s191273/Documents/GitHub/DeJaBrew_Prototyping/DeJaBrew_Prototyping_Unreal/Content/SideScrollerBP/Assets/FuelLP.uasset'
[2019.10.27-23.34.32:866][432]LogSavePackage: Moving '../../../../../../Users/s191273/Documents/GitHub/DeJaBrew_Prototyping/DeJaBrew_Prototyping_Unreal/Saved/GroundP16C0ACD32488E20895D1EEEA5734B8AB8.tmp' to '../../../../../../Users/s191273/Documents/GitHub/DeJaBrew_Prototyping/DeJaBrew_Prototyping_Unreal/Content/SideScrollerBP/Assets/GroundP1.uasset'
[2019.10.27-23.34.32:899][432]LogSavePackage: Moving '../../../../../../Users/s191273/Documents/GitHub/DeJaBrew_Prototyping/DeJaBrew_Prototyping_Unreal/Saved/GroundP2B5BD3E204D7E31AA7994BAACEB105DD5.tmp' to '../../../../../../Users/s191273/Documents/GitHub/DeJaBrew_Prototyping/DeJaBrew_Prototyping_Unreal/Content/SideScrollerBP/Assets/GroundP2.uasset'
[2019.10.27-23.34.32:930][432]LogSavePackage: Moving '../../../../../../Users/s191273/Documents/GitHub/DeJaBrew_Prototyping/DeJaBrew_Prototyping_Unreal/Saved/GroundP344E2E9A34105A06DA48D96A6E4D0E3E1.tmp' to '../../../../../../Users/s191273/Documents/GitHub/DeJaBrew_Prototyping/DeJaBrew_Prototyping_Unreal/Content/SideScrollerBP/Assets/GroundP3.uasset'
[2019.10.27-23.34.32:964][432]LogSavePackage: Moving '../../../../../../Users/s191273/Documents/GitHub/DeJaBrew_Prototyping/DeJaBrew_Prototyping_Unreal/Saved/Spikes9A92098345B8E307202D7CBC20034C83.tmp' to '../../../../../../Users/s191273/Documents/GitHub/DeJaBrew_Prototyping/DeJaBrew_Prototyping_Unreal/Content/SideScrollerBP/Assets/Spikes.uasset'
[2019.10.27-23.34.33:005][432]LogSavePackage: Moving '../../../../../../Users/s191273/Documents/GitHub/DeJaBrew_Prototyping/DeJaBrew_Prototyping_Unreal/Saved/SpikesBlock35041E9F435D8C190A4E6CB993C73876.tmp' to '../../../../../../Users/s191273/Documents/GitHub/DeJaBrew_Prototyping/DeJaBrew_Prototyping_Unreal/Content/SideScrollerBP/Assets/SpikesBlock.uasset'
[2019.10.27-23.34.33:043][432]LogSavePackage: Moving '../../../../../../Users/s191273/Documents/GitHub/DeJaBrew_Prototyping/DeJaBrew_Prototyping_Unreal/Saved/ThornsShortFE4792BE4084D82E1BB8B29910C83E96.tmp' to '../../../../../../Users/s191273/Documents/GitHub/DeJaBrew_Prototyping/DeJaBrew_Prototyping_Unreal/Content/SideScrollerBP/Assets/ThornsShort.uasset'
[2019.10.27-23.34.33:074][432]LogSavePackage: Moving '../../../../../../Users/s191273/Documents/GitHub/DeJaBrew_Prototyping/DeJaBrew_Prototyping_Unreal/Saved/ThornsTall6800A4004AE05BA78BB18392B0DFABB3.tmp' to '../../../../../../Users/s191273/Documents/GitHub/DeJaBrew_Prototyping/DeJaBrew_Prototyping_Unreal/Content/SideScrollerBP/Assets/ThornsTall.uasset'
[2019.10.27-23.34.33:155][432]LogSlate: Window 'DeJaBrew_Prototyping - Unreal Editor' being destroyed
[2019.10.27-23.34.33:156][432]LogWindowsTextInputMethodSystem: Display: IME system now deactivated.
[2019.10.27-23.34.33:322][433]Cmd: QUIT_EDITOR
[2019.10.27-23.34.33:350][433]LogExit: Preparing to exit.
[2019.10.27-23.34.33:678][433]LogDirectoryWatcher: A directory notification failed for 'C:/Users/s191273/Documents/GitHub/DeJaBrew_Prototyping/DeJaBrew_Prototyping_Unreal/Content/', and we were unable to create a new request.
[2019.10.27-23.34.33:696][433]LogExit: Editor shut down
[2019.10.27-23.34.33:696][433]LogExit: Transaction tracking system shut down
[2019.10.27-23.34.33:967][433]LogExit: Object subsystem successfully closed.
[2019.10.27-23.34.33:983][433]LogShaderCompilers: Display: Shaders left to compile 0
[2019.10.27-23.34.33:986][433]LogD3D11RHI: Shutdown
[2019.10.27-23.34.33:986][433]LogD3D11RHI: CleanupD3DDevice
[2019.10.27-23.34.33:988][433]LogD3D11RHI: ~FD3D11DynamicRHI
[2019.10.27-23.34.34:002][433]LogModuleManager: Shutting down and abandoning module MeshBuilder (612)
[2019.10.27-23.34.34:002][433]LogModuleManager: Shutting down and abandoning module HierarchicalLODOutliner (610)
[2019.10.27-23.34.34:002][433]LogModuleManager: Shutting down and abandoning module SceneOutliner (608)
[2019.10.27-23.34.34:002][433]LogModuleManager: Shutting down and abandoning module AddContentDialog (606)
[2019.10.27-23.34.34:002][433]LogModuleManager: Shutting down and abandoning module WidgetCarousel (605)
[2019.10.27-23.34.34:002][433]LogModuleManager: Shutting down and abandoning module EditorWidgets (602)
[2019.10.27-23.34.34:002][433]LogModuleManager: Shutting down and abandoning module CollectionManager (600)
[2019.10.27-23.34.34:002][433]LogModuleManager: Shutting down and abandoning module StatsViewer (598)
[2019.10.27-23.34.34:002][433]LogModuleManager: Shutting down and abandoning module FoliageEdit (596)
[2019.10.27-23.34.34:002][433]LogModuleManager: Shutting down and abandoning module LandscapeEditor (594)
[2019.10.27-23.34.34:002][433]LogModuleManager: Shutting down and abandoning module MeshPaintMode (592)
[2019.10.27-23.34.34:002][433]LogModuleManager: Shutting down and abandoning module SceneDepthPickerMode (590)
[2019.10.27-23.34.34:002][433]LogModuleManager: Shutting down and abandoning module ActorPickerMode (588)
[2019.10.27-23.34.34:002][433]LogModuleManager: Shutting down and abandoning module GeometryMode (586)
[2019.10.27-23.34.34:002][433]LogModuleManager: Shutting down and abandoning module TextureAlignMode (584)
[2019.10.27-23.34.34:002][433]LogModuleManager: Shutting down and abandoning module BspMode (582)
[2019.10.27-23.34.34:002][433]LogModuleManager: Shutting down and abandoning module PIEPreviewDeviceProfileSelector (580)
[2019.10.27-23.34.34:002][433]LogModuleManager: Shutting down and abandoning module SequenceRecorderSections (578)
[2019.10.27-23.34.34:002][433]LogModuleManager: Shutting down and abandoning module AutomationWorker (576)
[2019.10.27-23.34.34:002][433]LogModuleManager: Shutting down and abandoning module AudioCaptureEditor (574)
[2019.10.27-23.34.34:003][433]LogModuleManager: Shutting down and abandoning module SequenceRecorder (573)
[2019.10.27-23.34.34:003][433]LogModuleManager: Shutting down and abandoning module MatineeToLevelSequence (570)
[2019.10.27-23.34.34:003][433]LogModuleManager: Shutting down and abandoning module LevelSequenceEditor (568)
[2019.10.27-23.34.34:003][433]LogModuleManager: Shutting down and abandoning module PlacementMode (567)
[2019.10.27-23.34.34:003][433]LogModuleManager: Shutting down and abandoning module MaterialEditor (566)
[2019.10.27-23.34.34:003][433]LogModuleManager: Shutting down and abandoning module WmfMediaFactory (562)
[2019.10.27-23.34.34:003][433]LogModuleManager: Shutting down and abandoning module WmfMediaEditor (560)
[2019.10.27-23.34.34:003][433]LogModuleManager: Shutting down and abandoning module MediaPlayerEditor (558)
[2019.10.27-23.34.34:003][433]LogModuleManager: Shutting down and abandoning module OpenExrWrapper (556)
[2019.10.27-23.34.34:003][433]LogModuleManager: Shutting down and abandoning module ImgMediaFactory (554)
[2019.10.27-23.34.34:003][433]LogModuleManager: Shutting down and abandoning module ImgMediaEditor (552)
[2019.10.27-23.34.34:003][433]LogModuleManager: Shutting down and abandoning module AvfMediaFactory (550)
[2019.10.27-23.34.34:003][433]LogModuleManager: Shutting down and abandoning module AvfMediaEditor (548)
[2019.10.27-23.34.34:003][433]LogModuleManager: Shutting down and abandoning module AndroidMediaFactory (546)
[2019.10.27-23.34.34:003][433]LogModuleManager: Shutting down and abandoning module AndroidMediaEditor (544)
[2019.10.27-23.34.34:003][433]LogModuleManager: Shutting down and abandoning module MagicLeapCameraPreviewFactory (542)
[2019.10.27-23.34.34:003][433]LogModuleManager: Shutting down and abandoning module MagicLeapMediaFactory (540)
[2019.10.27-23.34.34:003][433]LogModuleManager: Shutting down and abandoning module MagicLeapMediaEditor (538)
[2019.10.27-23.34.34:003][433]LogModuleManager: Shutting down and abandoning module CharacterAI (536)
[2019.10.27-23.34.34:003][433]LogModuleManager: Shutting down and abandoning module SmartSnapping (534)
[2019.10.27-23.34.34:003][433]LogModuleManager: Shutting down and abandoning module SessionServices (532)
[2019.10.27-23.34.34:003][433]LogModuleManager: Shutting down and abandoning module ViewportSnapping (530)
[2019.10.27-23.34.34:003][433]LogModuleManager: Shutting down and abandoning module ViewportInteraction (528)
[2019.10.27-23.34.34:003][433]LogModuleManager: Shutting down and abandoning module ClothPainter (526)
[2019.10.27-23.34.34:003][433]LogModuleManager: Shutting down and abandoning module SkeletalMeshEditor (525)
[2019.10.27-23.34.34:003][433]LogModuleManager: Shutting down and abandoning module LogVisualizer (522)
[2019.10.27-23.34.34:003][433]LogModuleManager: Shutting down and abandoning module IntroTutorials (520)
[2019.10.27-23.34.34:003][433]LogModuleManager: Shutting down and abandoning module GameProjectGeneration (519)
[2019.10.27-23.34.34:003][433]LogModuleManager: Shutting down and abandoning module LuminPlatformEditor (516)
[2019.10.27-23.34.34:003][433]LogModuleManager: Shutting down and abandoning module IOSPlatformEditor (514)
[2019.10.27-23.34.34:003][433]LogModuleManager: Shutting down and abandoning module HTML5PlatformEditor (512)
[2019.10.27-23.34.34:003][433]LogModuleManager: Shutting down and abandoning module AndroidPlatformEditor (510)
[2019.10.27-23.34.34:003][433]LogModuleManager: Shutting down and abandoning module AndroidDeviceDetection (509)
[2019.10.27-23.34.35:452][433]LogModuleManager: Shutting down and abandoning module WindowsPlatformEditor (506)
[2019.10.27-23.34.35:452][433]LogModuleManager: Shutting down and abandoning module LuminRuntimeSettings (504)
[2019.10.27-23.34.35:452][433]LogModuleManager: Shutting down and abandoning module IOSRuntimeSettings (502)
[2019.10.27-23.34.35:452][433]LogModuleManager: Shutting down and abandoning module AndroidRuntimeSettings (500)
[2019.10.27-23.34.35:453][433]LogModuleManager: Shutting down and abandoning module InputBindingEditor (498)
[2019.10.27-23.34.35:453][433]LogModuleManager: Shutting down and abandoning module MergeActors (496)
[2019.10.27-23.34.35:453][433]LogModuleManager: Shutting down and abandoning module LocalizationDashboard (494)
[2019.10.27-23.34.35:453][433]LogModuleManager: Shutting down and abandoning module LocalizationService (493)
[2019.10.27-23.34.35:453][433]LogModuleManager: Shutting down and abandoning module HardwareTargeting (490)
[2019.10.27-23.34.35:453][433]LogModuleManager: Shutting down and abandoning module DeviceProfileEditor (488)
[2019.10.27-23.34.35:453][433]LogModuleManager: Shutting down and abandoning module UndoHistory (486)
[2019.10.27-23.34.35:453][433]LogModuleManager: Shutting down and abandoning module XmlParser (484)
[2019.10.27-23.34.35:453][433]LogModuleManager: Shutting down and abandoning module Blutility (482)
[2019.10.27-23.34.35:453][433]LogModuleManager: Shutting down and abandoning module ProjectSettingsViewer (480)
[2019.10.27-23.34.35:453][433]LogModuleManager: Shutting down and abandoning module ProjectTargetPlatformEditor (479)
[2019.10.27-23.34.35:453][433]LogModuleManager: Shutting down and abandoning module EditorSettingsViewer (476)
[2019.10.27-23.34.35:453][433]LogModuleManager: Shutting down and abandoning module SettingsEditor (474)
[2019.10.27-23.34.35:453][433]LogModuleManager: Shutting down and abandoning module ProjectLauncher (472)
[2019.10.27-23.34.35:453][433]LogModuleManager: Shutting down and abandoning module SessionFrontend (470)
[2019.10.27-23.34.35:453][433]LogModuleManager: Shutting down and abandoning module ProfilerClient (468)
[2019.10.27-23.34.35:453][433]LogModuleManager: Shutting down and abandoning module DeviceManager (466)
[2019.10.27-23.34.35:453][433]LogModuleManager: Shutting down and abandoning module TargetDeviceServices (465)
[2019.10.27-23.34.35:506][433]LogModuleManager: Shutting down and abandoning module AutomationController (462)
[2019.10.27-23.34.35:506][433]LogModuleManager: Shutting down and abandoning module AutomationWindow (460)
[2019.10.27-23.34.35:506][433]LogModuleManager: Shutting down and abandoning module Layers (458)
[2019.10.27-23.34.35:506][433]LogModuleManager: Shutting down and abandoning module ComponentVisualizers (456)
[2019.10.27-23.34.35:506][433]LogModuleManager: Shutting down and abandoning module DetailCustomizations (454)
[2019.10.27-23.34.35:506][433]LogModuleManager: Shutting down and abandoning module PackagesDialog (452)
[2019.10.27-23.34.35:506][433]LogModuleManager: Shutting down and abandoning module Persona (450)
[2019.10.27-23.34.35:506][433]LogModuleManager: Shutting down and abandoning module AdvancedPreviewScene (449)
[2019.10.27-23.34.35:506][433]LogModuleManager: Shutting down and abandoning module AnimGraph (447)
[2019.10.27-23.34.35:506][433]LogModuleManager: Shutting down and abandoning module Kismet (444)
[2019.10.27-23.34.35:507][433]LogModuleManager: Shutting down and abandoning module GraphEditor (442)
[2019.10.27-23.34.35:507][433]LogModuleManager: Shutting down and abandoning module ClassViewer (440)
[2019.10.27-23.34.35:507][433]LogModuleManager: Shutting down and abandoning module Toolbox (438)
[2019.10.27-23.34.35:507][433]LogModuleManager: Shutting down and abandoning module ModuleUI (436)
[2019.10.27-23.34.35:507][433]LogModuleManager: Shutting down and abandoning module MovieSceneTools (434)
[2019.10.27-23.34.35:507][433]LogModuleManager: Shutting down and abandoning module OutputLog (432)
[2019.10.27-23.34.35:507][433]LogModuleManager: Shutting down and abandoning module GammaUI (430)
[2019.10.27-23.34.35:507][433]LogModuleManager: Shutting down and abandoning module Documentation (428)
[2019.10.27-23.34.35:507][433]LogModuleManager: Shutting down and abandoning module MovieSceneTracks (426)
[2019.10.27-23.34.35:507][433]LogModuleManager: Shutting down and abandoning module MovieScene (424)
[2019.10.27-23.34.35:507][433]LogModuleManager: Shutting down and abandoning module StreamingPauseRendering (422)
[2019.10.27-23.34.35:507][433]LogModuleManager: Shutting down and abandoning module LauncherPlatform (420)
[2019.10.27-23.34.35:507][433]LogModuleManager: Shutting down and abandoning module AnalyticsET (418)
[2019.10.27-23.34.35:507][433]LogModuleManager: Shutting down and abandoning module PortalServices (416)
[2019.10.27-23.34.35:507][433]LogModuleManager: Shutting down and abandoning module PortalRpc (414)
[2019.10.27-23.34.35:507][433]LogModuleManager: Shutting down and abandoning module MessagingRpc (412)
[2019.10.27-23.34.35:507][433]LogModuleManager: Shutting down and abandoning module AIModule (410)
[2019.10.27-23.34.35:507][433]LogModuleManager: Shutting down and abandoning module GameplayDebugger (409)
[2019.10.27-23.34.35:507][433]LogModuleManager: Shutting down and abandoning module AITestSuite (407)
[2019.10.27-23.34.35:507][433]LogModuleManager: Shutting down and abandoning module NavigationSystem (405)
[2019.10.27-23.34.35:507][433]LogModuleManager: Shutting down and abandoning module DesktopPlatform (402)
[2019.10.27-23.34.35:507][433]LogModuleManager: Shutting down and abandoning module ProfilerService (400)
[2019.10.27-23.34.35:650][433]LogModuleManager: Shutting down and abandoning module TaskGraph (398)
[2019.10.27-23.34.35:650][433]LogModuleManager: Shutting down and abandoning module SteamVRController (396)
[2019.10.27-23.34.35:651][433]LogModuleManager: Shutting down and abandoning module ProceduralMeshComponentEditor (394)
[2019.10.27-23.34.35:651][433]LogModuleManager: Shutting down and abandoning module ProceduralMeshComponent (392)
[2019.10.27-23.34.35:651][433]LogModuleManager: Shutting down and abandoning module OculusInput (390)
[2019.10.27-23.34.35:651][433]LogModuleManager: Shutting down and abandoning module MobilePatchingUtils (388)
[2019.10.27-23.34.35:651][433]LogModuleManager: Shutting down and abandoning module EditableMesh (386)
[2019.10.27-23.34.35:651][433]LogModuleManager: Shutting down and abandoning module CustomMeshComponent (384)
[2019.10.27-23.34.35:651][433]LogModuleManager: Shutting down and abandoning module CableComponent (382)
[2019.10.27-23.34.35:651][433]LogModuleManager: Shutting down and abandoning module AudioCapture (380)
[2019.10.27-23.34.35:651][433]LogModuleManager: Shutting down and abandoning module ArchVisCharacter (378)
[2019.10.27-23.34.35:651][433]LogModuleManager: Shutting down and abandoning module AndroidPermission (376)
[2019.10.27-23.34.35:651][433]LogModuleManager: Shutting down and abandoning module NUTUnrealEngine4 (374)
[2019.10.27-23.34.35:651][433]LogModuleManager: Shutting down and abandoning module NetcodeUnitTest (372)
[2019.10.27-23.34.35:651][433]LogModuleManager: Shutting down and abandoning module MediaCompositingEditor (370)
[2019.10.27-23.34.35:651][433]LogModuleManager: Shutting down and abandoning module MediaCompositing (368)
[2019.10.27-23.34.35:651][433]LogModuleManager: Shutting down and abandoning module LinearTimecode (366)
[2019.10.27-23.34.35:651][433]LogModuleManager: Shutting down and abandoning module ImgMedia (364)
[2019.10.27-23.34.35:654][433]LogModuleManager: Shutting down and abandoning module HTML5Networking (362)
[2019.10.27-23.34.35:654][433]LogModuleManager: Shutting down and abandoning module GeometryCacheTracks (360)
[2019.10.27-23.34.35:654][433]LogModuleManager: Shutting down and abandoning module GeometryCacheSequencer (358)
[2019.10.27-23.34.35:654][433]LogModuleManager: Shutting down and abandoning module BackChannel (356)
[2019.10.27-23.34.35:654][433]LogModuleManager: Shutting down and abandoning module AppleVision (354)
[2019.10.27-23.34.35:654][433]LogModuleManager: Shutting down and abandoning module AppleImageUtils (352)
[2019.10.27-23.34.35:654][433]LogModuleManager: Shutting down and abandoning module AlembicImporter (350)
[2019.10.27-23.34.35:654][433]LogModuleManager: Shutting down and abandoning module AlembicLibrary (349)
[2019.10.27-23.34.35:654][433]LogModuleManager: Shutting down and abandoning module GeometryCache (348)
[2019.10.27-23.34.35:654][433]LogModuleManager: Shutting down and abandoning module GeometryCacheEd (347)
[2019.10.27-23.34.35:654][433]LogModuleManager: Shutting down and abandoning module DatasmithContentEditor (342)
[2019.10.27-23.34.35:654][433]LogModuleManager: Shutting down and abandoning module DatasmithContent (340)
[2019.10.27-23.34.35:655][433]LogModuleManager: Shutting down and abandoning module SpeedTreeImporter (338)
[2019.10.27-23.34.35:655][433]LogModuleManager: Shutting down and abandoning module PluginBrowser (336)
[2019.10.27-23.34.35:655][433]LogModuleManager: Shutting down and abandoning module MobileLauncherProfileWizard (334)
[2019.10.27-23.34.35:655][433]LogModuleManager: Shutting down and abandoning module PolygonModeling (332)
[2019.10.27-23.34.35:655][433]LogModuleManager: Shutting down and abandoning module MeshEditor (330)
[2019.10.27-23.34.35:655][433]LogModuleManager: Shutting down and abandoning module CryptoKeysOpenSSL (328)
[2019.10.27-23.34.35:655][433]LogModuleManager: Shutting down and abandoning module CryptoKeys (326)
[2019.10.27-23.34.35:655][433]LogModuleManager: Shutting down and abandoning module VisualStudioSourceCodeAccess (324)
[2019.10.27-23.34.35:655][433]LogModuleManager: Shutting down and abandoning module VisualStudioCodeSourceCodeAccess (322)
[2019.10.27-23.34.35:655][433]LogModuleManager: Shutting down and abandoning module UObjectPlugin (320)
[2019.10.27-23.34.35:655][433]LogModuleManager: Shutting down and abandoning module SubversionSourceControl (318)
[2019.10.27-23.34.35:655][433]LogModuleManager: Shutting down and abandoning module PerforceSourceControl (316)
[2019.10.27-23.34.35:655][433]LogModuleManager: Shutting down and abandoning module GitSourceControl (314)
[2019.10.27-23.34.35:655][433]LogModuleManager: Shutting down and abandoning module SourceControl (313)
[2019.10.27-23.34.35:655][433]LogModuleManager: Shutting down and abandoning module CLionSourceCodeAccess (310)
[2019.10.27-23.34.35:655][433]LogModuleManager: Shutting down and abandoning module LightPropagationVolumeEditor (308)
[2019.10.27-23.34.35:655][433]LogModuleManager: Shutting down and abandoning module PaperTiledImporter (306)
[2019.10.27-23.34.35:655][433]LogModuleManager: Shutting down and abandoning module PaperSpriteSheetImporter (304)
[2019.10.27-23.34.35:655][433]LogModuleManager: Shutting down and abandoning module Paper2DEditor (302)
[2019.10.27-23.34.35:655][433]LogModuleManager: Shutting down and abandoning module MeshPaint (301)
[2019.10.27-23.34.35:655][433]LogModuleManager: Shutting down and abandoning module RuntimePhysXCooking (298)
[2019.10.27-23.34.35:655][433]LogModuleManager: Shutting down and abandoning module PhysXVehiclesEditor (296)
[2019.10.27-23.34.35:655][433]LogModuleManager: Shutting down and abandoning module PhysXVehicles (294)
[2019.10.27-23.34.35:655][433]LogModuleManager: Shutting down and abandoning module OculusEditor (292)
[2019.10.27-23.34.35:655][433]LogModuleManager: Shutting down and abandoning module LocationServicesBPLibrary (290)
[2019.10.27-23.34.35:655][433]LogModuleManager: Shutting down and abandoning module ImmediatePhysicsEditor (288)
[2019.10.27-23.34.35:655][433]LogModuleManager: Shutting down and abandoning module ImmediatePhysics (286)
[2019.10.27-23.34.35:655][433]LogModuleManager: Shutting down and abandoning module ActorSequence (284)
[2019.10.27-23.34.35:655][433]LogModuleManager: Shutting down and abandoning module UdpMessaging (282)
[2019.10.27-23.34.35:757][433]LogModuleManager: Shutting down and abandoning module TcpMessaging (280)
[2019.10.27-23.34.35:857][433]LogModuleManager: Shutting down and abandoning module MagicLeapAudio (278)
[2019.10.27-23.34.35:857][433]LogModuleManager: Shutting down and abandoning module GameplayTagsEditor (276)
[2019.10.27-23.34.35:857][433]LogModuleManager: Shutting down and abandoning module FacialAnimationEditor (274)
[2019.10.27-23.34.35:857][433]LogModuleManager: Shutting down and abandoning module FacialAnimation (272)
[2019.10.27-23.34.35:857][433]LogModuleManager: Shutting down and abandoning module DataValidation (270)
[2019.10.27-23.34.35:857][433]LogModuleManager: Shutting down and abandoning module AssetManagerEditor (268)
[2019.10.27-23.34.35:857][433]LogModuleManager: Shutting down and abandoning module LevelEditor (267)
[2019.10.27-23.34.35:857][433]LogModuleManager: Shutting down and abandoning module PixelInspectorModule (266)
[2019.10.27-23.34.35:857][433]LogModuleManager: Shutting down and abandoning module CommonMenuExtensions (264)
[2019.10.27-23.34.35:858][433]LogModuleManager: Shutting down and abandoning module MainFrame (262)
[2019.10.27-23.34.35:858][433]LogModuleManager: Shutting down and abandoning module HotReload (261)
[2019.10.27-23.34.35:858][433]LogModuleManager: Shutting down and abandoning module ContentBrowser (257)
[2019.10.27-23.34.35:859][433]LogModuleManager: Shutting down and abandoning module TreeMap (255)
[2019.10.27-23.34.35:859][433]LogModuleManager: Shutting down and abandoning module LightPropagationVolumeRuntime (252)
[2019.10.27-23.34.35:859][433]LogModuleManager: Shutting down and abandoning module AISupportModule (250)
[2019.10.27-23.34.35:859][433]LogModuleManager: Shutting down and abandoning module Paper2D (248)
[2019.10.27-23.34.35:859][433]LogModuleManager: Shutting down and abandoning module WindowsMoviePlayer (246)
[2019.10.27-23.34.35:859][433]LogModuleManager: Shutting down and abandoning module WmfMedia (244)
[2019.10.27-23.34.35:862][433]LogModuleManager: Shutting down and abandoning module Media (243)
[2019.10.27-23.34.35:869][433]LogModuleManager: Shutting down and abandoning module PacketHandler (240)
[2019.10.27-23.34.35:869][433]LogModuleManager: Shutting down and abandoning module ClothingSystemEditor (238)
[2019.10.27-23.34.35:869][433]LogModuleManager: Shutting down and abandoning module ClothingSystemRuntime (236)
[2019.10.27-23.34.35:869][433]LogModuleManager: Shutting down and abandoning module MediaAssets (234)
[2019.10.27-23.34.35:869][433]LogModuleManager: Shutting down and abandoning module Overlay (232)
[2019.10.27-23.34.35:869][433]LogModuleManager: Shutting down and abandoning module OverlayEditor (231)
[2019.10.27-23.34.35:869][433]LogModuleManager: Shutting down and abandoning module VREditor (228)
[2019.10.27-23.34.35:869][433]LogModuleManager: Shutting down and abandoning module StringTableEditor (226)
[2019.10.27-23.34.35:869][433]LogModuleManager: Shutting down and abandoning module GameplayTasksEditor (224)
[2019.10.27-23.34.35:869][433]LogModuleManager: Shutting down and abandoning module BehaviorTreeEditor (222)
[2019.10.27-23.34.35:869][433]LogModuleManager: Shutting down and abandoning module FunctionalTesting (220)
[2019.10.27-23.34.35:869][433]LogModuleManager: Shutting down and abandoning module CollisionAnalyzer (218)
[2019.10.27-23.34.35:869][433]LogModuleManager: Shutting down and abandoning module WorkspaceMenuStructure (217)
[2019.10.27-23.34.35:869][433]LogModuleManager: Shutting down and abandoning module UMG (214)
[2019.10.27-23.34.35:869][433]LogModuleManager: Shutting down and abandoning module UMGEditor (213)
[2019.10.27-23.34.35:869][433]LogModuleManager: Shutting down and abandoning module Sequencer (212)
[2019.10.27-23.34.35:870][433]LogModuleManager: Shutting down and abandoning module MessageLog (209)
[2019.10.27-23.34.35:870][433]LogModuleManager: Shutting down and abandoning module SlateReflector (204)
[2019.10.27-23.34.35:870][433]LogModuleManager: Shutting down and abandoning module Slate (202)
[2019.10.27-23.34.35:870][433]LogModuleManager: Shutting down and abandoning module EditorStyle (200)
[2019.10.27-23.34.35:871][433]LogModuleManager: Shutting down and abandoning module MRMesh (198)
[2019.10.27-23.34.35:871][433]LogModuleManager: Shutting down and abandoning module SourceCodeAccess (196)
[2019.10.27-23.34.35:871][433]LogModuleManager: Shutting down and abandoning module HeadMountedDisplay (194)
[2019.10.27-23.34.35:871][433]LogModuleManager: Shutting down and abandoning module XAudio2 (192)
[2019.10.27-23.34.35:871][433]LogModuleManager: Shutting down and abandoning module Networking (190)
[2019.10.27-23.34.35:871][433]LogModuleManager: Shutting down and abandoning module Core (188)
[2019.10.27-23.34.35:871][433]LogModuleManager: Shutting down and abandoning module LevelSequence (186)
[2019.10.27-23.34.35:871][433]LogModuleManager: Shutting down and abandoning module KismetCompiler (184)
[2019.10.27-23.34.35:871][433]LogModuleManager: Shutting down and abandoning module MeshUtilities (182)
[2019.10.27-23.34.35:871][433]LogModuleManager: Shutting down and abandoning module MeshMergeUtilities (181)
[2019.10.27-23.34.35:871][433]LogModuleManager: Shutting down and abandoning module MeshReductionInterface (180)
[2019.10.27-23.34.35:871][433]LogModuleManager: Shutting down and abandoning module SimplygonSwarm (179)
[2019.10.27-23.34.35:871][433]LogModuleManager: Shutting down and abandoning module ProxyLODMeshReduction (177)
[2019.10.27-23.34.35:871][433]LogModuleManager: Shutting down and abandoning module SimplygonMeshReduction (175)
[2019.10.27-23.34.35:871][433]LogModuleManager: Shutting down and abandoning module QuadricMeshReduction (173)
[2019.10.27-23.34.35:871][433]LogModuleManager: Shutting down and abandoning module MaterialBaking (169)
[2019.10.27-23.34.35:871][433]LogModuleManager: Shutting down and abandoning module DirectoryWatcher (165)
[2019.10.27-23.34.35:871][433]LogModuleManager: Shutting down and abandoning module DerivedDataCache (162)
[2019.10.27-23.34.35:899][433]LogDerivedDataCache: Shutdown
[2019.10.27-23.34.35:899][433]LogModuleManager: Shutting down and abandoning module XGEController (160)
[2019.10.27-23.34.35:899][433]LogXGEController: Cleaning working directory: C:/Users/s191273/AppData/Local/Temp/UnrealXGEWorkingDir/
[2019.10.27-23.34.35:899][433]LogModuleManager: Shutting down and abandoning module TargetPlatform (158)
[2019.10.27-23.34.35:900][433]LogModuleManager: Shutting down and abandoning module VulkanShaderFormat (157)
[2019.10.27-23.34.35:900][433]LogModuleManager: Shutting down and abandoning module ShaderFormatVectorVM (155)
[2019.10.27-23.34.35:900][433]LogModuleManager: Shutting down and abandoning module ShaderFormatOpenGL (153)
[2019.10.27-23.34.35:900][433]LogModuleManager: Shutting down and abandoning module ShaderFormatD3D (151)
[2019.10.27-23.34.35:900][433]LogModuleManager: Shutting down and abandoning module MetalShaderFormat (149)
[2019.10.27-23.34.35:900][433]LogModuleManager: Shutting down and abandoning module TextureFormatUncompressed (147)
[2019.10.27-23.34.35:900][433]LogModuleManager: Shutting down and abandoning module TextureFormatPVR (145)
[2019.10.27-23.34.35:900][433]LogModuleManager: Shutting down and abandoning module TextureFormatDXT (143)
[2019.10.27-23.34.35:900][433]LogModuleManager: Shutting down and abandoning module TextureFormatIntelISPCTexComp (141)
[2019.10.27-23.34.35:900][433]LogModuleManager: Shutting down and abandoning module TextureFormatASTC (139)
[2019.10.27-23.34.35:900][433]LogModuleManager: Shutting down and abandoning module ImageWrapper (138)
[2019.10.27-23.34.35:900][433]LogModuleManager: Shutting down and abandoning module TextureFormatAndroid (135)
[2019.10.27-23.34.35:900][433]LogModuleManager: Shutting down and abandoning module AudioFormatOpus (133)
[2019.10.27-23.34.35:900][433]LogModuleManager: Shutting down and abandoning module AudioFormatOgg (131)
[2019.10.27-23.34.35:900][433]LogModuleManager: Shutting down and abandoning module AudioFormatADPCM (129)
[2019.10.27-23.34.35:900][433]LogModuleManager: Shutting down and abandoning module LuminTargetPlatform (127)
[2019.10.27-23.34.35:900][433]LogModuleManager: Shutting down and abandoning module LinuxTargetPlatform (125)
[2019.10.27-23.34.35:900][433]LogModuleManager: Shutting down and abandoning module LinuxServerTargetPlatform (123)
[2019.10.27-23.34.35:900][433]LogModuleManager: Shutting down and abandoning module LinuxNoEditorTargetPlatform (121)
[2019.10.27-23.34.35:900][433]LogModuleManager: Shutting down and abandoning module LinuxClientTargetPlatform (119)
[2019.10.27-23.34.35:900][433]LogModuleManager: Shutting down and abandoning module TVOSTargetPlatform (117)
[2019.10.27-23.34.35:900][433]LogModuleManager: Shutting down and abandoning module Messaging (115)
[2019.10.27-23.34.35:900][433]LogModuleManager: Shutting down and abandoning module IOSTargetPlatform (113)
[2019.10.27-23.34.35:901][433]LogModuleManager: Shutting down and abandoning module HTML5TargetPlatform (111)
[2019.10.27-23.34.35:901][433]LogModuleManager: Shutting down and abandoning module AndroidTargetPlatform (109)
[2019.10.27-23.34.35:908][433]LogModuleManager: Shutting down and abandoning module WindowsTargetPlatform (107)
[2019.10.27-23.34.35:908][433]LogModuleManager: Shutting down and abandoning module WindowsServerTargetPlatform (105)
[2019.10.27-23.34.35:908][433]LogModuleManager: Shutting down and abandoning module WindowsNoEditorTargetPlatform (103)
[2019.10.27-23.34.35:908][433]LogModuleManager: Shutting down and abandoning module WindowsClientTargetPlatform (101)
[2019.10.27-23.34.35:908][433]LogModuleManager: Shutting down and abandoning module MacTargetPlatform (99)
[2019.10.27-23.34.35:908][433]LogModuleManager: Shutting down and abandoning module MacServerTargetPlatform (97)
[2019.10.27-23.34.35:908][433]LogModuleManager: Shutting down and abandoning module MacNoEditorTargetPlatform (95)
[2019.10.27-23.34.35:908][433]LogModuleManager: Shutting down and abandoning module MacClientTargetPlatform (93)
[2019.10.27-23.34.35:908][433]LogModuleManager: Shutting down and abandoning module AllDesktopTargetPlatform (91)
[2019.10.27-23.34.35:908][433]LogModuleManager: Shutting down and abandoning module InputCore (88)
[2019.10.27-23.34.35:908][433]LogModuleManager: Shutting down and abandoning module Settings (86)
[2019.10.27-23.34.35:908][433]LogModuleManager: Shutting down and abandoning module PhysXCooking (84)
[2019.10.27-23.34.35:908][433]LogModuleManager: Shutting down and abandoning module SteamVR (82)
[2019.10.27-23.34.35:908][433]LogModuleManager: Shutting down and abandoning module OculusHMD (80)
[2019.10.27-23.34.35:908][433]LogModuleManager: Shutting down and abandoning module ExampleDeviceProfileSelector (78)
[2019.10.27-23.34.35:908][433]LogModuleManager: Shutting down and abandoning module LauncherChunkInstaller (76)
[2019.10.27-23.34.35:908][433]LogModuleManager: Shutting down and abandoning module OnlineBlueprintSupport (74)
[2019.10.27-23.34.35:908][433]LogModuleManager: Shutting down and abandoning module OnlineSubsystem (70)
[2019.10.27-23.34.35:909][433]LogModuleManager: Shutting down and abandoning module XMPP (65)
[2019.10.27-23.34.35:909][433]LogModuleManager: Shutting down and abandoning module WebSockets (64)
[2019.10.27-23.34.35:935][433]LogModuleManager: Shutting down and abandoning module HTTP (61)
[2019.10.27-23.34.35:935][433]LogHttp: Display: Http module shutting down, but needs to wait on 1 outstanding Http requests:
[2019.10.27-23.34.35:935][433]LogHttp: Display: 	verb=[POST] url=[https://datarouter.ol.epicgames.com/datarouter/api/v1/public/data?SessionID=%7B20D3571F-44F8-F07C-42B4-4181F4EA9154%7D&AppID=UEEditor.Rocket.Release&AppVersion=4.20.3-4369336%2B%2B%2BUE4%2BRelease-4.20&UserID=ded914804a13d72480500ca0e5f35a68%7C%7C8477ab9a-818f-47f2-b5e7-b7f2564a0fd7&AppEnvironment=datacollector-binary&UploadType=eteventstream] status=Processing
[2019.10.27-23.34.35:945][433]LogModuleManager: Shutting down and abandoning module SSL (60)
[2019.10.27-23.34.35:945][433]LogModuleManager: Shutting down and abandoning module MagicLeapEmulator (56)
[2019.10.27-23.34.35:945][433]LogModuleManager: Shutting down and abandoning module MagicLeapPrivileges (54)
[2019.10.27-23.34.35:945][433]LogModuleManager: Shutting down and abandoning module MagicLeapIdentity (52)
[2019.10.27-23.34.35:945][433]LogModuleManager: Shutting down and abandoning module MagicLeapHelperVulkan (50)
[2019.10.27-23.34.35:945][433]LogModuleManager: Shutting down and abandoning module MagicLeapHelperOpenGL (48)
[2019.10.27-23.34.35:945][433]LogModuleManager: Shutting down and abandoning module MagicLeapSecureStorage (46)
[2019.10.27-23.34.35:945][433]LogModuleManager: Shutting down and abandoning module MagicLeapGestures (44)
[2019.10.27-23.34.35:946][433]LogModuleManager: Shutting down and abandoning module MagicLeapEyeTracker (42)
[2019.10.27-23.34.35:946][433]LogModuleManager: Shutting down and abandoning module MagicLeapController (40)
[2019.10.27-23.34.35:946][433]LogSlate: Slate User Destroyed.  User Index 0, Is Virtual User: 0
[2019.10.27-23.34.35:946][433]LogModuleManager: Shutting down and abandoning module MagicLeap (38)
[2019.10.27-23.34.35:946][433]LogModuleManager: Shutting down and abandoning module AnimationModifiers (36)
[2019.10.27-23.34.35:946][433]LogModuleManager: Shutting down and abandoning module PropertyEditor (35)
[2019.10.27-23.34.35:946][433]LogModuleManager: Shutting down and abandoning module AudioEditor (32)
[2019.10.27-23.34.35:946][433]LogModuleManager: Shutting down and abandoning module TextureCompressor (30)
[2019.10.27-23.34.35:946][433]LogModuleManager: Shutting down and abandoning module ShaderCore (28)
[2019.10.27-23.34.35:946][433]LogModuleManager: Shutting down and abandoning module Landscape (26)
[2019.10.27-23.34.35:946][433]LogModuleManager: Shutting down and abandoning module SlateRHIRenderer (24)
[2019.10.27-23.34.35:946][433]LogModuleManager: Shutting down and abandoning module OpenGLDrv (22)
[2019.10.27-23.34.35:946][433]LogModuleManager: Shutting down and abandoning module D3D11RHI (20)
[2019.10.27-23.34.35:946][433]LogModuleManager: Shutting down and abandoning module AnimGraphRuntime (18)
[2019.10.27-23.34.35:946][433]LogModuleManager: Shutting down and abandoning module Renderer (16)
[2019.10.27-23.34.35:946][433]LogModuleManager: Shutting down and abandoning module Engine (14)
[2019.10.27-23.34.35:946][433]LogModuleManager: Shutting down and abandoning module CoreUObject (12)
[2019.10.27-23.34.35:946][433]LogModuleManager: Shutting down and abandoning module NetworkFile (10)
[2019.10.27-23.34.35:946][433]LogModuleManager: Shutting down and abandoning module CookedIterativeFile (8)
[2019.10.27-23.34.35:946][433]LogModuleManager: Shutting down and abandoning module StreamingFile (6)
[2019.10.27-23.34.35:946][433]LogModuleManager: Shutting down and abandoning module SandboxFile (4)
[2019.10.27-23.34.35:946][433]LogModuleManager: Shutting down and abandoning module PakFile (2)
[2019.10.27-23.34.35:953][433]LogExit: Exiting.
[2019.10.27-23.34.35:978][433]Log file closed, 10/28/19 10:34:35
