Log file open, 10/28/19 16:09:57
LogWindows: Failed to load 'aqProf.dll' (GetLastError=126)
LogWindows: File 'aqProf.dll' does not exist
LogWindows: Failed to load 'VSPerf140.dll' (GetLastError=126)
LogWindows: File 'VSPerf140.dll' does not exist
LogWindows: Failed to load 'VtuneApi.dll' (GetLastError=126)
LogWindows: File 'VtuneApi.dll' does not exist
LogWindows: Failed to load 'VtuneApi32e.dll' (GetLastError=126)
LogWindows: File 'VtuneApi32e.dll' does not exist
LogInit: Display: Running engine for game: DeJaBrew_Prototyping
LogPlatformFile: Not using cached read wrapper
LogTaskGraph: Started task graph with 5 named threads and 23 total threads with 3 sets of task threads.
LogStats: Stats thread started at 0.266343
LogD3D11RHI: Loaded GFSDK_Aftermath_Lib.x64.dll
LogICUInternationalization: Display: ICU TimeZone Detection - Raw Offset: +10:00, Platform Override: ''
LogPluginManager: Mounting plugin Paper2D
LogPluginManager: Mounting plugin AISupport
LogPluginManager: Mounting plugin LightPropagationVolume
LogPluginManager: Mounting plugin CLionSourceCodeAccess
LogPluginManager: Mounting plugin CodeLiteSourceCodeAccess
LogPluginManager: Mounting plugin GitSourceControl
LogPluginManager: Mounting plugin KDevelopSourceCodeAccess
LogPluginManager: Mounting plugin NullSourceCodeAccess
LogPluginManager: Mounting plugin PerforceSourceControl
LogPluginManager: Mounting plugin SubversionSourceControl
LogPluginManager: Mounting plugin UObjectPlugin
LogPluginManager: Mounting plugin VisualStudioCodeSourceCodeAccess
LogPluginManager: Mounting plugin VisualStudioSourceCodeAccess
LogPluginManager: Mounting plugin XCodeSourceCodeAccess
LogPluginManager: Mounting plugin AssetManagerEditor
LogPluginManager: Mounting plugin CryptoKeys
LogPluginManager: Mounting plugin DataValidation
LogPluginManager: Mounting plugin FacialAnimation
LogPluginManager: Mounting plugin GameplayTagsEditor
LogPluginManager: Mounting plugin MacGraphicsSwitching
LogPluginManager: Mounting plugin MeshEditor
LogPluginManager: Mounting plugin MobileLauncherProfileWizard
LogPluginManager: Mounting plugin PluginBrowser
LogPluginManager: Mounting plugin SpeedTreeImporter
LogPluginManager: Mounting plugin DatasmithContent
LogPluginManager: Mounting plugin AlembicImporter
LogPluginManager: Mounting plugin AppleImageUtils
LogPluginManager: Mounting plugin AppleVision
LogPluginManager: Mounting plugin BackChannel
LogPluginManager: Mounting plugin CharacterAI
LogPluginManager: Mounting plugin GeometryCache
LogPluginManager: Mounting plugin HTML5Networking
LogPluginManager: Mounting plugin ProxyLODPlugin
LogPluginManager: Mounting plugin MagicLeap
LogPluginManager: Mounting plugin MagicLeapEmulator
LogPluginManager: Mounting plugin MagicLeapMedia
LogPluginManager: Mounting plugin AndroidMedia
LogPluginManager: Mounting plugin AvfMedia
LogPluginManager: Mounting plugin ImgMedia
LogPluginManager: Mounting plugin LinearTimecode
LogPluginManager: Mounting plugin MediaCompositing
LogPluginManager: Mounting plugin MediaPlayerEditor
LogPluginManager: Mounting plugin WmfMedia
LogPluginManager: Mounting plugin TcpMessaging
LogPluginManager: Mounting plugin UdpMessaging
LogPluginManager: Mounting plugin ActorSequence
LogPluginManager: Mounting plugin LevelSequenceEditor
LogPluginManager: Mounting plugin MatineeToLevelSequence
LogPluginManager: Mounting plugin NetcodeUnitTest
LogPluginManager: Mounting plugin NUTUnrealEngine4
LogPluginManager: Mounting plugin OnlineSubsystemGooglePlay
LogPluginManager: Mounting plugin OnlineSubsystemIOS
LogPluginManager: Mounting plugin OnlineSubsystem
LogPluginManager: Mounting plugin OnlineSubsystemNull
LogPluginManager: Mounting plugin OnlineSubsystemUtils
LogPluginManager: Mounting plugin LauncherChunkInstaller
LogPluginManager: Mounting plugin AndroidDeviceProfileSelector
LogPluginManager: Mounting plugin AndroidMoviePlayer
LogPluginManager: Mounting plugin AndroidPermission
LogPluginManager: Mounting plugin AppleMoviePlayer
LogPluginManager: Mounting plugin ArchVisCharacter
LogPluginManager: Mounting plugin AudioCapture
LogPluginManager: Mounting plugin CableComponent
LogPluginManager: Mounting plugin CustomMeshComponent
LogPluginManager: Mounting plugin EditableMesh
LogPluginManager: Mounting plugin ExampleDeviceProfileSelector
LogPluginManager: Mounting plugin GoogleCloudMessaging
LogPluginManager: Mounting plugin ImmediatePhysics
LogPluginManager: Mounting plugin IOSDeviceProfileSelector
LogPluginManager: Mounting plugin LinuxDeviceProfileSelector
LogPluginManager: Mounting plugin LocationServicesBPLibrary
LogPluginManager: Mounting plugin MobilePatchingUtils
LogPluginManager: Mounting plugin OculusVR
LogPluginManager: Plugin shader directory ../../../Engine/Plugins/Runtime/Oculus/OculusVR/Shaders found
LogPluginManager: Mapping shader source directory ../../../Engine/Plugins/Runtime/Oculus/OculusVR/Shaders to virtual directory /Plugin/OculusVR
LogPluginManager: Mounting plugin PhysXVehicles
LogPluginManager: Mounting plugin ProceduralMeshComponent
LogPluginManager: Mounting plugin RuntimePhysXCooking
LogPluginManager: Mounting plugin SteamVR
LogPluginManager: Mounting plugin WindowsMoviePlayer
LogStreaming: Display: Took  0.100s to configure plugins.
LogInit: Using libcurl 7.55.1-DEV
LogInit:  - built for x86_64-pc-win32
LogInit:  - supports SSL with OpenSSL/1.0.2h
LogInit:  - supports HTTP deflate (compression) using libz 1.2.8
LogInit:  - other features:
LogInit:      CURL_VERSION_SSL
LogInit:      CURL_VERSION_LIBZ
LogInit:      CURL_VERSION_IPV6
LogInit:      CURL_VERSION_ASYNCHDNS
LogInit:      CURL_VERSION_LARGEFILE
LogInit:      CURL_VERSION_IDN
LogInit:  CurlRequestOptions (configurable via config and command line):
LogInit:  - bVerifyPeer = false  - Libcurl will NOT verify peer certificate
LogInit:  - bUseHttpProxy = false  - Libcurl will NOT use HTTP proxy
LogInit:  - bDontReuseConnections = false  - Libcurl will reuse connections
LogInit:  - CertBundlePath = nullptr  - Libcurl will use whatever was configured at build time.
LogInit:  - MaxHostConnections = 16  - Libcurl will limit the number of connections to a host
LogInit:  - LocalHostAddr = Default
LogInit:  - BufferSize = 65536
LogInit: WinSock: version 1.1 (2.2), MaxSocks=32767, MaxUdp=65467
LogInit: Build: ++UE4+Release-4.20-CL-4369336
LogInit: Engine Version: 4.20.3-4369336+++UE4+Release-4.20
LogInit: Compatible Engine Version: 4.20.0-4212847+++UE4+Release-4.20
LogInit: Net CL: 4212847
LogInit: OS: Windows 10 (), CPU: Intel(R) Core(TM) i7-6700 CPU @ 3.40GHz, GPU: NVIDIA GeForce GTX 1060 6GB
LogInit: Compiled (64-bit): Sep 17 2018 12:26:19
LogInit: Compiled with Visual C++: 19.13.26129.00
LogInit: Build Configuration: Development
LogInit: Branch Name: ++UE4+Release-4.20
LogInit: Command Line: 
LogInit: Base Directory: C:/Program Files/Epic Games/UE_4.20/Engine/Binaries/Win64/
LogInit: Installed Engine Build: 1
LogDevObjectVersion: Number of dev versions registered: 20
LogDevObjectVersion:   Dev-Blueprints (B0D832E4-1F89-4F0D-ACCF-7EB736FD4AA2): 10
LogDevObjectVersion:   Dev-Build (E1C64328-A22C-4D53-A36C-8E866417BD8C): 0
LogDevObjectVersion:   Dev-Core (375EC13C-06E4-48FB-B500-84F0262A717E): 2
LogDevObjectVersion:   Dev-Editor (E4B068ED-F494-42E9-A231-DA0B2E46BB41): 24
LogDevObjectVersion:   Dev-Framework (CFFC743F-43B0-4480-9391-14DF171D2073): 34
LogDevObjectVersion:   Dev-Mobile (B02B49B5-BB20-44E9-A304-32B752E40360): 2
LogDevObjectVersion:   Dev-Networking (A4E4105C-59A1-49B5-A7C5-40C4547EDFEE): 0
LogDevObjectVersion:   Dev-Online (39C831C9-5AE6-47DC-9A44-9C173E1C8E7C): 0
LogDevObjectVersion:   Dev-Physics (78F01B33-EBEA-4F98-B9B4-84EACCB95AA2): 0
LogDevObjectVersion:   Dev-Platform (6631380F-2D4D-43E0-8009-CF276956A95A): 0
LogDevObjectVersion:   Dev-Rendering (12F88B9F-8875-4AFC-A67C-D90C383ABD29): 26
LogDevObjectVersion:   Dev-Sequencer (7B5AE74C-D270-4C10-A958-57980B212A5A): 9
LogDevObjectVersion:   Dev-VR (D7296918-1DD6-4BDD-9DE2-64A83CC13884): 2
LogDevObjectVersion:   Dev-LoadTimes (C2A15278-BFE7-4AFE-6C17-90FF531DF755): 1
LogDevObjectVersion:   Private-Geometry (6EACA3D4-40EC-4CC1-B786-8BED09428FC5): 3
LogDevObjectVersion:   Dev-AnimPhys (29E575DD-E0A3-4627-9D10-D276232CDCEA): 17
LogDevObjectVersion:   Dev-ReflectionCapture (6B266CEC-1EC7-4B8F-A30B-E4D90942FC07): 1
LogDevObjectVersion:   Dev-Automation (0DF73D61-A23F-47EA-B727-89E90C41499A): 1
LogDevObjectVersion:   FortniteMain (601D1886-AC64-4F84-AA16-D3DE0DEAC7D6): 12
LogDevObjectVersion:   Dev-Enterprise (9DFFBCD6-494F-0158-E221-12823C92A888): 1
LogStreaming: Display: Took  0.002s to delete old logs.
LogInit: Presizing for max 8388607 objects, including 0 objects not considered by GC, pre-allocating 0 bytes for permanent pool.
LogInit: Object subsystem initialized
[2019.10.28-05.09.57:875][  0]LogInit: Selected Device Profile: [Windows]
[2019.10.28-05.09.57:875][  0]LogInit: Applying CVar settings loaded from the selected device profile: [Windows]
[2019.10.28-05.09.57:889][  0]LogHAL: Display: Platform has ~ 32 GB [34293108736 / 34359738368 / 32], which maps to Largest [LargestMinGB=32, LargerMinGB=12, DefaultMinGB=8, SmallerMinGB=6, SmallestMinGB=0)
[2019.10.28-05.09.57:889][  0]LogInit: Setting Device Profile CVar: [[r.Vulkan.UseRealUBs:1]]
[2019.10.28-05.09.57:889][  0]LogInit: Going up to parent DeviceProfile []
[2019.10.28-05.09.57:890][  0]LogInit: Computer: SYD-C63DCC
[2019.10.28-05.09.57:890][  0]LogInit: User: s191273
[2019.10.28-05.09.57:890][  0]LogInit: CPU Page size=4096, Cores=4
[2019.10.28-05.09.57:890][  0]LogInit: High frequency timer resolution =3.328124 MHz
[2019.10.28-05.09.57:890][  0]LogMemory: Memory total: Physical=31.9GB (32GB approx)
[2019.10.28-05.09.57:890][  0]LogMemory: Platform Memory Stats for Windows
[2019.10.28-05.09.57:890][  0]LogMemory: Process Physical Memory: 100.35 MB used, 100.35 MB peak
[2019.10.28-05.09.57:890][  0]LogMemory: Process Virtual Memory: 89.31 MB used, 89.31 MB peak
[2019.10.28-05.09.57:890][  0]LogMemory: Physical Memory: 5800.31 MB used,  26904.15 MB free, 32704.46 MB total
[2019.10.28-05.09.57:890][  0]LogMemory: Virtual Memory: 4638.47 MB used,  26904.15 MB free, 134217728.00 MB total
[2019.10.28-05.09.57:905][  0]LogInit: Using OS detected language (en-US).
[2019.10.28-05.09.57:905][  0]LogInit: Using OS detected locale (en-US).
[2019.10.28-05.09.57:905][  0]LogTextLocalizationManager: No specific localization for 'en-US' exists, so the 'en' localization will be used.
[2019.10.28-05.09.58:237][  0]LogStreaming: Display: Took  0.332s to InitEngineTextLocalization.
[2019.10.28-05.09.58:237][  0]LogInit: Setting process to per monitor DPI aware
[2019.10.28-05.09.58:265][  0]LogSlate: New Slate User Created.  User Index 0, Is Virtual User: 0
[2019.10.28-05.09.58:265][  0]LogSlate: Slate User Registered.  User Index 0, Is Virtual User: 0
[2019.10.28-05.09.58:429][  0]LogHMD: Failed to initialize OpenVR with code 110
[2019.10.28-05.09.58:430][  0]LogD3D11RHI: D3D11 adapters:
[2019.10.28-05.09.58:484][  0]LogD3D11RHI:    0. 'NVIDIA GeForce GTX 1060 6GB' (Feature Level 11_0)
[2019.10.28-05.09.58:484][  0]LogD3D11RHI:       6052/0/16352 MB DedicatedVideo/DedicatedSystem/SharedSystem, Outputs:2, VendorId:0x10de
[2019.10.28-05.09.58:486][  0]LogD3D11RHI:    1. 'Microsoft Basic Render Driver' (Feature Level 11_0)
[2019.10.28-05.09.58:486][  0]LogD3D11RHI:       0/0/16352 MB DedicatedVideo/DedicatedSystem/SharedSystem, Outputs:0, VendorId:0x1414
[2019.10.28-05.09.58:486][  0]LogD3D11RHI: Chosen D3D11 Adapter: 0
[2019.10.28-05.09.58:490][  0]LogD3D11RHI: Creating new Direct3DDevice
[2019.10.28-05.09.58:490][  0]LogD3D11RHI:     GPU DeviceId: 0x1c03 (for the marketing name, search the web for "GPU Device Id")
[2019.10.28-05.09.58:490][  0]LogWindows: EnumDisplayDevices:
[2019.10.28-05.09.58:491][  0]LogWindows:    0. 'NVIDIA GeForce GTX 1060 6GB' (P:0 D:1)
[2019.10.28-05.09.58:491][  0]LogWindows:    1. 'NVIDIA GeForce GTX 1060 6GB' (P:1 D:1)
[2019.10.28-05.09.58:491][  0]LogWindows:    2. 'NVIDIA GeForce GTX 1060 6GB' (P:0 D:0)
[2019.10.28-05.09.58:491][  0]LogWindows:    3. 'NVIDIA GeForce GTX 1060 6GB' (P:0 D:0)
[2019.10.28-05.09.58:491][  0]LogWindows: DebugString: FoundDriverCount:4 
[2019.10.28-05.09.58:491][  0]LogD3D11RHI:     Adapter Name: NVIDIA GeForce GTX 1060 6GB
[2019.10.28-05.09.58:491][  0]LogD3D11RHI:   Driver Version: 417.35 (internal:25.21.14.1735, unified:417.35)
[2019.10.28-05.09.58:491][  0]LogD3D11RHI:      Driver Date: 12-11-2018
[2019.10.28-05.09.58:491][  0]LogRHI: Texture pool is 4236 MB (70% of 6052 MB)
[2019.10.28-05.09.58:526][  0]LogD3D11RHI: Async texture creation enabled
[2019.10.28-05.09.58:544][  0]LogD3D11RHI: GPU Timing Frequency: 1000.000000 (Debug: 2 2)
[2019.10.28-05.09.58:628][  0]LogShaderCompilers: Guid format shader working directory is -50 characters bigger than the processId version (../../../../../../Users/s191273/Documents/GitHub/DeJaBrew_Prototyping/DeJaBrew_Prototyping_Unreal/Intermediate/Shaders/WorkingDirectory/10172/).
[2019.10.28-05.09.58:628][  0]LogShaderCompilers: Cleaned the shader compiler working directory 'C:/Users/s191273/AppData/Local/Temp/UnrealShaderWorkingDir/EC387ADB4E447C0C3CCE5C96928FA982/'.
[2019.10.28-05.09.58:843][  0]LogTemp: Display: Loaded TP AllDesktopTargetPlatform
[2019.10.28-05.09.58:855][  0]LogTemp: Display: Loaded TP MacClientTargetPlatform
[2019.10.28-05.09.58:866][  0]LogTemp: Display: Loaded TP MacNoEditorTargetPlatform
[2019.10.28-05.09.58:878][  0]LogTemp: Display: Loaded TP MacServerTargetPlatform
[2019.10.28-05.09.58:889][  0]LogTemp: Display: Loaded TP MacTargetPlatform
[2019.10.28-05.09.58:901][  0]LogTemp: Display: Loaded TP WindowsClientTargetPlatform
[2019.10.28-05.09.58:912][  0]LogTemp: Display: Loaded TP WindowsNoEditorTargetPlatform
[2019.10.28-05.09.58:924][  0]LogTemp: Display: Loaded TP WindowsServerTargetPlatform
[2019.10.28-05.09.58:929][  0]LogTemp: Display: Loaded TP WindowsTargetPlatform
[2019.10.28-05.09.58:997][  0]LogTemp: Display: Loaded TP AndroidTargetPlatform
[2019.10.28-05.09.58:997][  0]LogTemp: Display: Loaded TP AndroidTargetPlatform
[2019.10.28-05.09.58:997][  0]LogTemp: Display: Loaded TP AndroidTargetPlatform
[2019.10.28-05.09.58:997][  0]LogTemp: Display: Loaded TP AndroidTargetPlatform
[2019.10.28-05.09.58:997][  0]LogTemp: Display: Loaded TP AndroidTargetPlatform
[2019.10.28-05.09.58:997][  0]LogTemp: Display: Loaded TP AndroidTargetPlatform
[2019.10.28-05.09.58:997][  0]LogTemp: Display: Loaded TP AndroidTargetPlatform
[2019.10.28-05.09.58:997][  0]LogTemp: Display: Loaded TP AndroidTargetPlatform
[2019.10.28-05.09.58:997][  0]LogTemp: Display: Loaded TP AndroidTargetPlatform
[2019.10.28-05.09.58:997][  0]LogTemp: Display: Loaded TP AndroidTargetPlatform
[2019.10.28-05.09.58:997][  0]LogTemp: Display: Loaded TP AndroidTargetPlatform
[2019.10.28-05.09.58:997][  0]LogTemp: Display: Loaded TP AndroidTargetPlatform
[2019.10.28-05.09.58:997][  0]LogTemp: Display: Loaded TP AndroidTargetPlatform
[2019.10.28-05.09.58:997][  0]LogTemp: Display: Loaded TP AndroidTargetPlatform
[2019.10.28-05.09.58:997][  0]LogTemp: Display: Loaded TP AndroidTargetPlatform
[2019.10.28-05.09.58:997][  0]LogTemp: Display: Loaded TP AndroidTargetPlatform
[2019.10.28-05.09.58:997][  0]LogTemp: Display: Loaded TP AndroidTargetPlatform
[2019.10.28-05.09.58:997][  0]LogTemp: Display: Loaded TP AndroidTargetPlatform
[2019.10.28-05.09.58:998][  0]LogTemp: Display: Loaded TP HTML5TargetPlatform
[2019.10.28-05.09.59:055][  0]LogTemp: Display: Loaded TP IOSTargetPlatform
[2019.10.28-05.09.59:055][  0]LogTemp: Display: Loaded TP IOSTargetPlatform
[2019.10.28-05.09.59:076][  0]LogTemp: Display: Loaded TP TVOSTargetPlatform
[2019.10.28-05.09.59:076][  0]LogTemp: Display: Loaded TP TVOSTargetPlatform
[2019.10.28-05.09.59:087][  0]LogTemp: Display: Loaded TP LinuxClientTargetPlatform
[2019.10.28-05.09.59:098][  0]LogTemp: Display: Loaded TP LinuxNoEditorTargetPlatform
[2019.10.28-05.09.59:109][  0]LogTemp: Display: Loaded TP LinuxServerTargetPlatform
[2019.10.28-05.09.59:120][  0]LogTemp: Display: Loaded TP LinuxTargetPlatform
[2019.10.28-05.09.59:128][  0]LogTemp: Display: Loaded TP LuminTargetPlatform
[2019.10.28-05.09.59:128][  0]LogTargetPlatformManager: Display: Building Assets For Windows
[2019.10.28-05.09.59:171][  0]LogXGEController: Cleaning working directory: C:/Users/s191273/AppData/Local/Temp/UnrealXGEWorkingDir/
[2019.10.28-05.09.59:171][  0]LogXGEController: Cannot use XGE Controller as Incredibuild is not installed on this machine.
[2019.10.28-05.09.59:171][  0]LogShaderCompilers: Cannot use XGE Shader Compiler as Incredibuild is not installed on this machine.
[2019.10.28-05.09.59:172][  0]LogShaderCompilers: Display: Using Local Shader Compiler.
[2019.10.28-05.09.59:775][  0]LogDerivedDataCache: Display: Max Cache Size: 512 MB
[2019.10.28-05.09.59:821][  0]LogDerivedDataCache: Loaded boot cache 0.05s 71MB C:/Users/s191273/AppData/Local/UnrealEngine/4.20/DerivedDataCache/Boot.ddc.
[2019.10.28-05.09.59:821][  0]LogDerivedDataCache: Display: Loaded Boot cache: C:/Users/s191273/AppData/Local/UnrealEngine/4.20/DerivedDataCache/Boot.ddc
[2019.10.28-05.09.59:821][  0]LogDerivedDataCache: FDerivedDataBackendGraph:  Pak pak cache file ../../../../../../Users/s191273/Documents/GitHub/DeJaBrew_Prototyping/DeJaBrew_Prototyping_Unreal/DerivedDataCache/DDC.ddp not found, will not use a pak cache.
[2019.10.28-05.09.59:821][  0]LogDerivedDataCache: Unable to find inner node Pak for hierarchical cache Hierarchy.
[2019.10.28-05.09.59:821][  0]LogDerivedDataCache: FDerivedDataBackendGraph:  CompressedPak pak cache file ../../../../../../Users/s191273/Documents/GitHub/DeJaBrew_Prototyping/DeJaBrew_Prototyping_Unreal/DerivedDataCache/Compressed.ddp not found, will not use a pak cache.
[2019.10.28-05.09.59:822][  0]LogDerivedDataCache: Unable to find inner node CompressedPak for hierarchical cache Hierarchy.
[2019.10.28-05.09.59:833][  0]LogDerivedDataCache: Display: Pak cache opened for reading ../../../Engine/DerivedDataCache/Compressed.ddp.
[2019.10.28-05.09.59:845][  0]LogDerivedDataCache: Using Local data cache path C:/Users/s191273/AppData/Local/UnrealEngine/Common/DerivedDataCache: Writable
[2019.10.28-05.09.59:845][  0]LogDerivedDataCache: Shared data cache path not found in *engine.ini, will not use an Shared cache.
[2019.10.28-05.09.59:845][  0]LogDerivedDataCache: Unable to find inner node Shared for hierarchical cache Hierarchy.
[2019.10.28-05.09.59:860][  0]LogMaterial: Verifying Global Shaders for PCD3D_SM5
[2019.10.28-05.09.59:862][  0]LogSlate: Using FreeType 2.6.0
[2019.10.28-05.09.59:863][  0]LogSlate: SlateFontServices - WITH_FREETYPE: 1, WITH_HARFBUZZ: 1
[2019.10.28-05.09.59:927][  0]LogAssetRegistry: FAssetRegistry took 0.0260 seconds to start up
[2019.10.28-05.10.00:184][  0]LogInit: Selected Device Profile: [Windows]
[2019.10.28-05.10.00:294][  0]LogSimplygon: Simplygon DLL not present - disabling.
[2019.10.28-05.10.00:297][  0]LogMeshReduction: Using SimplygonSwarm for distributed automatic mesh merging
[2019.10.28-05.10.00:297][  0]LogMeshReduction: Using ProxyLODMeshReduction for automatic mesh merging
[2019.10.28-05.10.00:297][  0]LogMeshReduction: Using QuadricMeshReduction for automatic static mesh reduction
[2019.10.28-05.10.00:297][  0]LogMeshReduction: No automatic skeletal mesh reduction module available
[2019.10.28-05.10.00:311][  0]LogNetVersion: DeJaBrew_Prototyping 1.0.0, NetCL: 4212847, EngineNetVer: 5, GameNetVer: 0 (Checksum: 1964930159)
[2019.10.28-05.10.00:551][  0]LogLinker: Warning: The file '../../../Engine/Content/EditorMaterials/Thumbnails/SkySphereMaterial.uasset' contains unrecognizable data, check that it is of the expected type.
[2019.10.28-05.10.00:552][  0]LogLinker: Warning: The file '../../../Engine/Content/EditorMaterials/Thumbnails/SkySphereMaterial.uasset' contains unrecognizable data, check that it is of the expected type.
[2019.10.28-05.10.00:552][  0]LogLinker: Warning: The file '../../../Engine/Content/EditorMaterials/Thumbnails/SkySphereMaterial.uasset' contains unrecognizable data, check that it is of the expected type.
[2019.10.28-05.10.00:552][  0]LogLinker: Warning: The file '../../../Engine/Content/EditorMaterials/Thumbnails/SkySphereMaterial.uasset' contains unrecognizable data, check that it is of the expected type.
[2019.10.28-05.10.00:553][  0]LogLinker: Warning: The file '../../../Engine/Content/EditorMaterials/Thumbnails/SkySphereMaterial.uasset' contains unrecognizable data, check that it is of the expected type.
[2019.10.28-05.10.00:553][  0]LogLinker: Warning: The file '../../../Engine/Content/EditorMaterials/Thumbnails/SkySphereMaterial.uasset' contains unrecognizable data, check that it is of the expected type.
[2019.10.28-05.10.00:742][  0]LogPackageLocalizationCache: Processed 11 localized package path(s) for 2 prioritized culture(s) in 0.097103 seconds
[2019.10.28-05.10.00:748][  0]LogUObjectArray: 38422 objects as part of root set at end of initial load.
[2019.10.28-05.10.00:748][  0]LogUObjectAllocator: 6687760 out of 0 bytes used by permanent object pool.
[2019.10.28-05.10.00:748][  0]LogUObjectArray: CloseDisregardForGC: 0/0 objects in disregard for GC pool
[2019.10.28-05.10.01:444][  0]LogTcpMessaging: Initializing TcpMessaging bridge
[2019.10.28-05.10.01:457][  0]LogUdpMessaging: Initializing bridge on interface 0.0.0.0:0 to multicast group 230.0.0.1:6666.
[2019.10.28-05.10.01:584][  0]SourceControl: Source control is disabled
[2019.10.28-05.10.01:584][  0]SourceControl: Source control is disabled
[2019.10.28-05.10.01:585][  0]SourceControl: Source control is disabled
[2019.10.28-05.10.01:585][  0]SourceControl: Source control is disabled
[2019.10.28-05.10.01:732][  0]LogAndroidPermission: UAndroidPermissionCallbackProxy::GetInstance
[2019.10.28-05.10.01:773][  0]LogOcInput: OculusInput pre-init called
[2019.10.28-05.10.01:825][  0]LogEngine: Initializing Engine...
[2019.10.28-05.10.01:825][  0]LogHMD: Failed to initialize OpenVR with code 110
[2019.10.28-05.10.01:827][  0]LogStats: UGameplayTagsManager::ConstructGameplayTagTree: ImportINI prefixes -  0.000 s
[2019.10.28-05.10.01:827][  0]LogStats: UGameplayTagsManager::ConstructGameplayTagTree: Construct from data asset -  0.000 s
[2019.10.28-05.10.01:827][  0]LogStats: UGameplayTagsManager::ConstructGameplayTagTree: ImportINI -  0.000 s
[2019.10.28-05.10.01:827][  0]LogStats: UGameplayTagsManager::ConstructGameplayTagTree: GameplayTagTreeChangedEvent.Broadcast -  0.000 s
[2019.10.28-05.10.02:001][  0]LogInit: Initializing FReadOnlyCVARCache
[2019.10.28-05.10.02:012][  0]LogAIModule: Creating AISystem for world Untitled
[2019.10.28-05.10.02:021][  0]LogInit: XAudio2 using 'Realtek HD Audio 2nd output (Realtek High Definition Audio)' : 2 channels at 48 kHz using 32 bits per sample (channel mask 0x3)
[2019.10.28-05.10.02:048][  0]LogInit: FAudioDevice initialized.
[2019.10.28-05.10.02:049][  0]LogNetVersion: Set ProjectVersion to 1.0.0.0. Version Checksum will be recalculated on next use.
[2019.10.28-05.10.02:117][  0]LogDerivedDataCache: Saved boot cache 0.07s 71MB C:/Users/s191273/AppData/Local/UnrealEngine/4.20/DerivedDataCache/Boot.ddc.
[2019.10.28-05.10.02:125][  0]LogInit: Texture streaming: Enabled
[2019.10.28-05.10.02:138][  0]LogEngineSessionManager: EngineSessionManager initialized
[2019.10.28-05.10.02:150][  0]LogInit: Transaction tracking system initialized
[2019.10.28-05.10.02:165][  0]BlueprintLog: New page: Editor Load
[2019.10.28-05.10.02:218][  0]LocalizationService: Localization service is disabled
[2019.10.28-05.10.02:375][  0]LogLinker: Warning: The file '../../../Engine/Content/EditorMaterials/Thumbnails/SkySphereMaterial.uasset' contains unrecognizable data, check that it is of the expected type.
[2019.10.28-05.10.02:428][  0]LogCook: Display: Max memory allowance for cook 16384mb min free memory 0mb
[2019.10.28-05.10.02:428][  0]LogCook: Display: Mobile HDR setting 1
[2019.10.28-05.10.02:428][  0]LogGameplayTags: Display: UGameplayTagsManager::DoneAddingNativeTags. DelegateIsBound: 0
[2019.10.28-05.10.02:428][  0]LogStats: UGameplayTagsManager::ConstructGameplayTagTree: ImportINI prefixes -  0.000 s
[2019.10.28-05.10.02:428][  0]LogStats: UGameplayTagsManager::ConstructGameplayTagTree: Construct from data asset -  0.000 s
[2019.10.28-05.10.02:428][  0]LogStats: UGameplayTagsManager::ConstructGameplayTagTree: ImportINI -  0.000 s
[2019.10.28-05.10.02:428][  0]LogStats: UGameplayTagsManager::ConstructGameplayTagTree: GameplayTagTreeChangedEvent.Broadcast -  0.000 s
[2019.10.28-05.10.02:513][  0]LogFileCache: Scanning file cache for directory 'C:/Users/s191273/Documents/GitHub/DeJaBrew_Prototyping/DeJaBrew_Prototyping_Unreal/Content/' took 0.02s
[2019.10.28-05.10.02:513][  0]SourceControl: Source control is disabled
[2019.10.28-05.10.02:514][  0]LightingResults: New page: Lighting Build
[2019.10.28-05.10.02:516][  0]MapCheck: New page: Map Check
[2019.10.28-05.10.02:516][  0]LightingResults: New page: Lighting Build
[2019.10.28-05.10.03:222][  0]LogAIModule: Creating AISystem for world SideScrollerExampleMap
[2019.10.28-05.10.03:240][  0]LogEditorServer: Finished looking for orphan Actors (0.000 secs)
[2019.10.28-05.10.03:265][  0]Cmd: MAP CHECKDEP NOCLEARLOG
[2019.10.28-05.10.03:321][  0]MapCheck: Map check complete: 0 Error(s), 0 Warning(s), took 55.39ms to complete.
[2019.10.28-05.10.03:321][  0]LogFileHelpers: Loading map 'SideScrollerExampleMap' took 0.807
[2019.10.28-05.10.03:406][  0]LogSlate: Updating window title bar state: overlay mode, drag disabled, window buttons hidden, title bar hidden
[2019.10.28-05.10.03:413][  0]LogSlate: Updating window title bar state: overlay mode, drag disabled, window buttons hidden, title bar hidden
[2019.10.28-05.10.03:419][  0]LogSlate: Updating window title bar state: overlay mode, drag disabled, window buttons hidden, title bar hidden
[2019.10.28-05.10.03:425][  0]LogSlate: Updating window title bar state: overlay mode, drag disabled, window buttons hidden, title bar hidden
[2019.10.28-05.10.03:430][  0]LogCollectionManager: Loaded 0 collections in 0.001081 seconds
[2019.10.28-05.10.03:472][  0]LogFileCache: Scanning file cache for directory 'C:/Users/s191273/Documents/GitHub/DeJaBrew_Prototyping/DeJaBrew_Prototyping_Unreal/Saved/Collections/' took 0.01s
[2019.10.28-05.10.03:472][  0]LogFileCache: Scanning file cache for directory 'C:/Users/s191273/Documents/GitHub/DeJaBrew_Prototyping/DeJaBrew_Prototyping_Unreal/Content/Developers/s191273/Collections/' took 0.01s
[2019.10.28-05.10.03:472][  0]LogFileCache: Scanning file cache for directory 'C:/Users/s191273/Documents/GitHub/DeJaBrew_Prototyping/DeJaBrew_Prototyping_Unreal/Content/Collections/' took 0.01s
[2019.10.28-05.10.03:472][  0]LogCollectionManager: Rebuilt the GUID cache for 0 collections in 0.000000 seconds
[2019.10.28-05.10.03:479][  0]LogContentBrowser: Native class hierarchy populated in 0.0076 seconds. Added 2572 classes and 603 folders.
[2019.10.28-05.10.03:484][  0]LogContentBrowser: Native class hierarchy updated for 'WidgetCarousel' in 0.0002 seconds. Added 0 classes and 0 folders.
[2019.10.28-05.10.03:513][  0]LogContentBrowser: Native class hierarchy updated for 'AddContentDialog' in 0.0002 seconds. Added 0 classes and 0 folders.
[2019.10.28-05.10.03:518][  0]LogContentBrowser: Native class hierarchy updated for 'SceneOutliner' in 0.0002 seconds. Added 1 classes and 2 folders.
[2019.10.28-05.10.03:531][  0]LogSlate: Took 0.000239 seconds to synchronously load lazily loaded font '../../../Engine/Content/Slate/Fonts/Roboto-Regular.ttf' (155K)
[2019.10.28-05.10.03:533][  0]LogSlate: Took 0.000193 seconds to synchronously load lazily loaded font '../../../Engine/Content/Slate/Fonts/Roboto-Bold.ttf' (160K)
[2019.10.28-05.10.03:540][  0]LogSlate: Took 0.000215 seconds to synchronously load lazily loaded font '../../../Engine/Content/Editor/Slate/Fonts/FontAwesome.ttf' (139K)
[2019.10.28-05.10.03:609][  0]LogRenderer: Reallocating scene render targets to support 1208x576 Format 10 NumSamples 1 (Frame:1).
[2019.10.28-05.10.03:837][  0]LogContentBrowser: Native class hierarchy updated for 'HierarchicalLODOutliner' in 0.0002 seconds. Added 0 classes and 0 folders.
[2019.10.28-05.10.03:837][  0]LogLoad: (Engine Initialization) Total time: 7.26 seconds
[2019.10.28-05.10.03:837][  0]LogLoad: (Engine Initialization) Total Blueprint compile time: 0.00 seconds
[2019.10.28-05.10.03:880][  0]LogContentStreaming: Texture pool size now 1000 MB
[2019.10.28-05.10.03:903][  0]LogSlate: Took 0.000138 seconds to synchronously load lazily loaded font '../../../Engine/Content/Slate/Fonts/Roboto-Light.ttf' (167K)
[2019.10.28-05.10.03:911][  1]LogFileCache: Retrieving MD5 hashes for directory 'C:/Users/s191273/Documents/GitHub/DeJaBrew_Prototyping/DeJaBrew_Prototyping_Unreal/Content/' took 0.05s
[2019.10.28-05.10.03:920][  1]LogAssetRegistry: Asset discovery search completed in 4.0153 seconds
[2019.10.28-05.10.03:921][  1]LogCollectionManager: Rebuilt the object cache for 0 collections in 0.000000 seconds (found 0 objects)
[2019.10.28-05.10.03:921][  1]LogCollectionManager: Fixed up redirectors for 0 collections in 0.000049 seconds (updated 0 objects)
[2019.10.28-05.10.06:901][337]LogSlate: FSceneViewport::OnFocusLost() reason 0
[2019.10.28-05.10.13:775][102]LogSlate: Took 0.000194 seconds to synchronously load lazily loaded font '../../../Engine/Content/Slate/Fonts/Roboto-Light.ttf' (167K)
[2019.10.28-05.10.13:790][102]LogFactory: FactoryCreateFile: SoundWave with ReimportSoundFactory (0 0 C:\Users\s191273\Desktop\DejaBrew\Sounds\BGM\Uncut\476546__mrthenoronha__platform-game-theme-loop-2.wav)
[2019.10.28-05.10.41:889][201]LogAudioDerivedData: Display: Building compressed audio format OGG hash OGG wave 476546__mrthenoronha__platform-game-theme-loop-2...
[2019.10.28-05.10.41:889][201]LogTemp: Couldn't find amount to resample to.
[2019.10.28-05.10.42:158][201]LogAudioDerivedData: Display: Updated SoundWave->RawPCMDataSize from 0 to 2997104 while cooking SoundWave /Game/SideScrollerBP/Sounds/BGM/476546__mrthenoronha__platform-game-theme-loop-2.476546__mrthenoronha__platform-game-theme-loop-2.
[2019.10.28-05.10.46:055][331]LogSlate: Window 'Delete Assets' being destroyed
[2019.10.28-05.11.06:485][998]LogAssetEditorManager: Opening Asset editor for SoundCue /Game/SideScrollerBP/Sounds/BGM/476546__mrthenoronha__platform-game-theme-loop-2_Cue.476546__mrthenoronha__platform-game-theme-loop-2_Cue
[2019.10.28-05.11.06:548][998]LogSlate: Took 0.000171 seconds to synchronously load lazily loaded font '../../../Engine/Content/Slate/Fonts/Roboto-BoldCondensed.ttf' (158K)
[2019.10.28-05.11.34:846][198]LogSavePackage: Moving '../../../../../../Users/s191273/Documents/GitHub/DeJaBrew_Prototyping/DeJaBrew_Prototyping_Unreal/Saved/476546__mrthenoronha__platform-g14B5D5F34723170D3FD094A22D8A7B99.tmp' to '../../../../../../Users/s191273/Documents/GitHub/DeJaBrew_Prototyping/DeJaBrew_Prototyping_Unreal/Content/SideScrollerBP/Sounds/BGM/476546__mrthenoronha__platform-game-theme-loop-2_Cue.uasset'
[2019.10.28-05.11.36:419][382]LogSavePackage: Moving '../../../../../../Users/s191273/Documents/GitHub/DeJaBrew_Prototyping/DeJaBrew_Prototyping_Unreal/Saved/476546__mrthenoronha__platform-g881371A84BB52A9A0CA013964386F63A.tmp' to '../../../../../../Users/s191273/Documents/GitHub/DeJaBrew_Prototyping/DeJaBrew_Prototyping_Unreal/Content/SideScrollerBP/Sounds/BGM/476546__mrthenoronha__platform-game-theme-loop-2_Cue.uasset'
[2019.10.28-05.11.45:003][214]LogSlate: Window '476546__mrthenoronha__platform-game-theme-loop-2_Cue' being destroyed
[2019.10.28-05.11.56:361][529]LogAIModule: Creating AISystem for world Level1
[2019.10.28-05.11.56:614][529]LogAssetEditorManager: Opening Asset editor for World /Game/SideScrollerBP/Maps/Level1.Level1
[2019.10.28-05.12.00:682][529]LogSlate: Window 'Save Content' being destroyed
[2019.10.28-05.12.00:706][529]LogSavePackage: Moving '../../../../../../Users/s191273/Documents/GitHub/DeJaBrew_Prototyping/DeJaBrew_Prototyping_Unreal/Saved/476546__mrthenoronha__platform-g414C4BE44A0B623FD303C8AA10D5FCE0.tmp' to '../../../../../../Users/s191273/Documents/GitHub/DeJaBrew_Prototyping/DeJaBrew_Prototyping_Unreal/Content/SideScrollerBP/Sounds/BGM/476546__mrthenoronha__platform-game-theme-loop-2.uasset'
[2019.10.28-05.12.00:710][529]Cmd: MAP LOAD FILE="../../../../../../Users/s191273/Documents/GitHub/DeJaBrew_Prototyping/DeJaBrew_Prototyping_Unreal/Content/SideScrollerBP/Maps/Level1.umap" TEMPLATE=0 SHOWPROGRESS=1 FEATURELEVEL=3
[2019.10.28-05.12.00:710][529]LightingResults: New page: Lighting Build
[2019.10.28-05.12.00:710][529]LoadErrors: New page: Loading map: Level1.umap
[2019.10.28-05.12.00:711][529]MapCheck: New page: Map Check
[2019.10.28-05.12.00:711][529]LightingResults: New page: Lighting Build
[2019.10.28-05.12.01:084][529]LogEditorServer: Finished looking for orphan Actors (0.000 secs)
[2019.10.28-05.12.01:141][529]Cmd: MAP CHECKDEP NOCLEARLOG
[2019.10.28-05.12.01:205][529]MapCheck: Map check complete: 0 Error(s), 0 Warning(s), took 63.699ms to complete.
[2019.10.28-05.12.01:205][529]LogFileHelpers: Loading map 'Level1' took 0.496
[2019.10.28-05.12.10:197][547]LogSlate: FSceneViewport::OnFocusLost() reason 0
[2019.10.28-05.12.10:263][555]LogTemp: Repeating last play command: Selected Viewport
[2019.10.28-05.12.10:283][555]LogBlueprintUserMessages: Early PlayInEditor Detection: Level '/Game/SideScrollerBP/Maps/Level1.Level1:PersistentLevel' has LevelScriptBlueprint '/Game/SideScrollerBP/Maps/Level1.Level1:PersistentLevel.Level1' with GeneratedClass '/Game/SideScrollerBP/Maps/Level1.Level1_C' with ClassGeneratedBy '/Game/SideScrollerBP/Maps/Level1.Level1:PersistentLevel.Level1'
[2019.10.28-05.12.10:283][555]LogPlayLevel: PlayLevel: No blueprints needed recompiling
[2019.10.28-05.12.10:295][555]PIE: New page: PIE session: Level1 (Oct 29, 2019, 3:12:10 AM)
[2019.10.28-05.12.10:295][555]LogPlayLevel: Creating play world package: /Game/SideScrollerBP/Maps/UEDPIE_0_Level1
[2019.10.28-05.12.10:353][555]LogPlayLevel: PIE: StaticDuplicateObject took: (0.058865s)
[2019.10.28-05.12.10:354][555]LogAIModule: Creating AISystem for world Level1
[2019.10.28-05.12.10:354][555]LogPlayLevel: PIE: World Init took: (0.000787s)
[2019.10.28-05.12.10:354][555]LogPlayLevel: PIE: Created PIE world by copying editor world from /Game/SideScrollerBP/Maps/Level1.Level1 to /Game/SideScrollerBP/Maps/UEDPIE_0_Level1.Level1 (0.059920s)
[2019.10.28-05.12.10:381][555]LogInit: XAudio2 using 'Realtek HD Audio 2nd output (Realtek High Definition Audio)' : 2 channels at 48 kHz using 32 bits per sample (channel mask 0x3)
[2019.10.28-05.12.10:391][555]LogInit: FAudioDevice initialized.
[2019.10.28-05.12.10:433][555]LogLoad: Game class is 'SideScrollerGameMode_C'
[2019.10.28-05.12.10:469][555]LogWorld: Bringing World /Game/SideScrollerBP/Maps/UEDPIE_0_Level1.Level1 up for play (max tick rate 0) at 2019.10.28-16.12.10
[2019.10.28-05.12.10:485][555]LogWorld: Bringing up level for play took: 0.050268
[2019.10.28-05.12.10:501][555]LogContentBrowser: Native class hierarchy updated for 'MovieSceneCapture' in 0.0003 seconds. Added 10 classes and 0 folders.
[2019.10.28-05.12.10:502][555]LogUObjectGlobals: Warning: Failed to find object 'Object None.None'
[2019.10.28-05.12.10:503][555]PIE: Play in editor start time for /Game/SideScrollerBP/Maps/UEDPIE_0_Level1 -0.1
[2019.10.28-05.12.10:503][555]LogBlueprintUserMessages: Late PlayInEditor Detection: Level '/Game/SideScrollerBP/Maps/Level1.Level1:PersistentLevel' has LevelScriptBlueprint '/Game/SideScrollerBP/Maps/Level1.Level1:PersistentLevel.Level1' with GeneratedClass '/Game/SideScrollerBP/Maps/Level1.Level1_C' with ClassGeneratedBy '/Game/SideScrollerBP/Maps/Level1.Level1:PersistentLevel.Level1'
[2019.10.28-05.12.10:759][582]LogSlate: Updating window title bar state: overlay mode, drag disabled, window buttons hidden, title bar hidden
[2019.10.28-05.12.10:759][582]LogUObjectGlobals: Warning: Failed to find object 'Object None.None'
[2019.10.28-05.12.10:759][582]LogUObjectGlobals: Warning: Failed to find object 'Object None.None'
[2019.10.28-05.12.10:761][582]LogUObjectGlobals: Warning: Failed to find object 'Object None.None'
[2019.10.28-05.12.10:761][582]LogScript: Warning: Accessed None trying to read property CallFunc_Array_Get_Item
	SideScrollerCharacter_C /Game/SideScrollerBP/Maps/UEDPIE_0_Level1.Level1:PersistentLevel.SideScrollerCharacter_78
	Function /Game/SideScrollerBP/Blueprints/SideScrollerCharacter.SideScrollerCharacter_C:Respawn At Checkpoint:0523
[2019.10.28-05.12.10:761][582]PIE: Error: Blueprint Runtime Error: "Accessed None trying to read property CallFunc_Array_Get_Item". Blueprint:  SideScrollerCharacter Function:  Respawn at Checkpoint Graph:  Respawn At Checkpoint Node:  SetActorTransform
[2019.10.28-05.12.10:767][583]LogUObjectGlobals: Warning: Failed to find object 'Object None.None'
[2019.10.28-05.12.10:769][583]LogUObjectGlobals: Warning: Failed to find object 'Object None.None'
[2019.10.28-05.12.11:391][656]LogUObjectGlobals: Warning: Failed to find object 'Object None.None'
[2019.10.28-05.12.11:393][656]LogUObjectGlobals: Warning: Failed to find object 'Object None.None'
[2019.10.28-05.12.11:960][723]LogUObjectGlobals: Warning: Failed to find object 'Object None.None'
[2019.10.28-05.12.11:961][723]LogUObjectGlobals: Warning: Failed to find object 'Object None.None'
[2019.10.28-05.12.11:968][724]LogUObjectGlobals: Warning: Failed to find object 'Object None.None'
[2019.10.28-05.12.11:970][724]LogUObjectGlobals: Warning: Failed to find object 'Object None.None'
[2019.10.28-05.12.12:294][763]LogUObjectGlobals: Warning: Failed to find object 'Object None.None'
[2019.10.28-05.12.12:295][763]LogUObjectGlobals: Warning: Failed to find object 'Object None.None'
[2019.10.28-05.12.13:560][915]LogSlate: Updating window title bar state: overlay mode, drag disabled, window buttons hidden, title bar hidden
[2019.10.28-05.12.13:560][915]LogUObjectGlobals: Warning: Failed to find object 'Object None.None'
[2019.10.28-05.12.13:561][915]LogUObjectGlobals: Warning: Failed to find object 'Object None.None'
[2019.10.28-05.12.13:562][915]LogUObjectGlobals: Warning: Failed to find object 'Object None.None'
[2019.10.28-05.12.13:562][915]LogScript: Warning: Accessed None trying to read property CallFunc_Array_Get_Item
	SideScrollerCharacter_C /Game/SideScrollerBP/Maps/UEDPIE_0_Level1.Level1:PersistentLevel.SideScrollerCharacter_78
	Function /Game/SideScrollerBP/Blueprints/SideScrollerCharacter.SideScrollerCharacter_C:Respawn At Checkpoint:0523
[2019.10.28-05.12.13:562][915]PIE: Error: Blueprint Runtime Error: "Accessed None trying to read property CallFunc_Array_Get_Item". Blueprint:  SideScrollerCharacter Function:  Respawn at Checkpoint Graph:  Respawn At Checkpoint Node:  SetActorTransform
[2019.10.28-05.12.13:563][915]LogUObjectGlobals: Warning: Failed to find object 'Object None.None'
[2019.10.28-05.12.13:564][915]LogUObjectGlobals: Warning: Failed to find object 'Object None.None'
[2019.10.28-05.12.21:517][840]LogUObjectGlobals: Warning: Failed to find object 'Object None.None'
[2019.10.28-05.12.21:521][840]LogUObjectGlobals: Warning: Failed to find object 'Object None.None'
[2019.10.28-05.12.21:527][841]LogUObjectGlobals: Warning: Failed to find object 'Object None.None'
[2019.10.28-05.12.21:528][841]LogUObjectGlobals: Warning: Failed to find object 'Object None.None'
[2019.10.28-05.12.21:926][889]LogUObjectGlobals: Warning: Failed to find object 'Object None.None'
[2019.10.28-05.12.21:928][889]LogUObjectGlobals: Warning: Failed to find object 'Object None.None'
[2019.10.28-05.12.22:184][920]LogSlate: Updating window title bar state: overlay mode, drag disabled, window buttons hidden, title bar hidden
[2019.10.28-05.12.22:184][920]LogUObjectGlobals: Warning: Failed to find object 'Object None.None'
[2019.10.28-05.12.22:184][920]LogScript: Warning: Accessed None trying to read property CallFunc_Array_Get_Item
	SideScrollerCharacter_C /Game/SideScrollerBP/Maps/UEDPIE_0_Level1.Level1:PersistentLevel.SideScrollerCharacter_78
	Function /Game/SideScrollerBP/Blueprints/SideScrollerCharacter.SideScrollerCharacter_C:Respawn At Checkpoint:0523
[2019.10.28-05.12.22:185][920]PIE: Error: Blueprint Runtime Error: "Accessed None trying to read property CallFunc_Array_Get_Item". Blueprint:  SideScrollerCharacter Function:  Respawn at Checkpoint Graph:  Respawn At Checkpoint Node:  SetActorTransform
[2019.10.28-05.12.22:268][930]LogSlate: Updating window title bar state: overlay mode, drag disabled, window buttons hidden, title bar hidden
[2019.10.28-05.12.22:268][930]LogUObjectGlobals: Warning: Failed to find object 'Object None.None'
[2019.10.28-05.12.22:268][930]LogScript: Warning: Accessed None trying to read property CallFunc_Array_Get_Item
	SideScrollerCharacter_C /Game/SideScrollerBP/Maps/UEDPIE_0_Level1.Level1:PersistentLevel.SideScrollerCharacter_78
	Function /Game/SideScrollerBP/Blueprints/SideScrollerCharacter.SideScrollerCharacter_C:Respawn At Checkpoint:0523
[2019.10.28-05.12.22:268][930]PIE: Error: Blueprint Runtime Error: "Accessed None trying to read property CallFunc_Array_Get_Item". Blueprint:  SideScrollerCharacter Function:  Respawn at Checkpoint Graph:  Respawn At Checkpoint Node:  SetActorTransform
[2019.10.28-05.12.22:276][931]LogSlate: Updating window title bar state: overlay mode, drag disabled, window buttons hidden, title bar hidden
[2019.10.28-05.12.22:277][931]LogUObjectGlobals: Warning: Failed to find object 'Object None.None'
[2019.10.28-05.12.22:277][931]LogScript: Warning: Accessed None trying to read property CallFunc_Array_Get_Item
	SideScrollerCharacter_C /Game/SideScrollerBP/Maps/UEDPIE_0_Level1.Level1:PersistentLevel.SideScrollerCharacter_78
	Function /Game/SideScrollerBP/Blueprints/SideScrollerCharacter.SideScrollerCharacter_C:Respawn At Checkpoint:0523
[2019.10.28-05.12.22:277][931]PIE: Error: Blueprint Runtime Error: "Accessed None trying to read property CallFunc_Array_Get_Item". Blueprint:  SideScrollerCharacter Function:  Respawn at Checkpoint Graph:  Respawn At Checkpoint Node:  SetActorTransform
[2019.10.28-05.12.23:310][ 55]LogUObjectGlobals: Warning: Failed to find object 'Object None.None'
[2019.10.28-05.12.23:311][ 55]LogUObjectGlobals: Warning: Failed to find object 'Object None.None'
[2019.10.28-05.12.23:409][ 67]LogUObjectGlobals: Warning: Failed to find object 'Object None.None'
[2019.10.28-05.12.23:411][ 67]LogUObjectGlobals: Warning: Failed to find object 'Object None.None'
[2019.10.28-05.12.23:568][ 86]LogSlate: Updating window title bar state: overlay mode, drag disabled, window buttons hidden, title bar hidden
[2019.10.28-05.12.23:568][ 86]LogUObjectGlobals: Warning: Failed to find object 'Object None.None'
[2019.10.28-05.12.23:568][ 86]LogScript: Warning: Accessed None trying to read property CallFunc_Array_Get_Item
	SideScrollerCharacter_C /Game/SideScrollerBP/Maps/UEDPIE_0_Level1.Level1:PersistentLevel.SideScrollerCharacter_78
	Function /Game/SideScrollerBP/Blueprints/SideScrollerCharacter.SideScrollerCharacter_C:Respawn At Checkpoint:0523
[2019.10.28-05.12.23:568][ 86]PIE: Error: Blueprint Runtime Error: "Accessed None trying to read property CallFunc_Array_Get_Item". Blueprint:  SideScrollerCharacter Function:  Respawn at Checkpoint Graph:  Respawn At Checkpoint Node:  SetActorTransform
[2019.10.28-05.12.24:360][181]LogBlueprintUserMessages: Early EndPlayMap Detection: Level '/Game/SideScrollerBP/Maps/Level1.Level1:PersistentLevel' has LevelScriptBlueprint '/Game/SideScrollerBP/Maps/Level1.Level1:PersistentLevel.Level1' with GeneratedClass '/Game/SideScrollerBP/Maps/Level1.Level1_C' with ClassGeneratedBy '/Game/SideScrollerBP/Maps/Level1.Level1:PersistentLevel.Level1'
[2019.10.28-05.12.24:361][181]LogSlate: Updating window title bar state: overlay mode, drag disabled, window buttons hidden, title bar hidden
[2019.10.28-05.12.24:401][181]LogPlayLevel: Display: Shutting down PIE online subsystems
[2019.10.28-05.12.24:401][181]LogBlueprintUserMessages: Late EndPlayMap Detection: Level '/Game/SideScrollerBP/Maps/Level1.Level1:PersistentLevel' has LevelScriptBlueprint '/Game/SideScrollerBP/Maps/Level1.Level1:PersistentLevel.Level1' with GeneratedClass '/Game/SideScrollerBP/Maps/Level1.Level1_C' with ClassGeneratedBy '/Game/SideScrollerBP/Maps/Level1.Level1:PersistentLevel.Level1'
[2019.10.28-05.12.24:427][181]LogSlate: Updating window title bar state: overlay mode, drag disabled, window buttons hidden, title bar hidden
[2019.10.28-05.12.24:478][183]LogPlayLevel: Display: Destroying online subsystem :Context_1
[2019.10.28-05.12.25:446][299]LogEditorViewport: Clicking on Actor (LMB): ThornsTall_BP_C (ThornsTall_BP7)
[2019.10.28-05.12.26:253][392]Cmd: DELETE
[2019.10.28-05.12.26:253][392]Cmd: ACTOR DELETE
[2019.10.28-05.12.26:277][392]LogEditorActor: Deleted Actor: ThornsTall_BP_C
[2019.10.28-05.12.26:296][392]LogEditorActor: Deleted 1 Actors (0.042 secs)
[2019.10.28-05.12.27:538][541]LogSlate: FSceneViewport::OnFocusLost() reason 0
[2019.10.28-05.12.27:613][550]LogTemp: Repeating last play command: Selected Viewport
[2019.10.28-05.12.27:630][550]LogBlueprintUserMessages: Early PlayInEditor Detection: Level '/Game/SideScrollerBP/Maps/Level1.Level1:PersistentLevel' has LevelScriptBlueprint '/Game/SideScrollerBP/Maps/Level1.Level1:PersistentLevel.Level1' with GeneratedClass '/Game/SideScrollerBP/Maps/Level1.Level1_C' with ClassGeneratedBy '/Game/SideScrollerBP/Maps/Level1.Level1:PersistentLevel.Level1'
[2019.10.28-05.12.27:630][550]LogPlayLevel: PlayLevel: No blueprints needed recompiling
[2019.10.28-05.12.27:630][550]PIE: New page: PIE session: Level1 (Oct 29, 2019, 3:12:27 AM)
[2019.10.28-05.12.27:630][550]LogPlayLevel: Creating play world package: /Game/SideScrollerBP/Maps/UEDPIE_0_Level1
[2019.10.28-05.12.27:685][550]LogPlayLevel: PIE: StaticDuplicateObject took: (0.055419s)
[2019.10.28-05.12.27:686][550]LogAIModule: Creating AISystem for world Level1
[2019.10.28-05.12.27:686][550]LogPlayLevel: PIE: World Init took: (0.000970s)
[2019.10.28-05.12.27:686][550]LogPlayLevel: PIE: Created PIE world by copying editor world from /Game/SideScrollerBP/Maps/Level1.Level1 to /Game/SideScrollerBP/Maps/UEDPIE_0_Level1.Level1 (0.056637s)
[2019.10.28-05.12.27:711][550]LogInit: XAudio2 using 'Realtek HD Audio 2nd output (Realtek High Definition Audio)' : 2 channels at 48 kHz using 32 bits per sample (channel mask 0x3)
[2019.10.28-05.12.27:720][550]LogInit: FAudioDevice initialized.
[2019.10.28-05.12.27:754][550]LogLoad: Game class is 'SideScrollerGameMode_C'
[2019.10.28-05.12.27:788][550]LogWorld: Bringing World /Game/SideScrollerBP/Maps/UEDPIE_0_Level1.Level1 up for play (max tick rate 0) at 2019.10.28-16.12.27
[2019.10.28-05.12.27:803][550]LogWorld: Bringing up level for play took: 0.047624
[2019.10.28-05.12.27:816][550]LogUObjectGlobals: Warning: Failed to find object 'Object None.None'
[2019.10.28-05.12.27:816][550]PIE: Play in editor start time for /Game/SideScrollerBP/Maps/UEDPIE_0_Level1 -0.787
[2019.10.28-05.12.27:816][550]LogBlueprintUserMessages: Late PlayInEditor Detection: Level '/Game/SideScrollerBP/Maps/Level1.Level1:PersistentLevel' has LevelScriptBlueprint '/Game/SideScrollerBP/Maps/Level1.Level1:PersistentLevel.Level1' with GeneratedClass '/Game/SideScrollerBP/Maps/Level1.Level1_C' with ClassGeneratedBy '/Game/SideScrollerBP/Maps/Level1.Level1:PersistentLevel.Level1'
[2019.10.28-05.12.48:504][  8]LogUObjectGlobals: Warning: Failed to find object 'Object None.None'
[2019.10.28-05.12.48:505][  8]LogUObjectGlobals: Warning: Failed to find object 'Object None.None'
[2019.10.28-05.12.48:506][  8]LogUObjectGlobals: Warning: Failed to find object 'Object None.None'
[2019.10.28-05.12.48:507][  8]LogUObjectGlobals: Warning: Failed to find object 'Object None.None'
[2019.10.28-05.12.48:804][ 44]LogUObjectGlobals: Warning: Failed to find object 'Object None.None'
[2019.10.28-05.12.48:806][ 44]LogUObjectGlobals: Warning: Failed to find object 'Object None.None'
[2019.10.28-05.12.48:812][ 45]LogUObjectGlobals: Warning: Failed to find object 'Object None.None'
[2019.10.28-05.12.48:813][ 45]LogUObjectGlobals: Warning: Failed to find object 'Object None.None'
[2019.10.28-05.12.59:113][281]LogUObjectGlobals: Warning: Failed to find object 'Object None.None'
[2019.10.28-05.12.59:115][281]LogUObjectGlobals: Warning: Failed to find object 'Object None.None'
[2019.10.28-05.12.59:122][282]LogUObjectGlobals: Warning: Failed to find object 'Object None.None'
[2019.10.28-05.12.59:123][282]LogUObjectGlobals: Warning: Failed to find object 'Object None.None'
[2019.10.28-05.13.04:131][856]LogSlate: Updating window title bar state: overlay mode, drag disabled, window buttons hidden, title bar hidden
[2019.10.28-05.13.04:131][856]LogUObjectGlobals: Warning: Failed to find object 'Object None.None'
[2019.10.28-05.13.04:131][856]LogUObjectGlobals: Warning: Failed to find object 'Object None.None'
[2019.10.28-05.13.04:133][856]LogUObjectGlobals: Warning: Failed to find object 'Object None.None'
[2019.10.28-05.13.04:133][856]LogScript: Warning: Accessed None trying to read property CallFunc_Array_Get_Item
	SideScrollerCharacter_C /Game/SideScrollerBP/Maps/UEDPIE_0_Level1.Level1:PersistentLevel.SideScrollerCharacter_78
	Function /Game/SideScrollerBP/Blueprints/SideScrollerCharacter.SideScrollerCharacter_C:Respawn At Checkpoint:0523
[2019.10.28-05.13.04:133][856]PIE: Error: Blueprint Runtime Error: "Accessed None trying to read property CallFunc_Array_Get_Item". Blueprint:  SideScrollerCharacter Function:  Respawn at Checkpoint Graph:  Respawn At Checkpoint Node:  SetActorTransform
[2019.10.28-05.13.04:140][857]LogUObjectGlobals: Warning: Failed to find object 'Object None.None'
[2019.10.28-05.13.04:142][857]LogUObjectGlobals: Warning: Failed to find object 'Object None.None'
[2019.10.28-05.14.10:306][447]LogBlueprintUserMessages: Early EndPlayMap Detection: Level '/Game/SideScrollerBP/Maps/Level1.Level1:PersistentLevel' has LevelScriptBlueprint '/Game/SideScrollerBP/Maps/Level1.Level1:PersistentLevel.Level1' with GeneratedClass '/Game/SideScrollerBP/Maps/Level1.Level1_C' with ClassGeneratedBy '/Game/SideScrollerBP/Maps/Level1.Level1:PersistentLevel.Level1'
[2019.10.28-05.14.10:307][447]LogSlate: Updating window title bar state: overlay mode, drag disabled, window buttons hidden, title bar hidden
[2019.10.28-05.14.10:352][447]LogPlayLevel: Display: Shutting down PIE online subsystems
[2019.10.28-05.14.10:352][447]LogBlueprintUserMessages: Late EndPlayMap Detection: Level '/Game/SideScrollerBP/Maps/Level1.Level1:PersistentLevel' has LevelScriptBlueprint '/Game/SideScrollerBP/Maps/Level1.Level1:PersistentLevel.Level1' with GeneratedClass '/Game/SideScrollerBP/Maps/Level1.Level1_C' with ClassGeneratedBy '/Game/SideScrollerBP/Maps/Level1.Level1:PersistentLevel.Level1'
[2019.10.28-05.14.10:378][447]LogSlate: Updating window title bar state: overlay mode, drag disabled, window buttons hidden, title bar hidden
[2019.10.28-05.14.10:410][448]LogPlayLevel: Display: Destroying online subsystem :Context_2
[2019.10.28-05.14.13:422][808]LogSlate: FSceneViewport::OnFocusLost() reason 0
[2019.10.28-05.14.13:480][815]LogTemp: Repeating last play command: Selected Viewport
[2019.10.28-05.14.13:498][815]LogBlueprintUserMessages: Early PlayInEditor Detection: Level '/Game/SideScrollerBP/Maps/Level1.Level1:PersistentLevel' has LevelScriptBlueprint '/Game/SideScrollerBP/Maps/Level1.Level1:PersistentLevel.Level1' with GeneratedClass '/Game/SideScrollerBP/Maps/Level1.Level1_C' with ClassGeneratedBy '/Game/SideScrollerBP/Maps/Level1.Level1:PersistentLevel.Level1'
[2019.10.28-05.14.13:498][815]LogPlayLevel: PlayLevel: No blueprints needed recompiling
[2019.10.28-05.14.13:498][815]PIE: New page: PIE session: Level1 (Oct 29, 2019, 3:14:13 AM)
[2019.10.28-05.14.13:498][815]LogPlayLevel: Creating play world package: /Game/SideScrollerBP/Maps/UEDPIE_0_Level1
[2019.10.28-05.14.13:554][815]LogPlayLevel: PIE: StaticDuplicateObject took: (0.055212s)
[2019.10.28-05.14.13:555][815]LogAIModule: Creating AISystem for world Level1
[2019.10.28-05.14.13:555][815]LogPlayLevel: PIE: World Init took: (0.000752s)
[2019.10.28-05.14.13:555][815]LogPlayLevel: PIE: Created PIE world by copying editor world from /Game/SideScrollerBP/Maps/Level1.Level1 to /Game/SideScrollerBP/Maps/UEDPIE_0_Level1.Level1 (0.056176s)
[2019.10.28-05.14.13:581][815]LogInit: XAudio2 using 'Realtek HD Audio 2nd output (Realtek High Definition Audio)' : 2 channels at 48 kHz using 32 bits per sample (channel mask 0x3)
[2019.10.28-05.14.13:591][815]LogInit: FAudioDevice initialized.
[2019.10.28-05.14.13:622][815]LogLoad: Game class is 'SideScrollerGameMode_C'
[2019.10.28-05.14.13:656][815]LogWorld: Bringing World /Game/SideScrollerBP/Maps/UEDPIE_0_Level1.Level1 up for play (max tick rate 0) at 2019.10.28-16.14.13
[2019.10.28-05.14.13:670][815]LogWorld: Bringing up level for play took: 0.047287
[2019.10.28-05.14.13:684][815]LogUObjectGlobals: Warning: Failed to find object 'Object None.None'
[2019.10.28-05.14.13:684][815]PIE: Play in editor start time for /Game/SideScrollerBP/Maps/UEDPIE_0_Level1 1.082
[2019.10.28-05.14.13:684][815]LogBlueprintUserMessages: Late PlayInEditor Detection: Level '/Game/SideScrollerBP/Maps/Level1.Level1:PersistentLevel' has LevelScriptBlueprint '/Game/SideScrollerBP/Maps/Level1.Level1:PersistentLevel.Level1' with GeneratedClass '/Game/SideScrollerBP/Maps/Level1.Level1_C' with ClassGeneratedBy '/Game/SideScrollerBP/Maps/Level1.Level1:PersistentLevel.Level1'
[2019.10.28-05.15.02:848][101]LogSlate: FSceneViewport::OnFocusLost() reason 0
[2019.10.28-05.15.03:819][190]LogBlueprintUserMessages: Early EndPlayMap Detection: Level '/Game/SideScrollerBP/Maps/Level1.Level1:PersistentLevel' has LevelScriptBlueprint '/Game/SideScrollerBP/Maps/Level1.Level1:PersistentLevel.Level1' with GeneratedClass '/Game/SideScrollerBP/Maps/Level1.Level1_C' with ClassGeneratedBy '/Game/SideScrollerBP/Maps/Level1.Level1:PersistentLevel.Level1'
[2019.10.28-05.15.03:819][190]LogSlate: Updating window title bar state: overlay mode, drag disabled, window buttons hidden, title bar hidden
[2019.10.28-05.15.03:859][190]LogPlayLevel: Display: Shutting down PIE online subsystems
[2019.10.28-05.15.03:859][190]LogBlueprintUserMessages: Late EndPlayMap Detection: Level '/Game/SideScrollerBP/Maps/Level1.Level1:PersistentLevel' has LevelScriptBlueprint '/Game/SideScrollerBP/Maps/Level1.Level1:PersistentLevel.Level1' with GeneratedClass '/Game/SideScrollerBP/Maps/Level1.Level1_C' with ClassGeneratedBy '/Game/SideScrollerBP/Maps/Level1.Level1:PersistentLevel.Level1'
[2019.10.28-05.15.03:885][190]LogSlate: Updating window title bar state: overlay mode, drag disabled, window buttons hidden, title bar hidden
[2019.10.28-05.15.03:918][193]LogPlayLevel: Display: Destroying online subsystem :Context_3
[2019.10.28-05.17.46:347][837]LogTemp: Repeating last play command: Selected Viewport
[2019.10.28-05.17.46:365][837]LogBlueprintUserMessages: Early PlayInEditor Detection: Level '/Game/SideScrollerBP/Maps/Level1.Level1:PersistentLevel' has LevelScriptBlueprint '/Game/SideScrollerBP/Maps/Level1.Level1:PersistentLevel.Level1' with GeneratedClass '/Game/SideScrollerBP/Maps/Level1.Level1_C' with ClassGeneratedBy '/Game/SideScrollerBP/Maps/Level1.Level1:PersistentLevel.Level1'
[2019.10.28-05.17.46:365][837]LogPlayLevel: PlayLevel: No blueprints needed recompiling
[2019.10.28-05.17.46:365][837]PIE: New page: PIE session: Level1 (Oct 29, 2019, 3:17:46 AM)
[2019.10.28-05.17.46:365][837]LogPlayLevel: Creating play world package: /Game/SideScrollerBP/Maps/UEDPIE_0_Level1
[2019.10.28-05.17.46:421][837]LogPlayLevel: PIE: StaticDuplicateObject took: (0.055858s)
[2019.10.28-05.17.46:422][837]LogAIModule: Creating AISystem for world Level1
[2019.10.28-05.17.46:422][837]LogPlayLevel: PIE: World Init took: (0.000736s)
[2019.10.28-05.17.46:422][837]LogPlayLevel: PIE: Created PIE world by copying editor world from /Game/SideScrollerBP/Maps/Level1.Level1 to /Game/SideScrollerBP/Maps/UEDPIE_0_Level1.Level1 (0.056805s)
[2019.10.28-05.17.46:448][837]LogInit: XAudio2 using 'Realtek HD Audio 2nd output (Realtek High Definition Audio)' : 2 channels at 48 kHz using 32 bits per sample (channel mask 0x3)
[2019.10.28-05.17.46:457][837]LogInit: FAudioDevice initialized.
[2019.10.28-05.17.46:491][837]LogLoad: Game class is 'SideScrollerGameMode_C'
[2019.10.28-05.17.46:525][837]LogWorld: Bringing World /Game/SideScrollerBP/Maps/UEDPIE_0_Level1.Level1 up for play (max tick rate 0) at 2019.10.28-16.17.46
[2019.10.28-05.17.46:539][837]LogWorld: Bringing up level for play took: 0.046805
[2019.10.28-05.17.46:553][837]LogUObjectGlobals: Warning: Failed to find object 'Object None.None'
[2019.10.28-05.17.46:553][837]PIE: Play in editor start time for /Game/SideScrollerBP/Maps/UEDPIE_0_Level1 -0.049
[2019.10.28-05.17.46:553][837]LogBlueprintUserMessages: Late PlayInEditor Detection: Level '/Game/SideScrollerBP/Maps/Level1.Level1:PersistentLevel' has LevelScriptBlueprint '/Game/SideScrollerBP/Maps/Level1.Level1:PersistentLevel.Level1' with GeneratedClass '/Game/SideScrollerBP/Maps/Level1.Level1_C' with ClassGeneratedBy '/Game/SideScrollerBP/Maps/Level1.Level1:PersistentLevel.Level1'
[2019.10.28-05.19.30:728][323]LogBlueprintUserMessages: Early EndPlayMap Detection: Level '/Game/SideScrollerBP/Maps/Level1.Level1:PersistentLevel' has LevelScriptBlueprint '/Game/SideScrollerBP/Maps/Level1.Level1:PersistentLevel.Level1' with GeneratedClass '/Game/SideScrollerBP/Maps/Level1.Level1_C' with ClassGeneratedBy '/Game/SideScrollerBP/Maps/Level1.Level1:PersistentLevel.Level1'
[2019.10.28-05.19.30:728][323]LogSlate: Updating window title bar state: overlay mode, drag disabled, window buttons hidden, title bar hidden
[2019.10.28-05.19.30:768][323]LogPlayLevel: Display: Shutting down PIE online subsystems
[2019.10.28-05.19.30:768][323]LogBlueprintUserMessages: Late EndPlayMap Detection: Level '/Game/SideScrollerBP/Maps/Level1.Level1:PersistentLevel' has LevelScriptBlueprint '/Game/SideScrollerBP/Maps/Level1.Level1:PersistentLevel.Level1' with GeneratedClass '/Game/SideScrollerBP/Maps/Level1.Level1_C' with ClassGeneratedBy '/Game/SideScrollerBP/Maps/Level1.Level1:PersistentLevel.Level1'
[2019.10.28-05.19.30:794][323]LogSlate: Updating window title bar state: overlay mode, drag disabled, window buttons hidden, title bar hidden
[2019.10.28-05.19.30:834][326]LogPlayLevel: Display: Destroying online subsystem :Context_4
[2019.10.28-05.19.32:601][538]LogSlate: FSceneViewport::OnFocusLost() reason 0
[2019.10.28-05.26.31:512][794]LogSavePackage: Moving '../../../../../../Users/s191273/Documents/GitHub/DeJaBrew_Prototyping/DeJaBrew_Prototyping_Unreal/Saved/Level1_Auto142882ACC4D103F543DF56E81AE1D0DA6.tmp' to '../../../../../../Users/s191273/Documents/GitHub/DeJaBrew_Prototyping/DeJaBrew_Prototyping_Unreal/Saved/Autosaves/Game/SideScrollerBP/Maps/Level1_Auto1.umap'
[2019.10.28-05.26.31:517][794]LogFileHelpers: Editor autosave (incl. sublevels) for '/Game/SideScrollerBP/Maps/Level1' took 1.333
[2019.10.28-05.26.31:517][794]LogFileHelpers: Editor autosave (incl. sublevels) for all levels took 1.333
[2019.10.28-05.54.11:987][907]LogSlate: Window 'Save Content' being destroyed
[2019.10.28-05.54.13:192][907]LogSavePackage: Moving '../../../../../../Users/s191273/Documents/GitHub/DeJaBrew_Prototyping/DeJaBrew_Prototyping_Unreal/Saved/Level1EE62151A4F54B6FEA4E738B6BE41B88C.tmp' to '../../../../../../Users/s191273/Documents/GitHub/DeJaBrew_Prototyping/DeJaBrew_Prototyping_Unreal/Content/SideScrollerBP/Maps/Level1.umap'
[2019.10.28-05.54.13:220][907]LogFileHelpers: Saving map 'Level1' took 1.218
[2019.10.28-05.54.13:310][907]LogSlate: Window 'DeJaBrew_Prototyping - Unreal Editor' being destroyed
[2019.10.28-05.54.13:482][908]Cmd: QUIT_EDITOR
[2019.10.28-05.54.13:729][908]LogWindowsTextInputMethodSystem: Display: IME system now deactivated.
[2019.10.28-05.54.13:738][908]LogExit: Preparing to exit.
[2019.10.28-05.54.14:821][908]LogExit: Editor shut down
[2019.10.28-05.54.14:822][908]LogExit: Transaction tracking system shut down
[2019.10.28-05.54.15:051][908]LogExit: Object subsystem successfully closed.
[2019.10.28-05.54.15:069][908]LogShaderCompilers: Display: Shaders left to compile 0
[2019.10.28-05.54.15:072][908]LogD3D11RHI: Shutdown
[2019.10.28-05.54.15:072][908]LogD3D11RHI: CleanupD3DDevice
[2019.10.28-05.54.15:075][908]LogD3D11RHI: ~FD3D11DynamicRHI
[2019.10.28-05.54.15:087][908]LogModuleManager: Shutting down and abandoning module MovieSceneCapture (614)
[2019.10.28-05.54.15:087][908]LogModuleManager: Shutting down and abandoning module Voice (612)
[2019.10.28-05.54.15:087][908]LogModuleManager: Shutting down and abandoning module HierarchicalLODOutliner (610)
[2019.10.28-05.54.15:087][908]LogModuleManager: Shutting down and abandoning module SceneOutliner (608)
[2019.10.28-05.54.15:087][908]LogModuleManager: Shutting down and abandoning module AddContentDialog (606)
[2019.10.28-05.54.15:087][908]LogModuleManager: Shutting down and abandoning module WidgetCarousel (605)
[2019.10.28-05.54.15:087][908]LogModuleManager: Shutting down and abandoning module EditorWidgets (602)
[2019.10.28-05.54.15:087][908]LogModuleManager: Shutting down and abandoning module CollectionManager (600)
[2019.10.28-05.54.15:087][908]LogModuleManager: Shutting down and abandoning module StatsViewer (598)
[2019.10.28-05.54.15:087][908]LogModuleManager: Shutting down and abandoning module FoliageEdit (596)
[2019.10.28-05.54.15:087][908]LogModuleManager: Shutting down and abandoning module LandscapeEditor (594)
[2019.10.28-05.54.15:087][908]LogModuleManager: Shutting down and abandoning module MeshPaintMode (592)
[2019.10.28-05.54.15:087][908]LogModuleManager: Shutting down and abandoning module SceneDepthPickerMode (590)
[2019.10.28-05.54.15:088][908]LogModuleManager: Shutting down and abandoning module ActorPickerMode (588)
[2019.10.28-05.54.15:088][908]LogModuleManager: Shutting down and abandoning module GeometryMode (586)
[2019.10.28-05.54.15:088][908]LogModuleManager: Shutting down and abandoning module TextureAlignMode (584)
[2019.10.28-05.54.15:088][908]LogModuleManager: Shutting down and abandoning module BspMode (582)
[2019.10.28-05.54.15:088][908]LogModuleManager: Shutting down and abandoning module PIEPreviewDeviceProfileSelector (580)
[2019.10.28-05.54.15:088][908]LogModuleManager: Shutting down and abandoning module SequenceRecorderSections (578)
[2019.10.28-05.54.15:088][908]LogModuleManager: Shutting down and abandoning module AutomationWorker (576)
[2019.10.28-05.54.15:088][908]LogModuleManager: Shutting down and abandoning module AudioCaptureEditor (574)
[2019.10.28-05.54.15:088][908]LogModuleManager: Shutting down and abandoning module SequenceRecorder (573)
[2019.10.28-05.54.15:088][908]LogModuleManager: Shutting down and abandoning module MatineeToLevelSequence (570)
[2019.10.28-05.54.15:088][908]LogModuleManager: Shutting down and abandoning module LevelSequenceEditor (568)
[2019.10.28-05.54.15:088][908]LogModuleManager: Shutting down and abandoning module PlacementMode (567)
[2019.10.28-05.54.15:088][908]LogModuleManager: Shutting down and abandoning module MaterialEditor (566)
[2019.10.28-05.54.15:088][908]LogModuleManager: Shutting down and abandoning module WmfMediaFactory (562)
[2019.10.28-05.54.15:088][908]LogModuleManager: Shutting down and abandoning module WmfMediaEditor (560)
[2019.10.28-05.54.15:088][908]LogModuleManager: Shutting down and abandoning module MediaPlayerEditor (558)
[2019.10.28-05.54.15:088][908]LogModuleManager: Shutting down and abandoning module OpenExrWrapper (556)
[2019.10.28-05.54.15:088][908]LogModuleManager: Shutting down and abandoning module ImgMediaFactory (554)
[2019.10.28-05.54.15:088][908]LogModuleManager: Shutting down and abandoning module ImgMediaEditor (552)
[2019.10.28-05.54.15:088][908]LogModuleManager: Shutting down and abandoning module AvfMediaFactory (550)
[2019.10.28-05.54.15:088][908]LogModuleManager: Shutting down and abandoning module AvfMediaEditor (548)
[2019.10.28-05.54.15:088][908]LogModuleManager: Shutting down and abandoning module AndroidMediaFactory (546)
[2019.10.28-05.54.15:088][908]LogModuleManager: Shutting down and abandoning module AndroidMediaEditor (544)
[2019.10.28-05.54.15:088][908]LogModuleManager: Shutting down and abandoning module MagicLeapCameraPreviewFactory (542)
[2019.10.28-05.54.15:088][908]LogModuleManager: Shutting down and abandoning module MagicLeapMediaFactory (540)
[2019.10.28-05.54.15:088][908]LogModuleManager: Shutting down and abandoning module MagicLeapMediaEditor (538)
[2019.10.28-05.54.15:088][908]LogModuleManager: Shutting down and abandoning module CharacterAI (536)
[2019.10.28-05.54.15:088][908]LogModuleManager: Shutting down and abandoning module SmartSnapping (534)
[2019.10.28-05.54.15:088][908]LogModuleManager: Shutting down and abandoning module SessionServices (532)
[2019.10.28-05.54.15:088][908]LogModuleManager: Shutting down and abandoning module ViewportSnapping (530)
[2019.10.28-05.54.15:088][908]LogModuleManager: Shutting down and abandoning module ViewportInteraction (528)
[2019.10.28-05.54.15:088][908]LogModuleManager: Shutting down and abandoning module ClothPainter (526)
[2019.10.28-05.54.15:088][908]LogModuleManager: Shutting down and abandoning module SkeletalMeshEditor (525)
[2019.10.28-05.54.15:088][908]LogModuleManager: Shutting down and abandoning module LogVisualizer (522)
[2019.10.28-05.54.15:088][908]LogModuleManager: Shutting down and abandoning module IntroTutorials (520)
[2019.10.28-05.54.15:089][908]LogModuleManager: Shutting down and abandoning module GameProjectGeneration (519)
[2019.10.28-05.54.15:089][908]LogModuleManager: Shutting down and abandoning module LuminPlatformEditor (516)
[2019.10.28-05.54.15:089][908]LogModuleManager: Shutting down and abandoning module IOSPlatformEditor (514)
[2019.10.28-05.54.15:089][908]LogModuleManager: Shutting down and abandoning module HTML5PlatformEditor (512)
[2019.10.28-05.54.15:089][908]LogModuleManager: Shutting down and abandoning module AndroidPlatformEditor (510)
[2019.10.28-05.54.15:089][908]LogModuleManager: Shutting down and abandoning module AndroidDeviceDetection (509)
[2019.10.28-05.54.16:696][908]LogModuleManager: Shutting down and abandoning module WindowsPlatformEditor (506)
[2019.10.28-05.54.16:696][908]LogModuleManager: Shutting down and abandoning module LuminRuntimeSettings (504)
[2019.10.28-05.54.16:696][908]LogModuleManager: Shutting down and abandoning module IOSRuntimeSettings (502)
[2019.10.28-05.54.16:696][908]LogModuleManager: Shutting down and abandoning module AndroidRuntimeSettings (500)
[2019.10.28-05.54.16:696][908]LogModuleManager: Shutting down and abandoning module InputBindingEditor (498)
[2019.10.28-05.54.16:696][908]LogModuleManager: Shutting down and abandoning module MergeActors (496)
[2019.10.28-05.54.16:696][908]LogModuleManager: Shutting down and abandoning module LocalizationDashboard (494)
[2019.10.28-05.54.16:696][908]LogModuleManager: Shutting down and abandoning module LocalizationService (493)
[2019.10.28-05.54.16:696][908]LogModuleManager: Shutting down and abandoning module HardwareTargeting (490)
[2019.10.28-05.54.16:696][908]LogModuleManager: Shutting down and abandoning module DeviceProfileEditor (488)
[2019.10.28-05.54.16:696][908]LogModuleManager: Shutting down and abandoning module UndoHistory (486)
[2019.10.28-05.54.16:696][908]LogModuleManager: Shutting down and abandoning module XmlParser (484)
[2019.10.28-05.54.16:696][908]LogModuleManager: Shutting down and abandoning module Blutility (482)
[2019.10.28-05.54.16:696][908]LogModuleManager: Shutting down and abandoning module ProjectSettingsViewer (480)
[2019.10.28-05.54.16:696][908]LogModuleManager: Shutting down and abandoning module ProjectTargetPlatformEditor (479)
[2019.10.28-05.54.16:696][908]LogModuleManager: Shutting down and abandoning module EditorSettingsViewer (476)
[2019.10.28-05.54.16:696][908]LogModuleManager: Shutting down and abandoning module SettingsEditor (474)
[2019.10.28-05.54.16:696][908]LogModuleManager: Shutting down and abandoning module ProjectLauncher (472)
[2019.10.28-05.54.16:696][908]LogModuleManager: Shutting down and abandoning module SessionFrontend (470)
[2019.10.28-05.54.16:696][908]LogModuleManager: Shutting down and abandoning module ProfilerClient (468)
[2019.10.28-05.54.16:696][908]LogModuleManager: Shutting down and abandoning module DeviceManager (466)
[2019.10.28-05.54.16:696][908]LogModuleManager: Shutting down and abandoning module TargetDeviceServices (465)
[2019.10.28-05.54.16:749][908]LogModuleManager: Shutting down and abandoning module AutomationController (462)
[2019.10.28-05.54.16:749][908]LogModuleManager: Shutting down and abandoning module AutomationWindow (460)
[2019.10.28-05.54.16:749][908]LogModuleManager: Shutting down and abandoning module Layers (458)
[2019.10.28-05.54.16:749][908]LogModuleManager: Shutting down and abandoning module ComponentVisualizers (456)
[2019.10.28-05.54.16:749][908]LogModuleManager: Shutting down and abandoning module DetailCustomizations (454)
[2019.10.28-05.54.16:749][908]LogModuleManager: Shutting down and abandoning module PackagesDialog (452)
[2019.10.28-05.54.16:749][908]LogModuleManager: Shutting down and abandoning module Persona (450)
[2019.10.28-05.54.16:749][908]LogModuleManager: Shutting down and abandoning module AdvancedPreviewScene (449)
[2019.10.28-05.54.16:749][908]LogModuleManager: Shutting down and abandoning module AnimGraph (447)
[2019.10.28-05.54.16:749][908]LogModuleManager: Shutting down and abandoning module Kismet (444)
[2019.10.28-05.54.16:750][908]LogModuleManager: Shutting down and abandoning module GraphEditor (442)
[2019.10.28-05.54.16:750][908]LogModuleManager: Shutting down and abandoning module ClassViewer (440)
[2019.10.28-05.54.16:750][908]LogModuleManager: Shutting down and abandoning module Toolbox (438)
[2019.10.28-05.54.16:750][908]LogModuleManager: Shutting down and abandoning module ModuleUI (436)
[2019.10.28-05.54.16:750][908]LogModuleManager: Shutting down and abandoning module MovieSceneTools (434)
[2019.10.28-05.54.16:750][908]LogModuleManager: Shutting down and abandoning module OutputLog (432)
[2019.10.28-05.54.16:750][908]LogModuleManager: Shutting down and abandoning module GammaUI (430)
[2019.10.28-05.54.16:750][908]LogModuleManager: Shutting down and abandoning module Documentation (428)
[2019.10.28-05.54.16:750][908]LogModuleManager: Shutting down and abandoning module MovieSceneTracks (426)
[2019.10.28-05.54.16:750][908]LogModuleManager: Shutting down and abandoning module MovieScene (424)
[2019.10.28-05.54.16:750][908]LogModuleManager: Shutting down and abandoning module StreamingPauseRendering (422)
[2019.10.28-05.54.16:750][908]LogModuleManager: Shutting down and abandoning module LauncherPlatform (420)
[2019.10.28-05.54.16:750][908]LogModuleManager: Shutting down and abandoning module AnalyticsET (418)
[2019.10.28-05.54.16:750][908]LogModuleManager: Shutting down and abandoning module PortalServices (416)
[2019.10.28-05.54.16:750][908]LogModuleManager: Shutting down and abandoning module PortalRpc (414)
[2019.10.28-05.54.16:750][908]LogModuleManager: Shutting down and abandoning module MessagingRpc (412)
[2019.10.28-05.54.16:750][908]LogModuleManager: Shutting down and abandoning module AIModule (410)
[2019.10.28-05.54.16:750][908]LogModuleManager: Shutting down and abandoning module GameplayDebugger (409)
[2019.10.28-05.54.16:750][908]LogModuleManager: Shutting down and abandoning module AITestSuite (407)
[2019.10.28-05.54.16:750][908]LogModuleManager: Shutting down and abandoning module NavigationSystem (405)
[2019.10.28-05.54.16:750][908]LogModuleManager: Shutting down and abandoning module DesktopPlatform (402)
[2019.10.28-05.54.16:750][908]LogModuleManager: Shutting down and abandoning module ProfilerService (400)
[2019.10.28-05.54.16:756][908]LogModuleManager: Shutting down and abandoning module TaskGraph (398)
[2019.10.28-05.54.16:756][908]LogModuleManager: Shutting down and abandoning module SteamVRController (396)
[2019.10.28-05.54.16:756][908]LogModuleManager: Shutting down and abandoning module ProceduralMeshComponentEditor (394)
[2019.10.28-05.54.16:756][908]LogModuleManager: Shutting down and abandoning module ProceduralMeshComponent (392)
[2019.10.28-05.54.16:756][908]LogModuleManager: Shutting down and abandoning module OculusInput (390)
[2019.10.28-05.54.16:756][908]LogModuleManager: Shutting down and abandoning module MobilePatchingUtils (388)
[2019.10.28-05.54.16:756][908]LogModuleManager: Shutting down and abandoning module EditableMesh (386)
[2019.10.28-05.54.16:756][908]LogModuleManager: Shutting down and abandoning module CustomMeshComponent (384)
[2019.10.28-05.54.16:756][908]LogModuleManager: Shutting down and abandoning module CableComponent (382)
[2019.10.28-05.54.16:756][908]LogModuleManager: Shutting down and abandoning module AudioCapture (380)
[2019.10.28-05.54.16:756][908]LogModuleManager: Shutting down and abandoning module ArchVisCharacter (378)
[2019.10.28-05.54.16:756][908]LogModuleManager: Shutting down and abandoning module AndroidPermission (376)
[2019.10.28-05.54.16:756][908]LogModuleManager: Shutting down and abandoning module NUTUnrealEngine4 (374)
[2019.10.28-05.54.16:756][908]LogModuleManager: Shutting down and abandoning module NetcodeUnitTest (372)
[2019.10.28-05.54.16:756][908]LogModuleManager: Shutting down and abandoning module MediaCompositingEditor (370)
[2019.10.28-05.54.16:756][908]LogModuleManager: Shutting down and abandoning module MediaCompositing (368)
[2019.10.28-05.54.16:756][908]LogModuleManager: Shutting down and abandoning module LinearTimecode (366)
[2019.10.28-05.54.16:756][908]LogModuleManager: Shutting down and abandoning module ImgMedia (364)
[2019.10.28-05.54.16:759][908]LogModuleManager: Shutting down and abandoning module HTML5Networking (362)
[2019.10.28-05.54.16:759][908]LogModuleManager: Shutting down and abandoning module GeometryCacheTracks (360)
[2019.10.28-05.54.16:759][908]LogModuleManager: Shutting down and abandoning module GeometryCacheSequencer (358)
[2019.10.28-05.54.16:759][908]LogModuleManager: Shutting down and abandoning module BackChannel (356)
[2019.10.28-05.54.16:759][908]LogModuleManager: Shutting down and abandoning module AppleVision (354)
[2019.10.28-05.54.16:759][908]LogModuleManager: Shutting down and abandoning module AppleImageUtils (352)
[2019.10.28-05.54.16:759][908]LogModuleManager: Shutting down and abandoning module AlembicImporter (350)
[2019.10.28-05.54.16:759][908]LogModuleManager: Shutting down and abandoning module AlembicLibrary (349)
[2019.10.28-05.54.16:759][908]LogModuleManager: Shutting down and abandoning module GeometryCache (348)
[2019.10.28-05.54.16:759][908]LogModuleManager: Shutting down and abandoning module GeometryCacheEd (347)
[2019.10.28-05.54.16:759][908]LogModuleManager: Shutting down and abandoning module DatasmithContentEditor (342)
[2019.10.28-05.54.16:759][908]LogModuleManager: Shutting down and abandoning module DatasmithContent (340)
[2019.10.28-05.54.16:760][908]LogModuleManager: Shutting down and abandoning module SpeedTreeImporter (338)
[2019.10.28-05.54.16:760][908]LogModuleManager: Shutting down and abandoning module PluginBrowser (336)
[2019.10.28-05.54.16:760][908]LogModuleManager: Shutting down and abandoning module MobileLauncherProfileWizard (334)
[2019.10.28-05.54.16:760][908]LogModuleManager: Shutting down and abandoning module PolygonModeling (332)
[2019.10.28-05.54.16:760][908]LogModuleManager: Shutting down and abandoning module MeshEditor (330)
[2019.10.28-05.54.16:760][908]LogModuleManager: Shutting down and abandoning module CryptoKeysOpenSSL (328)
[2019.10.28-05.54.16:760][908]LogModuleManager: Shutting down and abandoning module CryptoKeys (326)
[2019.10.28-05.54.16:760][908]LogModuleManager: Shutting down and abandoning module VisualStudioSourceCodeAccess (324)
[2019.10.28-05.54.16:760][908]LogModuleManager: Shutting down and abandoning module VisualStudioCodeSourceCodeAccess (322)
[2019.10.28-05.54.16:760][908]LogModuleManager: Shutting down and abandoning module UObjectPlugin (320)
[2019.10.28-05.54.16:760][908]LogModuleManager: Shutting down and abandoning module SubversionSourceControl (318)
[2019.10.28-05.54.16:760][908]LogModuleManager: Shutting down and abandoning module PerforceSourceControl (316)
[2019.10.28-05.54.16:760][908]LogModuleManager: Shutting down and abandoning module GitSourceControl (314)
[2019.10.28-05.54.16:760][908]LogModuleManager: Shutting down and abandoning module SourceControl (313)
[2019.10.28-05.54.16:760][908]LogModuleManager: Shutting down and abandoning module CLionSourceCodeAccess (310)
[2019.10.28-05.54.16:760][908]LogModuleManager: Shutting down and abandoning module LightPropagationVolumeEditor (308)
[2019.10.28-05.54.16:760][908]LogModuleManager: Shutting down and abandoning module PaperTiledImporter (306)
[2019.10.28-05.54.16:760][908]LogModuleManager: Shutting down and abandoning module PaperSpriteSheetImporter (304)
[2019.10.28-05.54.16:760][908]LogModuleManager: Shutting down and abandoning module Paper2DEditor (302)
[2019.10.28-05.54.16:760][908]LogModuleManager: Shutting down and abandoning module MeshPaint (301)
[2019.10.28-05.54.16:760][908]LogModuleManager: Shutting down and abandoning module RuntimePhysXCooking (298)
[2019.10.28-05.54.16:760][908]LogModuleManager: Shutting down and abandoning module PhysXVehiclesEditor (296)
[2019.10.28-05.54.16:760][908]LogModuleManager: Shutting down and abandoning module PhysXVehicles (294)
[2019.10.28-05.54.16:760][908]LogModuleManager: Shutting down and abandoning module OculusEditor (292)
[2019.10.28-05.54.16:760][908]LogModuleManager: Shutting down and abandoning module LocationServicesBPLibrary (290)
[2019.10.28-05.54.16:760][908]LogModuleManager: Shutting down and abandoning module ImmediatePhysicsEditor (288)
[2019.10.28-05.54.16:760][908]LogModuleManager: Shutting down and abandoning module ImmediatePhysics (286)
[2019.10.28-05.54.16:760][908]LogModuleManager: Shutting down and abandoning module ActorSequence (284)
[2019.10.28-05.54.16:760][908]LogModuleManager: Shutting down and abandoning module UdpMessaging (282)
[2019.10.28-05.54.16:862][908]LogModuleManager: Shutting down and abandoning module TcpMessaging (280)
[2019.10.28-05.54.16:962][908]LogModuleManager: Shutting down and abandoning module MagicLeapAudio (278)
[2019.10.28-05.54.16:962][908]LogModuleManager: Shutting down and abandoning module GameplayTagsEditor (276)
[2019.10.28-05.54.16:962][908]LogModuleManager: Shutting down and abandoning module FacialAnimationEditor (274)
[2019.10.28-05.54.16:962][908]LogModuleManager: Shutting down and abandoning module FacialAnimation (272)
[2019.10.28-05.54.16:962][908]LogModuleManager: Shutting down and abandoning module DataValidation (270)
[2019.10.28-05.54.16:962][908]LogModuleManager: Shutting down and abandoning module AssetManagerEditor (268)
[2019.10.28-05.54.16:962][908]LogModuleManager: Shutting down and abandoning module LevelEditor (267)
[2019.10.28-05.54.16:962][908]LogModuleManager: Shutting down and abandoning module PixelInspectorModule (266)
[2019.10.28-05.54.16:962][908]LogModuleManager: Shutting down and abandoning module CommonMenuExtensions (264)
[2019.10.28-05.54.16:962][908]LogModuleManager: Shutting down and abandoning module MainFrame (262)
[2019.10.28-05.54.16:962][908]LogModuleManager: Shutting down and abandoning module HotReload (261)
[2019.10.28-05.54.16:963][908]LogModuleManager: Shutting down and abandoning module ContentBrowser (257)
[2019.10.28-05.54.16:964][908]LogModuleManager: Shutting down and abandoning module TreeMap (255)
[2019.10.28-05.54.16:964][908]LogModuleManager: Shutting down and abandoning module LightPropagationVolumeRuntime (252)
[2019.10.28-05.54.16:964][908]LogModuleManager: Shutting down and abandoning module AISupportModule (250)
[2019.10.28-05.54.16:964][908]LogModuleManager: Shutting down and abandoning module Paper2D (248)
[2019.10.28-05.54.16:964][908]LogModuleManager: Shutting down and abandoning module WindowsMoviePlayer (246)
[2019.10.28-05.54.16:964][908]LogModuleManager: Shutting down and abandoning module WmfMedia (244)
[2019.10.28-05.54.16:965][908]LogModuleManager: Shutting down and abandoning module Media (243)
[2019.10.28-05.54.16:971][908]LogModuleManager: Shutting down and abandoning module PacketHandler (240)
[2019.10.28-05.54.16:971][908]LogModuleManager: Shutting down and abandoning module ClothingSystemEditor (238)
[2019.10.28-05.54.16:971][908]LogModuleManager: Shutting down and abandoning module ClothingSystemRuntime (236)
[2019.10.28-05.54.16:971][908]LogModuleManager: Shutting down and abandoning module MediaAssets (234)
[2019.10.28-05.54.16:971][908]LogModuleManager: Shutting down and abandoning module Overlay (232)
[2019.10.28-05.54.16:971][908]LogModuleManager: Shutting down and abandoning module OverlayEditor (231)
[2019.10.28-05.54.16:971][908]LogModuleManager: Shutting down and abandoning module VREditor (228)
[2019.10.28-05.54.16:971][908]LogModuleManager: Shutting down and abandoning module StringTableEditor (226)
[2019.10.28-05.54.16:971][908]LogModuleManager: Shutting down and abandoning module GameplayTasksEditor (224)
[2019.10.28-05.54.16:971][908]LogModuleManager: Shutting down and abandoning module BehaviorTreeEditor (222)
[2019.10.28-05.54.16:971][908]LogModuleManager: Shutting down and abandoning module FunctionalTesting (220)
[2019.10.28-05.54.16:971][908]LogModuleManager: Shutting down and abandoning module CollisionAnalyzer (218)
[2019.10.28-05.54.16:971][908]LogModuleManager: Shutting down and abandoning module WorkspaceMenuStructure (217)
[2019.10.28-05.54.16:971][908]LogModuleManager: Shutting down and abandoning module UMG (214)
[2019.10.28-05.54.16:971][908]LogModuleManager: Shutting down and abandoning module UMGEditor (213)
[2019.10.28-05.54.16:971][908]LogModuleManager: Shutting down and abandoning module Sequencer (212)
[2019.10.28-05.54.16:972][908]LogModuleManager: Shutting down and abandoning module MessageLog (209)
[2019.10.28-05.54.16:972][908]LogModuleManager: Shutting down and abandoning module SlateReflector (204)
[2019.10.28-05.54.16:972][908]LogModuleManager: Shutting down and abandoning module Slate (202)
[2019.10.28-05.54.16:972][908]LogModuleManager: Shutting down and abandoning module EditorStyle (200)
[2019.10.28-05.54.16:973][908]LogModuleManager: Shutting down and abandoning module MRMesh (198)
[2019.10.28-05.54.16:973][908]LogModuleManager: Shutting down and abandoning module SourceCodeAccess (196)
[2019.10.28-05.54.16:973][908]LogModuleManager: Shutting down and abandoning module HeadMountedDisplay (194)
[2019.10.28-05.54.16:973][908]LogModuleManager: Shutting down and abandoning module XAudio2 (192)
[2019.10.28-05.54.16:973][908]LogModuleManager: Shutting down and abandoning module Networking (190)
[2019.10.28-05.54.16:973][908]LogModuleManager: Shutting down and abandoning module Core (188)
[2019.10.28-05.54.16:973][908]LogModuleManager: Shutting down and abandoning module LevelSequence (186)
[2019.10.28-05.54.16:973][908]LogModuleManager: Shutting down and abandoning module KismetCompiler (184)
[2019.10.28-05.54.16:973][908]LogModuleManager: Shutting down and abandoning module MeshUtilities (182)
[2019.10.28-05.54.16:973][908]LogModuleManager: Shutting down and abandoning module MeshMergeUtilities (181)
[2019.10.28-05.54.16:973][908]LogModuleManager: Shutting down and abandoning module MeshReductionInterface (180)
[2019.10.28-05.54.16:973][908]LogModuleManager: Shutting down and abandoning module SimplygonSwarm (179)
[2019.10.28-05.54.16:973][908]LogModuleManager: Shutting down and abandoning module ProxyLODMeshReduction (177)
[2019.10.28-05.54.16:973][908]LogModuleManager: Shutting down and abandoning module SimplygonMeshReduction (175)
[2019.10.28-05.54.16:973][908]LogModuleManager: Shutting down and abandoning module QuadricMeshReduction (173)
[2019.10.28-05.54.16:973][908]LogModuleManager: Shutting down and abandoning module MaterialBaking (169)
[2019.10.28-05.54.16:973][908]LogModuleManager: Shutting down and abandoning module DirectoryWatcher (165)
[2019.10.28-05.54.16:974][908]LogModuleManager: Shutting down and abandoning module DerivedDataCache (162)
[2019.10.28-05.54.16:986][908]LogDerivedDataCache: Shutdown
[2019.10.28-05.54.16:986][908]LogModuleManager: Shutting down and abandoning module XGEController (160)
[2019.10.28-05.54.16:986][908]LogXGEController: Cleaning working directory: C:/Users/s191273/AppData/Local/Temp/UnrealXGEWorkingDir/
[2019.10.28-05.54.16:987][908]LogModuleManager: Shutting down and abandoning module TargetPlatform (158)
[2019.10.28-05.54.16:987][908]LogModuleManager: Shutting down and abandoning module VulkanShaderFormat (157)
[2019.10.28-05.54.16:987][908]LogModuleManager: Shutting down and abandoning module ShaderFormatVectorVM (155)
[2019.10.28-05.54.16:987][908]LogModuleManager: Shutting down and abandoning module ShaderFormatOpenGL (153)
[2019.10.28-05.54.16:987][908]LogModuleManager: Shutting down and abandoning module ShaderFormatD3D (151)
[2019.10.28-05.54.16:987][908]LogModuleManager: Shutting down and abandoning module MetalShaderFormat (149)
[2019.10.28-05.54.16:987][908]LogModuleManager: Shutting down and abandoning module TextureFormatUncompressed (147)
[2019.10.28-05.54.16:987][908]LogModuleManager: Shutting down and abandoning module TextureFormatPVR (145)
[2019.10.28-05.54.16:987][908]LogModuleManager: Shutting down and abandoning module TextureFormatDXT (143)
[2019.10.28-05.54.16:987][908]LogModuleManager: Shutting down and abandoning module TextureFormatIntelISPCTexComp (141)
[2019.10.28-05.54.16:987][908]LogModuleManager: Shutting down and abandoning module TextureFormatASTC (139)
[2019.10.28-05.54.16:987][908]LogModuleManager: Shutting down and abandoning module ImageWrapper (138)
[2019.10.28-05.54.16:987][908]LogModuleManager: Shutting down and abandoning module TextureFormatAndroid (135)
[2019.10.28-05.54.16:987][908]LogModuleManager: Shutting down and abandoning module AudioFormatOpus (133)
[2019.10.28-05.54.16:987][908]LogModuleManager: Shutting down and abandoning module AudioFormatOgg (131)
[2019.10.28-05.54.16:987][908]LogModuleManager: Shutting down and abandoning module AudioFormatADPCM (129)
[2019.10.28-05.54.16:987][908]LogModuleManager: Shutting down and abandoning module LuminTargetPlatform (127)
[2019.10.28-05.54.16:987][908]LogModuleManager: Shutting down and abandoning module LinuxTargetPlatform (125)
[2019.10.28-05.54.16:987][908]LogModuleManager: Shutting down and abandoning module LinuxServerTargetPlatform (123)
[2019.10.28-05.54.16:987][908]LogModuleManager: Shutting down and abandoning module LinuxNoEditorTargetPlatform (121)
[2019.10.28-05.54.16:987][908]LogModuleManager: Shutting down and abandoning module LinuxClientTargetPlatform (119)
[2019.10.28-05.54.16:987][908]LogModuleManager: Shutting down and abandoning module TVOSTargetPlatform (117)
[2019.10.28-05.54.16:988][908]LogModuleManager: Shutting down and abandoning module Messaging (115)
[2019.10.28-05.54.16:988][908]LogModuleManager: Shutting down and abandoning module IOSTargetPlatform (113)
[2019.10.28-05.54.16:988][908]LogModuleManager: Shutting down and abandoning module HTML5TargetPlatform (111)
[2019.10.28-05.54.16:988][908]LogModuleManager: Shutting down and abandoning module AndroidTargetPlatform (109)
[2019.10.28-05.54.16:996][908]LogModuleManager: Shutting down and abandoning module WindowsTargetPlatform (107)
[2019.10.28-05.54.16:996][908]LogModuleManager: Shutting down and abandoning module WindowsServerTargetPlatform (105)
[2019.10.28-05.54.16:996][908]LogModuleManager: Shutting down and abandoning module WindowsNoEditorTargetPlatform (103)
[2019.10.28-05.54.16:996][908]LogModuleManager: Shutting down and abandoning module WindowsClientTargetPlatform (101)
[2019.10.28-05.54.16:996][908]LogModuleManager: Shutting down and abandoning module MacTargetPlatform (99)
[2019.10.28-05.54.16:996][908]LogModuleManager: Shutting down and abandoning module MacServerTargetPlatform (97)
[2019.10.28-05.54.16:996][908]LogModuleManager: Shutting down and abandoning module MacNoEditorTargetPlatform (95)
[2019.10.28-05.54.16:996][908]LogModuleManager: Shutting down and abandoning module MacClientTargetPlatform (93)
[2019.10.28-05.54.16:996][908]LogModuleManager: Shutting down and abandoning module AllDesktopTargetPlatform (91)
[2019.10.28-05.54.16:996][908]LogModuleManager: Shutting down and abandoning module InputCore (88)
[2019.10.28-05.54.16:996][908]LogModuleManager: Shutting down and abandoning module Settings (86)
[2019.10.28-05.54.16:996][908]LogModuleManager: Shutting down and abandoning module PhysXCooking (84)
[2019.10.28-05.54.16:996][908]LogModuleManager: Shutting down and abandoning module SteamVR (82)
[2019.10.28-05.54.16:996][908]LogModuleManager: Shutting down and abandoning module OculusHMD (80)
[2019.10.28-05.54.16:996][908]LogModuleManager: Shutting down and abandoning module ExampleDeviceProfileSelector (78)
[2019.10.28-05.54.16:996][908]LogModuleManager: Shutting down and abandoning module LauncherChunkInstaller (76)
[2019.10.28-05.54.16:996][908]LogModuleManager: Shutting down and abandoning module OnlineBlueprintSupport (74)
[2019.10.28-05.54.16:996][908]LogModuleManager: Shutting down and abandoning module OnlineSubsystem (70)
[2019.10.28-05.54.16:997][908]LogModuleManager: Shutting down and abandoning module XMPP (65)
[2019.10.28-05.54.16:997][908]LogModuleManager: Shutting down and abandoning module WebSockets (64)
[2019.10.28-05.54.17:030][908]LogModuleManager: Shutting down and abandoning module HTTP (61)
[2019.10.28-05.54.17:030][908]LogHttp: Display: Http module shutting down, but needs to wait on 1 outstanding Http requests:
[2019.10.28-05.54.17:030][908]LogHttp: Display: 	verb=[POST] url=[https://datarouter.ol.epicgames.com/datarouter/api/v1/public/data?SessionID=%7B0F9F1655-4079-EC58-1D27-27B5A0905925%7D&AppID=UEEditor.Rocket.Release&AppVersion=4.20.3-4369336%2B%2B%2BUE4%2BRelease-4.20&UserID=ded914804a13d72480500ca0e5f35a68%7C%7C8477ab9a-818f-47f2-b5e7-b7f2564a0fd7&AppEnvironment=datacollector-binary&UploadType=eteventstream] status=Processing
[2019.10.28-05.54.17:055][908]LogModuleManager: Shutting down and abandoning module SSL (60)
[2019.10.28-05.54.17:055][908]LogModuleManager: Shutting down and abandoning module MagicLeapEmulator (56)
[2019.10.28-05.54.17:055][908]LogModuleManager: Shutting down and abandoning module MagicLeapPrivileges (54)
[2019.10.28-05.54.17:055][908]LogModuleManager: Shutting down and abandoning module MagicLeapIdentity (52)
[2019.10.28-05.54.17:055][908]LogModuleManager: Shutting down and abandoning module MagicLeapHelperVulkan (50)
[2019.10.28-05.54.17:055][908]LogModuleManager: Shutting down and abandoning module MagicLeapHelperOpenGL (48)
[2019.10.28-05.54.17:055][908]LogModuleManager: Shutting down and abandoning module MagicLeapSecureStorage (46)
[2019.10.28-05.54.17:055][908]LogModuleManager: Shutting down and abandoning module MagicLeapGestures (44)
[2019.10.28-05.54.17:056][908]LogModuleManager: Shutting down and abandoning module MagicLeapEyeTracker (42)
[2019.10.28-05.54.17:056][908]LogModuleManager: Shutting down and abandoning module MagicLeapController (40)
[2019.10.28-05.54.17:056][908]LogSlate: Slate User Destroyed.  User Index 0, Is Virtual User: 0
[2019.10.28-05.54.17:056][908]LogModuleManager: Shutting down and abandoning module MagicLeap (38)
[2019.10.28-05.54.17:056][908]LogModuleManager: Shutting down and abandoning module AnimationModifiers (36)
[2019.10.28-05.54.17:056][908]LogModuleManager: Shutting down and abandoning module PropertyEditor (35)
[2019.10.28-05.54.17:056][908]LogModuleManager: Shutting down and abandoning module AudioEditor (32)
[2019.10.28-05.54.17:056][908]LogModuleManager: Shutting down and abandoning module TextureCompressor (30)
[2019.10.28-05.54.17:056][908]LogModuleManager: Shutting down and abandoning module ShaderCore (28)
[2019.10.28-05.54.17:056][908]LogModuleManager: Shutting down and abandoning module Landscape (26)
[2019.10.28-05.54.17:056][908]LogModuleManager: Shutting down and abandoning module SlateRHIRenderer (24)
[2019.10.28-05.54.17:056][908]LogModuleManager: Shutting down and abandoning module OpenGLDrv (22)
[2019.10.28-05.54.17:056][908]LogModuleManager: Shutting down and abandoning module D3D11RHI (20)
[2019.10.28-05.54.17:056][908]LogModuleManager: Shutting down and abandoning module AnimGraphRuntime (18)
[2019.10.28-05.54.17:056][908]LogModuleManager: Shutting down and abandoning module Renderer (16)
[2019.10.28-05.54.17:056][908]LogModuleManager: Shutting down and abandoning module Engine (14)
[2019.10.28-05.54.17:056][908]LogModuleManager: Shutting down and abandoning module CoreUObject (12)
[2019.10.28-05.54.17:056][908]LogModuleManager: Shutting down and abandoning module NetworkFile (10)
[2019.10.28-05.54.17:056][908]LogModuleManager: Shutting down and abandoning module CookedIterativeFile (8)
[2019.10.28-05.54.17:056][908]LogModuleManager: Shutting down and abandoning module StreamingFile (6)
[2019.10.28-05.54.17:056][908]LogModuleManager: Shutting down and abandoning module SandboxFile (4)
[2019.10.28-05.54.17:057][908]LogModuleManager: Shutting down and abandoning module PakFile (2)
[2019.10.28-05.54.17:062][908]LogExit: Exiting.
[2019.10.28-05.54.17:074][908]Log file closed, 10/28/19 16:54:17
